[2023-11-22T07:19:58.294+0000] {manager.py:487} INFO - Processing files using up to 1 processes at a time 
[2023-11-22T07:19:58.295+0000] {manager.py:488} INFO - Process each file at most once every 30 seconds
[2023-11-22T07:19:58.296+0000] {manager.py:489} INFO - Checking for new files in /opt/airflow/dags every 300 seconds
[2023-11-22T07:19:58.297+0000] {manager.py:755} INFO - Searching for files in /opt/airflow/dags
[2023-11-22T07:19:58.300+0000] {manager.py:758} INFO - There are 0 files in /opt/airflow/dags
[2023-11-22T07:24:58.322+0000] {manager.py:755} INFO - Searching for files in /opt/airflow/dags
[2023-11-22T07:24:58.462+0000] {manager.py:758} INFO - There are 6 files in /opt/airflow/dags
[2023-11-22T07:25:04.769+0000] {manager.py:887} INFO - 
================================================================================
DAG File Processing Stats

File Path                                   PID    Runtime      # DAGs    # Errors  Last Runtime    Last Run
------------------------------------------  -----  ---------  --------  ----------  --------------  -------------------
/opt/airflow/dags/ETL_Commodity.py                                   0           0
/opt/airflow/dags/ETL_WorldIndices.py                                0           1  0.81s           2023-11-22T07:24:59
/opt/airflow/dags/updateBCTC.py                                      0           0
/opt/airflow/dags/welcome_dag.py                                     0           0
/opt/airflow/dags/ETL_BCTC.py                                        1           0  1.51s           2023-11-22T07:25:01
/opt/airflow/dags/ETL_InternationalNews.py                           1           0  2.11s           2023-11-22T07:25:04
================================================================================
[2023-11-22T07:25:36.282+0000] {manager.py:887} INFO - 
================================================================================
DAG File Processing Stats

File Path                                   PID    Runtime      # DAGs    # Errors  Last Runtime    Last Run
------------------------------------------  -----  ---------  --------  ----------  --------------  -------------------
/opt/airflow/dags/ETL_WorldIndices.py                                0           1  0.71s           2023-11-22T07:25:31
/opt/airflow/dags/ETL_BCTC.py                                        1           0  1.21s           2023-11-22T07:25:33
/opt/airflow/dags/ETL_Commodity.py                                   1           0  1.61s           2023-11-22T07:25:07
/opt/airflow/dags/ETL_InternationalNews.py                           1           0  1.11s           2023-11-22T07:25:36
/opt/airflow/dags/updateBCTC.py                                      1           0  0.83s           2023-11-22T07:25:11
/opt/airflow/dags/welcome_dag.py                                     1           0  1.11s           2023-11-22T07:25:09
================================================================================
[2023-11-22T07:26:08.004+0000] {manager.py:887} INFO - 
================================================================================
DAG File Processing Stats

File Path                                   PID    Runtime      # DAGs    # Errors  Last Runtime    Last Run
------------------------------------------  -----  ---------  --------  ----------  --------------  -------------------
/opt/airflow/dags/ETL_WorldIndices.py                                0           1  0.81s           2023-11-22T07:26:03
/opt/airflow/dags/ETL_BCTC.py                                        1           0  1.03s           2023-11-22T07:26:05
/opt/airflow/dags/ETL_Commodity.py                                   1           0  1.01s           2023-11-22T07:25:38
/opt/airflow/dags/ETL_InternationalNews.py                           1           0  1.21s           2023-11-22T07:26:07
/opt/airflow/dags/updateBCTC.py                                      1           0  2.21s           2023-11-22T07:25:44
/opt/airflow/dags/welcome_dag.py                                     1           0  0.51s           2023-11-22T07:25:41
================================================================================
[2023-11-22T07:26:39.529+0000] {manager.py:887} INFO - 
================================================================================
DAG File Processing Stats

File Path                                   PID    Runtime      # DAGs    # Errors  Last Runtime    Last Run
------------------------------------------  -----  ---------  --------  ----------  --------------  -------------------
/opt/airflow/dags/ETL_WorldIndices.py                                0           1  0.81s           2023-11-22T07:26:34
/opt/airflow/dags/ETL_BCTC.py                                        1           0  1.31s           2023-11-22T07:26:37
/opt/airflow/dags/ETL_Commodity.py                                   1           0  1.01s           2023-11-22T07:26:10
/opt/airflow/dags/ETL_InternationalNews.py                           1           0  1.21s           2023-11-22T07:26:39
/opt/airflow/dags/updateBCTC.py                                      1           0  1.11s           2023-11-22T07:26:16
/opt/airflow/dags/welcome_dag.py                                     1           0  0.51s           2023-11-22T07:26:12
================================================================================
[2023-11-22T07:27:11.033+0000] {manager.py:887} INFO - 
================================================================================
DAG File Processing Stats

File Path                                   PID    Runtime      # DAGs    # Errors  Last Runtime    Last Run
------------------------------------------  -----  ---------  --------  ----------  --------------  -------------------
/opt/airflow/dags/ETL_WorldIndices.py                                0           1  0.91s           2023-11-22T07:27:05
/opt/airflow/dags/ETL_BCTC.py                                        1           0  1.11s           2023-11-22T07:27:08
/opt/airflow/dags/ETL_Commodity.py                                   1           0  1.01s           2023-11-22T07:26:41
/opt/airflow/dags/ETL_InternationalNews.py                           1           0  1.31s           2023-11-22T07:27:11
/opt/airflow/dags/updateBCTC.py                                      1           0  1.11s           2023-11-22T07:26:47
/opt/airflow/dags/welcome_dag.py                                     1           0  0.41s           2023-11-22T07:26:43
================================================================================
[2023-11-22T07:27:42.928+0000] {manager.py:887} INFO - 
================================================================================
DAG File Processing Stats

File Path                                   PID    Runtime      # DAGs    # Errors  Last Runtime    Last Run
------------------------------------------  -----  ---------  --------  ----------  --------------  -------------------
/opt/airflow/dags/ETL_WorldIndices.py                                0           1  1.01s           2023-11-22T07:27:37
/opt/airflow/dags/ETL_BCTC.py                                        1           0  1.11s           2023-11-22T07:27:40
/opt/airflow/dags/ETL_Commodity.py                                   1           0  1.23s           2023-11-22T07:27:13
/opt/airflow/dags/ETL_InternationalNews.py                           1           0  1.31s           2023-11-22T07:27:42
/opt/airflow/dags/updateBCTC.py                                      1           0  1.31s           2023-11-22T07:27:19
/opt/airflow/dags/welcome_dag.py                                     1           0  0.51s           2023-11-22T07:27:15
================================================================================
[2023-11-22T07:28:21.961+0000] {manager.py:487} INFO - Processing files using up to 1 processes at a time 
[2023-11-22T07:28:21.962+0000] {manager.py:488} INFO - Process each file at most once every 30 seconds
[2023-11-22T07:28:21.963+0000] {manager.py:489} INFO - Checking for new files in /opt/airflow/dags every 300 seconds
[2023-11-22T07:28:21.963+0000] {manager.py:755} INFO - Searching for files in /opt/airflow/dags
[2023-11-22T07:28:22.287+0000] {manager.py:758} INFO - There are 6 files in /opt/airflow/dags
[2023-11-22T07:28:23.886+0000] {manager.py:887} INFO - 
================================================================================
DAG File Processing Stats

File Path                                   PID    Runtime      # DAGs    # Errors  Last Runtime    Last Run
------------------------------------------  -----  ---------  --------  ----------  --------------  -------------------
/opt/airflow/dags/ETL_BCTC.py                                        0           0
/opt/airflow/dags/ETL_Commodity.py                                   0           0
/opt/airflow/dags/ETL_InternationalNews.py                           0           0
/opt/airflow/dags/updateBCTC.py                                      0           0
/opt/airflow/dags/welcome_dag.py                                     0           0
/opt/airflow/dags/ETL_WorldIndices.py                                1           0  1.31s           2023-11-22T07:28:23
================================================================================
[2023-11-22T07:28:56.300+0000] {manager.py:887} INFO - 
================================================================================
DAG File Processing Stats

File Path                                   PID    Runtime      # DAGs    # Errors  Last Runtime    Last Run
------------------------------------------  -----  ---------  --------  ----------  --------------  -------------------
/opt/airflow/dags/ETL_BCTC.py                                        1           0  1.11s           2023-11-22T07:28:26
/opt/airflow/dags/ETL_Commodity.py                                   1           0  0.91s           2023-11-22T07:28:30
/opt/airflow/dags/ETL_InternationalNews.py                           1           0  1.11s           2023-11-22T07:28:28
/opt/airflow/dags/ETL_WorldIndices.py                                1           0  1.51s           2023-11-22T07:28:56
/opt/airflow/dags/updateBCTC.py                                      1           0  1.22s           2023-11-22T07:28:34
/opt/airflow/dags/welcome_dag.py                                     1           0  0.41s           2023-11-22T07:28:31
================================================================================
[2023-11-22T07:29:28.300+0000] {manager.py:887} INFO - 
================================================================================
DAG File Processing Stats

File Path                                   PID    Runtime      # DAGs    # Errors  Last Runtime    Last Run
------------------------------------------  -----  ---------  --------  ----------  --------------  -------------------
/opt/airflow/dags/ETL_BCTC.py                                        1           0  1.21s           2023-11-22T07:28:58
/opt/airflow/dags/ETL_Commodity.py                                   1           0  1.23s           2023-11-22T07:29:03
/opt/airflow/dags/ETL_InternationalNews.py                           1           0  1.31s           2023-11-22T07:29:01
/opt/airflow/dags/ETL_WorldIndices.py                                1           0  1.31s           2023-11-22T07:29:28
/opt/airflow/dags/updateBCTC.py                                      1           0  1.23s           2023-11-22T07:29:08
/opt/airflow/dags/welcome_dag.py                                     1           0  0.51s           2023-11-22T07:29:05
================================================================================
[2023-11-22T07:30:00.079+0000] {manager.py:887} INFO - 
================================================================================
DAG File Processing Stats

File Path                                   PID    Runtime      # DAGs    # Errors  Last Runtime    Last Run
------------------------------------------  -----  ---------  --------  ----------  --------------  -------------------
/opt/airflow/dags/ETL_BCTC.py                                        1           0  1.01s           2023-11-22T07:29:30
/opt/airflow/dags/ETL_Commodity.py                                   1           0  1.21s           2023-11-22T07:29:35
/opt/airflow/dags/ETL_InternationalNews.py                           1           0  1.21s           2023-11-22T07:29:33
/opt/airflow/dags/ETL_WorldIndices.py                                1           0  1.61s           2023-11-22T07:30:00
/opt/airflow/dags/updateBCTC.py                                      1           0  1.11s           2023-11-22T07:29:40
/opt/airflow/dags/welcome_dag.py                                     1           0  0.51s           2023-11-22T07:29:37
================================================================================
[2023-11-22T07:30:32.380+0000] {manager.py:887} INFO - 
================================================================================
DAG File Processing Stats

File Path                                   PID    Runtime      # DAGs    # Errors  Last Runtime    Last Run
------------------------------------------  -----  ---------  --------  ----------  --------------  -------------------
/opt/airflow/dags/ETL_BCTC.py                                        1           0  1.61s           2023-11-22T07:30:02
/opt/airflow/dags/ETL_Commodity.py                                   1           0  1.22s           2023-11-22T07:30:08
/opt/airflow/dags/ETL_InternationalNews.py                           1           0  1.31s           2023-11-22T07:30:05
/opt/airflow/dags/ETL_WorldIndices.py                                1           0  1.31s           2023-11-22T07:30:32
/opt/airflow/dags/updateBCTC.py                                      1           0  1.01s           2023-11-22T07:30:11
/opt/airflow/dags/welcome_dag.py                                     1           0  0.51s           2023-11-22T07:30:10
================================================================================
[2023-11-22T07:31:04.264+0000] {manager.py:887} INFO - 
================================================================================
DAG File Processing Stats

File Path                                   PID    Runtime      # DAGs    # Errors  Last Runtime    Last Run
------------------------------------------  -----  ---------  --------  ----------  --------------  -------------------
/opt/airflow/dags/ETL_BCTC.py                                        1           0  1.03s           2023-11-22T07:30:34
/opt/airflow/dags/ETL_Commodity.py                                   1           0  1.11s           2023-11-22T07:30:39
/opt/airflow/dags/ETL_InternationalNews.py                           1           0  1.41s           2023-11-22T07:30:37
/opt/airflow/dags/ETL_WorldIndices.py                                1           0  1.41s           2023-11-22T07:31:04
/opt/airflow/dags/updateBCTC.py                                      1           0  1.32s           2023-11-22T07:30:44
/opt/airflow/dags/welcome_dag.py                                     1           0  0.51s           2023-11-22T07:30:41
================================================================================
[2023-11-22T07:31:36.022+0000] {manager.py:887} INFO - 
================================================================================
DAG File Processing Stats

File Path                                   PID    Runtime      # DAGs    # Errors  Last Runtime    Last Run
------------------------------------------  -----  ---------  --------  ----------  --------------  -------------------
/opt/airflow/dags/ETL_BCTC.py                                        1           0  1.01s           2023-11-22T07:31:06
/opt/airflow/dags/ETL_Commodity.py                                   1           0  1.11s           2023-11-22T07:31:11
/opt/airflow/dags/ETL_InternationalNews.py                           1           0  1.21s           2023-11-22T07:31:09
/opt/airflow/dags/ETL_WorldIndices.py                                1           0  1.51s           2023-11-22T07:31:36
/opt/airflow/dags/updateBCTC.py                                      1           0  1.11s           2023-11-22T07:31:16
/opt/airflow/dags/welcome_dag.py                                     1           0  0.51s           2023-11-22T07:31:13
================================================================================
[2023-11-22T07:33:07.025+0000] {manager.py:469} INFO - Exiting gracefully upon receiving signal 15
[2023-11-22T07:33:07.592+0000] {manager.py:487} INFO - Processing files using up to 1 processes at a time 
[2023-11-22T07:33:07.593+0000] {manager.py:488} INFO - Process each file at most once every 30 seconds
[2023-11-22T07:33:07.595+0000] {manager.py:489} INFO - Checking for new files in /opt/airflow/dags every 300 seconds
[2023-11-22T07:33:07.596+0000] {manager.py:755} INFO - Searching for files in /opt/airflow/dags
[2023-11-22T07:33:07.977+0000] {manager.py:758} INFO - There are 6 files in /opt/airflow/dags
[2023-11-22T07:33:09.474+0000] {manager.py:887} INFO - 
================================================================================
DAG File Processing Stats

File Path                                   PID    Runtime      # DAGs    # Errors  Last Runtime    Last Run
------------------------------------------  -----  ---------  --------  ----------  --------------  -------------------
/opt/airflow/dags/ETL_BCTC.py                                        0           0
/opt/airflow/dags/ETL_Commodity.py                                   0           0
/opt/airflow/dags/ETL_InternationalNews.py                           0           0
/opt/airflow/dags/updateBCTC.py                                      0           0
/opt/airflow/dags/welcome_dag.py                                     0           0
/opt/airflow/dags/ETL_WorldIndices.py                                1           0  1.21s           2023-11-22T07:33:09
================================================================================
[2023-11-22T07:33:47.209+0000] {manager.py:887} INFO - 
================================================================================
DAG File Processing Stats

File Path                                   PID    Runtime      # DAGs    # Errors  Last Runtime    Last Run
------------------------------------------  -----  ---------  --------  ----------  --------------  -------------------
/opt/airflow/dags/ETL_Commodity.py                                   0           0
/opt/airflow/dags/ETL_InternationalNews.py                           0           0
/opt/airflow/dags/updateBCTC.py                                      0           0
/opt/airflow/dags/welcome_dag.py                                     0           0
/opt/airflow/dags/ETL_BCTC.py                                        1           0  1.23s           2023-11-22T07:33:47
/opt/airflow/dags/ETL_WorldIndices.py                                1           0  1.21s           2023-11-22T07:33:09
================================================================================
[2023-11-22T07:34:19.377+0000] {manager.py:887} INFO - 
================================================================================
DAG File Processing Stats

File Path                                   PID    Runtime      # DAGs    # Errors  Last Runtime    Last Run
------------------------------------------  -----  ---------  --------  ----------  --------------  -------------------
/opt/airflow/dags/ETL_BCTC.py                                        1           0  1.23s           2023-11-22T07:33:47
/opt/airflow/dags/ETL_Commodity.py                                   1           0  1.21s           2023-11-22T07:34:11
/opt/airflow/dags/ETL_InternationalNews.py                           1           0  1.21s           2023-11-22T07:34:02
/opt/airflow/dags/ETL_WorldIndices.py                                1           0  1.31s           2023-11-22T07:34:19
/opt/airflow/dags/updateBCTC.py                                      1           0  1.42s           2023-11-22T07:34:16
/opt/airflow/dags/welcome_dag.py                                     1           0  0.51s           2023-11-22T07:34:13
================================================================================
[2023-11-22T07:34:51.927+0000] {manager.py:887} INFO - 
================================================================================
DAG File Processing Stats

File Path                                   PID    Runtime      # DAGs    # Errors  Last Runtime    Last Run
------------------------------------------  -----  ---------  --------  ----------  --------------  -------------------
/opt/airflow/dags/ETL_BCTC.py                                        1           0  1.01s           2023-11-22T07:34:21
/opt/airflow/dags/ETL_Commodity.py                                   1           0  1.13s           2023-11-22T07:34:43
/opt/airflow/dags/ETL_InternationalNews.py                           1           0  1.21s           2023-11-22T07:34:34
/opt/airflow/dags/ETL_WorldIndices.py                                1           0  1.22s           2023-11-22T07:34:51
/opt/airflow/dags/updateBCTC.py                                      1           0  1.11s           2023-11-22T07:34:48
/opt/airflow/dags/welcome_dag.py                                     1           0  0.51s           2023-11-22T07:34:45
================================================================================
[2023-11-22T07:35:23.576+0000] {manager.py:887} INFO - 
================================================================================
DAG File Processing Stats

File Path                                   PID    Runtime      # DAGs    # Errors  Last Runtime    Last Run
------------------------------------------  -----  ---------  --------  ----------  --------------  -------------------
/opt/airflow/dags/ETL_BCTC.py                                        1           0  1.31s           2023-11-22T07:34:54
/opt/airflow/dags/ETL_Commodity.py                                   1           0  1.11s           2023-11-22T07:35:15
/opt/airflow/dags/ETL_InternationalNews.py                           1           0  1.12s           2023-11-22T07:35:06
/opt/airflow/dags/ETL_WorldIndices.py                                1           0  1.41s           2023-11-22T07:35:23
/opt/airflow/dags/updateBCTC.py                                      1           0  0.91s           2023-11-22T07:35:19
/opt/airflow/dags/welcome_dag.py                                     1           0  0.61s           2023-11-22T07:35:17
================================================================================
[2023-11-22T07:35:56.057+0000] {manager.py:887} INFO - 
================================================================================
DAG File Processing Stats

File Path                                   PID    Runtime      # DAGs    # Errors  Last Runtime    Last Run
------------------------------------------  -----  ---------  --------  ----------  --------------  -------------------
/opt/airflow/dags/ETL_BCTC.py                                        1           0  1.02s           2023-11-22T07:35:26
/opt/airflow/dags/ETL_Commodity.py                                   1           0  1.21s           2023-11-22T07:35:47
/opt/airflow/dags/ETL_InternationalNews.py                           1           0  1.21s           2023-11-22T07:35:37
/opt/airflow/dags/ETL_WorldIndices.py                                1           0  1.41s           2023-11-22T07:35:56
/opt/airflow/dags/updateBCTC.py                                      1           0  1.63s           2023-11-22T07:35:51
/opt/airflow/dags/welcome_dag.py                                     1           0  0.51s           2023-11-22T07:35:48
================================================================================
[2023-11-22T07:36:27.778+0000] {manager.py:887} INFO - 
================================================================================
DAG File Processing Stats

File Path                                   PID    Runtime      # DAGs    # Errors  Last Runtime    Last Run
------------------------------------------  -----  ---------  --------  ----------  --------------  -------------------
/opt/airflow/dags/ETL_BCTC.py                                        1           0  1.21s           2023-11-22T07:35:58
/opt/airflow/dags/ETL_Commodity.py                                   1           0  1.12s           2023-11-22T07:36:19
/opt/airflow/dags/ETL_InternationalNews.py                           1           0  1.31s           2023-11-22T07:36:09
/opt/airflow/dags/ETL_WorldIndices.py                                1           0  1.32s           2023-11-22T07:36:27
/opt/airflow/dags/updateBCTC.py                                      1           0  1.23s           2023-11-22T07:36:23
/opt/airflow/dags/welcome_dag.py                                     1           0  0.61s           2023-11-22T07:36:21
================================================================================
