[2023-11-22T08:01:43.094+0000] {taskinstance.py:1159} INFO - Dependencies all met for dep_context=non-requeueable deps ti=<TaskInstance: ETL_InternationalNews.Concat_Data scheduled__2023-11-22T00:00:00+00:00 [queued]>
[2023-11-22T08:01:43.146+0000] {taskinstance.py:1159} INFO - Dependencies all met for dep_context=requeueable deps ti=<TaskInstance: ETL_InternationalNews.Concat_Data scheduled__2023-11-22T00:00:00+00:00 [queued]>
[2023-11-22T08:01:43.147+0000] {taskinstance.py:1361} INFO - Starting attempt 1 of 2
[2023-11-22T08:01:43.258+0000] {taskinstance.py:1382} INFO - Executing <Task(PythonOperator): Concat_Data> on 2023-11-22 00:00:00+00:00
[2023-11-22T08:01:43.268+0000] {standard_task_runner.py:57} INFO - Started process 1897 to run task
[2023-11-22T08:01:43.272+0000] {standard_task_runner.py:84} INFO - Running: ['airflow', 'tasks', 'run', 'ETL_InternationalNews', 'Concat_Data', 'scheduled__2023-11-22T00:00:00+00:00', '--job-id', '20', '--raw', '--subdir', 'DAGS_FOLDER/ETL_InternationalNews.py', '--cfg-path', '/tmp/tmpatbacyk7']
[2023-11-22T08:01:43.275+0000] {standard_task_runner.py:85} INFO - Job 20: Subtask Concat_Data
[2023-11-22T08:01:43.516+0000] {task_command.py:416} INFO - Running <TaskInstance: ETL_InternationalNews.Concat_Data scheduled__2023-11-22T00:00:00+00:00 [running]> on host f85e85ef96bb
[2023-11-22T08:01:44.227+0000] {taskinstance.py:1662} INFO - Exporting env vars: AIRFLOW_CTX_DAG_EMAIL='trivominhit@gmail.com' AIRFLOW_CTX_DAG_OWNER='MinhTri' AIRFLOW_CTX_DAG_ID='ETL_InternationalNews' AIRFLOW_CTX_TASK_ID='Concat_Data' AIRFLOW_CTX_EXECUTION_DATE='2023-11-22T00:00:00+00:00' AIRFLOW_CTX_TRY_NUMBER='1' AIRFLOW_CTX_DAG_RUN_ID='scheduled__2023-11-22T00:00:00+00:00'
[2023-11-22T08:01:44.229+0000] {python.py:194} INFO - Done. Returned value was:                   Date  ...                                           Subtitle
0  2023-11-21 10:01:00  ...  Phó thủ tướng Nga Andrey Belousov cho biết 95%...
1  2023-11-21 07:02:00  ...  Thụy Sĩ bù đắp cho diện tích nhỏ và chi phí ca...
2  2023-11-21 06:33:00  ...  Người Mỹ thận trọng trong mùa mua sắm bằng các...
3  2023-11-20 11:35:00  ...  Giá dầu thô đã giảm gần 20% từ tháng 9, khiến ...
4  2023-11-20 08:27:00  ...  Từ đồng hồ Rolex, 52 tháng lương hay núi tiền ...
5  2023-11-19 14:03:00  ...  Nếu mua một Bitcoin mỗi ngày như đúng cam kết ...
6  2023-11-18 18:22:00  ...  Bộ Năng lượng Nga cho biết đã dỡ bỏ các hạn ch...
7  2023-11-18 15:16:00  ...  Khối nợ trên thế giới vượt 307.000 tỷ USD tron...
8  2023-11-18 09:03:00  ...  Tính hoa hồng mua bán nhà ở Mỹ "không hề bình ...
9  2023-11-18 08:59:00  ...  Nhiều hoạt động kinh tế cùng khởi sắc giúp GDP...
10 2023-11-18 00:01:00  ...  Bộ Tài chính Mỹ hôm 16/11 áp lệnh trừng phạt l...
11 2023-11-17 06:59:00  ...  Darya Stepanova - một bà mẹ hai con ở Nga - ph...
12 2023-11-17 11:51:00  ...  Giá nhà mới đã giảm tháng thứ tư liên tiếp, vớ...
13 2023-11-17 09:11:00  ...  Phiên 16/11, giá dầu thô có thời điểm giảm 6%,...
14 2023-11-16 13:00:00  ...  Sau 2 báo cáo lạm phát tuần này, thị trường nh...
15 2023-11-15 11:47:00  ...  Sau hai quý liên tiếp đi lên, GDP Nhật Bản qua...
16 2023-11-15 07:05:00  ...  Dư thừa nguồn cung pin mặt trời Trung Quốc khi...
17 2023-11-15 07:00:00  ...  Goldman Sachs cho rằng kinh tế thế giới năm sa...
18 2023-11-15 06:08:00  ...  Chỉ số giá tiêu dùng (CPI) của Mỹ tháng 10 tăn...
19 2023-11-15 08:18:00  ...  Mỗi ounce vàng tăng gần 20 USD, còn chứng khoá...
20 2023-11-14 12:05:00  ...  Ông Jerome Powell phải tính toán kỹ việc tiếp ...
21 2023-11-14 13:19:00  ...  Túi tiền co lại vì lạm phát phi mã khiến nhiều...
22 2023-11-14 00:00:00  ...  Nhiều ngân hàng Mỹ cho rằng Fed sẽ giảm lãi đề...
23 2023-11-13 21:25:00  ...  Cạnh tranh khốc liệt từ xe điện Trung Quốc khi...
24 2023-11-13 11:47:00  ...  CEO hãng khí đốt lớn nhất Nga cho biết nhiều q...
25 2023-11-13 07:02:00  ...  Vươn lên mạnh mẽ sau siêu lạm phát, Đại suy th...
26 2023-11-12 19:00:00  ...  Singapore Yoga, massage dược liệu và các dịch ...
27 2023-11-12 18:23:00  ...  Nhà phân tích phố Wall kém lạc quan về giá vàn...
28 2023-11-12 10:16:00  ...  Dòng vốn rót vào các quỹ đầu tư Bitcoin vượt 1...
29 2023-11-22 11:38:00  ...  Giải quyết vấn đề này được coi là chìa khó cho...
30 2023-11-21 09:23:00  ...  Thị trường tài chính coi việc lạm phát tiếp tụ...
31 2023-11-20 16:46:00  ...  Thị trường tài chính coi việc lạm phát tiếp tụ...
32 2023-11-20 14:00:00  ...  Thị trường tài chính coi việc lạm phát tiếp tụ...
33 2023-11-20 10:06:00  ...  Việc các doanh nghiệp Nhật ồ ạt tăng lương đượ...
34 2023-11-17 14:20:00  ...  Theo một ước tính, Trung Quốc hiện có khoảng 2...
35 2023-11-17 12:17:00  ...  Đây là quy định mới mà một nhóm chuyên gia của...
36 2023-11-16 14:30:00  ...  Và hơn một nửa trong số hàng ngàn khoản vay mà...
37 2023-11-16 12:05:00  ...  Sau đợt bán tháo của năm 2022, giá bitcoin đã ...
38 2023-11-16 08:32:00  ...  Vụ giải cứu này cho thấy thách thức tài chính ...
39 2023-11-15 17:00:00  ...  Theo báo cáo Triển Vọng Kinh tế Thế giới tháng...
40 2023-11-17 18:35:00  ...  Đại sứ quán và Thương vụ Việt Nam tại Saudi Ar...
41 2023-11-17 16:04:00  ...  Từ ngày 7 - 9/12/2023, tại Trung tâm triển lãm...
42 2023-11-17 09:55:00  ...  Hội chợ Thương mại quốc tế (IITF) lần thứ 42 d...
43 2023-11-16 16:21:00  ...  Hội chợ triển lãm thực phẩm Ấn Độ 2023 sẽ diễn...
44 2023-11-15 16:32:00  ...  Tới đây, hàng nông thủy sản, thực phẩm Viê...
45 2023-11-15 15:44:00  ...  Từ ngày 28 – 30/11/2023 tại Trung tâm triển lã...
46 2023-11-03 19:38:00  ...  Tunisia có thể xem là cửa ngõ để hàng hóa các ...
47 2023-11-01 14:00:00  ...  Việt Nam luôn nằm trong những thị trường nhập ...
48 2023-10-26 10:33:00  ...  Việc gỡ bỏ hạn chế trao đổi ngoại tệ với 43 mặ...
49 2023-10-25 12:12:00  ...  Chương trình quảng bá “Made in Viet Nam 2023” ...
50 2023-10-23 17:30:00  ...  Tại Algeria, hàng xuất khẩu Việt Nam đang phải...
51 2023-10-18 17:16:00  ...  Các doanh nghiệp xuất khẩu gạo Việt Nam cần ti...
52 2023-10-18 12:23:00  ...  Sự gia tăng kim ngạch xuất khẩu song phương gi...
53 2023-10-16 19:45:00  ...  Từ 13 đến 15/10, Thương vụ Việt Nam tại Austra...
54 2023-10-15 14:21:00  ...  Việt Nam đang nổi lên là một điểm đến hấp dẫn ...
55 2023-10-13 18:22:00  ...  Để khai thác dư địa thị trường Australia tốt h...
56 2023-10-13 16:33:00  ...  Sau 2 năm kéo dài lệnh hạn chế nhập khẩu, quyế...
57 2023-10-10 14:58:00  ...  Thương vụ Việt Nam tại Tây Ban Nha đã và đang ...
58 2023-10-09 16:26:00  ...  Lượng gạo thu hoạch trong 6 tháng cuối năm 202...
59 2023-10-03 17:28:00  ...  Pakistan là thị trường có nhu cầu nhập khẩu ca...

[60 rows x 5 columns]
[2023-11-22T08:01:44.377+0000] {taskinstance.py:1400} INFO - Marking task as SUCCESS. dag_id=ETL_InternationalNews, task_id=Concat_Data, execution_date=20231122T000000, start_date=20231122T080143, end_date=20231122T080144
[2023-11-22T08:01:44.531+0000] {local_task_job_runner.py:228} INFO - Task exited with return code 0
[2023-11-22T08:01:44.623+0000] {taskinstance.py:2778} INFO - 1 downstream tasks scheduled from follow-on schedule check
