[2023-11-22T07:32:30.031+0000] {taskinstance.py:1159} INFO - Dependencies all met for dep_context=non-requeueable deps ti=<TaskInstance: ETL_InternationalNews.Extract_News_in_Congthuong scheduled__2023-11-21T16:00:00+00:00 [queued]>
[2023-11-22T07:32:30.072+0000] {taskinstance.py:1159} INFO - Dependencies all met for dep_context=requeueable deps ti=<TaskInstance: ETL_InternationalNews.Extract_News_in_Congthuong scheduled__2023-11-21T16:00:00+00:00 [queued]>
[2023-11-22T07:32:30.073+0000] {taskinstance.py:1361} INFO - Starting attempt 1 of 2
[2023-11-22T07:32:30.177+0000] {taskinstance.py:1382} INFO - Executing <Task(PythonOperator): Extract_News_in_Congthuong> on 2023-11-21 16:00:00+00:00
[2023-11-22T07:32:30.189+0000] {standard_task_runner.py:57} INFO - Started process 514 to run task
[2023-11-22T07:32:30.197+0000] {standard_task_runner.py:84} INFO - Running: ['airflow', 'tasks', 'run', 'ETL_InternationalNews', 'Extract_News_in_Congthuong', 'scheduled__2023-11-21T16:00:00+00:00', '--job-id', '7', '--raw', '--subdir', 'DAGS_FOLDER/ETL_InternationalNews.py', '--cfg-path', '/tmp/tmpkg5v47io']
[2023-11-22T07:32:30.201+0000] {standard_task_runner.py:85} INFO - Job 7: Subtask Extract_News_in_Congthuong
[2023-11-22T07:32:30.459+0000] {task_command.py:416} INFO - Running <TaskInstance: ETL_InternationalNews.Extract_News_in_Congthuong scheduled__2023-11-21T16:00:00+00:00 [running]> on host f85e85ef96bb
[2023-11-22T07:32:31.011+0000] {taskinstance.py:1662} INFO - Exporting env vars: AIRFLOW_CTX_DAG_EMAIL='trivominhit@gmail.com' AIRFLOW_CTX_DAG_OWNER='MinhTri' AIRFLOW_CTX_DAG_ID='ETL_InternationalNews' AIRFLOW_CTX_TASK_ID='Extract_News_in_Congthuong' AIRFLOW_CTX_EXECUTION_DATE='2023-11-21T16:00:00+00:00' AIRFLOW_CTX_TRY_NUMBER='1' AIRFLOW_CTX_DAG_RUN_ID='scheduled__2023-11-21T16:00:00+00:00'
[2023-11-22T07:32:42.643+0000] {python.py:194} INFO - Done. Returned value was:                   Date  ...                                           Subtitle
0  2023-11-17 18:35:00  ...  Đại sứ quán và Thương vụ Việt Nam tại Saudi Ar...
1  2023-11-17 16:04:00  ...  Từ ngày 7 - 9/12/2023, tại Trung tâm triển lãm...
2  2023-11-17 09:55:00  ...  Hội chợ Thương mại quốc tế (IITF) lần thứ 42 d...
3  2023-11-16 16:21:00  ...  Hội chợ triển lãm thực phẩm Ấn Độ 2023 sẽ diễn...
4  2023-11-15 16:32:00  ...  Tới đây, hàng nông thủy sản, thực phẩm Viê...
5  2023-11-15 15:44:00  ...  Từ ngày 28 – 30/11/2023 tại Trung tâm triển lã...
6  2023-11-03 19:38:00  ...  Tunisia có thể xem là cửa ngõ để hàng hóa các ...
7  2023-11-01 14:00:00  ...  Việt Nam luôn nằm trong những thị trường nhập ...
8  2023-10-26 10:33:00  ...  Việc gỡ bỏ hạn chế trao đổi ngoại tệ với 43 mặ...
9  2023-10-25 12:12:00  ...  Chương trình quảng bá “Made in Viet Nam 2023” ...
10 2023-10-23 17:30:00  ...  Tại Algeria, hàng xuất khẩu Việt Nam đang phải...
11 2023-10-18 17:16:00  ...  Các doanh nghiệp xuất khẩu gạo Việt Nam cần ti...
12 2023-10-18 12:23:00  ...  Sự gia tăng kim ngạch xuất khẩu song phương gi...
13 2023-10-16 19:45:00  ...  Từ 13 đến 15/10, Thương vụ Việt Nam tại Austra...
14 2023-10-15 14:21:00  ...  Việt Nam đang nổi lên là một điểm đến hấp dẫn ...
15 2023-10-13 18:22:00  ...  Để khai thác dư địa thị trường Australia tốt h...
16 2023-10-13 16:33:00  ...  Sau 2 năm kéo dài lệnh hạn chế nhập khẩu, quyế...
17 2023-10-10 14:58:00  ...  Thương vụ Việt Nam tại Tây Ban Nha đã và đang ...
18 2023-10-09 16:26:00  ...  Lượng gạo thu hoạch trong 6 tháng cuối năm 202...
19 2023-10-03 17:28:00  ...  Pakistan là thị trường có nhu cầu nhập khẩu ca...

[20 rows x 5 columns]
[2023-11-22T07:32:42.845+0000] {taskinstance.py:1400} INFO - Marking task as SUCCESS. dag_id=ETL_InternationalNews, task_id=Extract_News_in_Congthuong, execution_date=20231121T160000, start_date=20231122T073230, end_date=20231122T073242
[2023-11-22T07:32:42.982+0000] {local_task_job_runner.py:228} INFO - Task exited with return code 0
[2023-11-22T07:32:43.115+0000] {taskinstance.py:2778} INFO - 1 downstream tasks scheduled from follow-on schedule check
