[2023-11-22T07:32:20.405+0000] {taskinstance.py:1159} INFO - Dependencies all met for dep_context=non-requeueable deps ti=<TaskInstance: ETL_InternationalNews.Extract_News_in_Vneconomy scheduled__2023-11-21T16:00:00+00:00 [queued]>
[2023-11-22T07:32:20.440+0000] {taskinstance.py:1159} INFO - Dependencies all met for dep_context=requeueable deps ti=<TaskInstance: ETL_InternationalNews.Extract_News_in_Vneconomy scheduled__2023-11-21T16:00:00+00:00 [queued]>
[2023-11-22T07:32:20.441+0000] {taskinstance.py:1361} INFO - Starting attempt 1 of 2
[2023-11-22T07:32:20.540+0000] {taskinstance.py:1382} INFO - Executing <Task(PythonOperator): Extract_News_in_Vneconomy> on 2023-11-21 16:00:00+00:00
[2023-11-22T07:32:20.559+0000] {standard_task_runner.py:57} INFO - Started process 455 to run task
[2023-11-22T07:32:20.566+0000] {standard_task_runner.py:84} INFO - Running: ['airflow', 'tasks', 'run', 'ETL_InternationalNews', 'Extract_News_in_Vneconomy', 'scheduled__2023-11-21T16:00:00+00:00', '--job-id', '6', '--raw', '--subdir', 'DAGS_FOLDER/ETL_InternationalNews.py', '--cfg-path', '/tmp/tmpl3jhd8m8']
[2023-11-22T07:32:20.570+0000] {standard_task_runner.py:85} INFO - Job 6: Subtask Extract_News_in_Vneconomy
[2023-11-22T07:32:20.803+0000] {task_command.py:416} INFO - Running <TaskInstance: ETL_InternationalNews.Extract_News_in_Vneconomy scheduled__2023-11-21T16:00:00+00:00 [running]> on host f85e85ef96bb
[2023-11-22T07:32:21.240+0000] {taskinstance.py:1662} INFO - Exporting env vars: AIRFLOW_CTX_DAG_EMAIL='trivominhit@gmail.com' AIRFLOW_CTX_DAG_OWNER='MinhTri' AIRFLOW_CTX_DAG_ID='ETL_InternationalNews' AIRFLOW_CTX_TASK_ID='Extract_News_in_Vneconomy' AIRFLOW_CTX_EXECUTION_DATE='2023-11-21T16:00:00+00:00' AIRFLOW_CTX_TRY_NUMBER='1' AIRFLOW_CTX_DAG_RUN_ID='scheduled__2023-11-21T16:00:00+00:00'
[2023-11-22T07:32:24.377+0000] {python.py:194} INFO - Done. Returned value was:                   Date  ...                                           Subtitle
0  2023-11-22 11:38:00  ...  Giải quyết vấn đề này được coi là chìa khó cho...
1  2023-11-21 09:23:00  ...  Thị trường tài chính coi việc lạm phát tiếp tụ...
2  2023-11-20 16:46:00  ...  Thị trường tài chính coi việc lạm phát tiếp tụ...
3  2023-11-20 14:00:00  ...  Thị trường tài chính coi việc lạm phát tiếp tụ...
4  2023-11-20 10:06:00  ...  Việc các doanh nghiệp Nhật ồ ạt tăng lương đượ...
5  2023-11-17 14:20:00  ...  Theo một ước tính, Trung Quốc hiện có khoảng 2...
6  2023-11-17 12:17:00  ...  Đây là quy định mới mà một nhóm chuyên gia của...
7  2023-11-16 14:30:00  ...  Và hơn một nửa trong số hàng ngàn khoản vay mà...
8  2023-11-16 12:05:00  ...  Sau đợt bán tháo của năm 2022, giá bitcoin đã ...
9  2023-11-16 08:32:00  ...  Vụ giải cứu này cho thấy thách thức tài chính ...
10 2023-11-15 17:00:00  ...  Theo báo cáo Triển Vọng Kinh tế Thế giới tháng...

[11 rows x 5 columns]
[2023-11-22T07:32:24.563+0000] {taskinstance.py:1400} INFO - Marking task as SUCCESS. dag_id=ETL_InternationalNews, task_id=Extract_News_in_Vneconomy, execution_date=20231121T160000, start_date=20231122T073220, end_date=20231122T073224
[2023-11-22T07:32:24.722+0000] {local_task_job_runner.py:228} INFO - Task exited with return code 0
[2023-11-22T07:32:24.819+0000] {taskinstance.py:2778} INFO - 0 downstream tasks scheduled from follow-on schedule check
