[2023-11-22T08:00:08.536+0000] {taskinstance.py:1159} INFO - Dependencies all met for dep_context=non-requeueable deps ti=<TaskInstance: ETL_InternationalNews.Extract_News_in_Vnexpress scheduled__2023-11-22T00:00:00+00:00 [queued]>
[2023-11-22T08:00:08.580+0000] {taskinstance.py:1159} INFO - Dependencies all met for dep_context=requeueable deps ti=<TaskInstance: ETL_InternationalNews.Extract_News_in_Vnexpress scheduled__2023-11-22T00:00:00+00:00 [queued]>
[2023-11-22T08:00:08.581+0000] {taskinstance.py:1361} INFO - Starting attempt 1 of 2
[2023-11-22T08:00:08.686+0000] {taskinstance.py:1382} INFO - Executing <Task(PythonOperator): Extract_News_in_Vnexpress> on 2023-11-22 00:00:00+00:00
[2023-11-22T08:00:08.705+0000] {standard_task_runner.py:57} INFO - Started process 1594 to run task
[2023-11-22T08:00:08.714+0000] {standard_task_runner.py:84} INFO - Running: ['airflow', 'tasks', 'run', 'ETL_InternationalNews', 'Extract_News_in_Vnexpress', 'scheduled__2023-11-22T00:00:00+00:00', '--job-id', '15', '--raw', '--subdir', 'DAGS_FOLDER/ETL_InternationalNews.py', '--cfg-path', '/tmp/tmpm_r8jd2r']
[2023-11-22T08:00:08.718+0000] {standard_task_runner.py:85} INFO - Job 15: Subtask Extract_News_in_Vnexpress
[2023-11-22T08:00:08.940+0000] {task_command.py:416} INFO - Running <TaskInstance: ETL_InternationalNews.Extract_News_in_Vnexpress scheduled__2023-11-22T00:00:00+00:00 [running]> on host f85e85ef96bb
[2023-11-22T08:00:09.480+0000] {taskinstance.py:1662} INFO - Exporting env vars: AIRFLOW_CTX_DAG_EMAIL='trivominhit@gmail.com' AIRFLOW_CTX_DAG_OWNER='MinhTri' AIRFLOW_CTX_DAG_ID='ETL_InternationalNews' AIRFLOW_CTX_TASK_ID='Extract_News_in_Vnexpress' AIRFLOW_CTX_EXECUTION_DATE='2023-11-22T00:00:00+00:00' AIRFLOW_CTX_TRY_NUMBER='1' AIRFLOW_CTX_DAG_RUN_ID='scheduled__2023-11-22T00:00:00+00:00'
[2023-11-22T08:00:31.671+0000] {python.py:194} INFO - Done. Returned value was:                   Date  ...                                           Subtitle
0  2023-11-21 10:01:00  ...  Phó thủ tướng Nga Andrey Belousov cho biết 95%...
1  2023-11-21 07:02:00  ...  Thụy Sĩ bù đắp cho diện tích nhỏ và chi phí ca...
2  2023-11-21 06:33:00  ...  Người Mỹ thận trọng trong mùa mua sắm bằng các...
3  2023-11-20 11:35:00  ...  Giá dầu thô đã giảm gần 20% từ tháng 9, khiến ...
4  2023-11-20 08:27:00  ...  Từ đồng hồ Rolex, 52 tháng lương hay núi tiền ...
5  2023-11-19 14:03:00  ...  Nếu mua một Bitcoin mỗi ngày như đúng cam kết ...
6  2023-11-18 18:22:00  ...  Bộ Năng lượng Nga cho biết đã dỡ bỏ các hạn ch...
7  2023-11-18 15:16:00  ...  Khối nợ trên thế giới vượt 307.000 tỷ USD tron...
8  2023-11-18 09:03:00  ...  Tính hoa hồng mua bán nhà ở Mỹ "không hề bình ...
9  2023-11-18 08:59:00  ...  Nhiều hoạt động kinh tế cùng khởi sắc giúp GDP...
10 2023-11-18 00:01:00  ...  Bộ Tài chính Mỹ hôm 16/11 áp lệnh trừng phạt l...
11 2023-11-17 06:59:00  ...  Darya Stepanova - một bà mẹ hai con ở Nga - ph...
12 2023-11-17 11:51:00  ...  Giá nhà mới đã giảm tháng thứ tư liên tiếp, vớ...
13 2023-11-17 09:11:00  ...  Phiên 16/11, giá dầu thô có thời điểm giảm 6%,...
14 2023-11-16 13:00:00  ...  Sau 2 báo cáo lạm phát tuần này, thị trường nh...
15 2023-11-15 11:47:00  ...  Sau hai quý liên tiếp đi lên, GDP Nhật Bản qua...
16 2023-11-15 07:05:00  ...  Dư thừa nguồn cung pin mặt trời Trung Quốc khi...
17 2023-11-15 07:00:00  ...  Goldman Sachs cho rằng kinh tế thế giới năm sa...
18 2023-11-15 06:08:00  ...  Chỉ số giá tiêu dùng (CPI) của Mỹ tháng 10 tăn...
19 2023-11-15 08:18:00  ...  Mỗi ounce vàng tăng gần 20 USD, còn chứng khoá...
20 2023-11-14 12:05:00  ...  Ông Jerome Powell phải tính toán kỹ việc tiếp ...
21 2023-11-14 13:19:00  ...  Túi tiền co lại vì lạm phát phi mã khiến nhiều...
22 2023-11-14 00:00:00  ...  Nhiều ngân hàng Mỹ cho rằng Fed sẽ giảm lãi đề...
23 2023-11-13 21:25:00  ...  Cạnh tranh khốc liệt từ xe điện Trung Quốc khi...
24 2023-11-13 11:47:00  ...  CEO hãng khí đốt lớn nhất Nga cho biết nhiều q...
25 2023-11-13 07:02:00  ...  Vươn lên mạnh mẽ sau siêu lạm phát, Đại suy th...
26 2023-11-12 19:00:00  ...  Singapore Yoga, massage dược liệu và các dịch ...
27 2023-11-12 18:23:00  ...  Nhà phân tích phố Wall kém lạc quan về giá vàn...
28 2023-11-12 10:16:00  ...  Dòng vốn rót vào các quỹ đầu tư Bitcoin vượt 1...

[29 rows x 5 columns]
[2023-11-22T08:00:31.858+0000] {taskinstance.py:1400} INFO - Marking task as SUCCESS. dag_id=ETL_InternationalNews, task_id=Extract_News_in_Vnexpress, execution_date=20231122T000000, start_date=20231122T080008, end_date=20231122T080031
[2023-11-22T08:00:31.992+0000] {local_task_job_runner.py:228} INFO - Task exited with return code 0
[2023-11-22T08:00:32.107+0000] {taskinstance.py:2778} INFO - 0 downstream tasks scheduled from follow-on schedule check
