[2023-11-13T04:07:06.946+0000] {processor.py:157} INFO - Started process (PID=206) to work on /opt/airflow/dags/dag1.py
[2023-11-13T04:07:06.948+0000] {processor.py:829} INFO - Processing file /opt/airflow/dags/dag1.py for tasks to queue
[2023-11-13T04:07:06.950+0000] {logging_mixin.py:154} INFO - [2023-11-13T04:07:06.950+0000] {dagbag.py:536} INFO - Filling up the DagBag from /opt/airflow/dags/dag1.py
[2023-11-13T04:07:07.892+0000] {processor.py:839} INFO - DAG(s) dict_keys(['vnstock_dag']) retrieved from /opt/airflow/dags/dag1.py
[2023-11-13T04:07:08.333+0000] {logging_mixin.py:154} INFO - [2023-11-13T04:07:08.332+0000] {manager.py:499} INFO - Created Permission View: %s
[2023-11-13T04:07:08.557+0000] {logging_mixin.py:154} INFO - [2023-11-13T04:07:08.556+0000] {manager.py:499} INFO - Created Permission View: %s
[2023-11-13T04:07:08.782+0000] {logging_mixin.py:154} INFO - [2023-11-13T04:07:08.782+0000] {manager.py:499} INFO - Created Permission View: %s
[2023-11-13T04:07:08.784+0000] {logging_mixin.py:154} INFO - [2023-11-13T04:07:08.783+0000] {dag.py:2941} INFO - Sync 1 DAGs
[2023-11-13T04:07:08.928+0000] {logging_mixin.py:154} INFO - [2023-11-13T04:07:08.927+0000] {dag.py:2963} INFO - Creating ORM DAG for vnstock_dag
[2023-11-13T04:07:09.048+0000] {logging_mixin.py:154} INFO - [2023-11-13T04:07:09.047+0000] {dag.py:3722} INFO - Setting next_dagrun for vnstock_dag to 2023-10-30T00:00:00+00:00, run_after=2023-10-31T00:00:00+00:00
[2023-11-13T04:07:09.421+0000] {processor.py:179} INFO - Processing /opt/airflow/dags/dag1.py took 2.479 seconds
[2023-11-13T04:07:40.475+0000] {processor.py:157} INFO - Started process (PID=268) to work on /opt/airflow/dags/dag1.py
[2023-11-13T04:07:40.477+0000] {processor.py:829} INFO - Processing file /opt/airflow/dags/dag1.py for tasks to queue
[2023-11-13T04:07:40.479+0000] {logging_mixin.py:154} INFO - [2023-11-13T04:07:40.478+0000] {dagbag.py:536} INFO - Filling up the DagBag from /opt/airflow/dags/dag1.py
[2023-11-13T04:07:41.370+0000] {processor.py:839} INFO - DAG(s) dict_keys(['vnstock_dag']) retrieved from /opt/airflow/dags/dag1.py
[2023-11-13T04:07:41.453+0000] {logging_mixin.py:154} INFO - [2023-11-13T04:07:41.452+0000] {dag.py:2941} INFO - Sync 1 DAGs
[2023-11-13T04:07:41.577+0000] {logging_mixin.py:154} INFO - [2023-11-13T04:07:41.576+0000] {dag.py:3722} INFO - Setting next_dagrun for vnstock_dag to 2023-10-30T00:00:00+00:00, run_after=2023-10-31T00:00:00+00:00
[2023-11-13T04:07:42.161+0000] {processor.py:179} INFO - Processing /opt/airflow/dags/dag1.py took 1.690 seconds
[2023-11-13T04:08:13.481+0000] {processor.py:157} INFO - Started process (PID=281) to work on /opt/airflow/dags/dag1.py
[2023-11-13T04:08:13.482+0000] {processor.py:829} INFO - Processing file /opt/airflow/dags/dag1.py for tasks to queue
[2023-11-13T04:08:13.484+0000] {logging_mixin.py:154} INFO - [2023-11-13T04:08:13.484+0000] {dagbag.py:536} INFO - Filling up the DagBag from /opt/airflow/dags/dag1.py
[2023-11-13T04:08:14.345+0000] {processor.py:839} INFO - DAG(s) dict_keys(['vnstock_dag']) retrieved from /opt/airflow/dags/dag1.py
[2023-11-13T04:08:14.393+0000] {logging_mixin.py:154} INFO - [2023-11-13T04:08:14.393+0000] {dag.py:2941} INFO - Sync 1 DAGs
[2023-11-13T04:08:14.435+0000] {logging_mixin.py:154} INFO - [2023-11-13T04:08:14.435+0000] {dag.py:3722} INFO - Setting next_dagrun for vnstock_dag to 2023-10-30T00:00:00+00:00, run_after=2023-10-31T00:00:00+00:00
[2023-11-13T04:08:14.617+0000] {processor.py:179} INFO - Processing /opt/airflow/dags/dag1.py took 1.141 seconds
[2023-11-13T04:08:45.504+0000] {processor.py:157} INFO - Started process (PID=288) to work on /opt/airflow/dags/dag1.py
[2023-11-13T04:08:45.506+0000] {processor.py:829} INFO - Processing file /opt/airflow/dags/dag1.py for tasks to queue
[2023-11-13T04:08:45.508+0000] {logging_mixin.py:154} INFO - [2023-11-13T04:08:45.507+0000] {dagbag.py:536} INFO - Filling up the DagBag from /opt/airflow/dags/dag1.py
[2023-11-13T04:08:46.334+0000] {processor.py:839} INFO - DAG(s) dict_keys(['vnstock_dag']) retrieved from /opt/airflow/dags/dag1.py
[2023-11-13T04:08:46.387+0000] {logging_mixin.py:154} INFO - [2023-11-13T04:08:46.386+0000] {dag.py:2941} INFO - Sync 1 DAGs
[2023-11-13T04:08:46.430+0000] {logging_mixin.py:154} INFO - [2023-11-13T04:08:46.429+0000] {dag.py:3722} INFO - Setting next_dagrun for vnstock_dag to 2023-10-30T00:00:00+00:00, run_after=2023-10-31T00:00:00+00:00
[2023-11-13T04:08:46.621+0000] {processor.py:179} INFO - Processing /opt/airflow/dags/dag1.py took 1.121 seconds
[2023-11-13T04:09:17.358+0000] {processor.py:157} INFO - Started process (PID=295) to work on /opt/airflow/dags/dag1.py
[2023-11-13T04:09:17.359+0000] {processor.py:829} INFO - Processing file /opt/airflow/dags/dag1.py for tasks to queue
[2023-11-13T04:09:17.361+0000] {logging_mixin.py:154} INFO - [2023-11-13T04:09:17.361+0000] {dagbag.py:536} INFO - Filling up the DagBag from /opt/airflow/dags/dag1.py
[2023-11-13T04:09:18.222+0000] {processor.py:839} INFO - DAG(s) dict_keys(['vnstock_dag']) retrieved from /opt/airflow/dags/dag1.py
[2023-11-13T04:09:18.263+0000] {logging_mixin.py:154} INFO - [2023-11-13T04:09:18.262+0000] {dag.py:2941} INFO - Sync 1 DAGs
[2023-11-13T04:09:18.303+0000] {logging_mixin.py:154} INFO - [2023-11-13T04:09:18.303+0000] {dag.py:3722} INFO - Setting next_dagrun for vnstock_dag to 2023-10-30T00:00:00+00:00, run_after=2023-10-31T00:00:00+00:00
[2023-11-13T04:09:18.496+0000] {processor.py:179} INFO - Processing /opt/airflow/dags/dag1.py took 1.142 seconds
[2023-11-13T04:09:49.120+0000] {processor.py:157} INFO - Started process (PID=302) to work on /opt/airflow/dags/dag1.py
[2023-11-13T04:09:49.123+0000] {processor.py:829} INFO - Processing file /opt/airflow/dags/dag1.py for tasks to queue
[2023-11-13T04:09:49.125+0000] {logging_mixin.py:154} INFO - [2023-11-13T04:09:49.124+0000] {dagbag.py:536} INFO - Filling up the DagBag from /opt/airflow/dags/dag1.py
[2023-11-13T04:09:49.996+0000] {processor.py:839} INFO - DAG(s) dict_keys(['vnstock_dag']) retrieved from /opt/airflow/dags/dag1.py
[2023-11-13T04:09:50.048+0000] {logging_mixin.py:154} INFO - [2023-11-13T04:09:50.047+0000] {dag.py:2941} INFO - Sync 1 DAGs
[2023-11-13T04:09:50.088+0000] {logging_mixin.py:154} INFO - [2023-11-13T04:09:50.088+0000] {dag.py:3722} INFO - Setting next_dagrun for vnstock_dag to 2023-10-30T00:00:00+00:00, run_after=2023-10-31T00:00:00+00:00
[2023-11-13T04:09:50.283+0000] {processor.py:179} INFO - Processing /opt/airflow/dags/dag1.py took 1.167 seconds
[2023-11-13T04:10:20.692+0000] {processor.py:157} INFO - Started process (PID=309) to work on /opt/airflow/dags/dag1.py
[2023-11-13T04:10:20.694+0000] {processor.py:829} INFO - Processing file /opt/airflow/dags/dag1.py for tasks to queue
[2023-11-13T04:10:20.696+0000] {logging_mixin.py:154} INFO - [2023-11-13T04:10:20.696+0000] {dagbag.py:536} INFO - Filling up the DagBag from /opt/airflow/dags/dag1.py
[2023-11-13T04:10:21.530+0000] {processor.py:839} INFO - DAG(s) dict_keys(['vnstock_dag']) retrieved from /opt/airflow/dags/dag1.py
[2023-11-13T04:10:21.583+0000] {logging_mixin.py:154} INFO - [2023-11-13T04:10:21.582+0000] {dag.py:2941} INFO - Sync 1 DAGs
[2023-11-13T04:10:21.621+0000] {logging_mixin.py:154} INFO - [2023-11-13T04:10:21.621+0000] {dag.py:3722} INFO - Setting next_dagrun for vnstock_dag to 2023-10-30T00:00:00+00:00, run_after=2023-10-31T00:00:00+00:00
[2023-11-13T04:10:21.812+0000] {processor.py:179} INFO - Processing /opt/airflow/dags/dag1.py took 1.124 seconds
[2023-11-13T04:10:52.362+0000] {processor.py:157} INFO - Started process (PID=316) to work on /opt/airflow/dags/dag1.py
[2023-11-13T04:10:52.364+0000] {processor.py:829} INFO - Processing file /opt/airflow/dags/dag1.py for tasks to queue
[2023-11-13T04:10:52.366+0000] {logging_mixin.py:154} INFO - [2023-11-13T04:10:52.365+0000] {dagbag.py:536} INFO - Filling up the DagBag from /opt/airflow/dags/dag1.py
[2023-11-13T04:10:53.179+0000] {processor.py:839} INFO - DAG(s) dict_keys(['vnstock_dag']) retrieved from /opt/airflow/dags/dag1.py
[2023-11-13T04:10:53.230+0000] {logging_mixin.py:154} INFO - [2023-11-13T04:10:53.229+0000] {dag.py:2941} INFO - Sync 1 DAGs
[2023-11-13T04:10:53.269+0000] {logging_mixin.py:154} INFO - [2023-11-13T04:10:53.269+0000] {dag.py:3722} INFO - Setting next_dagrun for vnstock_dag to 2023-10-30T00:00:00+00:00, run_after=2023-10-31T00:00:00+00:00
[2023-11-13T04:10:53.517+0000] {processor.py:179} INFO - Processing /opt/airflow/dags/dag1.py took 1.159 seconds
[2023-11-13T04:11:24.160+0000] {processor.py:157} INFO - Started process (PID=323) to work on /opt/airflow/dags/dag1.py
[2023-11-13T04:11:24.161+0000] {processor.py:829} INFO - Processing file /opt/airflow/dags/dag1.py for tasks to queue
[2023-11-13T04:11:24.163+0000] {logging_mixin.py:154} INFO - [2023-11-13T04:11:24.163+0000] {dagbag.py:536} INFO - Filling up the DagBag from /opt/airflow/dags/dag1.py
[2023-11-13T04:11:24.964+0000] {processor.py:839} INFO - DAG(s) dict_keys(['vnstock_dag']) retrieved from /opt/airflow/dags/dag1.py
[2023-11-13T04:11:25.017+0000] {logging_mixin.py:154} INFO - [2023-11-13T04:11:25.015+0000] {dag.py:2941} INFO - Sync 1 DAGs
[2023-11-13T04:11:25.061+0000] {logging_mixin.py:154} INFO - [2023-11-13T04:11:25.061+0000] {dag.py:3722} INFO - Setting next_dagrun for vnstock_dag to 2023-10-30T00:00:00+00:00, run_after=2023-10-31T00:00:00+00:00
[2023-11-13T04:11:25.239+0000] {processor.py:179} INFO - Processing /opt/airflow/dags/dag1.py took 1.084 seconds
[2023-11-13T04:11:56.611+0000] {processor.py:157} INFO - Started process (PID=332) to work on /opt/airflow/dags/dag1.py
[2023-11-13T04:11:56.613+0000] {processor.py:829} INFO - Processing file /opt/airflow/dags/dag1.py for tasks to queue
[2023-11-13T04:11:56.615+0000] {logging_mixin.py:154} INFO - [2023-11-13T04:11:56.614+0000] {dagbag.py:536} INFO - Filling up the DagBag from /opt/airflow/dags/dag1.py
[2023-11-13T04:11:57.580+0000] {processor.py:839} INFO - DAG(s) dict_keys(['vnstock_dag']) retrieved from /opt/airflow/dags/dag1.py
[2023-11-13T04:11:57.690+0000] {logging_mixin.py:154} INFO - [2023-11-13T04:11:57.689+0000] {dag.py:2941} INFO - Sync 1 DAGs
[2023-11-13T04:11:57.898+0000] {logging_mixin.py:154} INFO - [2023-11-13T04:11:57.898+0000] {dag.py:3722} INFO - Setting next_dagrun for vnstock_dag to 2023-10-30T00:00:00+00:00, run_after=2023-10-31T00:00:00+00:00
[2023-11-13T04:11:58.455+0000] {processor.py:179} INFO - Processing /opt/airflow/dags/dag1.py took 1.848 seconds
[2023-11-13T04:13:25.032+0000] {processor.py:157} INFO - Started process (PID=518) to work on /opt/airflow/dags/dag1.py
[2023-11-13T04:13:25.033+0000] {processor.py:829} INFO - Processing file /opt/airflow/dags/dag1.py for tasks to queue
[2023-11-13T04:13:25.035+0000] {logging_mixin.py:154} INFO - [2023-11-13T04:13:25.034+0000] {dagbag.py:536} INFO - Filling up the DagBag from /opt/airflow/dags/dag1.py
[2023-11-13T04:13:25.844+0000] {processor.py:839} INFO - DAG(s) dict_keys(['vnstock_dag']) retrieved from /opt/airflow/dags/dag1.py
[2023-11-13T04:13:25.907+0000] {logging_mixin.py:154} INFO - [2023-11-13T04:13:25.906+0000] {dag.py:2941} INFO - Sync 1 DAGs
[2023-11-13T04:13:25.958+0000] {logging_mixin.py:154} INFO - [2023-11-13T04:13:25.958+0000] {dag.py:3722} INFO - Setting next_dagrun for vnstock_dag to 2023-10-30T00:00:00+00:00, run_after=2023-10-31T00:00:00+00:00
[2023-11-13T04:13:26.149+0000] {processor.py:179} INFO - Processing /opt/airflow/dags/dag1.py took 1.121 seconds
[2023-11-13T04:13:58.614+0000] {processor.py:157} INFO - Started process (PID=525) to work on /opt/airflow/dags/dag1.py
[2023-11-13T04:13:58.616+0000] {processor.py:829} INFO - Processing file /opt/airflow/dags/dag1.py for tasks to queue
[2023-11-13T04:13:58.618+0000] {logging_mixin.py:154} INFO - [2023-11-13T04:13:58.618+0000] {dagbag.py:536} INFO - Filling up the DagBag from /opt/airflow/dags/dag1.py
[2023-11-13T04:13:59.547+0000] {processor.py:839} INFO - DAG(s) dict_keys(['vnstock_dag']) retrieved from /opt/airflow/dags/dag1.py
[2023-11-13T04:13:59.589+0000] {logging_mixin.py:154} INFO - [2023-11-13T04:13:59.588+0000] {dag.py:2941} INFO - Sync 1 DAGs
[2023-11-13T04:13:59.630+0000] {logging_mixin.py:154} INFO - [2023-11-13T04:13:59.630+0000] {dag.py:3722} INFO - Setting next_dagrun for vnstock_dag to 2023-10-30T00:00:00+00:00, run_after=2023-10-31T00:00:00+00:00
[2023-11-13T04:14:00.366+0000] {processor.py:179} INFO - Processing /opt/airflow/dags/dag1.py took 1.756 seconds
[2023-11-13T04:14:30.948+0000] {processor.py:157} INFO - Started process (PID=532) to work on /opt/airflow/dags/dag1.py
[2023-11-13T04:14:30.949+0000] {processor.py:829} INFO - Processing file /opt/airflow/dags/dag1.py for tasks to queue
[2023-11-13T04:14:30.951+0000] {logging_mixin.py:154} INFO - [2023-11-13T04:14:30.951+0000] {dagbag.py:536} INFO - Filling up the DagBag from /opt/airflow/dags/dag1.py
[2023-11-13T04:14:31.780+0000] {processor.py:839} INFO - DAG(s) dict_keys(['vnstock_dag']) retrieved from /opt/airflow/dags/dag1.py
[2023-11-13T04:14:31.832+0000] {logging_mixin.py:154} INFO - [2023-11-13T04:14:31.831+0000] {dag.py:2941} INFO - Sync 1 DAGs
[2023-11-13T04:14:31.873+0000] {logging_mixin.py:154} INFO - [2023-11-13T04:14:31.873+0000] {dag.py:3722} INFO - Setting next_dagrun for vnstock_dag to 2023-10-30T00:00:00+00:00, run_after=2023-10-31T00:00:00+00:00
[2023-11-13T04:14:32.399+0000] {processor.py:179} INFO - Processing /opt/airflow/dags/dag1.py took 1.455 seconds
[2023-11-13T04:15:02.552+0000] {processor.py:157} INFO - Started process (PID=539) to work on /opt/airflow/dags/dag1.py
[2023-11-13T04:15:02.554+0000] {processor.py:829} INFO - Processing file /opt/airflow/dags/dag1.py for tasks to queue
[2023-11-13T04:15:02.556+0000] {logging_mixin.py:154} INFO - [2023-11-13T04:15:02.555+0000] {dagbag.py:536} INFO - Filling up the DagBag from /opt/airflow/dags/dag1.py
[2023-11-13T04:15:03.430+0000] {processor.py:839} INFO - DAG(s) dict_keys(['vnstock_dag']) retrieved from /opt/airflow/dags/dag1.py
[2023-11-13T04:15:03.482+0000] {logging_mixin.py:154} INFO - [2023-11-13T04:15:03.481+0000] {dag.py:2941} INFO - Sync 1 DAGs
[2023-11-13T04:15:03.519+0000] {logging_mixin.py:154} INFO - [2023-11-13T04:15:03.519+0000] {dag.py:3722} INFO - Setting next_dagrun for vnstock_dag to 2023-10-30T00:00:00+00:00, run_after=2023-10-31T00:00:00+00:00
[2023-11-13T04:15:03.721+0000] {processor.py:179} INFO - Processing /opt/airflow/dags/dag1.py took 1.173 seconds
[2023-11-13T04:15:34.348+0000] {processor.py:157} INFO - Started process (PID=546) to work on /opt/airflow/dags/dag1.py
[2023-11-13T04:15:34.350+0000] {processor.py:829} INFO - Processing file /opt/airflow/dags/dag1.py for tasks to queue
[2023-11-13T04:15:34.352+0000] {logging_mixin.py:154} INFO - [2023-11-13T04:15:34.351+0000] {dagbag.py:536} INFO - Filling up the DagBag from /opt/airflow/dags/dag1.py
[2023-11-13T04:15:35.236+0000] {processor.py:839} INFO - DAG(s) dict_keys(['vnstock_dag']) retrieved from /opt/airflow/dags/dag1.py
[2023-11-13T04:15:35.294+0000] {logging_mixin.py:154} INFO - [2023-11-13T04:15:35.293+0000] {dag.py:2941} INFO - Sync 1 DAGs
[2023-11-13T04:15:35.334+0000] {logging_mixin.py:154} INFO - [2023-11-13T04:15:35.333+0000] {dag.py:3722} INFO - Setting next_dagrun for vnstock_dag to 2023-10-30T00:00:00+00:00, run_after=2023-10-31T00:00:00+00:00
[2023-11-13T04:15:35.852+0000] {processor.py:179} INFO - Processing /opt/airflow/dags/dag1.py took 1.508 seconds
[2023-11-13T04:16:10.398+0000] {processor.py:157} INFO - Started process (PID=555) to work on /opt/airflow/dags/dag1.py
[2023-11-13T04:16:10.400+0000] {processor.py:829} INFO - Processing file /opt/airflow/dags/dag1.py for tasks to queue
[2023-11-13T04:16:10.402+0000] {logging_mixin.py:154} INFO - [2023-11-13T04:16:10.402+0000] {dagbag.py:536} INFO - Filling up the DagBag from /opt/airflow/dags/dag1.py
[2023-11-13T04:16:11.377+0000] {processor.py:839} INFO - DAG(s) dict_keys(['vnstock_dag']) retrieved from /opt/airflow/dags/dag1.py
[2023-11-13T04:16:11.571+0000] {logging_mixin.py:154} INFO - [2023-11-13T04:16:11.570+0000] {dag.py:2941} INFO - Sync 1 DAGs
[2023-11-13T04:16:11.625+0000] {logging_mixin.py:154} INFO - [2023-11-13T04:16:11.624+0000] {dag.py:3722} INFO - Setting next_dagrun for vnstock_dag to 2023-10-30T00:00:00+00:00, run_after=2023-10-31T00:00:00+00:00
[2023-11-13T04:16:12.274+0000] {processor.py:179} INFO - Processing /opt/airflow/dags/dag1.py took 1.881 seconds
[2023-11-13T04:16:43.361+0000] {processor.py:157} INFO - Started process (PID=566) to work on /opt/airflow/dags/dag1.py
[2023-11-13T04:16:43.363+0000] {processor.py:829} INFO - Processing file /opt/airflow/dags/dag1.py for tasks to queue
[2023-11-13T04:16:43.365+0000] {logging_mixin.py:154} INFO - [2023-11-13T04:16:43.365+0000] {dagbag.py:536} INFO - Filling up the DagBag from /opt/airflow/dags/dag1.py
[2023-11-13T04:16:44.190+0000] {processor.py:839} INFO - DAG(s) dict_keys(['vnstock_dag']) retrieved from /opt/airflow/dags/dag1.py
[2023-11-13T04:16:44.236+0000] {logging_mixin.py:154} INFO - [2023-11-13T04:16:44.235+0000] {dag.py:2941} INFO - Sync 1 DAGs
[2023-11-13T04:16:44.273+0000] {logging_mixin.py:154} INFO - [2023-11-13T04:16:44.273+0000] {dag.py:3722} INFO - Setting next_dagrun for vnstock_dag to 2023-10-30T00:00:00+00:00, run_after=2023-10-31T00:00:00+00:00
[2023-11-13T04:16:44.478+0000] {processor.py:179} INFO - Processing /opt/airflow/dags/dag1.py took 1.121 seconds
[2023-11-13T04:17:17.985+0000] {processor.py:157} INFO - Started process (PID=581) to work on /opt/airflow/dags/dag1.py
[2023-11-13T04:17:17.987+0000] {processor.py:829} INFO - Processing file /opt/airflow/dags/dag1.py for tasks to queue
[2023-11-13T04:17:17.989+0000] {logging_mixin.py:154} INFO - [2023-11-13T04:17:17.989+0000] {dagbag.py:536} INFO - Filling up the DagBag from /opt/airflow/dags/dag1.py
[2023-11-13T04:17:18.865+0000] {processor.py:839} INFO - DAG(s) dict_keys(['vnstock_dag']) retrieved from /opt/airflow/dags/dag1.py
[2023-11-13T04:17:18.919+0000] {logging_mixin.py:154} INFO - [2023-11-13T04:17:18.918+0000] {dag.py:2941} INFO - Sync 1 DAGs
[2023-11-13T04:17:18.956+0000] {logging_mixin.py:154} INFO - [2023-11-13T04:17:18.956+0000] {dag.py:3722} INFO - Setting next_dagrun for vnstock_dag to 2023-10-30T00:00:00+00:00, run_after=2023-10-31T00:00:00+00:00
[2023-11-13T04:17:19.122+0000] {processor.py:179} INFO - Processing /opt/airflow/dags/dag1.py took 1.142 seconds
[2023-11-13T04:17:49.837+0000] {processor.py:157} INFO - Started process (PID=590) to work on /opt/airflow/dags/dag1.py
[2023-11-13T04:17:49.839+0000] {processor.py:829} INFO - Processing file /opt/airflow/dags/dag1.py for tasks to queue
[2023-11-13T04:17:49.841+0000] {logging_mixin.py:154} INFO - [2023-11-13T04:17:49.840+0000] {dagbag.py:536} INFO - Filling up the DagBag from /opt/airflow/dags/dag1.py
[2023-11-13T04:17:50.753+0000] {processor.py:839} INFO - DAG(s) dict_keys(['vnstock_dag']) retrieved from /opt/airflow/dags/dag1.py
[2023-11-13T04:17:50.816+0000] {logging_mixin.py:154} INFO - [2023-11-13T04:17:50.815+0000] {dag.py:2941} INFO - Sync 1 DAGs
[2023-11-13T04:17:50.863+0000] {logging_mixin.py:154} INFO - [2023-11-13T04:17:50.862+0000] {dag.py:3722} INFO - Setting next_dagrun for vnstock_dag to 2023-10-30T00:00:00+00:00, run_after=2023-10-31T00:00:00+00:00
[2023-11-13T04:17:51.059+0000] {processor.py:179} INFO - Processing /opt/airflow/dags/dag1.py took 1.228 seconds
[2023-11-13T04:18:21.651+0000] {processor.py:157} INFO - Started process (PID=597) to work on /opt/airflow/dags/dag1.py
[2023-11-13T04:18:21.653+0000] {processor.py:829} INFO - Processing file /opt/airflow/dags/dag1.py for tasks to queue
[2023-11-13T04:18:21.655+0000] {logging_mixin.py:154} INFO - [2023-11-13T04:18:21.655+0000] {dagbag.py:536} INFO - Filling up the DagBag from /opt/airflow/dags/dag1.py
[2023-11-13T04:18:22.522+0000] {processor.py:839} INFO - DAG(s) dict_keys(['vnstock_dag']) retrieved from /opt/airflow/dags/dag1.py
[2023-11-13T04:18:22.573+0000] {logging_mixin.py:154} INFO - [2023-11-13T04:18:22.573+0000] {dag.py:2941} INFO - Sync 1 DAGs
[2023-11-13T04:18:22.615+0000] {logging_mixin.py:154} INFO - [2023-11-13T04:18:22.614+0000] {dag.py:3722} INFO - Setting next_dagrun for vnstock_dag to 2023-10-30T00:00:00+00:00, run_after=2023-10-31T00:00:00+00:00
[2023-11-13T04:18:22.788+0000] {processor.py:179} INFO - Processing /opt/airflow/dags/dag1.py took 1.141 seconds
[2023-11-13T04:18:53.069+0000] {processor.py:157} INFO - Started process (PID=606) to work on /opt/airflow/dags/dag1.py
[2023-11-13T04:18:53.072+0000] {processor.py:829} INFO - Processing file /opt/airflow/dags/dag1.py for tasks to queue
[2023-11-13T04:18:53.074+0000] {logging_mixin.py:154} INFO - [2023-11-13T04:18:53.074+0000] {dagbag.py:536} INFO - Filling up the DagBag from /opt/airflow/dags/dag1.py
[2023-11-13T04:18:53.879+0000] {processor.py:839} INFO - DAG(s) dict_keys(['vnstock_dag']) retrieved from /opt/airflow/dags/dag1.py
[2023-11-13T04:18:53.945+0000] {logging_mixin.py:154} INFO - [2023-11-13T04:18:53.944+0000] {dag.py:2941} INFO - Sync 1 DAGs
[2023-11-13T04:18:53.983+0000] {logging_mixin.py:154} INFO - [2023-11-13T04:18:53.982+0000] {dag.py:3722} INFO - Setting next_dagrun for vnstock_dag to 2023-10-30T00:00:00+00:00, run_after=2023-10-31T00:00:00+00:00
[2023-11-13T04:18:54.172+0000] {processor.py:179} INFO - Processing /opt/airflow/dags/dag1.py took 1.111 seconds
[2023-11-13T04:19:24.467+0000] {processor.py:157} INFO - Started process (PID=615) to work on /opt/airflow/dags/dag1.py
[2023-11-13T04:19:24.469+0000] {processor.py:829} INFO - Processing file /opt/airflow/dags/dag1.py for tasks to queue
[2023-11-13T04:19:24.471+0000] {logging_mixin.py:154} INFO - [2023-11-13T04:19:24.471+0000] {dagbag.py:536} INFO - Filling up the DagBag from /opt/airflow/dags/dag1.py
[2023-11-13T04:19:25.298+0000] {processor.py:839} INFO - DAG(s) dict_keys(['vnstock_dag']) retrieved from /opt/airflow/dags/dag1.py
[2023-11-13T04:19:25.345+0000] {logging_mixin.py:154} INFO - [2023-11-13T04:19:25.344+0000] {dag.py:2941} INFO - Sync 1 DAGs
[2023-11-13T04:19:25.387+0000] {logging_mixin.py:154} INFO - [2023-11-13T04:19:25.386+0000] {dag.py:3722} INFO - Setting next_dagrun for vnstock_dag to 2023-10-30T00:00:00+00:00, run_after=2023-10-31T00:00:00+00:00
[2023-11-13T04:19:25.565+0000] {processor.py:179} INFO - Processing /opt/airflow/dags/dag1.py took 1.102 seconds
[2023-11-13T04:19:56.389+0000] {processor.py:157} INFO - Started process (PID=624) to work on /opt/airflow/dags/dag1.py
[2023-11-13T04:19:56.391+0000] {processor.py:829} INFO - Processing file /opt/airflow/dags/dag1.py for tasks to queue
[2023-11-13T04:19:56.393+0000] {logging_mixin.py:154} INFO - [2023-11-13T04:19:56.392+0000] {dagbag.py:536} INFO - Filling up the DagBag from /opt/airflow/dags/dag1.py
[2023-11-13T04:19:57.224+0000] {processor.py:839} INFO - DAG(s) dict_keys(['vnstock_dag']) retrieved from /opt/airflow/dags/dag1.py
[2023-11-13T04:19:57.268+0000] {logging_mixin.py:154} INFO - [2023-11-13T04:19:57.267+0000] {dag.py:2941} INFO - Sync 1 DAGs
[2023-11-13T04:19:57.362+0000] {logging_mixin.py:154} INFO - [2023-11-13T04:19:57.362+0000] {dag.py:3722} INFO - Setting next_dagrun for vnstock_dag to 2023-10-30T00:00:00+00:00, run_after=2023-10-31T00:00:00+00:00
[2023-11-13T04:19:57.540+0000] {processor.py:179} INFO - Processing /opt/airflow/dags/dag1.py took 1.156 seconds
[2023-11-13T04:20:27.999+0000] {processor.py:157} INFO - Started process (PID=631) to work on /opt/airflow/dags/dag1.py
[2023-11-13T04:20:28.001+0000] {processor.py:829} INFO - Processing file /opt/airflow/dags/dag1.py for tasks to queue
[2023-11-13T04:20:28.003+0000] {logging_mixin.py:154} INFO - [2023-11-13T04:20:28.003+0000] {dagbag.py:536} INFO - Filling up the DagBag from /opt/airflow/dags/dag1.py
[2023-11-13T04:20:28.823+0000] {processor.py:839} INFO - DAG(s) dict_keys(['vnstock_dag']) retrieved from /opt/airflow/dags/dag1.py
[2023-11-13T04:20:28.873+0000] {logging_mixin.py:154} INFO - [2023-11-13T04:20:28.872+0000] {dag.py:2941} INFO - Sync 1 DAGs
[2023-11-13T04:20:28.914+0000] {logging_mixin.py:154} INFO - [2023-11-13T04:20:28.914+0000] {dag.py:3722} INFO - Setting next_dagrun for vnstock_dag to 2023-10-30T00:00:00+00:00, run_after=2023-10-31T00:00:00+00:00
[2023-11-13T04:20:29.107+0000] {processor.py:179} INFO - Processing /opt/airflow/dags/dag1.py took 1.113 seconds
[2023-11-13T04:21:00.027+0000] {processor.py:157} INFO - Started process (PID=638) to work on /opt/airflow/dags/dag1.py
[2023-11-13T04:21:00.029+0000] {processor.py:829} INFO - Processing file /opt/airflow/dags/dag1.py for tasks to queue
[2023-11-13T04:21:00.031+0000] {logging_mixin.py:154} INFO - [2023-11-13T04:21:00.031+0000] {dagbag.py:536} INFO - Filling up the DagBag from /opt/airflow/dags/dag1.py
[2023-11-13T04:21:00.820+0000] {processor.py:839} INFO - DAG(s) dict_keys(['vnstock_dag']) retrieved from /opt/airflow/dags/dag1.py
[2023-11-13T04:21:00.885+0000] {logging_mixin.py:154} INFO - [2023-11-13T04:21:00.884+0000] {dag.py:2941} INFO - Sync 1 DAGs
[2023-11-13T04:21:00.934+0000] {logging_mixin.py:154} INFO - [2023-11-13T04:21:00.934+0000] {dag.py:3722} INFO - Setting next_dagrun for vnstock_dag to 2023-10-30T00:00:00+00:00, run_after=2023-10-31T00:00:00+00:00
[2023-11-13T04:21:01.169+0000] {processor.py:179} INFO - Processing /opt/airflow/dags/dag1.py took 1.147 seconds
[2023-11-13T04:21:31.782+0000] {processor.py:157} INFO - Started process (PID=645) to work on /opt/airflow/dags/dag1.py
[2023-11-13T04:21:31.784+0000] {processor.py:829} INFO - Processing file /opt/airflow/dags/dag1.py for tasks to queue
[2023-11-13T04:21:31.786+0000] {logging_mixin.py:154} INFO - [2023-11-13T04:21:31.785+0000] {dagbag.py:536} INFO - Filling up the DagBag from /opt/airflow/dags/dag1.py
[2023-11-13T04:21:32.667+0000] {processor.py:839} INFO - DAG(s) dict_keys(['vnstock_dag']) retrieved from /opt/airflow/dags/dag1.py
[2023-11-13T04:21:32.722+0000] {logging_mixin.py:154} INFO - [2023-11-13T04:21:32.721+0000] {dag.py:2941} INFO - Sync 1 DAGs
[2023-11-13T04:21:32.768+0000] {logging_mixin.py:154} INFO - [2023-11-13T04:21:32.768+0000] {dag.py:3722} INFO - Setting next_dagrun for vnstock_dag to 2023-10-30T00:00:00+00:00, run_after=2023-10-31T00:00:00+00:00
[2023-11-13T04:21:32.927+0000] {processor.py:179} INFO - Processing /opt/airflow/dags/dag1.py took 1.150 seconds
[2023-11-13T04:22:03.333+0000] {processor.py:157} INFO - Started process (PID=652) to work on /opt/airflow/dags/dag1.py
[2023-11-13T04:22:03.335+0000] {processor.py:829} INFO - Processing file /opt/airflow/dags/dag1.py for tasks to queue
[2023-11-13T04:22:03.336+0000] {logging_mixin.py:154} INFO - [2023-11-13T04:22:03.336+0000] {dagbag.py:536} INFO - Filling up the DagBag from /opt/airflow/dags/dag1.py
[2023-11-13T04:22:04.143+0000] {processor.py:839} INFO - DAG(s) dict_keys(['vnstock_dag']) retrieved from /opt/airflow/dags/dag1.py
[2023-11-13T04:22:04.194+0000] {logging_mixin.py:154} INFO - [2023-11-13T04:22:04.194+0000] {dag.py:2941} INFO - Sync 1 DAGs
[2023-11-13T04:22:04.238+0000] {logging_mixin.py:154} INFO - [2023-11-13T04:22:04.237+0000] {dag.py:3722} INFO - Setting next_dagrun for vnstock_dag to 2023-10-30T00:00:00+00:00, run_after=2023-10-31T00:00:00+00:00
[2023-11-13T04:22:04.426+0000] {processor.py:179} INFO - Processing /opt/airflow/dags/dag1.py took 1.097 seconds
[2023-11-13T04:22:36.526+0000] {processor.py:157} INFO - Started process (PID=661) to work on /opt/airflow/dags/dag1.py
[2023-11-13T04:22:36.528+0000] {processor.py:829} INFO - Processing file /opt/airflow/dags/dag1.py for tasks to queue
[2023-11-13T04:22:36.530+0000] {logging_mixin.py:154} INFO - [2023-11-13T04:22:36.530+0000] {dagbag.py:536} INFO - Filling up the DagBag from /opt/airflow/dags/dag1.py
[2023-11-13T04:22:37.316+0000] {processor.py:839} INFO - DAG(s) dict_keys(['vnstock_dag']) retrieved from /opt/airflow/dags/dag1.py
[2023-11-13T04:22:37.365+0000] {logging_mixin.py:154} INFO - [2023-11-13T04:22:37.365+0000] {dag.py:2941} INFO - Sync 1 DAGs
[2023-11-13T04:22:37.403+0000] {logging_mixin.py:154} INFO - [2023-11-13T04:22:37.403+0000] {dag.py:3722} INFO - Setting next_dagrun for vnstock_dag to 2023-10-30T00:00:00+00:00, run_after=2023-10-31T00:00:00+00:00
[2023-11-13T04:22:37.595+0000] {processor.py:179} INFO - Processing /opt/airflow/dags/dag1.py took 1.073 seconds
[2023-11-13T04:23:08.306+0000] {processor.py:157} INFO - Started process (PID=668) to work on /opt/airflow/dags/dag1.py
[2023-11-13T04:23:08.307+0000] {processor.py:829} INFO - Processing file /opt/airflow/dags/dag1.py for tasks to queue
[2023-11-13T04:23:08.310+0000] {logging_mixin.py:154} INFO - [2023-11-13T04:23:08.309+0000] {dagbag.py:536} INFO - Filling up the DagBag from /opt/airflow/dags/dag1.py
[2023-11-13T04:23:09.127+0000] {processor.py:839} INFO - DAG(s) dict_keys(['vnstock_dag']) retrieved from /opt/airflow/dags/dag1.py
[2023-11-13T04:23:09.177+0000] {logging_mixin.py:154} INFO - [2023-11-13T04:23:09.176+0000] {dag.py:2941} INFO - Sync 1 DAGs
[2023-11-13T04:23:09.220+0000] {logging_mixin.py:154} INFO - [2023-11-13T04:23:09.220+0000] {dag.py:3722} INFO - Setting next_dagrun for vnstock_dag to 2023-10-30T00:00:00+00:00, run_after=2023-10-31T00:00:00+00:00
[2023-11-13T04:23:09.405+0000] {processor.py:179} INFO - Processing /opt/airflow/dags/dag1.py took 1.103 seconds
[2023-11-13T04:23:40.065+0000] {processor.py:157} INFO - Started process (PID=677) to work on /opt/airflow/dags/dag1.py
[2023-11-13T04:23:40.067+0000] {processor.py:829} INFO - Processing file /opt/airflow/dags/dag1.py for tasks to queue
[2023-11-13T04:23:40.069+0000] {logging_mixin.py:154} INFO - [2023-11-13T04:23:40.069+0000] {dagbag.py:536} INFO - Filling up the DagBag from /opt/airflow/dags/dag1.py
[2023-11-13T04:23:40.903+0000] {processor.py:839} INFO - DAG(s) dict_keys(['vnstock_dag']) retrieved from /opt/airflow/dags/dag1.py
[2023-11-13T04:23:40.947+0000] {logging_mixin.py:154} INFO - [2023-11-13T04:23:40.946+0000] {dag.py:2941} INFO - Sync 1 DAGs
[2023-11-13T04:23:41.019+0000] {logging_mixin.py:154} INFO - [2023-11-13T04:23:41.018+0000] {dag.py:3722} INFO - Setting next_dagrun for vnstock_dag to 2023-10-30T00:00:00+00:00, run_after=2023-10-31T00:00:00+00:00
[2023-11-13T04:23:41.192+0000] {processor.py:179} INFO - Processing /opt/airflow/dags/dag1.py took 1.131 seconds
[2023-11-13T04:24:11.801+0000] {processor.py:157} INFO - Started process (PID=684) to work on /opt/airflow/dags/dag1.py
[2023-11-13T04:24:11.803+0000] {processor.py:829} INFO - Processing file /opt/airflow/dags/dag1.py for tasks to queue
[2023-11-13T04:24:11.805+0000] {logging_mixin.py:154} INFO - [2023-11-13T04:24:11.804+0000] {dagbag.py:536} INFO - Filling up the DagBag from /opt/airflow/dags/dag1.py
[2023-11-13T04:24:12.662+0000] {processor.py:839} INFO - DAG(s) dict_keys(['vnstock_dag']) retrieved from /opt/airflow/dags/dag1.py
[2023-11-13T04:24:12.726+0000] {logging_mixin.py:154} INFO - [2023-11-13T04:24:12.725+0000] {dag.py:2941} INFO - Sync 1 DAGs
[2023-11-13T04:24:12.769+0000] {logging_mixin.py:154} INFO - [2023-11-13T04:24:12.769+0000] {dag.py:3722} INFO - Setting next_dagrun for vnstock_dag to 2023-10-30T00:00:00+00:00, run_after=2023-10-31T00:00:00+00:00
[2023-11-13T04:24:12.967+0000] {processor.py:179} INFO - Processing /opt/airflow/dags/dag1.py took 1.170 seconds
[2023-11-13T04:24:43.645+0000] {processor.py:157} INFO - Started process (PID=691) to work on /opt/airflow/dags/dag1.py
[2023-11-13T04:24:43.646+0000] {processor.py:829} INFO - Processing file /opt/airflow/dags/dag1.py for tasks to queue
[2023-11-13T04:24:43.649+0000] {logging_mixin.py:154} INFO - [2023-11-13T04:24:43.648+0000] {dagbag.py:536} INFO - Filling up the DagBag from /opt/airflow/dags/dag1.py
[2023-11-13T04:24:44.472+0000] {processor.py:839} INFO - DAG(s) dict_keys(['vnstock_dag']) retrieved from /opt/airflow/dags/dag1.py
[2023-11-13T04:24:44.520+0000] {logging_mixin.py:154} INFO - [2023-11-13T04:24:44.519+0000] {dag.py:2941} INFO - Sync 1 DAGs
[2023-11-13T04:24:44.559+0000] {logging_mixin.py:154} INFO - [2023-11-13T04:24:44.559+0000] {dag.py:3722} INFO - Setting next_dagrun for vnstock_dag to 2023-10-30T00:00:00+00:00, run_after=2023-10-31T00:00:00+00:00
[2023-11-13T04:24:44.743+0000] {processor.py:179} INFO - Processing /opt/airflow/dags/dag1.py took 1.102 seconds
[2023-11-13T04:25:15.372+0000] {processor.py:157} INFO - Started process (PID=698) to work on /opt/airflow/dags/dag1.py
[2023-11-13T04:25:15.374+0000] {processor.py:829} INFO - Processing file /opt/airflow/dags/dag1.py for tasks to queue
[2023-11-13T04:25:15.376+0000] {logging_mixin.py:154} INFO - [2023-11-13T04:25:15.375+0000] {dagbag.py:536} INFO - Filling up the DagBag from /opt/airflow/dags/dag1.py
[2023-11-13T04:25:16.215+0000] {processor.py:839} INFO - DAG(s) dict_keys(['vnstock_dag']) retrieved from /opt/airflow/dags/dag1.py
[2023-11-13T04:25:16.260+0000] {logging_mixin.py:154} INFO - [2023-11-13T04:25:16.259+0000] {dag.py:2941} INFO - Sync 1 DAGs
[2023-11-13T04:25:16.315+0000] {logging_mixin.py:154} INFO - [2023-11-13T04:25:16.315+0000] {dag.py:3722} INFO - Setting next_dagrun for vnstock_dag to 2023-10-30T00:00:00+00:00, run_after=2023-10-31T00:00:00+00:00
[2023-11-13T04:25:16.505+0000] {processor.py:179} INFO - Processing /opt/airflow/dags/dag1.py took 1.137 seconds
[2023-11-13T04:25:47.123+0000] {processor.py:157} INFO - Started process (PID=705) to work on /opt/airflow/dags/dag1.py
[2023-11-13T04:25:47.126+0000] {processor.py:829} INFO - Processing file /opt/airflow/dags/dag1.py for tasks to queue
[2023-11-13T04:25:47.129+0000] {logging_mixin.py:154} INFO - [2023-11-13T04:25:47.128+0000] {dagbag.py:536} INFO - Filling up the DagBag from /opt/airflow/dags/dag1.py
[2023-11-13T04:25:47.981+0000] {processor.py:839} INFO - DAG(s) dict_keys(['vnstock_dag']) retrieved from /opt/airflow/dags/dag1.py
[2023-11-13T04:25:48.033+0000] {logging_mixin.py:154} INFO - [2023-11-13T04:25:48.032+0000] {dag.py:2941} INFO - Sync 1 DAGs
[2023-11-13T04:25:48.074+0000] {logging_mixin.py:154} INFO - [2023-11-13T04:25:48.074+0000] {dag.py:3722} INFO - Setting next_dagrun for vnstock_dag to 2023-10-30T00:00:00+00:00, run_after=2023-10-31T00:00:00+00:00
[2023-11-13T04:25:48.263+0000] {processor.py:179} INFO - Processing /opt/airflow/dags/dag1.py took 1.148 seconds
[2023-11-13T04:26:19.232+0000] {processor.py:157} INFO - Started process (PID=712) to work on /opt/airflow/dags/dag1.py
[2023-11-13T04:26:19.233+0000] {processor.py:829} INFO - Processing file /opt/airflow/dags/dag1.py for tasks to queue
[2023-11-13T04:26:19.235+0000] {logging_mixin.py:154} INFO - [2023-11-13T04:26:19.235+0000] {dagbag.py:536} INFO - Filling up the DagBag from /opt/airflow/dags/dag1.py
[2023-11-13T04:26:20.040+0000] {processor.py:839} INFO - DAG(s) dict_keys(['vnstock_dag']) retrieved from /opt/airflow/dags/dag1.py
[2023-11-13T04:26:20.091+0000] {logging_mixin.py:154} INFO - [2023-11-13T04:26:20.091+0000] {dag.py:2941} INFO - Sync 1 DAGs
[2023-11-13T04:26:20.134+0000] {logging_mixin.py:154} INFO - [2023-11-13T04:26:20.134+0000] {dag.py:3722} INFO - Setting next_dagrun for vnstock_dag to 2023-10-30T00:00:00+00:00, run_after=2023-10-31T00:00:00+00:00
[2023-11-13T04:26:20.319+0000] {processor.py:179} INFO - Processing /opt/airflow/dags/dag1.py took 1.091 seconds
[2023-11-13T04:26:50.753+0000] {processor.py:157} INFO - Started process (PID=719) to work on /opt/airflow/dags/dag1.py
[2023-11-13T04:26:50.755+0000] {processor.py:829} INFO - Processing file /opt/airflow/dags/dag1.py for tasks to queue
[2023-11-13T04:26:50.756+0000] {logging_mixin.py:154} INFO - [2023-11-13T04:26:50.756+0000] {dagbag.py:536} INFO - Filling up the DagBag from /opt/airflow/dags/dag1.py
[2023-11-13T04:26:51.582+0000] {processor.py:839} INFO - DAG(s) dict_keys(['vnstock_dag']) retrieved from /opt/airflow/dags/dag1.py
[2023-11-13T04:26:51.634+0000] {logging_mixin.py:154} INFO - [2023-11-13T04:26:51.634+0000] {dag.py:2941} INFO - Sync 1 DAGs
[2023-11-13T04:26:51.681+0000] {logging_mixin.py:154} INFO - [2023-11-13T04:26:51.681+0000] {dag.py:3722} INFO - Setting next_dagrun for vnstock_dag to 2023-10-30T00:00:00+00:00, run_after=2023-10-31T00:00:00+00:00
[2023-11-13T04:26:51.865+0000] {processor.py:179} INFO - Processing /opt/airflow/dags/dag1.py took 1.116 seconds
[2023-11-13T04:27:22.617+0000] {processor.py:157} INFO - Started process (PID=726) to work on /opt/airflow/dags/dag1.py
[2023-11-13T04:27:22.619+0000] {processor.py:829} INFO - Processing file /opt/airflow/dags/dag1.py for tasks to queue
[2023-11-13T04:27:22.622+0000] {logging_mixin.py:154} INFO - [2023-11-13T04:27:22.621+0000] {dagbag.py:536} INFO - Filling up the DagBag from /opt/airflow/dags/dag1.py
[2023-11-13T04:27:23.480+0000] {processor.py:839} INFO - DAG(s) dict_keys(['vnstock_dag']) retrieved from /opt/airflow/dags/dag1.py
[2023-11-13T04:27:23.529+0000] {logging_mixin.py:154} INFO - [2023-11-13T04:27:23.528+0000] {dag.py:2941} INFO - Sync 1 DAGs
[2023-11-13T04:27:23.569+0000] {logging_mixin.py:154} INFO - [2023-11-13T04:27:23.569+0000] {dag.py:3722} INFO - Setting next_dagrun for vnstock_dag to 2023-10-30T00:00:00+00:00, run_after=2023-10-31T00:00:00+00:00
[2023-11-13T04:27:23.732+0000] {processor.py:179} INFO - Processing /opt/airflow/dags/dag1.py took 1.123 seconds
[2023-11-13T04:27:54.091+0000] {processor.py:157} INFO - Started process (PID=733) to work on /opt/airflow/dags/dag1.py
[2023-11-13T04:27:54.093+0000] {processor.py:829} INFO - Processing file /opt/airflow/dags/dag1.py for tasks to queue
[2023-11-13T04:27:54.095+0000] {logging_mixin.py:154} INFO - [2023-11-13T04:27:54.095+0000] {dagbag.py:536} INFO - Filling up the DagBag from /opt/airflow/dags/dag1.py
[2023-11-13T04:27:55.122+0000] {processor.py:839} INFO - DAG(s) dict_keys(['vnstock_dag']) retrieved from /opt/airflow/dags/dag1.py
[2023-11-13T04:27:55.179+0000] {logging_mixin.py:154} INFO - [2023-11-13T04:27:55.178+0000] {dag.py:2941} INFO - Sync 1 DAGs
[2023-11-13T04:27:55.231+0000] {logging_mixin.py:154} INFO - [2023-11-13T04:27:55.231+0000] {dag.py:3722} INFO - Setting next_dagrun for vnstock_dag to 2023-10-30T00:00:00+00:00, run_after=2023-10-31T00:00:00+00:00
[2023-11-13T04:27:55.422+0000] {processor.py:179} INFO - Processing /opt/airflow/dags/dag1.py took 1.335 seconds
[2023-11-13T04:28:26.271+0000] {processor.py:157} INFO - Started process (PID=740) to work on /opt/airflow/dags/dag1.py
[2023-11-13T04:28:26.273+0000] {processor.py:829} INFO - Processing file /opt/airflow/dags/dag1.py for tasks to queue
[2023-11-13T04:28:26.275+0000] {logging_mixin.py:154} INFO - [2023-11-13T04:28:26.275+0000] {dagbag.py:536} INFO - Filling up the DagBag from /opt/airflow/dags/dag1.py
[2023-11-13T04:28:27.131+0000] {processor.py:839} INFO - DAG(s) dict_keys(['vnstock_dag']) retrieved from /opt/airflow/dags/dag1.py
[2023-11-13T04:28:27.182+0000] {logging_mixin.py:154} INFO - [2023-11-13T04:28:27.181+0000] {dag.py:2941} INFO - Sync 1 DAGs
[2023-11-13T04:28:27.227+0000] {logging_mixin.py:154} INFO - [2023-11-13T04:28:27.227+0000] {dag.py:3722} INFO - Setting next_dagrun for vnstock_dag to 2023-10-30T00:00:00+00:00, run_after=2023-10-31T00:00:00+00:00
[2023-11-13T04:28:27.441+0000] {processor.py:179} INFO - Processing /opt/airflow/dags/dag1.py took 1.174 seconds
[2023-11-13T04:28:58.502+0000] {processor.py:157} INFO - Started process (PID=747) to work on /opt/airflow/dags/dag1.py
[2023-11-13T04:28:58.504+0000] {processor.py:829} INFO - Processing file /opt/airflow/dags/dag1.py for tasks to queue
[2023-11-13T04:28:58.506+0000] {logging_mixin.py:154} INFO - [2023-11-13T04:28:58.505+0000] {dagbag.py:536} INFO - Filling up the DagBag from /opt/airflow/dags/dag1.py
[2023-11-13T04:28:59.341+0000] {processor.py:839} INFO - DAG(s) dict_keys(['vnstock_dag']) retrieved from /opt/airflow/dags/dag1.py
[2023-11-13T04:28:59.396+0000] {logging_mixin.py:154} INFO - [2023-11-13T04:28:59.396+0000] {dag.py:2941} INFO - Sync 1 DAGs
[2023-11-13T04:28:59.440+0000] {logging_mixin.py:154} INFO - [2023-11-13T04:28:59.439+0000] {dag.py:3722} INFO - Setting next_dagrun for vnstock_dag to 2023-10-30T00:00:00+00:00, run_after=2023-10-31T00:00:00+00:00
[2023-11-13T04:28:59.656+0000] {processor.py:179} INFO - Processing /opt/airflow/dags/dag1.py took 1.159 seconds
[2023-11-13T04:29:29.989+0000] {processor.py:157} INFO - Started process (PID=754) to work on /opt/airflow/dags/dag1.py
[2023-11-13T04:29:29.991+0000] {processor.py:829} INFO - Processing file /opt/airflow/dags/dag1.py for tasks to queue
[2023-11-13T04:29:29.993+0000] {logging_mixin.py:154} INFO - [2023-11-13T04:29:29.993+0000] {dagbag.py:536} INFO - Filling up the DagBag from /opt/airflow/dags/dag1.py
[2023-11-13T04:29:30.856+0000] {processor.py:839} INFO - DAG(s) dict_keys(['vnstock_dag']) retrieved from /opt/airflow/dags/dag1.py
[2023-11-13T04:29:30.909+0000] {logging_mixin.py:154} INFO - [2023-11-13T04:29:30.908+0000] {dag.py:2941} INFO - Sync 1 DAGs
[2023-11-13T04:29:30.956+0000] {logging_mixin.py:154} INFO - [2023-11-13T04:29:30.955+0000] {dag.py:3722} INFO - Setting next_dagrun for vnstock_dag to 2023-10-30T00:00:00+00:00, run_after=2023-10-31T00:00:00+00:00
[2023-11-13T04:29:31.236+0000] {processor.py:179} INFO - Processing /opt/airflow/dags/dag1.py took 1.251 seconds
[2023-11-13T04:30:01.618+0000] {processor.py:157} INFO - Started process (PID=761) to work on /opt/airflow/dags/dag1.py
[2023-11-13T04:30:01.619+0000] {processor.py:829} INFO - Processing file /opt/airflow/dags/dag1.py for tasks to queue
[2023-11-13T04:30:01.622+0000] {logging_mixin.py:154} INFO - [2023-11-13T04:30:01.621+0000] {dagbag.py:536} INFO - Filling up the DagBag from /opt/airflow/dags/dag1.py
[2023-11-13T04:30:02.411+0000] {processor.py:839} INFO - DAG(s) dict_keys(['vnstock_dag']) retrieved from /opt/airflow/dags/dag1.py
[2023-11-13T04:30:02.463+0000] {logging_mixin.py:154} INFO - [2023-11-13T04:30:02.462+0000] {dag.py:2941} INFO - Sync 1 DAGs
[2023-11-13T04:30:02.501+0000] {logging_mixin.py:154} INFO - [2023-11-13T04:30:02.501+0000] {dag.py:3722} INFO - Setting next_dagrun for vnstock_dag to 2023-10-30T00:00:00+00:00, run_after=2023-10-31T00:00:00+00:00
[2023-11-13T04:30:02.709+0000] {processor.py:179} INFO - Processing /opt/airflow/dags/dag1.py took 1.097 seconds
[2023-11-13T04:30:33.725+0000] {processor.py:157} INFO - Started process (PID=768) to work on /opt/airflow/dags/dag1.py
[2023-11-13T04:30:33.727+0000] {processor.py:829} INFO - Processing file /opt/airflow/dags/dag1.py for tasks to queue
[2023-11-13T04:30:33.729+0000] {logging_mixin.py:154} INFO - [2023-11-13T04:30:33.729+0000] {dagbag.py:536} INFO - Filling up the DagBag from /opt/airflow/dags/dag1.py
[2023-11-13T04:30:34.501+0000] {processor.py:839} INFO - DAG(s) dict_keys(['vnstock_dag']) retrieved from /opt/airflow/dags/dag1.py
[2023-11-13T04:30:34.552+0000] {logging_mixin.py:154} INFO - [2023-11-13T04:30:34.552+0000] {dag.py:2941} INFO - Sync 1 DAGs
[2023-11-13T04:30:34.595+0000] {logging_mixin.py:154} INFO - [2023-11-13T04:30:34.595+0000] {dag.py:3722} INFO - Setting next_dagrun for vnstock_dag to 2023-10-30T00:00:00+00:00, run_after=2023-10-31T00:00:00+00:00
[2023-11-13T04:30:34.784+0000] {processor.py:179} INFO - Processing /opt/airflow/dags/dag1.py took 1.063 seconds
[2023-11-13T04:31:05.342+0000] {processor.py:157} INFO - Started process (PID=775) to work on /opt/airflow/dags/dag1.py
[2023-11-13T04:31:05.344+0000] {processor.py:829} INFO - Processing file /opt/airflow/dags/dag1.py for tasks to queue
[2023-11-13T04:31:05.346+0000] {logging_mixin.py:154} INFO - [2023-11-13T04:31:05.345+0000] {dagbag.py:536} INFO - Filling up the DagBag from /opt/airflow/dags/dag1.py
[2023-11-13T04:31:06.163+0000] {processor.py:839} INFO - DAG(s) dict_keys(['vnstock_dag']) retrieved from /opt/airflow/dags/dag1.py
[2023-11-13T04:31:06.210+0000] {logging_mixin.py:154} INFO - [2023-11-13T04:31:06.209+0000] {dag.py:2941} INFO - Sync 1 DAGs
[2023-11-13T04:31:06.259+0000] {logging_mixin.py:154} INFO - [2023-11-13T04:31:06.259+0000] {dag.py:3722} INFO - Setting next_dagrun for vnstock_dag to 2023-10-30T00:00:00+00:00, run_after=2023-10-31T00:00:00+00:00
[2023-11-13T04:31:07.199+0000] {processor.py:179} INFO - Processing /opt/airflow/dags/dag1.py took 1.862 seconds
[2023-11-13T04:31:37.563+0000] {processor.py:157} INFO - Started process (PID=782) to work on /opt/airflow/dags/dag1.py
[2023-11-13T04:31:37.564+0000] {processor.py:829} INFO - Processing file /opt/airflow/dags/dag1.py for tasks to queue
[2023-11-13T04:31:37.567+0000] {logging_mixin.py:154} INFO - [2023-11-13T04:31:37.566+0000] {dagbag.py:536} INFO - Filling up the DagBag from /opt/airflow/dags/dag1.py
[2023-11-13T04:31:38.432+0000] {processor.py:839} INFO - DAG(s) dict_keys(['vnstock_dag']) retrieved from /opt/airflow/dags/dag1.py
[2023-11-13T04:31:38.480+0000] {logging_mixin.py:154} INFO - [2023-11-13T04:31:38.479+0000] {dag.py:2941} INFO - Sync 1 DAGs
[2023-11-13T04:31:38.528+0000] {logging_mixin.py:154} INFO - [2023-11-13T04:31:38.528+0000] {dag.py:3722} INFO - Setting next_dagrun for vnstock_dag to 2023-10-30T00:00:00+00:00, run_after=2023-10-31T00:00:00+00:00
[2023-11-13T04:31:38.704+0000] {processor.py:179} INFO - Processing /opt/airflow/dags/dag1.py took 1.146 seconds
[2023-11-13T04:32:09.593+0000] {processor.py:157} INFO - Started process (PID=789) to work on /opt/airflow/dags/dag1.py
[2023-11-13T04:32:09.595+0000] {processor.py:829} INFO - Processing file /opt/airflow/dags/dag1.py for tasks to queue
[2023-11-13T04:32:09.598+0000] {logging_mixin.py:154} INFO - [2023-11-13T04:32:09.597+0000] {dagbag.py:536} INFO - Filling up the DagBag from /opt/airflow/dags/dag1.py
[2023-11-13T04:32:10.417+0000] {processor.py:839} INFO - DAG(s) dict_keys(['vnstock_dag']) retrieved from /opt/airflow/dags/dag1.py
[2023-11-13T04:32:10.468+0000] {logging_mixin.py:154} INFO - [2023-11-13T04:32:10.467+0000] {dag.py:2941} INFO - Sync 1 DAGs
[2023-11-13T04:32:10.512+0000] {logging_mixin.py:154} INFO - [2023-11-13T04:32:10.512+0000] {dag.py:3722} INFO - Setting next_dagrun for vnstock_dag to 2023-10-30T00:00:00+00:00, run_after=2023-10-31T00:00:00+00:00
[2023-11-13T04:32:10.721+0000] {processor.py:179} INFO - Processing /opt/airflow/dags/dag1.py took 1.132 seconds
[2023-11-13T04:32:41.423+0000] {processor.py:157} INFO - Started process (PID=796) to work on /opt/airflow/dags/dag1.py
[2023-11-13T04:32:41.425+0000] {processor.py:829} INFO - Processing file /opt/airflow/dags/dag1.py for tasks to queue
[2023-11-13T04:32:41.427+0000] {logging_mixin.py:154} INFO - [2023-11-13T04:32:41.427+0000] {dagbag.py:536} INFO - Filling up the DagBag from /opt/airflow/dags/dag1.py
[2023-11-13T04:32:42.236+0000] {processor.py:839} INFO - DAG(s) dict_keys(['vnstock_dag']) retrieved from /opt/airflow/dags/dag1.py
[2023-11-13T04:32:42.283+0000] {logging_mixin.py:154} INFO - [2023-11-13T04:32:42.283+0000] {dag.py:2941} INFO - Sync 1 DAGs
[2023-11-13T04:32:42.323+0000] {logging_mixin.py:154} INFO - [2023-11-13T04:32:42.323+0000] {dag.py:3722} INFO - Setting next_dagrun for vnstock_dag to 2023-10-30T00:00:00+00:00, run_after=2023-10-31T00:00:00+00:00
[2023-11-13T04:32:42.522+0000] {processor.py:179} INFO - Processing /opt/airflow/dags/dag1.py took 1.103 seconds
[2023-11-13T04:33:13.411+0000] {processor.py:157} INFO - Started process (PID=803) to work on /opt/airflow/dags/dag1.py
[2023-11-13T04:33:13.413+0000] {processor.py:829} INFO - Processing file /opt/airflow/dags/dag1.py for tasks to queue
[2023-11-13T04:33:13.414+0000] {logging_mixin.py:154} INFO - [2023-11-13T04:33:13.414+0000] {dagbag.py:536} INFO - Filling up the DagBag from /opt/airflow/dags/dag1.py
[2023-11-13T04:33:14.211+0000] {processor.py:839} INFO - DAG(s) dict_keys(['vnstock_dag']) retrieved from /opt/airflow/dags/dag1.py
[2023-11-13T04:33:14.256+0000] {logging_mixin.py:154} INFO - [2023-11-13T04:33:14.255+0000] {dag.py:2941} INFO - Sync 1 DAGs
[2023-11-13T04:33:14.294+0000] {logging_mixin.py:154} INFO - [2023-11-13T04:33:14.294+0000] {dag.py:3722} INFO - Setting next_dagrun for vnstock_dag to 2023-10-30T00:00:00+00:00, run_after=2023-10-31T00:00:00+00:00
[2023-11-13T04:33:14.481+0000] {processor.py:179} INFO - Processing /opt/airflow/dags/dag1.py took 1.074 seconds
[2023-11-13T04:33:45.204+0000] {processor.py:157} INFO - Started process (PID=810) to work on /opt/airflow/dags/dag1.py
[2023-11-13T04:33:45.206+0000] {processor.py:829} INFO - Processing file /opt/airflow/dags/dag1.py for tasks to queue
[2023-11-13T04:33:45.208+0000] {logging_mixin.py:154} INFO - [2023-11-13T04:33:45.208+0000] {dagbag.py:536} INFO - Filling up the DagBag from /opt/airflow/dags/dag1.py
[2023-11-13T04:33:45.996+0000] {processor.py:839} INFO - DAG(s) dict_keys(['vnstock_dag']) retrieved from /opt/airflow/dags/dag1.py
[2023-11-13T04:33:46.045+0000] {logging_mixin.py:154} INFO - [2023-11-13T04:33:46.044+0000] {dag.py:2941} INFO - Sync 1 DAGs
[2023-11-13T04:33:46.086+0000] {logging_mixin.py:154} INFO - [2023-11-13T04:33:46.086+0000] {dag.py:3722} INFO - Setting next_dagrun for vnstock_dag to 2023-10-30T00:00:00+00:00, run_after=2023-10-31T00:00:00+00:00
[2023-11-13T04:33:46.282+0000] {processor.py:179} INFO - Processing /opt/airflow/dags/dag1.py took 1.082 seconds
[2023-11-13T04:34:17.243+0000] {processor.py:157} INFO - Started process (PID=817) to work on /opt/airflow/dags/dag1.py
[2023-11-13T04:34:17.245+0000] {processor.py:829} INFO - Processing file /opt/airflow/dags/dag1.py for tasks to queue
[2023-11-13T04:34:17.247+0000] {logging_mixin.py:154} INFO - [2023-11-13T04:34:17.247+0000] {dagbag.py:536} INFO - Filling up the DagBag from /opt/airflow/dags/dag1.py
[2023-11-13T04:34:18.048+0000] {processor.py:839} INFO - DAG(s) dict_keys(['vnstock_dag']) retrieved from /opt/airflow/dags/dag1.py
[2023-11-13T04:34:18.101+0000] {logging_mixin.py:154} INFO - [2023-11-13T04:34:18.101+0000] {dag.py:2941} INFO - Sync 1 DAGs
[2023-11-13T04:34:18.140+0000] {logging_mixin.py:154} INFO - [2023-11-13T04:34:18.140+0000] {dag.py:3722} INFO - Setting next_dagrun for vnstock_dag to 2023-10-30T00:00:00+00:00, run_after=2023-10-31T00:00:00+00:00
[2023-11-13T04:34:18.326+0000] {processor.py:179} INFO - Processing /opt/airflow/dags/dag1.py took 1.087 seconds
[2023-11-13T04:34:49.468+0000] {processor.py:157} INFO - Started process (PID=824) to work on /opt/airflow/dags/dag1.py
[2023-11-13T04:34:49.470+0000] {processor.py:829} INFO - Processing file /opt/airflow/dags/dag1.py for tasks to queue
[2023-11-13T04:34:49.472+0000] {logging_mixin.py:154} INFO - [2023-11-13T04:34:49.472+0000] {dagbag.py:536} INFO - Filling up the DagBag from /opt/airflow/dags/dag1.py
[2023-11-13T04:34:50.328+0000] {processor.py:839} INFO - DAG(s) dict_keys(['vnstock_dag']) retrieved from /opt/airflow/dags/dag1.py
[2023-11-13T04:34:50.382+0000] {logging_mixin.py:154} INFO - [2023-11-13T04:34:50.382+0000] {dag.py:2941} INFO - Sync 1 DAGs
[2023-11-13T04:34:50.425+0000] {logging_mixin.py:154} INFO - [2023-11-13T04:34:50.425+0000] {dag.py:3722} INFO - Setting next_dagrun for vnstock_dag to 2023-10-30T00:00:00+00:00, run_after=2023-10-31T00:00:00+00:00
[2023-11-13T04:34:50.615+0000] {processor.py:179} INFO - Processing /opt/airflow/dags/dag1.py took 1.151 seconds
[2023-11-13T04:35:22.191+0000] {processor.py:157} INFO - Started process (PID=831) to work on /opt/airflow/dags/dag1.py
[2023-11-13T04:35:22.193+0000] {processor.py:829} INFO - Processing file /opt/airflow/dags/dag1.py for tasks to queue
[2023-11-13T04:35:22.195+0000] {logging_mixin.py:154} INFO - [2023-11-13T04:35:22.195+0000] {dagbag.py:536} INFO - Filling up the DagBag from /opt/airflow/dags/dag1.py
[2023-11-13T04:35:22.998+0000] {processor.py:839} INFO - DAG(s) dict_keys(['vnstock_dag']) retrieved from /opt/airflow/dags/dag1.py
[2023-11-13T04:35:23.050+0000] {logging_mixin.py:154} INFO - [2023-11-13T04:35:23.049+0000] {dag.py:2941} INFO - Sync 1 DAGs
[2023-11-13T04:35:23.088+0000] {logging_mixin.py:154} INFO - [2023-11-13T04:35:23.088+0000] {dag.py:3722} INFO - Setting next_dagrun for vnstock_dag to 2023-10-30T00:00:00+00:00, run_after=2023-10-31T00:00:00+00:00
[2023-11-13T04:35:23.285+0000] {processor.py:179} INFO - Processing /opt/airflow/dags/dag1.py took 1.098 seconds
[2023-11-13T04:35:53.989+0000] {processor.py:157} INFO - Started process (PID=838) to work on /opt/airflow/dags/dag1.py
[2023-11-13T04:35:53.992+0000] {processor.py:829} INFO - Processing file /opt/airflow/dags/dag1.py for tasks to queue
[2023-11-13T04:35:53.993+0000] {logging_mixin.py:154} INFO - [2023-11-13T04:35:53.993+0000] {dagbag.py:536} INFO - Filling up the DagBag from /opt/airflow/dags/dag1.py
[2023-11-13T04:35:54.745+0000] {processor.py:839} INFO - DAG(s) dict_keys(['vnstock_dag']) retrieved from /opt/airflow/dags/dag1.py
[2023-11-13T04:35:54.794+0000] {logging_mixin.py:154} INFO - [2023-11-13T04:35:54.794+0000] {dag.py:2941} INFO - Sync 1 DAGs
[2023-11-13T04:35:54.832+0000] {logging_mixin.py:154} INFO - [2023-11-13T04:35:54.832+0000] {dag.py:3722} INFO - Setting next_dagrun for vnstock_dag to 2023-10-30T00:00:00+00:00, run_after=2023-10-31T00:00:00+00:00
[2023-11-13T04:35:55.034+0000] {processor.py:179} INFO - Processing /opt/airflow/dags/dag1.py took 1.050 seconds
[2023-11-13T04:36:25.212+0000] {processor.py:157} INFO - Started process (PID=845) to work on /opt/airflow/dags/dag1.py
[2023-11-13T04:36:25.214+0000] {processor.py:829} INFO - Processing file /opt/airflow/dags/dag1.py for tasks to queue
[2023-11-13T04:36:25.216+0000] {logging_mixin.py:154} INFO - [2023-11-13T04:36:25.216+0000] {dagbag.py:536} INFO - Filling up the DagBag from /opt/airflow/dags/dag1.py
[2023-11-13T04:36:26.113+0000] {processor.py:839} INFO - DAG(s) dict_keys(['vnstock_dag']) retrieved from /opt/airflow/dags/dag1.py
[2023-11-13T04:36:26.161+0000] {logging_mixin.py:154} INFO - [2023-11-13T04:36:26.160+0000] {dag.py:2941} INFO - Sync 1 DAGs
[2023-11-13T04:36:26.198+0000] {logging_mixin.py:154} INFO - [2023-11-13T04:36:26.198+0000] {dag.py:3722} INFO - Setting next_dagrun for vnstock_dag to 2023-10-30T00:00:00+00:00, run_after=2023-10-31T00:00:00+00:00
[2023-11-13T04:36:26.376+0000] {processor.py:179} INFO - Processing /opt/airflow/dags/dag1.py took 1.168 seconds
[2023-11-13T04:36:56.825+0000] {processor.py:157} INFO - Started process (PID=852) to work on /opt/airflow/dags/dag1.py
[2023-11-13T04:36:56.827+0000] {processor.py:829} INFO - Processing file /opt/airflow/dags/dag1.py for tasks to queue
[2023-11-13T04:36:56.829+0000] {logging_mixin.py:154} INFO - [2023-11-13T04:36:56.828+0000] {dagbag.py:536} INFO - Filling up the DagBag from /opt/airflow/dags/dag1.py
[2023-11-13T04:36:57.624+0000] {processor.py:839} INFO - DAG(s) dict_keys(['vnstock_dag']) retrieved from /opt/airflow/dags/dag1.py
[2023-11-13T04:36:57.675+0000] {logging_mixin.py:154} INFO - [2023-11-13T04:36:57.674+0000] {dag.py:2941} INFO - Sync 1 DAGs
[2023-11-13T04:36:57.717+0000] {logging_mixin.py:154} INFO - [2023-11-13T04:36:57.716+0000] {dag.py:3722} INFO - Setting next_dagrun for vnstock_dag to 2023-10-30T00:00:00+00:00, run_after=2023-10-31T00:00:00+00:00
[2023-11-13T04:36:57.915+0000] {processor.py:179} INFO - Processing /opt/airflow/dags/dag1.py took 1.098 seconds
[2023-11-13T04:37:29.160+0000] {processor.py:157} INFO - Started process (PID=862) to work on /opt/airflow/dags/dag1.py
[2023-11-13T04:37:29.162+0000] {processor.py:829} INFO - Processing file /opt/airflow/dags/dag1.py for tasks to queue
[2023-11-13T04:37:29.163+0000] {logging_mixin.py:154} INFO - [2023-11-13T04:37:29.163+0000] {dagbag.py:536} INFO - Filling up the DagBag from /opt/airflow/dags/dag1.py
[2023-11-13T04:37:30.049+0000] {processor.py:839} INFO - DAG(s) dict_keys(['vnstock_dag']) retrieved from /opt/airflow/dags/dag1.py
[2023-11-13T04:37:30.106+0000] {logging_mixin.py:154} INFO - [2023-11-13T04:37:30.105+0000] {dag.py:2941} INFO - Sync 1 DAGs
[2023-11-13T04:37:30.149+0000] {logging_mixin.py:154} INFO - [2023-11-13T04:37:30.148+0000] {dag.py:3722} INFO - Setting next_dagrun for vnstock_dag to 2023-10-30T00:00:00+00:00, run_after=2023-10-31T00:00:00+00:00
[2023-11-13T04:37:30.315+0000] {processor.py:179} INFO - Processing /opt/airflow/dags/dag1.py took 1.158 seconds
[2023-11-13T04:38:00.446+0000] {processor.py:157} INFO - Started process (PID=873) to work on /opt/airflow/dags/dag1.py
[2023-11-13T04:38:00.448+0000] {processor.py:829} INFO - Processing file /opt/airflow/dags/dag1.py for tasks to queue
[2023-11-13T04:38:00.450+0000] {logging_mixin.py:154} INFO - [2023-11-13T04:38:00.450+0000] {dagbag.py:536} INFO - Filling up the DagBag from /opt/airflow/dags/dag1.py
[2023-11-13T04:38:01.104+0000] {processor.py:839} INFO - DAG(s) dict_keys(['vnstock_dag']) retrieved from /opt/airflow/dags/dag1.py
[2023-11-13T04:38:01.154+0000] {logging_mixin.py:154} INFO - [2023-11-13T04:38:01.154+0000] {dag.py:2941} INFO - Sync 1 DAGs
[2023-11-13T04:38:01.199+0000] {logging_mixin.py:154} INFO - [2023-11-13T04:38:01.199+0000] {dag.py:3722} INFO - Setting next_dagrun for vnstock_dag to 2023-10-30T00:00:00+00:00, run_after=2023-10-31T00:00:00+00:00
[2023-11-13T04:38:01.453+0000] {processor.py:179} INFO - Processing /opt/airflow/dags/dag1.py took 1.011 seconds
[2023-11-13T04:38:32.800+0000] {processor.py:157} INFO - Started process (PID=880) to work on /opt/airflow/dags/dag1.py
[2023-11-13T04:38:32.802+0000] {processor.py:829} INFO - Processing file /opt/airflow/dags/dag1.py for tasks to queue
[2023-11-13T04:38:32.804+0000] {logging_mixin.py:154} INFO - [2023-11-13T04:38:32.803+0000] {dagbag.py:536} INFO - Filling up the DagBag from /opt/airflow/dags/dag1.py
[2023-11-13T04:38:33.452+0000] {processor.py:839} INFO - DAG(s) dict_keys(['vnstock_dag']) retrieved from /opt/airflow/dags/dag1.py
[2023-11-13T04:38:33.509+0000] {logging_mixin.py:154} INFO - [2023-11-13T04:38:33.509+0000] {dag.py:2941} INFO - Sync 1 DAGs
[2023-11-13T04:38:33.559+0000] {logging_mixin.py:154} INFO - [2023-11-13T04:38:33.559+0000] {dag.py:3722} INFO - Setting next_dagrun for vnstock_dag to 2023-10-30T00:00:00+00:00, run_after=2023-10-31T00:00:00+00:00
[2023-11-13T04:38:33.764+0000] {processor.py:179} INFO - Processing /opt/airflow/dags/dag1.py took 0.968 seconds
[2023-11-13T04:39:04.765+0000] {processor.py:157} INFO - Started process (PID=887) to work on /opt/airflow/dags/dag1.py
[2023-11-13T04:39:04.767+0000] {processor.py:829} INFO - Processing file /opt/airflow/dags/dag1.py for tasks to queue
[2023-11-13T04:39:04.769+0000] {logging_mixin.py:154} INFO - [2023-11-13T04:39:04.768+0000] {dagbag.py:536} INFO - Filling up the DagBag from /opt/airflow/dags/dag1.py
[2023-11-13T04:39:05.434+0000] {processor.py:839} INFO - DAG(s) dict_keys(['vnstock_dag']) retrieved from /opt/airflow/dags/dag1.py
[2023-11-13T04:39:05.489+0000] {logging_mixin.py:154} INFO - [2023-11-13T04:39:05.488+0000] {dag.py:2941} INFO - Sync 1 DAGs
[2023-11-13T04:39:05.529+0000] {logging_mixin.py:154} INFO - [2023-11-13T04:39:05.529+0000] {dag.py:3722} INFO - Setting next_dagrun for vnstock_dag to 2023-10-30T00:00:00+00:00, run_after=2023-10-31T00:00:00+00:00
[2023-11-13T04:39:05.739+0000] {processor.py:179} INFO - Processing /opt/airflow/dags/dag1.py took 0.979 seconds
[2023-11-13T04:39:36.542+0000] {processor.py:157} INFO - Started process (PID=894) to work on /opt/airflow/dags/dag1.py
[2023-11-13T04:39:36.544+0000] {processor.py:829} INFO - Processing file /opt/airflow/dags/dag1.py for tasks to queue
[2023-11-13T04:39:36.546+0000] {logging_mixin.py:154} INFO - [2023-11-13T04:39:36.545+0000] {dagbag.py:536} INFO - Filling up the DagBag from /opt/airflow/dags/dag1.py
[2023-11-13T04:39:37.260+0000] {processor.py:839} INFO - DAG(s) dict_keys(['vnstock_dag']) retrieved from /opt/airflow/dags/dag1.py
[2023-11-13T04:39:37.311+0000] {logging_mixin.py:154} INFO - [2023-11-13T04:39:37.310+0000] {dag.py:2941} INFO - Sync 1 DAGs
[2023-11-13T04:39:37.352+0000] {logging_mixin.py:154} INFO - [2023-11-13T04:39:37.352+0000] {dag.py:3722} INFO - Setting next_dagrun for vnstock_dag to 2023-10-30T00:00:00+00:00, run_after=2023-10-31T00:00:00+00:00
[2023-11-13T04:39:37.542+0000] {processor.py:179} INFO - Processing /opt/airflow/dags/dag1.py took 1.004 seconds
[2023-11-13T04:40:07.917+0000] {processor.py:157} INFO - Started process (PID=901) to work on /opt/airflow/dags/dag1.py
[2023-11-13T04:40:07.920+0000] {processor.py:829} INFO - Processing file /opt/airflow/dags/dag1.py for tasks to queue
[2023-11-13T04:40:07.922+0000] {logging_mixin.py:154} INFO - [2023-11-13T04:40:07.921+0000] {dagbag.py:536} INFO - Filling up the DagBag from /opt/airflow/dags/dag1.py
[2023-11-13T04:40:08.583+0000] {processor.py:839} INFO - DAG(s) dict_keys(['vnstock_dag']) retrieved from /opt/airflow/dags/dag1.py
[2023-11-13T04:40:08.646+0000] {logging_mixin.py:154} INFO - [2023-11-13T04:40:08.645+0000] {dag.py:2941} INFO - Sync 1 DAGs
[2023-11-13T04:40:08.694+0000] {logging_mixin.py:154} INFO - [2023-11-13T04:40:08.693+0000] {dag.py:3722} INFO - Setting next_dagrun for vnstock_dag to 2023-10-30T00:00:00+00:00, run_after=2023-10-31T00:00:00+00:00
[2023-11-13T04:40:08.956+0000] {processor.py:179} INFO - Processing /opt/airflow/dags/dag1.py took 1.050 seconds
[2023-11-13T04:40:39.416+0000] {processor.py:157} INFO - Started process (PID=908) to work on /opt/airflow/dags/dag1.py
[2023-11-13T04:40:39.418+0000] {processor.py:829} INFO - Processing file /opt/airflow/dags/dag1.py for tasks to queue
[2023-11-13T04:40:39.420+0000] {logging_mixin.py:154} INFO - [2023-11-13T04:40:39.420+0000] {dagbag.py:536} INFO - Filling up the DagBag from /opt/airflow/dags/dag1.py
[2023-11-13T04:40:40.075+0000] {processor.py:839} INFO - DAG(s) dict_keys(['vnstock_dag']) retrieved from /opt/airflow/dags/dag1.py
[2023-11-13T04:40:40.125+0000] {logging_mixin.py:154} INFO - [2023-11-13T04:40:40.125+0000] {dag.py:2941} INFO - Sync 1 DAGs
[2023-11-13T04:40:40.166+0000] {logging_mixin.py:154} INFO - [2023-11-13T04:40:40.166+0000] {dag.py:3722} INFO - Setting next_dagrun for vnstock_dag to 2023-10-30T00:00:00+00:00, run_after=2023-10-31T00:00:00+00:00
[2023-11-13T04:40:40.351+0000] {processor.py:179} INFO - Processing /opt/airflow/dags/dag1.py took 0.940 seconds
[2023-11-13T04:41:11.243+0000] {processor.py:157} INFO - Started process (PID=917) to work on /opt/airflow/dags/dag1.py
[2023-11-13T04:41:11.245+0000] {processor.py:829} INFO - Processing file /opt/airflow/dags/dag1.py for tasks to queue
[2023-11-13T04:41:11.247+0000] {logging_mixin.py:154} INFO - [2023-11-13T04:41:11.246+0000] {dagbag.py:536} INFO - Filling up the DagBag from /opt/airflow/dags/dag1.py
[2023-11-13T04:41:11.904+0000] {processor.py:839} INFO - DAG(s) dict_keys(['vnstock_dag']) retrieved from /opt/airflow/dags/dag1.py
[2023-11-13T04:41:11.958+0000] {logging_mixin.py:154} INFO - [2023-11-13T04:41:11.958+0000] {dag.py:2941} INFO - Sync 1 DAGs
[2023-11-13T04:41:12.001+0000] {logging_mixin.py:154} INFO - [2023-11-13T04:41:12.001+0000] {dag.py:3722} INFO - Setting next_dagrun for vnstock_dag to 2023-10-30T00:00:00+00:00, run_after=2023-10-31T00:00:00+00:00
[2023-11-13T04:41:12.186+0000] {processor.py:179} INFO - Processing /opt/airflow/dags/dag1.py took 0.948 seconds
[2023-11-13T04:41:42.632+0000] {processor.py:157} INFO - Started process (PID=924) to work on /opt/airflow/dags/dag1.py
[2023-11-13T04:41:42.635+0000] {processor.py:829} INFO - Processing file /opt/airflow/dags/dag1.py for tasks to queue
[2023-11-13T04:41:42.637+0000] {logging_mixin.py:154} INFO - [2023-11-13T04:41:42.636+0000] {dagbag.py:536} INFO - Filling up the DagBag from /opt/airflow/dags/dag1.py
[2023-11-13T04:41:43.257+0000] {processor.py:839} INFO - DAG(s) dict_keys(['vnstock_dag']) retrieved from /opt/airflow/dags/dag1.py
[2023-11-13T04:41:43.310+0000] {logging_mixin.py:154} INFO - [2023-11-13T04:41:43.309+0000] {dag.py:2941} INFO - Sync 1 DAGs
[2023-11-13T04:41:43.352+0000] {logging_mixin.py:154} INFO - [2023-11-13T04:41:43.352+0000] {dag.py:3722} INFO - Setting next_dagrun for vnstock_dag to 2023-10-30T00:00:00+00:00, run_after=2023-10-31T00:00:00+00:00
[2023-11-13T04:41:43.533+0000] {processor.py:179} INFO - Processing /opt/airflow/dags/dag1.py took 0.904 seconds
[2023-11-13T04:42:14.217+0000] {processor.py:157} INFO - Started process (PID=931) to work on /opt/airflow/dags/dag1.py
[2023-11-13T04:42:14.219+0000] {processor.py:829} INFO - Processing file /opt/airflow/dags/dag1.py for tasks to queue
[2023-11-13T04:42:14.221+0000] {logging_mixin.py:154} INFO - [2023-11-13T04:42:14.220+0000] {dagbag.py:536} INFO - Filling up the DagBag from /opt/airflow/dags/dag1.py
[2023-11-13T04:42:14.899+0000] {processor.py:839} INFO - DAG(s) dict_keys(['vnstock_dag']) retrieved from /opt/airflow/dags/dag1.py
[2023-11-13T04:42:14.951+0000] {logging_mixin.py:154} INFO - [2023-11-13T04:42:14.951+0000] {dag.py:2941} INFO - Sync 1 DAGs
[2023-11-13T04:42:14.994+0000] {logging_mixin.py:154} INFO - [2023-11-13T04:42:14.993+0000] {dag.py:3722} INFO - Setting next_dagrun for vnstock_dag to 2023-10-30T00:00:00+00:00, run_after=2023-10-31T00:00:00+00:00
[2023-11-13T04:42:15.186+0000] {processor.py:179} INFO - Processing /opt/airflow/dags/dag1.py took 0.973 seconds
[2023-11-13T04:42:45.805+0000] {processor.py:157} INFO - Started process (PID=938) to work on /opt/airflow/dags/dag1.py
[2023-11-13T04:42:45.807+0000] {processor.py:829} INFO - Processing file /opt/airflow/dags/dag1.py for tasks to queue
[2023-11-13T04:42:45.809+0000] {logging_mixin.py:154} INFO - [2023-11-13T04:42:45.808+0000] {dagbag.py:536} INFO - Filling up the DagBag from /opt/airflow/dags/dag1.py
[2023-11-13T04:42:46.434+0000] {processor.py:839} INFO - DAG(s) dict_keys(['vnstock_dag']) retrieved from /opt/airflow/dags/dag1.py
[2023-11-13T04:42:46.482+0000] {logging_mixin.py:154} INFO - [2023-11-13T04:42:46.482+0000] {dag.py:2941} INFO - Sync 1 DAGs
[2023-11-13T04:42:46.522+0000] {logging_mixin.py:154} INFO - [2023-11-13T04:42:46.522+0000] {dag.py:3722} INFO - Setting next_dagrun for vnstock_dag to 2023-10-30T00:00:00+00:00, run_after=2023-10-31T00:00:00+00:00
[2023-11-13T04:42:46.703+0000] {processor.py:179} INFO - Processing /opt/airflow/dags/dag1.py took 0.902 seconds
[2023-11-13T04:43:17.399+0000] {processor.py:157} INFO - Started process (PID=945) to work on /opt/airflow/dags/dag1.py
[2023-11-13T04:43:17.401+0000] {processor.py:829} INFO - Processing file /opt/airflow/dags/dag1.py for tasks to queue
[2023-11-13T04:43:17.404+0000] {logging_mixin.py:154} INFO - [2023-11-13T04:43:17.403+0000] {dagbag.py:536} INFO - Filling up the DagBag from /opt/airflow/dags/dag1.py
[2023-11-13T04:43:18.021+0000] {processor.py:839} INFO - DAG(s) dict_keys(['vnstock_dag']) retrieved from /opt/airflow/dags/dag1.py
[2023-11-13T04:43:18.077+0000] {logging_mixin.py:154} INFO - [2023-11-13T04:43:18.076+0000] {dag.py:2941} INFO - Sync 1 DAGs
[2023-11-13T04:43:18.119+0000] {logging_mixin.py:154} INFO - [2023-11-13T04:43:18.119+0000] {dag.py:3722} INFO - Setting next_dagrun for vnstock_dag to 2023-10-30T00:00:00+00:00, run_after=2023-10-31T00:00:00+00:00
[2023-11-13T04:43:18.312+0000] {processor.py:179} INFO - Processing /opt/airflow/dags/dag1.py took 0.918 seconds
[2023-11-13T04:43:48.870+0000] {processor.py:157} INFO - Started process (PID=952) to work on /opt/airflow/dags/dag1.py
[2023-11-13T04:43:48.872+0000] {processor.py:829} INFO - Processing file /opt/airflow/dags/dag1.py for tasks to queue
[2023-11-13T04:43:48.874+0000] {logging_mixin.py:154} INFO - [2023-11-13T04:43:48.874+0000] {dagbag.py:536} INFO - Filling up the DagBag from /opt/airflow/dags/dag1.py
[2023-11-13T04:43:49.533+0000] {processor.py:839} INFO - DAG(s) dict_keys(['vnstock_dag']) retrieved from /opt/airflow/dags/dag1.py
[2023-11-13T04:43:49.592+0000] {logging_mixin.py:154} INFO - [2023-11-13T04:43:49.591+0000] {dag.py:2941} INFO - Sync 1 DAGs
[2023-11-13T04:43:49.639+0000] {logging_mixin.py:154} INFO - [2023-11-13T04:43:49.639+0000] {dag.py:3722} INFO - Setting next_dagrun for vnstock_dag to 2023-10-30T00:00:00+00:00, run_after=2023-10-31T00:00:00+00:00
[2023-11-13T04:43:49.877+0000] {processor.py:179} INFO - Processing /opt/airflow/dags/dag1.py took 1.011 seconds
[2023-11-13T04:44:20.445+0000] {processor.py:157} INFO - Started process (PID=959) to work on /opt/airflow/dags/dag1.py
[2023-11-13T04:44:20.448+0000] {processor.py:829} INFO - Processing file /opt/airflow/dags/dag1.py for tasks to queue
[2023-11-13T04:44:20.450+0000] {logging_mixin.py:154} INFO - [2023-11-13T04:44:20.449+0000] {dagbag.py:536} INFO - Filling up the DagBag from /opt/airflow/dags/dag1.py
[2023-11-13T04:44:21.167+0000] {processor.py:839} INFO - DAG(s) dict_keys(['vnstock_dag']) retrieved from /opt/airflow/dags/dag1.py
[2023-11-13T04:44:21.214+0000] {logging_mixin.py:154} INFO - [2023-11-13T04:44:21.213+0000] {dag.py:2941} INFO - Sync 1 DAGs
[2023-11-13T04:44:21.270+0000] {logging_mixin.py:154} INFO - [2023-11-13T04:44:21.270+0000] {dag.py:3722} INFO - Setting next_dagrun for vnstock_dag to 2023-10-30T00:00:00+00:00, run_after=2023-10-31T00:00:00+00:00
[2023-11-13T04:44:21.441+0000] {processor.py:179} INFO - Processing /opt/airflow/dags/dag1.py took 1.000 seconds
[2023-11-13T04:44:52.026+0000] {processor.py:157} INFO - Started process (PID=966) to work on /opt/airflow/dags/dag1.py
[2023-11-13T04:44:52.028+0000] {processor.py:829} INFO - Processing file /opt/airflow/dags/dag1.py for tasks to queue
[2023-11-13T04:44:52.030+0000] {logging_mixin.py:154} INFO - [2023-11-13T04:44:52.029+0000] {dagbag.py:536} INFO - Filling up the DagBag from /opt/airflow/dags/dag1.py
[2023-11-13T04:44:52.653+0000] {processor.py:839} INFO - DAG(s) dict_keys(['vnstock_dag']) retrieved from /opt/airflow/dags/dag1.py
[2023-11-13T04:44:52.706+0000] {logging_mixin.py:154} INFO - [2023-11-13T04:44:52.705+0000] {dag.py:2941} INFO - Sync 1 DAGs
[2023-11-13T04:44:52.752+0000] {logging_mixin.py:154} INFO - [2023-11-13T04:44:52.752+0000] {dag.py:3722} INFO - Setting next_dagrun for vnstock_dag to 2023-10-30T00:00:00+00:00, run_after=2023-10-31T00:00:00+00:00
[2023-11-13T04:44:52.939+0000] {processor.py:179} INFO - Processing /opt/airflow/dags/dag1.py took 0.917 seconds
[2023-11-13T04:45:23.727+0000] {processor.py:157} INFO - Started process (PID=973) to work on /opt/airflow/dags/dag1.py
[2023-11-13T04:45:23.729+0000] {processor.py:829} INFO - Processing file /opt/airflow/dags/dag1.py for tasks to queue
[2023-11-13T04:45:23.731+0000] {logging_mixin.py:154} INFO - [2023-11-13T04:45:23.730+0000] {dagbag.py:536} INFO - Filling up the DagBag from /opt/airflow/dags/dag1.py
[2023-11-13T04:45:24.423+0000] {processor.py:839} INFO - DAG(s) dict_keys(['vnstock_dag']) retrieved from /opt/airflow/dags/dag1.py
[2023-11-13T04:45:24.475+0000] {logging_mixin.py:154} INFO - [2023-11-13T04:45:24.474+0000] {dag.py:2941} INFO - Sync 1 DAGs
[2023-11-13T04:45:24.518+0000] {logging_mixin.py:154} INFO - [2023-11-13T04:45:24.517+0000] {dag.py:3722} INFO - Setting next_dagrun for vnstock_dag to 2023-10-30T00:00:00+00:00, run_after=2023-10-31T00:00:00+00:00
[2023-11-13T04:45:24.706+0000] {processor.py:179} INFO - Processing /opt/airflow/dags/dag1.py took 0.983 seconds
[2023-11-13T04:45:55.526+0000] {processor.py:157} INFO - Started process (PID=985) to work on /opt/airflow/dags/dag1.py
[2023-11-13T04:45:55.528+0000] {processor.py:829} INFO - Processing file /opt/airflow/dags/dag1.py for tasks to queue
[2023-11-13T04:45:55.530+0000] {logging_mixin.py:154} INFO - [2023-11-13T04:45:55.529+0000] {dagbag.py:536} INFO - Filling up the DagBag from /opt/airflow/dags/dag1.py
[2023-11-13T04:45:56.137+0000] {processor.py:839} INFO - DAG(s) dict_keys(['vnstock_dag']) retrieved from /opt/airflow/dags/dag1.py
[2023-11-13T04:45:56.192+0000] {logging_mixin.py:154} INFO - [2023-11-13T04:45:56.191+0000] {dag.py:2941} INFO - Sync 1 DAGs
[2023-11-13T04:45:56.241+0000] {logging_mixin.py:154} INFO - [2023-11-13T04:45:56.240+0000] {dag.py:3722} INFO - Setting next_dagrun for vnstock_dag to 2023-10-30T00:00:00+00:00, run_after=2023-10-31T00:00:00+00:00
[2023-11-13T04:45:56.444+0000] {processor.py:179} INFO - Processing /opt/airflow/dags/dag1.py took 0.922 seconds
[2023-11-13T04:46:27.311+0000] {processor.py:157} INFO - Started process (PID=995) to work on /opt/airflow/dags/dag1.py
[2023-11-13T04:46:27.313+0000] {processor.py:829} INFO - Processing file /opt/airflow/dags/dag1.py for tasks to queue
[2023-11-13T04:46:27.315+0000] {logging_mixin.py:154} INFO - [2023-11-13T04:46:27.315+0000] {dagbag.py:536} INFO - Filling up the DagBag from /opt/airflow/dags/dag1.py
[2023-11-13T04:46:27.942+0000] {processor.py:839} INFO - DAG(s) dict_keys(['vnstock_dag']) retrieved from /opt/airflow/dags/dag1.py
[2023-11-13T04:46:27.989+0000] {logging_mixin.py:154} INFO - [2023-11-13T04:46:27.988+0000] {dag.py:2941} INFO - Sync 1 DAGs
[2023-11-13T04:46:28.027+0000] {logging_mixin.py:154} INFO - [2023-11-13T04:46:28.027+0000] {dag.py:3722} INFO - Setting next_dagrun for vnstock_dag to 2023-10-30T00:00:00+00:00, run_after=2023-10-31T00:00:00+00:00
[2023-11-13T04:46:28.207+0000] {processor.py:179} INFO - Processing /opt/airflow/dags/dag1.py took 0.900 seconds
[2023-11-13T04:46:59.301+0000] {processor.py:157} INFO - Started process (PID=1002) to work on /opt/airflow/dags/dag1.py
[2023-11-13T04:46:59.303+0000] {processor.py:829} INFO - Processing file /opt/airflow/dags/dag1.py for tasks to queue
[2023-11-13T04:46:59.305+0000] {logging_mixin.py:154} INFO - [2023-11-13T04:46:59.305+0000] {dagbag.py:536} INFO - Filling up the DagBag from /opt/airflow/dags/dag1.py
[2023-11-13T04:47:00.108+0000] {processor.py:839} INFO - DAG(s) dict_keys(['vnstock_dag']) retrieved from /opt/airflow/dags/dag1.py
[2023-11-13T04:47:00.161+0000] {logging_mixin.py:154} INFO - [2023-11-13T04:47:00.160+0000] {dag.py:2941} INFO - Sync 1 DAGs
[2023-11-13T04:47:00.204+0000] {logging_mixin.py:154} INFO - [2023-11-13T04:47:00.204+0000] {dag.py:3722} INFO - Setting next_dagrun for vnstock_dag to 2023-10-30T00:00:00+00:00, run_after=2023-10-31T00:00:00+00:00
[2023-11-13T04:47:00.379+0000] {processor.py:179} INFO - Processing /opt/airflow/dags/dag1.py took 1.082 seconds
[2023-11-13T04:47:30.804+0000] {processor.py:157} INFO - Started process (PID=1009) to work on /opt/airflow/dags/dag1.py
[2023-11-13T04:47:30.806+0000] {processor.py:829} INFO - Processing file /opt/airflow/dags/dag1.py for tasks to queue
[2023-11-13T04:47:30.808+0000] {logging_mixin.py:154} INFO - [2023-11-13T04:47:30.808+0000] {dagbag.py:536} INFO - Filling up the DagBag from /opt/airflow/dags/dag1.py
[2023-11-13T04:47:31.420+0000] {processor.py:839} INFO - DAG(s) dict_keys(['vnstock_dag']) retrieved from /opt/airflow/dags/dag1.py
[2023-11-13T04:47:31.477+0000] {logging_mixin.py:154} INFO - [2023-11-13T04:47:31.477+0000] {dag.py:2941} INFO - Sync 1 DAGs
[2023-11-13T04:47:31.518+0000] {logging_mixin.py:154} INFO - [2023-11-13T04:47:31.518+0000] {dag.py:3722} INFO - Setting next_dagrun for vnstock_dag to 2023-10-30T00:00:00+00:00, run_after=2023-10-31T00:00:00+00:00
[2023-11-13T04:47:31.706+0000] {processor.py:179} INFO - Processing /opt/airflow/dags/dag1.py took 0.906 seconds
[2023-11-13T04:48:14.800+0000] {processor.py:157} INFO - Started process (PID=1075) to work on /opt/airflow/dags/dag1.py
[2023-11-13T04:48:14.802+0000] {processor.py:829} INFO - Processing file /opt/airflow/dags/dag1.py for tasks to queue
[2023-11-13T04:48:14.804+0000] {logging_mixin.py:154} INFO - [2023-11-13T04:48:14.803+0000] {dagbag.py:536} INFO - Filling up the DagBag from /opt/airflow/dags/dag1.py
[2023-11-13T04:48:15.422+0000] {processor.py:839} INFO - DAG(s) dict_keys(['vnstock_dag']) retrieved from /opt/airflow/dags/dag1.py
[2023-11-13T04:48:15.477+0000] {logging_mixin.py:154} INFO - [2023-11-13T04:48:15.476+0000] {dag.py:2941} INFO - Sync 1 DAGs
[2023-11-13T04:48:15.522+0000] {logging_mixin.py:154} INFO - [2023-11-13T04:48:15.522+0000] {dag.py:3722} INFO - Setting next_dagrun for vnstock_dag to 2023-10-30T00:00:00+00:00, run_after=2023-10-31T00:00:00+00:00
[2023-11-13T04:48:15.720+0000] {processor.py:179} INFO - Processing /opt/airflow/dags/dag1.py took 0.924 seconds
[2023-11-13T04:48:46.399+0000] {processor.py:157} INFO - Started process (PID=1082) to work on /opt/airflow/dags/dag1.py
[2023-11-13T04:48:46.401+0000] {processor.py:829} INFO - Processing file /opt/airflow/dags/dag1.py for tasks to queue
[2023-11-13T04:48:46.403+0000] {logging_mixin.py:154} INFO - [2023-11-13T04:48:46.402+0000] {dagbag.py:536} INFO - Filling up the DagBag from /opt/airflow/dags/dag1.py
[2023-11-13T04:48:47.205+0000] {processor.py:839} INFO - DAG(s) dict_keys(['vnstock_dag']) retrieved from /opt/airflow/dags/dag1.py
[2023-11-13T04:48:47.253+0000] {logging_mixin.py:154} INFO - [2023-11-13T04:48:47.252+0000] {dag.py:2941} INFO - Sync 1 DAGs
[2023-11-13T04:48:47.295+0000] {logging_mixin.py:154} INFO - [2023-11-13T04:48:47.295+0000] {dag.py:3722} INFO - Setting next_dagrun for vnstock_dag to 2023-10-30T00:00:00+00:00, run_after=2023-10-31T00:00:00+00:00
[2023-11-13T04:48:47.493+0000] {processor.py:179} INFO - Processing /opt/airflow/dags/dag1.py took 1.099 seconds
[2023-11-13T04:49:18.474+0000] {processor.py:157} INFO - Started process (PID=1089) to work on /opt/airflow/dags/dag1.py
[2023-11-13T04:49:18.476+0000] {processor.py:829} INFO - Processing file /opt/airflow/dags/dag1.py for tasks to queue
[2023-11-13T04:49:18.478+0000] {logging_mixin.py:154} INFO - [2023-11-13T04:49:18.477+0000] {dagbag.py:536} INFO - Filling up the DagBag from /opt/airflow/dags/dag1.py
[2023-11-13T04:49:19.146+0000] {processor.py:839} INFO - DAG(s) dict_keys(['vnstock_dag']) retrieved from /opt/airflow/dags/dag1.py
[2023-11-13T04:49:19.200+0000] {logging_mixin.py:154} INFO - [2023-11-13T04:49:19.199+0000] {dag.py:2941} INFO - Sync 1 DAGs
[2023-11-13T04:49:19.241+0000] {logging_mixin.py:154} INFO - [2023-11-13T04:49:19.241+0000] {dag.py:3722} INFO - Setting next_dagrun for vnstock_dag to 2023-10-30T00:00:00+00:00, run_after=2023-10-31T00:00:00+00:00
[2023-11-13T04:49:19.425+0000] {processor.py:179} INFO - Processing /opt/airflow/dags/dag1.py took 0.956 seconds
[2023-11-13T04:49:50.784+0000] {processor.py:157} INFO - Started process (PID=1096) to work on /opt/airflow/dags/dag1.py
[2023-11-13T04:49:50.786+0000] {processor.py:829} INFO - Processing file /opt/airflow/dags/dag1.py for tasks to queue
[2023-11-13T04:49:50.788+0000] {logging_mixin.py:154} INFO - [2023-11-13T04:49:50.788+0000] {dagbag.py:536} INFO - Filling up the DagBag from /opt/airflow/dags/dag1.py
[2023-11-13T04:49:51.478+0000] {processor.py:839} INFO - DAG(s) dict_keys(['vnstock_dag']) retrieved from /opt/airflow/dags/dag1.py
[2023-11-13T04:49:51.529+0000] {logging_mixin.py:154} INFO - [2023-11-13T04:49:51.528+0000] {dag.py:2941} INFO - Sync 1 DAGs
[2023-11-13T04:49:51.575+0000] {logging_mixin.py:154} INFO - [2023-11-13T04:49:51.574+0000] {dag.py:3722} INFO - Setting next_dagrun for vnstock_dag to 2023-10-30T00:00:00+00:00, run_after=2023-10-31T00:00:00+00:00
[2023-11-13T04:49:51.786+0000] {processor.py:179} INFO - Processing /opt/airflow/dags/dag1.py took 1.006 seconds
[2023-11-13T04:50:22.545+0000] {processor.py:157} INFO - Started process (PID=1103) to work on /opt/airflow/dags/dag1.py
[2023-11-13T04:50:22.547+0000] {processor.py:829} INFO - Processing file /opt/airflow/dags/dag1.py for tasks to queue
[2023-11-13T04:50:22.548+0000] {logging_mixin.py:154} INFO - [2023-11-13T04:50:22.548+0000] {dagbag.py:536} INFO - Filling up the DagBag from /opt/airflow/dags/dag1.py
[2023-11-13T04:50:23.199+0000] {processor.py:839} INFO - DAG(s) dict_keys(['vnstock_dag']) retrieved from /opt/airflow/dags/dag1.py
[2023-11-13T04:50:23.254+0000] {logging_mixin.py:154} INFO - [2023-11-13T04:50:23.253+0000] {dag.py:2941} INFO - Sync 1 DAGs
[2023-11-13T04:50:23.298+0000] {logging_mixin.py:154} INFO - [2023-11-13T04:50:23.298+0000] {dag.py:3722} INFO - Setting next_dagrun for vnstock_dag to 2023-10-30T00:00:00+00:00, run_after=2023-10-31T00:00:00+00:00
[2023-11-13T04:50:23.479+0000] {processor.py:179} INFO - Processing /opt/airflow/dags/dag1.py took 0.938 seconds
[2023-11-13T04:50:54.363+0000] {processor.py:157} INFO - Started process (PID=1110) to work on /opt/airflow/dags/dag1.py
[2023-11-13T04:50:54.365+0000] {processor.py:829} INFO - Processing file /opt/airflow/dags/dag1.py for tasks to queue
[2023-11-13T04:50:54.367+0000] {logging_mixin.py:154} INFO - [2023-11-13T04:50:54.366+0000] {dagbag.py:536} INFO - Filling up the DagBag from /opt/airflow/dags/dag1.py
[2023-11-13T04:50:54.972+0000] {processor.py:839} INFO - DAG(s) dict_keys(['vnstock_dag']) retrieved from /opt/airflow/dags/dag1.py
[2023-11-13T04:50:55.022+0000] {logging_mixin.py:154} INFO - [2023-11-13T04:50:55.021+0000] {dag.py:2941} INFO - Sync 1 DAGs
[2023-11-13T04:50:55.065+0000] {logging_mixin.py:154} INFO - [2023-11-13T04:50:55.065+0000] {dag.py:3722} INFO - Setting next_dagrun for vnstock_dag to 2023-10-30T00:00:00+00:00, run_after=2023-10-31T00:00:00+00:00
[2023-11-13T04:50:55.245+0000] {processor.py:179} INFO - Processing /opt/airflow/dags/dag1.py took 0.887 seconds
[2023-11-13T04:51:25.517+0000] {processor.py:157} INFO - Started process (PID=1117) to work on /opt/airflow/dags/dag1.py
[2023-11-13T04:51:25.519+0000] {processor.py:829} INFO - Processing file /opt/airflow/dags/dag1.py for tasks to queue
[2023-11-13T04:51:25.521+0000] {logging_mixin.py:154} INFO - [2023-11-13T04:51:25.521+0000] {dagbag.py:536} INFO - Filling up the DagBag from /opt/airflow/dags/dag1.py
[2023-11-13T04:51:26.152+0000] {processor.py:839} INFO - DAG(s) dict_keys(['vnstock_dag']) retrieved from /opt/airflow/dags/dag1.py
[2023-11-13T04:51:26.207+0000] {logging_mixin.py:154} INFO - [2023-11-13T04:51:26.207+0000] {dag.py:2941} INFO - Sync 1 DAGs
[2023-11-13T04:51:26.251+0000] {logging_mixin.py:154} INFO - [2023-11-13T04:51:26.251+0000] {dag.py:3722} INFO - Setting next_dagrun for vnstock_dag to 2023-10-30T00:00:00+00:00, run_after=2023-10-31T00:00:00+00:00
[2023-11-13T04:51:26.421+0000] {processor.py:179} INFO - Processing /opt/airflow/dags/dag1.py took 0.908 seconds
[2023-11-13T04:51:56.771+0000] {processor.py:157} INFO - Started process (PID=1124) to work on /opt/airflow/dags/dag1.py
[2023-11-13T04:51:56.773+0000] {processor.py:829} INFO - Processing file /opt/airflow/dags/dag1.py for tasks to queue
[2023-11-13T04:51:56.775+0000] {logging_mixin.py:154} INFO - [2023-11-13T04:51:56.775+0000] {dagbag.py:536} INFO - Filling up the DagBag from /opt/airflow/dags/dag1.py
[2023-11-13T04:51:57.464+0000] {processor.py:839} INFO - DAG(s) dict_keys(['vnstock_dag']) retrieved from /opt/airflow/dags/dag1.py
[2023-11-13T04:51:57.518+0000] {logging_mixin.py:154} INFO - [2023-11-13T04:51:57.517+0000] {dag.py:2941} INFO - Sync 1 DAGs
[2023-11-13T04:51:57.555+0000] {logging_mixin.py:154} INFO - [2023-11-13T04:51:57.555+0000] {dag.py:3722} INFO - Setting next_dagrun for vnstock_dag to 2023-10-30T00:00:00+00:00, run_after=2023-10-31T00:00:00+00:00
[2023-11-13T04:51:57.752+0000] {processor.py:179} INFO - Processing /opt/airflow/dags/dag1.py took 0.985 seconds
[2023-11-13T04:52:28.196+0000] {processor.py:157} INFO - Started process (PID=1131) to work on /opt/airflow/dags/dag1.py
[2023-11-13T04:52:28.198+0000] {processor.py:829} INFO - Processing file /opt/airflow/dags/dag1.py for tasks to queue
[2023-11-13T04:52:28.200+0000] {logging_mixin.py:154} INFO - [2023-11-13T04:52:28.199+0000] {dagbag.py:536} INFO - Filling up the DagBag from /opt/airflow/dags/dag1.py
[2023-11-13T04:52:28.833+0000] {processor.py:839} INFO - DAG(s) dict_keys(['vnstock_dag']) retrieved from /opt/airflow/dags/dag1.py
[2023-11-13T04:52:28.881+0000] {logging_mixin.py:154} INFO - [2023-11-13T04:52:28.880+0000] {dag.py:2941} INFO - Sync 1 DAGs
[2023-11-13T04:52:28.921+0000] {logging_mixin.py:154} INFO - [2023-11-13T04:52:28.921+0000] {dag.py:3722} INFO - Setting next_dagrun for vnstock_dag to 2023-10-30T00:00:00+00:00, run_after=2023-10-31T00:00:00+00:00
[2023-11-13T04:52:29.105+0000] {processor.py:179} INFO - Processing /opt/airflow/dags/dag1.py took 0.913 seconds
[2023-11-13T04:53:01.516+0000] {processor.py:157} INFO - Started process (PID=1140) to work on /opt/airflow/dags/dag1.py
[2023-11-13T04:53:01.518+0000] {processor.py:829} INFO - Processing file /opt/airflow/dags/dag1.py for tasks to queue
[2023-11-13T04:53:01.520+0000] {logging_mixin.py:154} INFO - [2023-11-13T04:53:01.520+0000] {dagbag.py:536} INFO - Filling up the DagBag from /opt/airflow/dags/dag1.py
[2023-11-13T04:53:02.189+0000] {processor.py:839} INFO - DAG(s) dict_keys(['vnstock_dag']) retrieved from /opt/airflow/dags/dag1.py
[2023-11-13T04:53:02.233+0000] {logging_mixin.py:154} INFO - [2023-11-13T04:53:02.232+0000] {dag.py:2941} INFO - Sync 1 DAGs
[2023-11-13T04:53:02.268+0000] {logging_mixin.py:154} INFO - [2023-11-13T04:53:02.268+0000] {dag.py:3722} INFO - Setting next_dagrun for vnstock_dag to 2023-10-30T00:00:00+00:00, run_after=2023-10-31T00:00:00+00:00
[2023-11-13T04:53:02.484+0000] {processor.py:179} INFO - Processing /opt/airflow/dags/dag1.py took 0.972 seconds
