[2023-11-13T04:07:02.903+0000] {processor.py:157} INFO - Started process (PID=204) to work on /opt/airflow/dags/dag2.py
[2023-11-13T04:07:02.905+0000] {processor.py:829} INFO - Processing file /opt/airflow/dags/dag2.py for tasks to queue
[2023-11-13T04:07:02.907+0000] {logging_mixin.py:154} INFO - [2023-11-13T04:07:02.906+0000] {dagbag.py:536} INFO - Filling up the DagBag from /opt/airflow/dags/dag2.py
[2023-11-13T04:07:03.476+0000] {processor.py:839} INFO - DAG(s) dict_keys(['sql_excel']) retrieved from /opt/airflow/dags/dag2.py
[2023-11-13T04:07:04.219+0000] {logging_mixin.py:154} INFO - [2023-11-13T04:07:04.219+0000] {manager.py:499} INFO - Created Permission View: %s
[2023-11-13T04:07:04.463+0000] {logging_mixin.py:154} INFO - [2023-11-13T04:07:04.462+0000] {manager.py:499} INFO - Created Permission View: %s
[2023-11-13T04:07:04.643+0000] {logging_mixin.py:154} INFO - [2023-11-13T04:07:04.642+0000] {manager.py:499} INFO - Created Permission View: %s
[2023-11-13T04:07:04.645+0000] {logging_mixin.py:154} INFO - [2023-11-13T04:07:04.644+0000] {dag.py:2941} INFO - Sync 1 DAGs
[2023-11-13T04:07:04.679+0000] {logging_mixin.py:154} INFO - [2023-11-13T04:07:04.678+0000] {dag.py:2963} INFO - Creating ORM DAG for sql_excel
[2023-11-13T04:07:04.736+0000] {logging_mixin.py:154} INFO - [2023-11-13T04:07:04.736+0000] {dag.py:3722} INFO - Setting next_dagrun for sql_excel to 2023-10-30T00:00:00+00:00, run_after=2023-10-31T00:00:00+00:00
[2023-11-13T04:07:05.363+0000] {processor.py:179} INFO - Processing /opt/airflow/dags/dag2.py took 2.464 seconds
[2023-11-13T04:07:37.098+0000] {processor.py:157} INFO - Started process (PID=266) to work on /opt/airflow/dags/dag2.py
[2023-11-13T04:07:37.100+0000] {processor.py:829} INFO - Processing file /opt/airflow/dags/dag2.py for tasks to queue
[2023-11-13T04:07:37.102+0000] {logging_mixin.py:154} INFO - [2023-11-13T04:07:37.102+0000] {dagbag.py:536} INFO - Filling up the DagBag from /opt/airflow/dags/dag2.py
[2023-11-13T04:07:37.601+0000] {processor.py:839} INFO - DAG(s) dict_keys(['sql_excel']) retrieved from /opt/airflow/dags/dag2.py
[2023-11-13T04:07:37.922+0000] {logging_mixin.py:154} INFO - [2023-11-13T04:07:37.921+0000] {dag.py:2941} INFO - Sync 1 DAGs
[2023-11-13T04:07:38.121+0000] {logging_mixin.py:154} INFO - [2023-11-13T04:07:38.120+0000] {dag.py:3722} INFO - Setting next_dagrun for sql_excel to 2023-10-30T00:00:00+00:00, run_after=2023-10-31T00:00:00+00:00
[2023-11-13T04:07:38.709+0000] {processor.py:179} INFO - Processing /opt/airflow/dags/dag2.py took 1.615 seconds
[2023-11-13T04:08:09.031+0000] {processor.py:157} INFO - Started process (PID=279) to work on /opt/airflow/dags/dag2.py
[2023-11-13T04:08:09.032+0000] {processor.py:829} INFO - Processing file /opt/airflow/dags/dag2.py for tasks to queue
[2023-11-13T04:08:09.035+0000] {logging_mixin.py:154} INFO - [2023-11-13T04:08:09.034+0000] {dagbag.py:536} INFO - Filling up the DagBag from /opt/airflow/dags/dag2.py
[2023-11-13T04:08:09.637+0000] {processor.py:839} INFO - DAG(s) dict_keys(['sql_excel']) retrieved from /opt/airflow/dags/dag2.py
[2023-11-13T04:08:09.693+0000] {logging_mixin.py:154} INFO - [2023-11-13T04:08:09.692+0000] {dag.py:2941} INFO - Sync 1 DAGs
[2023-11-13T04:08:09.739+0000] {logging_mixin.py:154} INFO - [2023-11-13T04:08:09.739+0000] {dag.py:3722} INFO - Setting next_dagrun for sql_excel to 2023-10-30T00:00:00+00:00, run_after=2023-10-31T00:00:00+00:00
[2023-11-13T04:08:10.798+0000] {processor.py:179} INFO - Processing /opt/airflow/dags/dag2.py took 1.772 seconds
[2023-11-13T04:08:41.744+0000] {processor.py:157} INFO - Started process (PID=286) to work on /opt/airflow/dags/dag2.py
[2023-11-13T04:08:41.747+0000] {processor.py:829} INFO - Processing file /opt/airflow/dags/dag2.py for tasks to queue
[2023-11-13T04:08:41.750+0000] {logging_mixin.py:154} INFO - [2023-11-13T04:08:41.749+0000] {dagbag.py:536} INFO - Filling up the DagBag from /opt/airflow/dags/dag2.py
[2023-11-13T04:08:42.308+0000] {processor.py:839} INFO - DAG(s) dict_keys(['sql_excel']) retrieved from /opt/airflow/dags/dag2.py
[2023-11-13T04:08:42.367+0000] {logging_mixin.py:154} INFO - [2023-11-13T04:08:42.366+0000] {dag.py:2941} INFO - Sync 1 DAGs
[2023-11-13T04:08:42.617+0000] {logging_mixin.py:154} INFO - [2023-11-13T04:08:42.616+0000] {dag.py:3722} INFO - Setting next_dagrun for sql_excel to 2023-10-30T00:00:00+00:00, run_after=2023-10-31T00:00:00+00:00
[2023-11-13T04:08:42.810+0000] {processor.py:179} INFO - Processing /opt/airflow/dags/dag2.py took 1.073 seconds
[2023-11-13T04:09:13.649+0000] {processor.py:157} INFO - Started process (PID=293) to work on /opt/airflow/dags/dag2.py
[2023-11-13T04:09:13.650+0000] {processor.py:829} INFO - Processing file /opt/airflow/dags/dag2.py for tasks to queue
[2023-11-13T04:09:13.652+0000] {logging_mixin.py:154} INFO - [2023-11-13T04:09:13.652+0000] {dagbag.py:536} INFO - Filling up the DagBag from /opt/airflow/dags/dag2.py
[2023-11-13T04:09:14.325+0000] {processor.py:839} INFO - DAG(s) dict_keys(['sql_excel']) retrieved from /opt/airflow/dags/dag2.py
[2023-11-13T04:09:14.382+0000] {logging_mixin.py:154} INFO - [2023-11-13T04:09:14.381+0000] {dag.py:2941} INFO - Sync 1 DAGs
[2023-11-13T04:09:14.422+0000] {logging_mixin.py:154} INFO - [2023-11-13T04:09:14.422+0000] {dag.py:3722} INFO - Setting next_dagrun for sql_excel to 2023-10-30T00:00:00+00:00, run_after=2023-10-31T00:00:00+00:00
[2023-11-13T04:09:14.603+0000] {processor.py:179} INFO - Processing /opt/airflow/dags/dag2.py took 0.958 seconds
[2023-11-13T04:09:45.485+0000] {processor.py:157} INFO - Started process (PID=300) to work on /opt/airflow/dags/dag2.py
[2023-11-13T04:09:45.487+0000] {processor.py:829} INFO - Processing file /opt/airflow/dags/dag2.py for tasks to queue
[2023-11-13T04:09:45.488+0000] {logging_mixin.py:154} INFO - [2023-11-13T04:09:45.488+0000] {dagbag.py:536} INFO - Filling up the DagBag from /opt/airflow/dags/dag2.py
[2023-11-13T04:09:46.181+0000] {processor.py:839} INFO - DAG(s) dict_keys(['sql_excel']) retrieved from /opt/airflow/dags/dag2.py
[2023-11-13T04:09:46.239+0000] {logging_mixin.py:154} INFO - [2023-11-13T04:09:46.238+0000] {dag.py:2941} INFO - Sync 1 DAGs
[2023-11-13T04:09:46.282+0000] {logging_mixin.py:154} INFO - [2023-11-13T04:09:46.282+0000] {dag.py:3722} INFO - Setting next_dagrun for sql_excel to 2023-10-30T00:00:00+00:00, run_after=2023-10-31T00:00:00+00:00
[2023-11-13T04:09:46.456+0000] {processor.py:179} INFO - Processing /opt/airflow/dags/dag2.py took 0.975 seconds
[2023-11-13T04:10:17.042+0000] {processor.py:157} INFO - Started process (PID=307) to work on /opt/airflow/dags/dag2.py
[2023-11-13T04:10:17.044+0000] {processor.py:829} INFO - Processing file /opt/airflow/dags/dag2.py for tasks to queue
[2023-11-13T04:10:17.046+0000] {logging_mixin.py:154} INFO - [2023-11-13T04:10:17.046+0000] {dagbag.py:536} INFO - Filling up the DagBag from /opt/airflow/dags/dag2.py
[2023-11-13T04:10:17.732+0000] {processor.py:839} INFO - DAG(s) dict_keys(['sql_excel']) retrieved from /opt/airflow/dags/dag2.py
[2023-11-13T04:10:17.799+0000] {logging_mixin.py:154} INFO - [2023-11-13T04:10:17.798+0000] {dag.py:2941} INFO - Sync 1 DAGs
[2023-11-13T04:10:17.843+0000] {logging_mixin.py:154} INFO - [2023-11-13T04:10:17.842+0000] {dag.py:3722} INFO - Setting next_dagrun for sql_excel to 2023-10-30T00:00:00+00:00, run_after=2023-10-31T00:00:00+00:00
[2023-11-13T04:10:18.016+0000] {processor.py:179} INFO - Processing /opt/airflow/dags/dag2.py took 0.978 seconds
[2023-11-13T04:10:48.970+0000] {processor.py:157} INFO - Started process (PID=314) to work on /opt/airflow/dags/dag2.py
[2023-11-13T04:10:48.972+0000] {processor.py:829} INFO - Processing file /opt/airflow/dags/dag2.py for tasks to queue
[2023-11-13T04:10:48.974+0000] {logging_mixin.py:154} INFO - [2023-11-13T04:10:48.973+0000] {dagbag.py:536} INFO - Filling up the DagBag from /opt/airflow/dags/dag2.py
[2023-11-13T04:10:49.693+0000] {processor.py:839} INFO - DAG(s) dict_keys(['sql_excel']) retrieved from /opt/airflow/dags/dag2.py
[2023-11-13T04:10:49.748+0000] {logging_mixin.py:154} INFO - [2023-11-13T04:10:49.747+0000] {dag.py:2941} INFO - Sync 1 DAGs
[2023-11-13T04:10:49.792+0000] {logging_mixin.py:154} INFO - [2023-11-13T04:10:49.792+0000] {dag.py:3722} INFO - Setting next_dagrun for sql_excel to 2023-10-30T00:00:00+00:00, run_after=2023-10-31T00:00:00+00:00
[2023-11-13T04:10:49.994+0000] {processor.py:179} INFO - Processing /opt/airflow/dags/dag2.py took 1.028 seconds
[2023-11-13T04:11:20.846+0000] {processor.py:157} INFO - Started process (PID=321) to work on /opt/airflow/dags/dag2.py
[2023-11-13T04:11:20.847+0000] {processor.py:829} INFO - Processing file /opt/airflow/dags/dag2.py for tasks to queue
[2023-11-13T04:11:20.849+0000] {logging_mixin.py:154} INFO - [2023-11-13T04:11:20.849+0000] {dagbag.py:536} INFO - Filling up the DagBag from /opt/airflow/dags/dag2.py
[2023-11-13T04:11:21.496+0000] {processor.py:839} INFO - DAG(s) dict_keys(['sql_excel']) retrieved from /opt/airflow/dags/dag2.py
[2023-11-13T04:11:21.551+0000] {logging_mixin.py:154} INFO - [2023-11-13T04:11:21.550+0000] {dag.py:2941} INFO - Sync 1 DAGs
[2023-11-13T04:11:21.590+0000] {logging_mixin.py:154} INFO - [2023-11-13T04:11:21.589+0000] {dag.py:3722} INFO - Setting next_dagrun for sql_excel to 2023-10-30T00:00:00+00:00, run_after=2023-10-31T00:00:00+00:00
[2023-11-13T04:11:21.760+0000] {processor.py:179} INFO - Processing /opt/airflow/dags/dag2.py took 0.918 seconds
[2023-11-13T04:11:52.812+0000] {processor.py:157} INFO - Started process (PID=329) to work on /opt/airflow/dags/dag2.py
[2023-11-13T04:11:52.814+0000] {processor.py:829} INFO - Processing file /opt/airflow/dags/dag2.py for tasks to queue
[2023-11-13T04:11:52.816+0000] {logging_mixin.py:154} INFO - [2023-11-13T04:11:52.816+0000] {dagbag.py:536} INFO - Filling up the DagBag from /opt/airflow/dags/dag2.py
[2023-11-13T04:11:53.517+0000] {processor.py:839} INFO - DAG(s) dict_keys(['sql_excel']) retrieved from /opt/airflow/dags/dag2.py
[2023-11-13T04:11:53.566+0000] {logging_mixin.py:154} INFO - [2023-11-13T04:11:53.566+0000] {dag.py:2941} INFO - Sync 1 DAGs
[2023-11-13T04:11:53.605+0000] {logging_mixin.py:154} INFO - [2023-11-13T04:11:53.604+0000] {dag.py:3722} INFO - Setting next_dagrun for sql_excel to 2023-10-30T00:00:00+00:00, run_after=2023-10-31T00:00:00+00:00
[2023-11-13T04:11:53.791+0000] {processor.py:179} INFO - Processing /opt/airflow/dags/dag2.py took 0.983 seconds
[2023-11-13T04:13:22.268+0000] {processor.py:157} INFO - Started process (PID=516) to work on /opt/airflow/dags/dag2.py
[2023-11-13T04:13:22.270+0000] {processor.py:829} INFO - Processing file /opt/airflow/dags/dag2.py for tasks to queue
[2023-11-13T04:13:22.272+0000] {logging_mixin.py:154} INFO - [2023-11-13T04:13:22.271+0000] {dagbag.py:536} INFO - Filling up the DagBag from /opt/airflow/dags/dag2.py
[2023-11-13T04:13:22.971+0000] {processor.py:839} INFO - DAG(s) dict_keys(['sql_excel']) retrieved from /opt/airflow/dags/dag2.py
[2023-11-13T04:13:23.017+0000] {logging_mixin.py:154} INFO - [2023-11-13T04:13:23.016+0000] {dag.py:2941} INFO - Sync 1 DAGs
[2023-11-13T04:13:23.345+0000] {logging_mixin.py:154} INFO - [2023-11-13T04:13:23.344+0000] {dag.py:3722} INFO - Setting next_dagrun for sql_excel to 2023-10-30T00:00:00+00:00, run_after=2023-10-31T00:00:00+00:00
[2023-11-13T04:13:23.600+0000] {processor.py:179} INFO - Processing /opt/airflow/dags/dag2.py took 1.336 seconds
[2023-11-13T04:13:54.642+0000] {processor.py:157} INFO - Started process (PID=523) to work on /opt/airflow/dags/dag2.py
[2023-11-13T04:13:54.644+0000] {processor.py:829} INFO - Processing file /opt/airflow/dags/dag2.py for tasks to queue
[2023-11-13T04:13:54.646+0000] {logging_mixin.py:154} INFO - [2023-11-13T04:13:54.645+0000] {dagbag.py:536} INFO - Filling up the DagBag from /opt/airflow/dags/dag2.py
[2023-11-13T04:13:55.367+0000] {processor.py:839} INFO - DAG(s) dict_keys(['sql_excel']) retrieved from /opt/airflow/dags/dag2.py
[2023-11-13T04:13:55.415+0000] {logging_mixin.py:154} INFO - [2023-11-13T04:13:55.414+0000] {dag.py:2941} INFO - Sync 1 DAGs
[2023-11-13T04:13:55.461+0000] {logging_mixin.py:154} INFO - [2023-11-13T04:13:55.460+0000] {dag.py:3722} INFO - Setting next_dagrun for sql_excel to 2023-10-30T00:00:00+00:00, run_after=2023-10-31T00:00:00+00:00
[2023-11-13T04:13:56.118+0000] {processor.py:179} INFO - Processing /opt/airflow/dags/dag2.py took 1.480 seconds
[2023-11-13T04:14:27.454+0000] {processor.py:157} INFO - Started process (PID=530) to work on /opt/airflow/dags/dag2.py
[2023-11-13T04:14:27.456+0000] {processor.py:829} INFO - Processing file /opt/airflow/dags/dag2.py for tasks to queue
[2023-11-13T04:14:27.458+0000] {logging_mixin.py:154} INFO - [2023-11-13T04:14:27.457+0000] {dagbag.py:536} INFO - Filling up the DagBag from /opt/airflow/dags/dag2.py
[2023-11-13T04:14:28.143+0000] {processor.py:839} INFO - DAG(s) dict_keys(['sql_excel']) retrieved from /opt/airflow/dags/dag2.py
[2023-11-13T04:14:28.192+0000] {logging_mixin.py:154} INFO - [2023-11-13T04:14:28.191+0000] {dag.py:2941} INFO - Sync 1 DAGs
[2023-11-13T04:14:28.234+0000] {logging_mixin.py:154} INFO - [2023-11-13T04:14:28.234+0000] {dag.py:3722} INFO - Setting next_dagrun for sql_excel to 2023-10-30T00:00:00+00:00, run_after=2023-10-31T00:00:00+00:00
[2023-11-13T04:14:28.707+0000] {processor.py:179} INFO - Processing /opt/airflow/dags/dag2.py took 1.257 seconds
[2023-11-13T04:14:58.841+0000] {processor.py:157} INFO - Started process (PID=537) to work on /opt/airflow/dags/dag2.py
[2023-11-13T04:14:58.843+0000] {processor.py:829} INFO - Processing file /opt/airflow/dags/dag2.py for tasks to queue
[2023-11-13T04:14:58.845+0000] {logging_mixin.py:154} INFO - [2023-11-13T04:14:58.845+0000] {dagbag.py:536} INFO - Filling up the DagBag from /opt/airflow/dags/dag2.py
[2023-11-13T04:14:59.641+0000] {processor.py:839} INFO - DAG(s) dict_keys(['sql_excel']) retrieved from /opt/airflow/dags/dag2.py
[2023-11-13T04:14:59.691+0000] {logging_mixin.py:154} INFO - [2023-11-13T04:14:59.690+0000] {dag.py:2941} INFO - Sync 1 DAGs
[2023-11-13T04:14:59.741+0000] {logging_mixin.py:154} INFO - [2023-11-13T04:14:59.740+0000] {dag.py:3722} INFO - Setting next_dagrun for sql_excel to 2023-10-30T00:00:00+00:00, run_after=2023-10-31T00:00:00+00:00
[2023-11-13T04:15:00.008+0000] {processor.py:179} INFO - Processing /opt/airflow/dags/dag2.py took 1.171 seconds
[2023-11-13T04:15:30.659+0000] {processor.py:157} INFO - Started process (PID=544) to work on /opt/airflow/dags/dag2.py
[2023-11-13T04:15:30.661+0000] {processor.py:829} INFO - Processing file /opt/airflow/dags/dag2.py for tasks to queue
[2023-11-13T04:15:30.663+0000] {logging_mixin.py:154} INFO - [2023-11-13T04:15:30.663+0000] {dagbag.py:536} INFO - Filling up the DagBag from /opt/airflow/dags/dag2.py
[2023-11-13T04:15:31.409+0000] {processor.py:839} INFO - DAG(s) dict_keys(['sql_excel']) retrieved from /opt/airflow/dags/dag2.py
[2023-11-13T04:15:31.466+0000] {logging_mixin.py:154} INFO - [2023-11-13T04:15:31.466+0000] {dag.py:2941} INFO - Sync 1 DAGs
[2023-11-13T04:15:31.507+0000] {logging_mixin.py:154} INFO - [2023-11-13T04:15:31.507+0000] {dag.py:3722} INFO - Setting next_dagrun for sql_excel to 2023-10-30T00:00:00+00:00, run_after=2023-10-31T00:00:00+00:00
[2023-11-13T04:15:32.238+0000] {processor.py:179} INFO - Processing /opt/airflow/dags/dag2.py took 1.582 seconds
[2023-11-13T04:16:06.742+0000] {processor.py:157} INFO - Started process (PID=553) to work on /opt/airflow/dags/dag2.py
[2023-11-13T04:16:06.745+0000] {processor.py:829} INFO - Processing file /opt/airflow/dags/dag2.py for tasks to queue
[2023-11-13T04:16:06.748+0000] {logging_mixin.py:154} INFO - [2023-11-13T04:16:06.747+0000] {dagbag.py:536} INFO - Filling up the DagBag from /opt/airflow/dags/dag2.py
[2023-11-13T04:16:07.479+0000] {processor.py:839} INFO - DAG(s) dict_keys(['sql_excel']) retrieved from /opt/airflow/dags/dag2.py
[2023-11-13T04:16:07.536+0000] {logging_mixin.py:154} INFO - [2023-11-13T04:16:07.535+0000] {dag.py:2941} INFO - Sync 1 DAGs
[2023-11-13T04:16:07.576+0000] {logging_mixin.py:154} INFO - [2023-11-13T04:16:07.576+0000] {dag.py:3722} INFO - Setting next_dagrun for sql_excel to 2023-10-30T00:00:00+00:00, run_after=2023-10-31T00:00:00+00:00
[2023-11-13T04:16:08.357+0000] {processor.py:179} INFO - Processing /opt/airflow/dags/dag2.py took 1.623 seconds
[2023-11-13T04:16:39.531+0000] {processor.py:157} INFO - Started process (PID=564) to work on /opt/airflow/dags/dag2.py
[2023-11-13T04:16:39.532+0000] {processor.py:829} INFO - Processing file /opt/airflow/dags/dag2.py for tasks to queue
[2023-11-13T04:16:39.534+0000] {logging_mixin.py:154} INFO - [2023-11-13T04:16:39.534+0000] {dagbag.py:536} INFO - Filling up the DagBag from /opt/airflow/dags/dag2.py
[2023-11-13T04:16:40.197+0000] {processor.py:839} INFO - DAG(s) dict_keys(['sql_excel']) retrieved from /opt/airflow/dags/dag2.py
[2023-11-13T04:16:40.251+0000] {logging_mixin.py:154} INFO - [2023-11-13T04:16:40.250+0000] {dag.py:2941} INFO - Sync 1 DAGs
[2023-11-13T04:16:40.293+0000] {logging_mixin.py:154} INFO - [2023-11-13T04:16:40.293+0000] {dag.py:3722} INFO - Setting next_dagrun for sql_excel to 2023-10-30T00:00:00+00:00, run_after=2023-10-31T00:00:00+00:00
[2023-11-13T04:16:40.469+0000] {processor.py:179} INFO - Processing /opt/airflow/dags/dag2.py took 0.942 seconds
[2023-11-13T04:17:15.706+0000] {processor.py:157} INFO - Started process (PID=579) to work on /opt/airflow/dags/dag2.py
[2023-11-13T04:17:15.709+0000] {processor.py:829} INFO - Processing file /opt/airflow/dags/dag2.py for tasks to queue
[2023-11-13T04:17:15.711+0000] {logging_mixin.py:154} INFO - [2023-11-13T04:17:15.710+0000] {dagbag.py:536} INFO - Filling up the DagBag from /opt/airflow/dags/dag2.py
[2023-11-13T04:17:16.405+0000] {processor.py:839} INFO - DAG(s) dict_keys(['sql_excel']) retrieved from /opt/airflow/dags/dag2.py
[2023-11-13T04:17:16.456+0000] {logging_mixin.py:154} INFO - [2023-11-13T04:17:16.456+0000] {dag.py:2941} INFO - Sync 1 DAGs
[2023-11-13T04:17:16.495+0000] {logging_mixin.py:154} INFO - [2023-11-13T04:17:16.494+0000] {dag.py:3722} INFO - Setting next_dagrun for sql_excel to 2023-10-30T00:00:00+00:00, run_after=2023-10-31T00:00:00+00:00
[2023-11-13T04:17:16.671+0000] {processor.py:179} INFO - Processing /opt/airflow/dags/dag2.py took 0.969 seconds
[2023-11-13T04:17:47.471+0000] {processor.py:157} INFO - Started process (PID=588) to work on /opt/airflow/dags/dag2.py
[2023-11-13T04:17:47.473+0000] {processor.py:829} INFO - Processing file /opt/airflow/dags/dag2.py for tasks to queue
[2023-11-13T04:17:47.475+0000] {logging_mixin.py:154} INFO - [2023-11-13T04:17:47.474+0000] {dagbag.py:536} INFO - Filling up the DagBag from /opt/airflow/dags/dag2.py
[2023-11-13T04:17:48.177+0000] {processor.py:839} INFO - DAG(s) dict_keys(['sql_excel']) retrieved from /opt/airflow/dags/dag2.py
[2023-11-13T04:17:48.232+0000] {logging_mixin.py:154} INFO - [2023-11-13T04:17:48.231+0000] {dag.py:2941} INFO - Sync 1 DAGs
[2023-11-13T04:17:48.275+0000] {logging_mixin.py:154} INFO - [2023-11-13T04:17:48.275+0000] {dag.py:3722} INFO - Setting next_dagrun for sql_excel to 2023-10-30T00:00:00+00:00, run_after=2023-10-31T00:00:00+00:00
[2023-11-13T04:17:48.452+0000] {processor.py:179} INFO - Processing /opt/airflow/dags/dag2.py took 0.986 seconds
[2023-11-13T04:18:19.125+0000] {processor.py:157} INFO - Started process (PID=595) to work on /opt/airflow/dags/dag2.py
[2023-11-13T04:18:19.127+0000] {processor.py:829} INFO - Processing file /opt/airflow/dags/dag2.py for tasks to queue
[2023-11-13T04:18:19.129+0000] {logging_mixin.py:154} INFO - [2023-11-13T04:18:19.129+0000] {dagbag.py:536} INFO - Filling up the DagBag from /opt/airflow/dags/dag2.py
[2023-11-13T04:18:19.897+0000] {processor.py:839} INFO - DAG(s) dict_keys(['sql_excel']) retrieved from /opt/airflow/dags/dag2.py
[2023-11-13T04:18:19.967+0000] {logging_mixin.py:154} INFO - [2023-11-13T04:18:19.966+0000] {dag.py:2941} INFO - Sync 1 DAGs
[2023-11-13T04:18:20.017+0000] {logging_mixin.py:154} INFO - [2023-11-13T04:18:20.017+0000] {dag.py:3722} INFO - Setting next_dagrun for sql_excel to 2023-10-30T00:00:00+00:00, run_after=2023-10-31T00:00:00+00:00
[2023-11-13T04:18:20.212+0000] {processor.py:179} INFO - Processing /opt/airflow/dags/dag2.py took 1.091 seconds
[2023-11-13T04:18:50.829+0000] {processor.py:157} INFO - Started process (PID=604) to work on /opt/airflow/dags/dag2.py
[2023-11-13T04:18:50.830+0000] {processor.py:829} INFO - Processing file /opt/airflow/dags/dag2.py for tasks to queue
[2023-11-13T04:18:50.832+0000] {logging_mixin.py:154} INFO - [2023-11-13T04:18:50.832+0000] {dagbag.py:536} INFO - Filling up the DagBag from /opt/airflow/dags/dag2.py
[2023-11-13T04:18:51.517+0000] {processor.py:839} INFO - DAG(s) dict_keys(['sql_excel']) retrieved from /opt/airflow/dags/dag2.py
[2023-11-13T04:18:51.561+0000] {logging_mixin.py:154} INFO - [2023-11-13T04:18:51.560+0000] {dag.py:2941} INFO - Sync 1 DAGs
[2023-11-13T04:18:51.600+0000] {logging_mixin.py:154} INFO - [2023-11-13T04:18:51.600+0000] {dag.py:3722} INFO - Setting next_dagrun for sql_excel to 2023-10-30T00:00:00+00:00, run_after=2023-10-31T00:00:00+00:00
[2023-11-13T04:18:51.788+0000] {processor.py:179} INFO - Processing /opt/airflow/dags/dag2.py took 0.963 seconds
[2023-11-13T04:19:21.904+0000] {processor.py:157} INFO - Started process (PID=613) to work on /opt/airflow/dags/dag2.py
[2023-11-13T04:19:21.906+0000] {processor.py:829} INFO - Processing file /opt/airflow/dags/dag2.py for tasks to queue
[2023-11-13T04:19:21.908+0000] {logging_mixin.py:154} INFO - [2023-11-13T04:19:21.907+0000] {dagbag.py:536} INFO - Filling up the DagBag from /opt/airflow/dags/dag2.py
[2023-11-13T04:19:22.614+0000] {processor.py:839} INFO - DAG(s) dict_keys(['sql_excel']) retrieved from /opt/airflow/dags/dag2.py
[2023-11-13T04:19:22.713+0000] {logging_mixin.py:154} INFO - [2023-11-13T04:19:22.713+0000] {dag.py:2941} INFO - Sync 1 DAGs
[2023-11-13T04:19:22.756+0000] {logging_mixin.py:154} INFO - [2023-11-13T04:19:22.756+0000] {dag.py:3722} INFO - Setting next_dagrun for sql_excel to 2023-10-30T00:00:00+00:00, run_after=2023-10-31T00:00:00+00:00
[2023-11-13T04:19:22.979+0000] {processor.py:179} INFO - Processing /opt/airflow/dags/dag2.py took 1.080 seconds
[2023-11-13T04:19:53.511+0000] {processor.py:157} INFO - Started process (PID=622) to work on /opt/airflow/dags/dag2.py
[2023-11-13T04:19:53.513+0000] {processor.py:829} INFO - Processing file /opt/airflow/dags/dag2.py for tasks to queue
[2023-11-13T04:19:53.515+0000] {logging_mixin.py:154} INFO - [2023-11-13T04:19:53.514+0000] {dagbag.py:536} INFO - Filling up the DagBag from /opt/airflow/dags/dag2.py
[2023-11-13T04:19:54.182+0000] {processor.py:839} INFO - DAG(s) dict_keys(['sql_excel']) retrieved from /opt/airflow/dags/dag2.py
[2023-11-13T04:19:54.228+0000] {logging_mixin.py:154} INFO - [2023-11-13T04:19:54.228+0000] {dag.py:2941} INFO - Sync 1 DAGs
[2023-11-13T04:19:54.277+0000] {logging_mixin.py:154} INFO - [2023-11-13T04:19:54.276+0000] {dag.py:3722} INFO - Setting next_dagrun for sql_excel to 2023-10-30T00:00:00+00:00, run_after=2023-10-31T00:00:00+00:00
[2023-11-13T04:19:54.452+0000] {processor.py:179} INFO - Processing /opt/airflow/dags/dag2.py took 0.946 seconds
[2023-11-13T04:20:25.425+0000] {processor.py:157} INFO - Started process (PID=629) to work on /opt/airflow/dags/dag2.py
[2023-11-13T04:20:25.427+0000] {processor.py:829} INFO - Processing file /opt/airflow/dags/dag2.py for tasks to queue
[2023-11-13T04:20:25.429+0000] {logging_mixin.py:154} INFO - [2023-11-13T04:20:25.428+0000] {dagbag.py:536} INFO - Filling up the DagBag from /opt/airflow/dags/dag2.py
[2023-11-13T04:20:26.146+0000] {processor.py:839} INFO - DAG(s) dict_keys(['sql_excel']) retrieved from /opt/airflow/dags/dag2.py
[2023-11-13T04:20:26.202+0000] {logging_mixin.py:154} INFO - [2023-11-13T04:20:26.201+0000] {dag.py:2941} INFO - Sync 1 DAGs
[2023-11-13T04:20:26.242+0000] {logging_mixin.py:154} INFO - [2023-11-13T04:20:26.242+0000] {dag.py:3722} INFO - Setting next_dagrun for sql_excel to 2023-10-30T00:00:00+00:00, run_after=2023-10-31T00:00:00+00:00
[2023-11-13T04:20:26.442+0000] {processor.py:179} INFO - Processing /opt/airflow/dags/dag2.py took 1.022 seconds
[2023-11-13T04:20:57.138+0000] {processor.py:157} INFO - Started process (PID=636) to work on /opt/airflow/dags/dag2.py
[2023-11-13T04:20:57.141+0000] {processor.py:829} INFO - Processing file /opt/airflow/dags/dag2.py for tasks to queue
[2023-11-13T04:20:57.143+0000] {logging_mixin.py:154} INFO - [2023-11-13T04:20:57.143+0000] {dagbag.py:536} INFO - Filling up the DagBag from /opt/airflow/dags/dag2.py
[2023-11-13T04:20:57.943+0000] {processor.py:839} INFO - DAG(s) dict_keys(['sql_excel']) retrieved from /opt/airflow/dags/dag2.py
[2023-11-13T04:20:57.995+0000] {logging_mixin.py:154} INFO - [2023-11-13T04:20:57.994+0000] {dag.py:2941} INFO - Sync 1 DAGs
[2023-11-13T04:20:58.035+0000] {logging_mixin.py:154} INFO - [2023-11-13T04:20:58.034+0000] {dag.py:3722} INFO - Setting next_dagrun for sql_excel to 2023-10-30T00:00:00+00:00, run_after=2023-10-31T00:00:00+00:00
[2023-11-13T04:20:58.193+0000] {processor.py:179} INFO - Processing /opt/airflow/dags/dag2.py took 1.060 seconds
[2023-11-13T04:21:29.137+0000] {processor.py:157} INFO - Started process (PID=643) to work on /opt/airflow/dags/dag2.py
[2023-11-13T04:21:29.139+0000] {processor.py:829} INFO - Processing file /opt/airflow/dags/dag2.py for tasks to queue
[2023-11-13T04:21:29.141+0000] {logging_mixin.py:154} INFO - [2023-11-13T04:21:29.141+0000] {dagbag.py:536} INFO - Filling up the DagBag from /opt/airflow/dags/dag2.py
[2023-11-13T04:21:29.804+0000] {processor.py:839} INFO - DAG(s) dict_keys(['sql_excel']) retrieved from /opt/airflow/dags/dag2.py
[2023-11-13T04:21:29.855+0000] {logging_mixin.py:154} INFO - [2023-11-13T04:21:29.853+0000] {dag.py:2941} INFO - Sync 1 DAGs
[2023-11-13T04:21:29.897+0000] {logging_mixin.py:154} INFO - [2023-11-13T04:21:29.896+0000] {dag.py:3722} INFO - Setting next_dagrun for sql_excel to 2023-10-30T00:00:00+00:00, run_after=2023-10-31T00:00:00+00:00
[2023-11-13T04:21:30.074+0000] {processor.py:179} INFO - Processing /opt/airflow/dags/dag2.py took 0.941 seconds
[2023-11-13T04:22:01.667+0000] {processor.py:157} INFO - Started process (PID=650) to work on /opt/airflow/dags/dag2.py
[2023-11-13T04:22:01.669+0000] {processor.py:829} INFO - Processing file /opt/airflow/dags/dag2.py for tasks to queue
[2023-11-13T04:22:01.671+0000] {logging_mixin.py:154} INFO - [2023-11-13T04:22:01.671+0000] {dagbag.py:536} INFO - Filling up the DagBag from /opt/airflow/dags/dag2.py
[2023-11-13T04:22:02.411+0000] {processor.py:839} INFO - DAG(s) dict_keys(['sql_excel']) retrieved from /opt/airflow/dags/dag2.py
[2023-11-13T04:22:02.461+0000] {logging_mixin.py:154} INFO - [2023-11-13T04:22:02.461+0000] {dag.py:2941} INFO - Sync 1 DAGs
[2023-11-13T04:22:02.503+0000] {logging_mixin.py:154} INFO - [2023-11-13T04:22:02.503+0000] {dag.py:3722} INFO - Setting next_dagrun for sql_excel to 2023-10-30T00:00:00+00:00, run_after=2023-10-31T00:00:00+00:00
[2023-11-13T04:22:02.684+0000] {processor.py:179} INFO - Processing /opt/airflow/dags/dag2.py took 1.022 seconds
[2023-11-13T04:22:34.004+0000] {processor.py:157} INFO - Started process (PID=659) to work on /opt/airflow/dags/dag2.py
[2023-11-13T04:22:34.006+0000] {processor.py:829} INFO - Processing file /opt/airflow/dags/dag2.py for tasks to queue
[2023-11-13T04:22:34.008+0000] {logging_mixin.py:154} INFO - [2023-11-13T04:22:34.008+0000] {dagbag.py:536} INFO - Filling up the DagBag from /opt/airflow/dags/dag2.py
[2023-11-13T04:22:34.706+0000] {processor.py:839} INFO - DAG(s) dict_keys(['sql_excel']) retrieved from /opt/airflow/dags/dag2.py
[2023-11-13T04:22:34.760+0000] {logging_mixin.py:154} INFO - [2023-11-13T04:22:34.759+0000] {dag.py:2941} INFO - Sync 1 DAGs
[2023-11-13T04:22:34.801+0000] {logging_mixin.py:154} INFO - [2023-11-13T04:22:34.801+0000] {dag.py:3722} INFO - Setting next_dagrun for sql_excel to 2023-10-30T00:00:00+00:00, run_after=2023-10-31T00:00:00+00:00
[2023-11-13T04:22:35.008+0000] {processor.py:179} INFO - Processing /opt/airflow/dags/dag2.py took 1.008 seconds
[2023-11-13T04:23:05.371+0000] {processor.py:157} INFO - Started process (PID=666) to work on /opt/airflow/dags/dag2.py
[2023-11-13T04:23:05.372+0000] {processor.py:829} INFO - Processing file /opt/airflow/dags/dag2.py for tasks to queue
[2023-11-13T04:23:05.374+0000] {logging_mixin.py:154} INFO - [2023-11-13T04:23:05.374+0000] {dagbag.py:536} INFO - Filling up the DagBag from /opt/airflow/dags/dag2.py
[2023-11-13T04:23:06.052+0000] {processor.py:839} INFO - DAG(s) dict_keys(['sql_excel']) retrieved from /opt/airflow/dags/dag2.py
[2023-11-13T04:23:06.107+0000] {logging_mixin.py:154} INFO - [2023-11-13T04:23:06.106+0000] {dag.py:2941} INFO - Sync 1 DAGs
[2023-11-13T04:23:06.146+0000] {logging_mixin.py:154} INFO - [2023-11-13T04:23:06.146+0000] {dag.py:3722} INFO - Setting next_dagrun for sql_excel to 2023-10-30T00:00:00+00:00, run_after=2023-10-31T00:00:00+00:00
[2023-11-13T04:23:06.331+0000] {processor.py:179} INFO - Processing /opt/airflow/dags/dag2.py took 0.965 seconds
[2023-11-13T04:23:36.973+0000] {processor.py:157} INFO - Started process (PID=675) to work on /opt/airflow/dags/dag2.py
[2023-11-13T04:23:36.975+0000] {processor.py:829} INFO - Processing file /opt/airflow/dags/dag2.py for tasks to queue
[2023-11-13T04:23:36.977+0000] {logging_mixin.py:154} INFO - [2023-11-13T04:23:36.977+0000] {dagbag.py:536} INFO - Filling up the DagBag from /opt/airflow/dags/dag2.py
[2023-11-13T04:23:37.784+0000] {processor.py:839} INFO - DAG(s) dict_keys(['sql_excel']) retrieved from /opt/airflow/dags/dag2.py
[2023-11-13T04:23:37.829+0000] {logging_mixin.py:154} INFO - [2023-11-13T04:23:37.829+0000] {dag.py:2941} INFO - Sync 1 DAGs
[2023-11-13T04:23:37.873+0000] {logging_mixin.py:154} INFO - [2023-11-13T04:23:37.873+0000] {dag.py:3722} INFO - Setting next_dagrun for sql_excel to 2023-10-30T00:00:00+00:00, run_after=2023-10-31T00:00:00+00:00
[2023-11-13T04:23:38.072+0000] {processor.py:179} INFO - Processing /opt/airflow/dags/dag2.py took 1.104 seconds
[2023-11-13T04:24:08.723+0000] {processor.py:157} INFO - Started process (PID=682) to work on /opt/airflow/dags/dag2.py
[2023-11-13T04:24:08.725+0000] {processor.py:829} INFO - Processing file /opt/airflow/dags/dag2.py for tasks to queue
[2023-11-13T04:24:08.727+0000] {logging_mixin.py:154} INFO - [2023-11-13T04:24:08.726+0000] {dagbag.py:536} INFO - Filling up the DagBag from /opt/airflow/dags/dag2.py
[2023-11-13T04:24:09.404+0000] {processor.py:839} INFO - DAG(s) dict_keys(['sql_excel']) retrieved from /opt/airflow/dags/dag2.py
[2023-11-13T04:24:09.453+0000] {logging_mixin.py:154} INFO - [2023-11-13T04:24:09.453+0000] {dag.py:2941} INFO - Sync 1 DAGs
[2023-11-13T04:24:09.492+0000] {logging_mixin.py:154} INFO - [2023-11-13T04:24:09.492+0000] {dag.py:3722} INFO - Setting next_dagrun for sql_excel to 2023-10-30T00:00:00+00:00, run_after=2023-10-31T00:00:00+00:00
[2023-11-13T04:24:09.657+0000] {processor.py:179} INFO - Processing /opt/airflow/dags/dag2.py took 0.939 seconds
[2023-11-13T04:24:40.293+0000] {processor.py:157} INFO - Started process (PID=689) to work on /opt/airflow/dags/dag2.py
[2023-11-13T04:24:40.295+0000] {processor.py:829} INFO - Processing file /opt/airflow/dags/dag2.py for tasks to queue
[2023-11-13T04:24:40.297+0000] {logging_mixin.py:154} INFO - [2023-11-13T04:24:40.297+0000] {dagbag.py:536} INFO - Filling up the DagBag from /opt/airflow/dags/dag2.py
[2023-11-13T04:24:41.018+0000] {processor.py:839} INFO - DAG(s) dict_keys(['sql_excel']) retrieved from /opt/airflow/dags/dag2.py
[2023-11-13T04:24:41.070+0000] {logging_mixin.py:154} INFO - [2023-11-13T04:24:41.070+0000] {dag.py:2941} INFO - Sync 1 DAGs
[2023-11-13T04:24:41.111+0000] {logging_mixin.py:154} INFO - [2023-11-13T04:24:41.111+0000] {dag.py:3722} INFO - Setting next_dagrun for sql_excel to 2023-10-30T00:00:00+00:00, run_after=2023-10-31T00:00:00+00:00
[2023-11-13T04:24:41.312+0000] {processor.py:179} INFO - Processing /opt/airflow/dags/dag2.py took 1.024 seconds
[2023-11-13T04:25:11.732+0000] {processor.py:157} INFO - Started process (PID=696) to work on /opt/airflow/dags/dag2.py
[2023-11-13T04:25:11.734+0000] {processor.py:829} INFO - Processing file /opt/airflow/dags/dag2.py for tasks to queue
[2023-11-13T04:25:11.736+0000] {logging_mixin.py:154} INFO - [2023-11-13T04:25:11.736+0000] {dagbag.py:536} INFO - Filling up the DagBag from /opt/airflow/dags/dag2.py
[2023-11-13T04:25:12.431+0000] {processor.py:839} INFO - DAG(s) dict_keys(['sql_excel']) retrieved from /opt/airflow/dags/dag2.py
[2023-11-13T04:25:12.503+0000] {logging_mixin.py:154} INFO - [2023-11-13T04:25:12.502+0000] {dag.py:2941} INFO - Sync 1 DAGs
[2023-11-13T04:25:12.545+0000] {logging_mixin.py:154} INFO - [2023-11-13T04:25:12.544+0000] {dag.py:3722} INFO - Setting next_dagrun for sql_excel to 2023-10-30T00:00:00+00:00, run_after=2023-10-31T00:00:00+00:00
[2023-11-13T04:25:12.737+0000] {processor.py:179} INFO - Processing /opt/airflow/dags/dag2.py took 1.009 seconds
[2023-11-13T04:25:42.988+0000] {processor.py:157} INFO - Started process (PID=703) to work on /opt/airflow/dags/dag2.py
[2023-11-13T04:25:42.990+0000] {processor.py:829} INFO - Processing file /opt/airflow/dags/dag2.py for tasks to queue
[2023-11-13T04:25:42.992+0000] {logging_mixin.py:154} INFO - [2023-11-13T04:25:42.991+0000] {dagbag.py:536} INFO - Filling up the DagBag from /opt/airflow/dags/dag2.py
[2023-11-13T04:25:43.663+0000] {processor.py:839} INFO - DAG(s) dict_keys(['sql_excel']) retrieved from /opt/airflow/dags/dag2.py
[2023-11-13T04:25:43.713+0000] {logging_mixin.py:154} INFO - [2023-11-13T04:25:43.713+0000] {dag.py:2941} INFO - Sync 1 DAGs
[2023-11-13T04:25:43.752+0000] {logging_mixin.py:154} INFO - [2023-11-13T04:25:43.752+0000] {dag.py:3722} INFO - Setting next_dagrun for sql_excel to 2023-10-30T00:00:00+00:00, run_after=2023-10-31T00:00:00+00:00
[2023-11-13T04:25:43.944+0000] {processor.py:179} INFO - Processing /opt/airflow/dags/dag2.py took 0.960 seconds
[2023-11-13T04:26:14.518+0000] {processor.py:157} INFO - Started process (PID=710) to work on /opt/airflow/dags/dag2.py
[2023-11-13T04:26:14.520+0000] {processor.py:829} INFO - Processing file /opt/airflow/dags/dag2.py for tasks to queue
[2023-11-13T04:26:14.522+0000] {logging_mixin.py:154} INFO - [2023-11-13T04:26:14.521+0000] {dagbag.py:536} INFO - Filling up the DagBag from /opt/airflow/dags/dag2.py
[2023-11-13T04:26:15.260+0000] {processor.py:839} INFO - DAG(s) dict_keys(['sql_excel']) retrieved from /opt/airflow/dags/dag2.py
[2023-11-13T04:26:15.316+0000] {logging_mixin.py:154} INFO - [2023-11-13T04:26:15.315+0000] {dag.py:2941} INFO - Sync 1 DAGs
[2023-11-13T04:26:15.357+0000] {logging_mixin.py:154} INFO - [2023-11-13T04:26:15.356+0000] {dag.py:3722} INFO - Setting next_dagrun for sql_excel to 2023-10-30T00:00:00+00:00, run_after=2023-10-31T00:00:00+00:00
[2023-11-13T04:26:15.541+0000] {processor.py:179} INFO - Processing /opt/airflow/dags/dag2.py took 1.027 seconds
[2023-11-13T04:26:46.178+0000] {processor.py:157} INFO - Started process (PID=717) to work on /opt/airflow/dags/dag2.py
[2023-11-13T04:26:46.180+0000] {processor.py:829} INFO - Processing file /opt/airflow/dags/dag2.py for tasks to queue
[2023-11-13T04:26:46.182+0000] {logging_mixin.py:154} INFO - [2023-11-13T04:26:46.182+0000] {dagbag.py:536} INFO - Filling up the DagBag from /opt/airflow/dags/dag2.py
[2023-11-13T04:26:46.860+0000] {processor.py:839} INFO - DAG(s) dict_keys(['sql_excel']) retrieved from /opt/airflow/dags/dag2.py
[2023-11-13T04:26:46.914+0000] {logging_mixin.py:154} INFO - [2023-11-13T04:26:46.914+0000] {dag.py:2941} INFO - Sync 1 DAGs
[2023-11-13T04:26:46.953+0000] {logging_mixin.py:154} INFO - [2023-11-13T04:26:46.953+0000] {dag.py:3722} INFO - Setting next_dagrun for sql_excel to 2023-10-30T00:00:00+00:00, run_after=2023-10-31T00:00:00+00:00
[2023-11-13T04:26:47.135+0000] {processor.py:179} INFO - Processing /opt/airflow/dags/dag2.py took 0.961 seconds
[2023-11-13T04:27:17.948+0000] {processor.py:157} INFO - Started process (PID=724) to work on /opt/airflow/dags/dag2.py
[2023-11-13T04:27:17.950+0000] {processor.py:829} INFO - Processing file /opt/airflow/dags/dag2.py for tasks to queue
[2023-11-13T04:27:17.952+0000] {logging_mixin.py:154} INFO - [2023-11-13T04:27:17.951+0000] {dagbag.py:536} INFO - Filling up the DagBag from /opt/airflow/dags/dag2.py
[2023-11-13T04:27:18.619+0000] {processor.py:839} INFO - DAG(s) dict_keys(['sql_excel']) retrieved from /opt/airflow/dags/dag2.py
[2023-11-13T04:27:18.663+0000] {logging_mixin.py:154} INFO - [2023-11-13T04:27:18.663+0000] {dag.py:2941} INFO - Sync 1 DAGs
[2023-11-13T04:27:18.706+0000] {logging_mixin.py:154} INFO - [2023-11-13T04:27:18.706+0000] {dag.py:3722} INFO - Setting next_dagrun for sql_excel to 2023-10-30T00:00:00+00:00, run_after=2023-10-31T00:00:00+00:00
[2023-11-13T04:27:18.879+0000] {processor.py:179} INFO - Processing /opt/airflow/dags/dag2.py took 0.936 seconds
[2023-11-13T04:27:49.484+0000] {processor.py:157} INFO - Started process (PID=731) to work on /opt/airflow/dags/dag2.py
[2023-11-13T04:27:49.486+0000] {processor.py:829} INFO - Processing file /opt/airflow/dags/dag2.py for tasks to queue
[2023-11-13T04:27:49.488+0000] {logging_mixin.py:154} INFO - [2023-11-13T04:27:49.487+0000] {dagbag.py:536} INFO - Filling up the DagBag from /opt/airflow/dags/dag2.py
[2023-11-13T04:27:50.202+0000] {processor.py:839} INFO - DAG(s) dict_keys(['sql_excel']) retrieved from /opt/airflow/dags/dag2.py
[2023-11-13T04:27:50.258+0000] {logging_mixin.py:154} INFO - [2023-11-13T04:27:50.257+0000] {dag.py:2941} INFO - Sync 1 DAGs
[2023-11-13T04:27:50.298+0000] {logging_mixin.py:154} INFO - [2023-11-13T04:27:50.298+0000] {dag.py:3722} INFO - Setting next_dagrun for sql_excel to 2023-10-30T00:00:00+00:00, run_after=2023-10-31T00:00:00+00:00
[2023-11-13T04:27:50.475+0000] {processor.py:179} INFO - Processing /opt/airflow/dags/dag2.py took 0.996 seconds
[2023-11-13T04:28:20.985+0000] {processor.py:157} INFO - Started process (PID=738) to work on /opt/airflow/dags/dag2.py
[2023-11-13T04:28:20.987+0000] {processor.py:829} INFO - Processing file /opt/airflow/dags/dag2.py for tasks to queue
[2023-11-13T04:28:20.989+0000] {logging_mixin.py:154} INFO - [2023-11-13T04:28:20.989+0000] {dagbag.py:536} INFO - Filling up the DagBag from /opt/airflow/dags/dag2.py
[2023-11-13T04:28:21.669+0000] {processor.py:839} INFO - DAG(s) dict_keys(['sql_excel']) retrieved from /opt/airflow/dags/dag2.py
[2023-11-13T04:28:21.724+0000] {logging_mixin.py:154} INFO - [2023-11-13T04:28:21.723+0000] {dag.py:2941} INFO - Sync 1 DAGs
[2023-11-13T04:28:21.763+0000] {logging_mixin.py:154} INFO - [2023-11-13T04:28:21.762+0000] {dag.py:3722} INFO - Setting next_dagrun for sql_excel to 2023-10-30T00:00:00+00:00, run_after=2023-10-31T00:00:00+00:00
[2023-11-13T04:28:21.964+0000] {processor.py:179} INFO - Processing /opt/airflow/dags/dag2.py took 0.983 seconds
[2023-11-13T04:28:52.500+0000] {processor.py:157} INFO - Started process (PID=745) to work on /opt/airflow/dags/dag2.py
[2023-11-13T04:28:52.503+0000] {processor.py:829} INFO - Processing file /opt/airflow/dags/dag2.py for tasks to queue
[2023-11-13T04:28:52.505+0000] {logging_mixin.py:154} INFO - [2023-11-13T04:28:52.505+0000] {dagbag.py:536} INFO - Filling up the DagBag from /opt/airflow/dags/dag2.py
[2023-11-13T04:28:53.141+0000] {processor.py:839} INFO - DAG(s) dict_keys(['sql_excel']) retrieved from /opt/airflow/dags/dag2.py
[2023-11-13T04:28:53.193+0000] {logging_mixin.py:154} INFO - [2023-11-13T04:28:53.192+0000] {dag.py:2941} INFO - Sync 1 DAGs
[2023-11-13T04:28:53.238+0000] {logging_mixin.py:154} INFO - [2023-11-13T04:28:53.238+0000] {dag.py:3722} INFO - Setting next_dagrun for sql_excel to 2023-10-30T00:00:00+00:00, run_after=2023-10-31T00:00:00+00:00
[2023-11-13T04:28:53.428+0000] {processor.py:179} INFO - Processing /opt/airflow/dags/dag2.py took 0.935 seconds
[2023-11-13T04:29:24.066+0000] {processor.py:157} INFO - Started process (PID=752) to work on /opt/airflow/dags/dag2.py
[2023-11-13T04:29:24.068+0000] {processor.py:829} INFO - Processing file /opt/airflow/dags/dag2.py for tasks to queue
[2023-11-13T04:29:24.070+0000] {logging_mixin.py:154} INFO - [2023-11-13T04:29:24.069+0000] {dagbag.py:536} INFO - Filling up the DagBag from /opt/airflow/dags/dag2.py
[2023-11-13T04:29:24.677+0000] {processor.py:839} INFO - DAG(s) dict_keys(['sql_excel']) retrieved from /opt/airflow/dags/dag2.py
[2023-11-13T04:29:24.731+0000] {logging_mixin.py:154} INFO - [2023-11-13T04:29:24.731+0000] {dag.py:2941} INFO - Sync 1 DAGs
[2023-11-13T04:29:24.771+0000] {logging_mixin.py:154} INFO - [2023-11-13T04:29:24.771+0000] {dag.py:3722} INFO - Setting next_dagrun for sql_excel to 2023-10-30T00:00:00+00:00, run_after=2023-10-31T00:00:00+00:00
[2023-11-13T04:29:24.942+0000] {processor.py:179} INFO - Processing /opt/airflow/dags/dag2.py took 0.880 seconds
[2023-11-13T04:29:55.191+0000] {processor.py:157} INFO - Started process (PID=759) to work on /opt/airflow/dags/dag2.py
[2023-11-13T04:29:55.193+0000] {processor.py:829} INFO - Processing file /opt/airflow/dags/dag2.py for tasks to queue
[2023-11-13T04:29:55.195+0000] {logging_mixin.py:154} INFO - [2023-11-13T04:29:55.194+0000] {dagbag.py:536} INFO - Filling up the DagBag from /opt/airflow/dags/dag2.py
[2023-11-13T04:29:55.883+0000] {processor.py:839} INFO - DAG(s) dict_keys(['sql_excel']) retrieved from /opt/airflow/dags/dag2.py
[2023-11-13T04:29:56.068+0000] {logging_mixin.py:154} INFO - [2023-11-13T04:29:56.068+0000] {dag.py:2941} INFO - Sync 1 DAGs
[2023-11-13T04:29:56.110+0000] {logging_mixin.py:154} INFO - [2023-11-13T04:29:56.110+0000] {dag.py:3722} INFO - Setting next_dagrun for sql_excel to 2023-10-30T00:00:00+00:00, run_after=2023-10-31T00:00:00+00:00
[2023-11-13T04:29:56.322+0000] {processor.py:179} INFO - Processing /opt/airflow/dags/dag2.py took 1.136 seconds
[2023-11-13T04:30:26.694+0000] {processor.py:157} INFO - Started process (PID=766) to work on /opt/airflow/dags/dag2.py
[2023-11-13T04:30:26.696+0000] {processor.py:829} INFO - Processing file /opt/airflow/dags/dag2.py for tasks to queue
[2023-11-13T04:30:26.698+0000] {logging_mixin.py:154} INFO - [2023-11-13T04:30:26.698+0000] {dagbag.py:536} INFO - Filling up the DagBag from /opt/airflow/dags/dag2.py
[2023-11-13T04:30:27.353+0000] {processor.py:839} INFO - DAG(s) dict_keys(['sql_excel']) retrieved from /opt/airflow/dags/dag2.py
[2023-11-13T04:30:27.431+0000] {logging_mixin.py:154} INFO - [2023-11-13T04:30:27.430+0000] {dag.py:2941} INFO - Sync 1 DAGs
[2023-11-13T04:30:27.483+0000] {logging_mixin.py:154} INFO - [2023-11-13T04:30:27.482+0000] {dag.py:3722} INFO - Setting next_dagrun for sql_excel to 2023-10-30T00:00:00+00:00, run_after=2023-10-31T00:00:00+00:00
[2023-11-13T04:30:27.681+0000] {processor.py:179} INFO - Processing /opt/airflow/dags/dag2.py took 0.991 seconds
[2023-11-13T04:30:58.348+0000] {processor.py:157} INFO - Started process (PID=773) to work on /opt/airflow/dags/dag2.py
[2023-11-13T04:30:58.350+0000] {processor.py:829} INFO - Processing file /opt/airflow/dags/dag2.py for tasks to queue
[2023-11-13T04:30:58.352+0000] {logging_mixin.py:154} INFO - [2023-11-13T04:30:58.352+0000] {dagbag.py:536} INFO - Filling up the DagBag from /opt/airflow/dags/dag2.py
[2023-11-13T04:30:58.993+0000] {processor.py:839} INFO - DAG(s) dict_keys(['sql_excel']) retrieved from /opt/airflow/dags/dag2.py
[2023-11-13T04:30:59.051+0000] {logging_mixin.py:154} INFO - [2023-11-13T04:30:59.050+0000] {dag.py:2941} INFO - Sync 1 DAGs
[2023-11-13T04:30:59.094+0000] {logging_mixin.py:154} INFO - [2023-11-13T04:30:59.093+0000] {dag.py:3722} INFO - Setting next_dagrun for sql_excel to 2023-10-30T00:00:00+00:00, run_after=2023-10-31T00:00:00+00:00
[2023-11-13T04:30:59.277+0000] {processor.py:179} INFO - Processing /opt/airflow/dags/dag2.py took 0.933 seconds
[2023-11-13T04:31:29.978+0000] {processor.py:157} INFO - Started process (PID=780) to work on /opt/airflow/dags/dag2.py
[2023-11-13T04:31:29.980+0000] {processor.py:829} INFO - Processing file /opt/airflow/dags/dag2.py for tasks to queue
[2023-11-13T04:31:29.982+0000] {logging_mixin.py:154} INFO - [2023-11-13T04:31:29.981+0000] {dagbag.py:536} INFO - Filling up the DagBag from /opt/airflow/dags/dag2.py
[2023-11-13T04:31:30.650+0000] {processor.py:839} INFO - DAG(s) dict_keys(['sql_excel']) retrieved from /opt/airflow/dags/dag2.py
[2023-11-13T04:31:30.704+0000] {logging_mixin.py:154} INFO - [2023-11-13T04:31:30.703+0000] {dag.py:2941} INFO - Sync 1 DAGs
[2023-11-13T04:31:30.742+0000] {logging_mixin.py:154} INFO - [2023-11-13T04:31:30.741+0000] {dag.py:3722} INFO - Setting next_dagrun for sql_excel to 2023-10-30T00:00:00+00:00, run_after=2023-10-31T00:00:00+00:00
[2023-11-13T04:31:30.931+0000] {processor.py:179} INFO - Processing /opt/airflow/dags/dag2.py took 0.958 seconds
[2023-11-13T04:32:01.188+0000] {processor.py:157} INFO - Started process (PID=787) to work on /opt/airflow/dags/dag2.py
[2023-11-13T04:32:01.190+0000] {processor.py:829} INFO - Processing file /opt/airflow/dags/dag2.py for tasks to queue
[2023-11-13T04:32:01.192+0000] {logging_mixin.py:154} INFO - [2023-11-13T04:32:01.192+0000] {dagbag.py:536} INFO - Filling up the DagBag from /opt/airflow/dags/dag2.py
[2023-11-13T04:32:01.859+0000] {processor.py:839} INFO - DAG(s) dict_keys(['sql_excel']) retrieved from /opt/airflow/dags/dag2.py
[2023-11-13T04:32:01.903+0000] {logging_mixin.py:154} INFO - [2023-11-13T04:32:01.903+0000] {dag.py:2941} INFO - Sync 1 DAGs
[2023-11-13T04:32:01.941+0000] {logging_mixin.py:154} INFO - [2023-11-13T04:32:01.941+0000] {dag.py:3722} INFO - Setting next_dagrun for sql_excel to 2023-10-30T00:00:00+00:00, run_after=2023-10-31T00:00:00+00:00
[2023-11-13T04:32:02.146+0000] {processor.py:179} INFO - Processing /opt/airflow/dags/dag2.py took 0.962 seconds
[2023-11-13T04:32:32.411+0000] {processor.py:157} INFO - Started process (PID=794) to work on /opt/airflow/dags/dag2.py
[2023-11-13T04:32:32.413+0000] {processor.py:829} INFO - Processing file /opt/airflow/dags/dag2.py for tasks to queue
[2023-11-13T04:32:32.415+0000] {logging_mixin.py:154} INFO - [2023-11-13T04:32:32.414+0000] {dagbag.py:536} INFO - Filling up the DagBag from /opt/airflow/dags/dag2.py
[2023-11-13T04:32:33.077+0000] {processor.py:839} INFO - DAG(s) dict_keys(['sql_excel']) retrieved from /opt/airflow/dags/dag2.py
[2023-11-13T04:32:33.134+0000] {logging_mixin.py:154} INFO - [2023-11-13T04:32:33.133+0000] {dag.py:2941} INFO - Sync 1 DAGs
[2023-11-13T04:32:33.174+0000] {logging_mixin.py:154} INFO - [2023-11-13T04:32:33.174+0000] {dag.py:3722} INFO - Setting next_dagrun for sql_excel to 2023-10-30T00:00:00+00:00, run_after=2023-10-31T00:00:00+00:00
[2023-11-13T04:32:33.364+0000] {processor.py:179} INFO - Processing /opt/airflow/dags/dag2.py took 0.958 seconds
[2023-11-13T04:33:03.999+0000] {processor.py:157} INFO - Started process (PID=801) to work on /opt/airflow/dags/dag2.py
[2023-11-13T04:33:04.001+0000] {processor.py:829} INFO - Processing file /opt/airflow/dags/dag2.py for tasks to queue
[2023-11-13T04:33:04.003+0000] {logging_mixin.py:154} INFO - [2023-11-13T04:33:04.002+0000] {dagbag.py:536} INFO - Filling up the DagBag from /opt/airflow/dags/dag2.py
[2023-11-13T04:33:04.696+0000] {processor.py:839} INFO - DAG(s) dict_keys(['sql_excel']) retrieved from /opt/airflow/dags/dag2.py
[2023-11-13T04:33:04.756+0000] {logging_mixin.py:154} INFO - [2023-11-13T04:33:04.755+0000] {dag.py:2941} INFO - Sync 1 DAGs
[2023-11-13T04:33:04.800+0000] {logging_mixin.py:154} INFO - [2023-11-13T04:33:04.799+0000] {dag.py:3722} INFO - Setting next_dagrun for sql_excel to 2023-10-30T00:00:00+00:00, run_after=2023-10-31T00:00:00+00:00
[2023-11-13T04:33:04.974+0000] {processor.py:179} INFO - Processing /opt/airflow/dags/dag2.py took 0.979 seconds
[2023-11-13T04:33:35.188+0000] {processor.py:157} INFO - Started process (PID=808) to work on /opt/airflow/dags/dag2.py
[2023-11-13T04:33:35.190+0000] {processor.py:829} INFO - Processing file /opt/airflow/dags/dag2.py for tasks to queue
[2023-11-13T04:33:35.192+0000] {logging_mixin.py:154} INFO - [2023-11-13T04:33:35.192+0000] {dagbag.py:536} INFO - Filling up the DagBag from /opt/airflow/dags/dag2.py
[2023-11-13T04:33:35.809+0000] {processor.py:839} INFO - DAG(s) dict_keys(['sql_excel']) retrieved from /opt/airflow/dags/dag2.py
[2023-11-13T04:33:35.865+0000] {logging_mixin.py:154} INFO - [2023-11-13T04:33:35.864+0000] {dag.py:2941} INFO - Sync 1 DAGs
[2023-11-13T04:33:35.908+0000] {logging_mixin.py:154} INFO - [2023-11-13T04:33:35.907+0000] {dag.py:3722} INFO - Setting next_dagrun for sql_excel to 2023-10-30T00:00:00+00:00, run_after=2023-10-31T00:00:00+00:00
[2023-11-13T04:33:36.183+0000] {processor.py:179} INFO - Processing /opt/airflow/dags/dag2.py took 1.000 seconds
[2023-11-13T04:34:06.592+0000] {processor.py:157} INFO - Started process (PID=815) to work on /opt/airflow/dags/dag2.py
[2023-11-13T04:34:06.594+0000] {processor.py:829} INFO - Processing file /opt/airflow/dags/dag2.py for tasks to queue
[2023-11-13T04:34:06.596+0000] {logging_mixin.py:154} INFO - [2023-11-13T04:34:06.596+0000] {dagbag.py:536} INFO - Filling up the DagBag from /opt/airflow/dags/dag2.py
[2023-11-13T04:34:07.244+0000] {processor.py:839} INFO - DAG(s) dict_keys(['sql_excel']) retrieved from /opt/airflow/dags/dag2.py
[2023-11-13T04:34:07.299+0000] {logging_mixin.py:154} INFO - [2023-11-13T04:34:07.299+0000] {dag.py:2941} INFO - Sync 1 DAGs
[2023-11-13T04:34:07.339+0000] {logging_mixin.py:154} INFO - [2023-11-13T04:34:07.338+0000] {dag.py:3722} INFO - Setting next_dagrun for sql_excel to 2023-10-30T00:00:00+00:00, run_after=2023-10-31T00:00:00+00:00
[2023-11-13T04:34:07.924+0000] {processor.py:179} INFO - Processing /opt/airflow/dags/dag2.py took 1.336 seconds
[2023-11-13T04:34:38.946+0000] {processor.py:157} INFO - Started process (PID=822) to work on /opt/airflow/dags/dag2.py
[2023-11-13T04:34:38.948+0000] {processor.py:829} INFO - Processing file /opt/airflow/dags/dag2.py for tasks to queue
[2023-11-13T04:34:38.950+0000] {logging_mixin.py:154} INFO - [2023-11-13T04:34:38.949+0000] {dagbag.py:536} INFO - Filling up the DagBag from /opt/airflow/dags/dag2.py
[2023-11-13T04:34:39.563+0000] {processor.py:839} INFO - DAG(s) dict_keys(['sql_excel']) retrieved from /opt/airflow/dags/dag2.py
[2023-11-13T04:34:39.615+0000] {logging_mixin.py:154} INFO - [2023-11-13T04:34:39.614+0000] {dag.py:2941} INFO - Sync 1 DAGs
[2023-11-13T04:34:39.651+0000] {logging_mixin.py:154} INFO - [2023-11-13T04:34:39.651+0000] {dag.py:3722} INFO - Setting next_dagrun for sql_excel to 2023-10-30T00:00:00+00:00, run_after=2023-10-31T00:00:00+00:00
[2023-11-13T04:34:39.852+0000] {processor.py:179} INFO - Processing /opt/airflow/dags/dag2.py took 0.910 seconds
[2023-11-13T04:35:11.063+0000] {processor.py:157} INFO - Started process (PID=829) to work on /opt/airflow/dags/dag2.py
[2023-11-13T04:35:11.065+0000] {processor.py:829} INFO - Processing file /opt/airflow/dags/dag2.py for tasks to queue
[2023-11-13T04:35:11.067+0000] {logging_mixin.py:154} INFO - [2023-11-13T04:35:11.066+0000] {dagbag.py:536} INFO - Filling up the DagBag from /opt/airflow/dags/dag2.py
[2023-11-13T04:35:11.774+0000] {processor.py:839} INFO - DAG(s) dict_keys(['sql_excel']) retrieved from /opt/airflow/dags/dag2.py
[2023-11-13T04:35:11.829+0000] {logging_mixin.py:154} INFO - [2023-11-13T04:35:11.829+0000] {dag.py:2941} INFO - Sync 1 DAGs
[2023-11-13T04:35:11.873+0000] {logging_mixin.py:154} INFO - [2023-11-13T04:35:11.873+0000] {dag.py:3722} INFO - Setting next_dagrun for sql_excel to 2023-10-30T00:00:00+00:00, run_after=2023-10-31T00:00:00+00:00
[2023-11-13T04:35:12.055+0000] {processor.py:179} INFO - Processing /opt/airflow/dags/dag2.py took 0.996 seconds
[2023-11-13T04:35:42.544+0000] {processor.py:157} INFO - Started process (PID=836) to work on /opt/airflow/dags/dag2.py
[2023-11-13T04:35:42.545+0000] {processor.py:829} INFO - Processing file /opt/airflow/dags/dag2.py for tasks to queue
[2023-11-13T04:35:42.547+0000] {logging_mixin.py:154} INFO - [2023-11-13T04:35:42.547+0000] {dagbag.py:536} INFO - Filling up the DagBag from /opt/airflow/dags/dag2.py
[2023-11-13T04:35:43.160+0000] {processor.py:839} INFO - DAG(s) dict_keys(['sql_excel']) retrieved from /opt/airflow/dags/dag2.py
[2023-11-13T04:35:43.212+0000] {logging_mixin.py:154} INFO - [2023-11-13T04:35:43.211+0000] {dag.py:2941} INFO - Sync 1 DAGs
[2023-11-13T04:35:43.250+0000] {logging_mixin.py:154} INFO - [2023-11-13T04:35:43.250+0000] {dag.py:3722} INFO - Setting next_dagrun for sql_excel to 2023-10-30T00:00:00+00:00, run_after=2023-10-31T00:00:00+00:00
[2023-11-13T04:35:43.473+0000] {processor.py:179} INFO - Processing /opt/airflow/dags/dag2.py took 0.934 seconds
[2023-11-13T04:36:14.330+0000] {processor.py:157} INFO - Started process (PID=843) to work on /opt/airflow/dags/dag2.py
[2023-11-13T04:36:14.332+0000] {processor.py:829} INFO - Processing file /opt/airflow/dags/dag2.py for tasks to queue
[2023-11-13T04:36:14.334+0000] {logging_mixin.py:154} INFO - [2023-11-13T04:36:14.334+0000] {dagbag.py:536} INFO - Filling up the DagBag from /opt/airflow/dags/dag2.py
[2023-11-13T04:36:15.025+0000] {processor.py:839} INFO - DAG(s) dict_keys(['sql_excel']) retrieved from /opt/airflow/dags/dag2.py
[2023-11-13T04:36:15.081+0000] {logging_mixin.py:154} INFO - [2023-11-13T04:36:15.080+0000] {dag.py:2941} INFO - Sync 1 DAGs
[2023-11-13T04:36:15.124+0000] {logging_mixin.py:154} INFO - [2023-11-13T04:36:15.124+0000] {dag.py:3722} INFO - Setting next_dagrun for sql_excel to 2023-10-30T00:00:00+00:00, run_after=2023-10-31T00:00:00+00:00
[2023-11-13T04:36:15.310+0000] {processor.py:179} INFO - Processing /opt/airflow/dags/dag2.py took 0.984 seconds
[2023-11-13T04:36:46.276+0000] {processor.py:157} INFO - Started process (PID=850) to work on /opt/airflow/dags/dag2.py
[2023-11-13T04:36:46.278+0000] {processor.py:829} INFO - Processing file /opt/airflow/dags/dag2.py for tasks to queue
[2023-11-13T04:36:46.280+0000] {logging_mixin.py:154} INFO - [2023-11-13T04:36:46.280+0000] {dagbag.py:536} INFO - Filling up the DagBag from /opt/airflow/dags/dag2.py
[2023-11-13T04:36:46.985+0000] {processor.py:839} INFO - DAG(s) dict_keys(['sql_excel']) retrieved from /opt/airflow/dags/dag2.py
[2023-11-13T04:36:47.040+0000] {logging_mixin.py:154} INFO - [2023-11-13T04:36:47.039+0000] {dag.py:2941} INFO - Sync 1 DAGs
[2023-11-13T04:36:47.083+0000] {logging_mixin.py:154} INFO - [2023-11-13T04:36:47.083+0000] {dag.py:3722} INFO - Setting next_dagrun for sql_excel to 2023-10-30T00:00:00+00:00, run_after=2023-10-31T00:00:00+00:00
[2023-11-13T04:36:47.281+0000] {processor.py:179} INFO - Processing /opt/airflow/dags/dag2.py took 1.009 seconds
[2023-11-13T04:37:17.999+0000] {processor.py:157} INFO - Started process (PID=857) to work on /opt/airflow/dags/dag2.py
[2023-11-13T04:37:18.001+0000] {processor.py:829} INFO - Processing file /opt/airflow/dags/dag2.py for tasks to queue
[2023-11-13T04:37:18.003+0000] {logging_mixin.py:154} INFO - [2023-11-13T04:37:18.003+0000] {dagbag.py:536} INFO - Filling up the DagBag from /opt/airflow/dags/dag2.py
[2023-11-13T04:37:18.698+0000] {processor.py:839} INFO - DAG(s) dict_keys(['sql_excel']) retrieved from /opt/airflow/dags/dag2.py
[2023-11-13T04:37:18.748+0000] {logging_mixin.py:154} INFO - [2023-11-13T04:37:18.747+0000] {dag.py:2941} INFO - Sync 1 DAGs
[2023-11-13T04:37:18.793+0000] {logging_mixin.py:154} INFO - [2023-11-13T04:37:18.792+0000] {dag.py:3722} INFO - Setting next_dagrun for sql_excel to 2023-10-30T00:00:00+00:00, run_after=2023-10-31T00:00:00+00:00
[2023-11-13T04:37:18.996+0000] {processor.py:179} INFO - Processing /opt/airflow/dags/dag2.py took 1.001 seconds
[2023-11-13T04:37:53.291+0000] {processor.py:157} INFO - Started process (PID=871) to work on /opt/airflow/dags/dag2.py
[2023-11-13T04:37:53.292+0000] {processor.py:829} INFO - Processing file /opt/airflow/dags/dag2.py for tasks to queue
[2023-11-13T04:37:53.294+0000] {logging_mixin.py:154} INFO - [2023-11-13T04:37:53.294+0000] {dagbag.py:536} INFO - Filling up the DagBag from /opt/airflow/dags/dag2.py
[2023-11-13T04:37:53.793+0000] {processor.py:839} INFO - DAG(s) dict_keys(['sql_excel']) retrieved from /opt/airflow/dags/dag2.py
[2023-11-13T04:37:53.845+0000] {logging_mixin.py:154} INFO - [2023-11-13T04:37:53.844+0000] {dag.py:2941} INFO - Sync 1 DAGs
[2023-11-13T04:37:53.885+0000] {logging_mixin.py:154} INFO - [2023-11-13T04:37:53.885+0000] {dag.py:3722} INFO - Setting next_dagrun for sql_excel to 2023-10-30T00:00:00+00:00, run_after=2023-10-31T00:00:00+00:00
[2023-11-13T04:37:54.071+0000] {processor.py:179} INFO - Processing /opt/airflow/dags/dag2.py took 0.784 seconds
[2023-11-13T04:38:24.864+0000] {processor.py:157} INFO - Started process (PID=878) to work on /opt/airflow/dags/dag2.py
[2023-11-13T04:38:24.866+0000] {processor.py:829} INFO - Processing file /opt/airflow/dags/dag2.py for tasks to queue
[2023-11-13T04:38:24.868+0000] {logging_mixin.py:154} INFO - [2023-11-13T04:38:24.868+0000] {dagbag.py:536} INFO - Filling up the DagBag from /opt/airflow/dags/dag2.py
[2023-11-13T04:38:25.441+0000] {processor.py:839} INFO - DAG(s) dict_keys(['sql_excel']) retrieved from /opt/airflow/dags/dag2.py
[2023-11-13T04:38:25.497+0000] {logging_mixin.py:154} INFO - [2023-11-13T04:38:25.497+0000] {dag.py:2941} INFO - Sync 1 DAGs
[2023-11-13T04:38:25.543+0000] {logging_mixin.py:154} INFO - [2023-11-13T04:38:25.543+0000] {dag.py:3722} INFO - Setting next_dagrun for sql_excel to 2023-10-30T00:00:00+00:00, run_after=2023-10-31T00:00:00+00:00
[2023-11-13T04:38:25.719+0000] {processor.py:179} INFO - Processing /opt/airflow/dags/dag2.py took 0.860 seconds
[2023-11-13T04:38:57.044+0000] {processor.py:157} INFO - Started process (PID=885) to work on /opt/airflow/dags/dag2.py
[2023-11-13T04:38:57.046+0000] {processor.py:829} INFO - Processing file /opt/airflow/dags/dag2.py for tasks to queue
[2023-11-13T04:38:57.048+0000] {logging_mixin.py:154} INFO - [2023-11-13T04:38:57.048+0000] {dagbag.py:536} INFO - Filling up the DagBag from /opt/airflow/dags/dag2.py
[2023-11-13T04:38:57.560+0000] {processor.py:839} INFO - DAG(s) dict_keys(['sql_excel']) retrieved from /opt/airflow/dags/dag2.py
[2023-11-13T04:38:57.619+0000] {logging_mixin.py:154} INFO - [2023-11-13T04:38:57.618+0000] {dag.py:2941} INFO - Sync 1 DAGs
[2023-11-13T04:38:57.663+0000] {logging_mixin.py:154} INFO - [2023-11-13T04:38:57.663+0000] {dag.py:3722} INFO - Setting next_dagrun for sql_excel to 2023-10-30T00:00:00+00:00, run_after=2023-10-31T00:00:00+00:00
[2023-11-13T04:38:57.844+0000] {processor.py:179} INFO - Processing /opt/airflow/dags/dag2.py took 0.806 seconds
[2023-11-13T04:39:28.382+0000] {processor.py:157} INFO - Started process (PID=892) to work on /opt/airflow/dags/dag2.py
[2023-11-13T04:39:28.384+0000] {processor.py:829} INFO - Processing file /opt/airflow/dags/dag2.py for tasks to queue
[2023-11-13T04:39:28.386+0000] {logging_mixin.py:154} INFO - [2023-11-13T04:39:28.386+0000] {dagbag.py:536} INFO - Filling up the DagBag from /opt/airflow/dags/dag2.py
[2023-11-13T04:39:28.923+0000] {processor.py:839} INFO - DAG(s) dict_keys(['sql_excel']) retrieved from /opt/airflow/dags/dag2.py
[2023-11-13T04:39:28.980+0000] {logging_mixin.py:154} INFO - [2023-11-13T04:39:28.979+0000] {dag.py:2941} INFO - Sync 1 DAGs
[2023-11-13T04:39:29.027+0000] {logging_mixin.py:154} INFO - [2023-11-13T04:39:29.027+0000] {dag.py:3722} INFO - Setting next_dagrun for sql_excel to 2023-10-30T00:00:00+00:00, run_after=2023-10-31T00:00:00+00:00
[2023-11-13T04:39:29.206+0000] {processor.py:179} INFO - Processing /opt/airflow/dags/dag2.py took 0.828 seconds
[2023-11-13T04:39:59.357+0000] {processor.py:157} INFO - Started process (PID=899) to work on /opt/airflow/dags/dag2.py
[2023-11-13T04:39:59.359+0000] {processor.py:829} INFO - Processing file /opt/airflow/dags/dag2.py for tasks to queue
[2023-11-13T04:39:59.361+0000] {logging_mixin.py:154} INFO - [2023-11-13T04:39:59.361+0000] {dagbag.py:536} INFO - Filling up the DagBag from /opt/airflow/dags/dag2.py
[2023-11-13T04:39:59.819+0000] {processor.py:839} INFO - DAG(s) dict_keys(['sql_excel']) retrieved from /opt/airflow/dags/dag2.py
[2023-11-13T04:39:59.876+0000] {logging_mixin.py:154} INFO - [2023-11-13T04:39:59.875+0000] {dag.py:2941} INFO - Sync 1 DAGs
[2023-11-13T04:39:59.916+0000] {logging_mixin.py:154} INFO - [2023-11-13T04:39:59.915+0000] {dag.py:3722} INFO - Setting next_dagrun for sql_excel to 2023-10-30T00:00:00+00:00, run_after=2023-10-31T00:00:00+00:00
[2023-11-13T04:40:00.107+0000] {processor.py:179} INFO - Processing /opt/airflow/dags/dag2.py took 0.754 seconds
[2023-11-13T04:40:30.868+0000] {processor.py:157} INFO - Started process (PID=906) to work on /opt/airflow/dags/dag2.py
[2023-11-13T04:40:30.870+0000] {processor.py:829} INFO - Processing file /opt/airflow/dags/dag2.py for tasks to queue
[2023-11-13T04:40:30.872+0000] {logging_mixin.py:154} INFO - [2023-11-13T04:40:30.872+0000] {dagbag.py:536} INFO - Filling up the DagBag from /opt/airflow/dags/dag2.py
[2023-11-13T04:40:31.357+0000] {processor.py:839} INFO - DAG(s) dict_keys(['sql_excel']) retrieved from /opt/airflow/dags/dag2.py
[2023-11-13T04:40:31.411+0000] {logging_mixin.py:154} INFO - [2023-11-13T04:40:31.411+0000] {dag.py:2941} INFO - Sync 1 DAGs
[2023-11-13T04:40:31.453+0000] {logging_mixin.py:154} INFO - [2023-11-13T04:40:31.453+0000] {dag.py:3722} INFO - Setting next_dagrun for sql_excel to 2023-10-30T00:00:00+00:00, run_after=2023-10-31T00:00:00+00:00
[2023-11-13T04:40:31.643+0000] {processor.py:179} INFO - Processing /opt/airflow/dags/dag2.py took 0.779 seconds
[2023-11-13T04:41:02.241+0000] {processor.py:157} INFO - Started process (PID=913) to work on /opt/airflow/dags/dag2.py
[2023-11-13T04:41:02.243+0000] {processor.py:829} INFO - Processing file /opt/airflow/dags/dag2.py for tasks to queue
[2023-11-13T04:41:02.246+0000] {logging_mixin.py:154} INFO - [2023-11-13T04:41:02.245+0000] {dagbag.py:536} INFO - Filling up the DagBag from /opt/airflow/dags/dag2.py
[2023-11-13T04:41:02.801+0000] {processor.py:839} INFO - DAG(s) dict_keys(['sql_excel']) retrieved from /opt/airflow/dags/dag2.py
[2023-11-13T04:41:02.867+0000] {logging_mixin.py:154} INFO - [2023-11-13T04:41:02.866+0000] {dag.py:2941} INFO - Sync 1 DAGs
[2023-11-13T04:41:02.922+0000] {logging_mixin.py:154} INFO - [2023-11-13T04:41:02.922+0000] {dag.py:3722} INFO - Setting next_dagrun for sql_excel to 2023-10-30T00:00:00+00:00, run_after=2023-10-31T00:00:00+00:00
[2023-11-13T04:41:03.127+0000] {processor.py:179} INFO - Processing /opt/airflow/dags/dag2.py took 0.890 seconds
[2023-11-13T04:41:34.014+0000] {processor.py:157} INFO - Started process (PID=922) to work on /opt/airflow/dags/dag2.py
[2023-11-13T04:41:34.016+0000] {processor.py:829} INFO - Processing file /opt/airflow/dags/dag2.py for tasks to queue
[2023-11-13T04:41:34.018+0000] {logging_mixin.py:154} INFO - [2023-11-13T04:41:34.018+0000] {dagbag.py:536} INFO - Filling up the DagBag from /opt/airflow/dags/dag2.py
[2023-11-13T04:41:34.493+0000] {processor.py:839} INFO - DAG(s) dict_keys(['sql_excel']) retrieved from /opt/airflow/dags/dag2.py
[2023-11-13T04:41:34.548+0000] {logging_mixin.py:154} INFO - [2023-11-13T04:41:34.547+0000] {dag.py:2941} INFO - Sync 1 DAGs
[2023-11-13T04:41:34.587+0000] {logging_mixin.py:154} INFO - [2023-11-13T04:41:34.587+0000] {dag.py:3722} INFO - Setting next_dagrun for sql_excel to 2023-10-30T00:00:00+00:00, run_after=2023-10-31T00:00:00+00:00
[2023-11-13T04:41:34.774+0000] {processor.py:179} INFO - Processing /opt/airflow/dags/dag2.py took 0.764 seconds
[2023-11-13T04:42:05.751+0000] {processor.py:157} INFO - Started process (PID=929) to work on /opt/airflow/dags/dag2.py
[2023-11-13T04:42:05.753+0000] {processor.py:829} INFO - Processing file /opt/airflow/dags/dag2.py for tasks to queue
[2023-11-13T04:42:05.755+0000] {logging_mixin.py:154} INFO - [2023-11-13T04:42:05.755+0000] {dagbag.py:536} INFO - Filling up the DagBag from /opt/airflow/dags/dag2.py
[2023-11-13T04:42:06.205+0000] {processor.py:839} INFO - DAG(s) dict_keys(['sql_excel']) retrieved from /opt/airflow/dags/dag2.py
[2023-11-13T04:42:06.255+0000] {logging_mixin.py:154} INFO - [2023-11-13T04:42:06.255+0000] {dag.py:2941} INFO - Sync 1 DAGs
[2023-11-13T04:42:06.293+0000] {logging_mixin.py:154} INFO - [2023-11-13T04:42:06.293+0000] {dag.py:3722} INFO - Setting next_dagrun for sql_excel to 2023-10-30T00:00:00+00:00, run_after=2023-10-31T00:00:00+00:00
[2023-11-13T04:42:06.468+0000] {processor.py:179} INFO - Processing /opt/airflow/dags/dag2.py took 0.721 seconds
[2023-11-13T04:42:37.130+0000] {processor.py:157} INFO - Started process (PID=936) to work on /opt/airflow/dags/dag2.py
[2023-11-13T04:42:37.132+0000] {processor.py:829} INFO - Processing file /opt/airflow/dags/dag2.py for tasks to queue
[2023-11-13T04:42:37.134+0000] {logging_mixin.py:154} INFO - [2023-11-13T04:42:37.134+0000] {dagbag.py:536} INFO - Filling up the DagBag from /opt/airflow/dags/dag2.py
[2023-11-13T04:42:37.634+0000] {processor.py:839} INFO - DAG(s) dict_keys(['sql_excel']) retrieved from /opt/airflow/dags/dag2.py
[2023-11-13T04:42:37.690+0000] {logging_mixin.py:154} INFO - [2023-11-13T04:42:37.689+0000] {dag.py:2941} INFO - Sync 1 DAGs
[2023-11-13T04:42:37.729+0000] {logging_mixin.py:154} INFO - [2023-11-13T04:42:37.729+0000] {dag.py:3722} INFO - Setting next_dagrun for sql_excel to 2023-10-30T00:00:00+00:00, run_after=2023-10-31T00:00:00+00:00
[2023-11-13T04:42:37.920+0000] {processor.py:179} INFO - Processing /opt/airflow/dags/dag2.py took 0.794 seconds
[2023-11-13T04:43:08.581+0000] {processor.py:157} INFO - Started process (PID=943) to work on /opt/airflow/dags/dag2.py
[2023-11-13T04:43:08.583+0000] {processor.py:829} INFO - Processing file /opt/airflow/dags/dag2.py for tasks to queue
[2023-11-13T04:43:08.586+0000] {logging_mixin.py:154} INFO - [2023-11-13T04:43:08.585+0000] {dagbag.py:536} INFO - Filling up the DagBag from /opt/airflow/dags/dag2.py
[2023-11-13T04:43:09.215+0000] {processor.py:839} INFO - DAG(s) dict_keys(['sql_excel']) retrieved from /opt/airflow/dags/dag2.py
[2023-11-13T04:43:09.287+0000] {logging_mixin.py:154} INFO - [2023-11-13T04:43:09.286+0000] {dag.py:2941} INFO - Sync 1 DAGs
[2023-11-13T04:43:09.334+0000] {logging_mixin.py:154} INFO - [2023-11-13T04:43:09.334+0000] {dag.py:3722} INFO - Setting next_dagrun for sql_excel to 2023-10-30T00:00:00+00:00, run_after=2023-10-31T00:00:00+00:00
[2023-11-13T04:43:09.526+0000] {processor.py:179} INFO - Processing /opt/airflow/dags/dag2.py took 0.949 seconds
[2023-11-13T04:43:40.238+0000] {processor.py:157} INFO - Started process (PID=950) to work on /opt/airflow/dags/dag2.py
[2023-11-13T04:43:40.240+0000] {processor.py:829} INFO - Processing file /opt/airflow/dags/dag2.py for tasks to queue
[2023-11-13T04:43:40.242+0000] {logging_mixin.py:154} INFO - [2023-11-13T04:43:40.242+0000] {dagbag.py:536} INFO - Filling up the DagBag from /opt/airflow/dags/dag2.py
[2023-11-13T04:43:40.749+0000] {processor.py:839} INFO - DAG(s) dict_keys(['sql_excel']) retrieved from /opt/airflow/dags/dag2.py
[2023-11-13T04:43:40.802+0000] {logging_mixin.py:154} INFO - [2023-11-13T04:43:40.801+0000] {dag.py:2941} INFO - Sync 1 DAGs
[2023-11-13T04:43:40.841+0000] {logging_mixin.py:154} INFO - [2023-11-13T04:43:40.841+0000] {dag.py:3722} INFO - Setting next_dagrun for sql_excel to 2023-10-30T00:00:00+00:00, run_after=2023-10-31T00:00:00+00:00
[2023-11-13T04:43:41.035+0000] {processor.py:179} INFO - Processing /opt/airflow/dags/dag2.py took 0.801 seconds
[2023-11-13T04:44:11.838+0000] {processor.py:157} INFO - Started process (PID=957) to work on /opt/airflow/dags/dag2.py
[2023-11-13T04:44:11.839+0000] {processor.py:829} INFO - Processing file /opt/airflow/dags/dag2.py for tasks to queue
[2023-11-13T04:44:11.841+0000] {logging_mixin.py:154} INFO - [2023-11-13T04:44:11.841+0000] {dagbag.py:536} INFO - Filling up the DagBag from /opt/airflow/dags/dag2.py
[2023-11-13T04:44:12.311+0000] {processor.py:839} INFO - DAG(s) dict_keys(['sql_excel']) retrieved from /opt/airflow/dags/dag2.py
[2023-11-13T04:44:12.362+0000] {logging_mixin.py:154} INFO - [2023-11-13T04:44:12.362+0000] {dag.py:2941} INFO - Sync 1 DAGs
[2023-11-13T04:44:12.407+0000] {logging_mixin.py:154} INFO - [2023-11-13T04:44:12.406+0000] {dag.py:3722} INFO - Setting next_dagrun for sql_excel to 2023-10-30T00:00:00+00:00, run_after=2023-10-31T00:00:00+00:00
[2023-11-13T04:44:12.608+0000] {processor.py:179} INFO - Processing /opt/airflow/dags/dag2.py took 0.775 seconds
[2023-11-13T04:44:43.402+0000] {processor.py:157} INFO - Started process (PID=964) to work on /opt/airflow/dags/dag2.py
[2023-11-13T04:44:43.404+0000] {processor.py:829} INFO - Processing file /opt/airflow/dags/dag2.py for tasks to queue
[2023-11-13T04:44:43.407+0000] {logging_mixin.py:154} INFO - [2023-11-13T04:44:43.406+0000] {dagbag.py:536} INFO - Filling up the DagBag from /opt/airflow/dags/dag2.py
[2023-11-13T04:44:43.904+0000] {processor.py:839} INFO - DAG(s) dict_keys(['sql_excel']) retrieved from /opt/airflow/dags/dag2.py
[2023-11-13T04:44:43.964+0000] {logging_mixin.py:154} INFO - [2023-11-13T04:44:43.963+0000] {dag.py:2941} INFO - Sync 1 DAGs
[2023-11-13T04:44:44.016+0000] {logging_mixin.py:154} INFO - [2023-11-13T04:44:44.016+0000] {dag.py:3722} INFO - Setting next_dagrun for sql_excel to 2023-10-30T00:00:00+00:00, run_after=2023-10-31T00:00:00+00:00
[2023-11-13T04:44:44.206+0000] {processor.py:179} INFO - Processing /opt/airflow/dags/dag2.py took 0.809 seconds
[2023-11-13T04:45:14.686+0000] {processor.py:157} INFO - Started process (PID=971) to work on /opt/airflow/dags/dag2.py
[2023-11-13T04:45:14.688+0000] {processor.py:829} INFO - Processing file /opt/airflow/dags/dag2.py for tasks to queue
[2023-11-13T04:45:14.690+0000] {logging_mixin.py:154} INFO - [2023-11-13T04:45:14.689+0000] {dagbag.py:536} INFO - Filling up the DagBag from /opt/airflow/dags/dag2.py
[2023-11-13T04:45:15.206+0000] {processor.py:839} INFO - DAG(s) dict_keys(['sql_excel']) retrieved from /opt/airflow/dags/dag2.py
[2023-11-13T04:45:15.311+0000] {logging_mixin.py:154} INFO - [2023-11-13T04:45:15.310+0000] {dag.py:2941} INFO - Sync 1 DAGs
[2023-11-13T04:45:15.368+0000] {logging_mixin.py:154} INFO - [2023-11-13T04:45:15.367+0000] {dag.py:3722} INFO - Setting next_dagrun for sql_excel to 2023-10-30T00:00:00+00:00, run_after=2023-10-31T00:00:00+00:00
[2023-11-13T04:45:15.563+0000] {processor.py:179} INFO - Processing /opt/airflow/dags/dag2.py took 0.882 seconds
[2023-11-13T04:45:46.215+0000] {processor.py:157} INFO - Started process (PID=983) to work on /opt/airflow/dags/dag2.py
[2023-11-13T04:45:46.216+0000] {processor.py:829} INFO - Processing file /opt/airflow/dags/dag2.py for tasks to queue
[2023-11-13T04:45:46.218+0000] {logging_mixin.py:154} INFO - [2023-11-13T04:45:46.218+0000] {dagbag.py:536} INFO - Filling up the DagBag from /opt/airflow/dags/dag2.py
[2023-11-13T04:45:46.740+0000] {processor.py:839} INFO - DAG(s) dict_keys(['sql_excel']) retrieved from /opt/airflow/dags/dag2.py
[2023-11-13T04:45:46.794+0000] {logging_mixin.py:154} INFO - [2023-11-13T04:45:46.792+0000] {dag.py:2941} INFO - Sync 1 DAGs
[2023-11-13T04:45:46.850+0000] {logging_mixin.py:154} INFO - [2023-11-13T04:45:46.849+0000] {dag.py:3722} INFO - Setting next_dagrun for sql_excel to 2023-10-30T00:00:00+00:00, run_after=2023-10-31T00:00:00+00:00
[2023-11-13T04:45:47.010+0000] {processor.py:179} INFO - Processing /opt/airflow/dags/dag2.py took 0.799 seconds
[2023-11-13T04:46:17.434+0000] {processor.py:157} INFO - Started process (PID=993) to work on /opt/airflow/dags/dag2.py
[2023-11-13T04:46:17.435+0000] {processor.py:829} INFO - Processing file /opt/airflow/dags/dag2.py for tasks to queue
[2023-11-13T04:46:17.437+0000] {logging_mixin.py:154} INFO - [2023-11-13T04:46:17.437+0000] {dagbag.py:536} INFO - Filling up the DagBag from /opt/airflow/dags/dag2.py
[2023-11-13T04:46:17.898+0000] {processor.py:839} INFO - DAG(s) dict_keys(['sql_excel']) retrieved from /opt/airflow/dags/dag2.py
[2023-11-13T04:46:17.950+0000] {logging_mixin.py:154} INFO - [2023-11-13T04:46:17.950+0000] {dag.py:2941} INFO - Sync 1 DAGs
[2023-11-13T04:46:17.992+0000] {logging_mixin.py:154} INFO - [2023-11-13T04:46:17.991+0000] {dag.py:3722} INFO - Setting next_dagrun for sql_excel to 2023-10-30T00:00:00+00:00, run_after=2023-10-31T00:00:00+00:00
[2023-11-13T04:46:18.182+0000] {processor.py:179} INFO - Processing /opt/airflow/dags/dag2.py took 0.753 seconds
[2023-11-13T04:46:48.764+0000] {processor.py:157} INFO - Started process (PID=1000) to work on /opt/airflow/dags/dag2.py
[2023-11-13T04:46:48.766+0000] {processor.py:829} INFO - Processing file /opt/airflow/dags/dag2.py for tasks to queue
[2023-11-13T04:46:48.768+0000] {logging_mixin.py:154} INFO - [2023-11-13T04:46:48.767+0000] {dagbag.py:536} INFO - Filling up the DagBag from /opt/airflow/dags/dag2.py
[2023-11-13T04:46:49.267+0000] {processor.py:839} INFO - DAG(s) dict_keys(['sql_excel']) retrieved from /opt/airflow/dags/dag2.py
[2023-11-13T04:46:49.324+0000] {logging_mixin.py:154} INFO - [2023-11-13T04:46:49.323+0000] {dag.py:2941} INFO - Sync 1 DAGs
[2023-11-13T04:46:49.367+0000] {logging_mixin.py:154} INFO - [2023-11-13T04:46:49.366+0000] {dag.py:3722} INFO - Setting next_dagrun for sql_excel to 2023-10-30T00:00:00+00:00, run_after=2023-10-31T00:00:00+00:00
[2023-11-13T04:46:49.552+0000] {processor.py:179} INFO - Processing /opt/airflow/dags/dag2.py took 0.793 seconds
[2023-11-13T04:47:20.333+0000] {processor.py:157} INFO - Started process (PID=1007) to work on /opt/airflow/dags/dag2.py
[2023-11-13T04:47:20.336+0000] {processor.py:829} INFO - Processing file /opt/airflow/dags/dag2.py for tasks to queue
[2023-11-13T04:47:20.338+0000] {logging_mixin.py:154} INFO - [2023-11-13T04:47:20.337+0000] {dagbag.py:536} INFO - Filling up the DagBag from /opt/airflow/dags/dag2.py
[2023-11-13T04:47:20.849+0000] {processor.py:839} INFO - DAG(s) dict_keys(['sql_excel']) retrieved from /opt/airflow/dags/dag2.py
[2023-11-13T04:47:20.908+0000] {logging_mixin.py:154} INFO - [2023-11-13T04:47:20.908+0000] {dag.py:2941} INFO - Sync 1 DAGs
[2023-11-13T04:47:20.953+0000] {logging_mixin.py:154} INFO - [2023-11-13T04:47:20.952+0000] {dag.py:3722} INFO - Setting next_dagrun for sql_excel to 2023-10-30T00:00:00+00:00, run_after=2023-10-31T00:00:00+00:00
[2023-11-13T04:47:21.127+0000] {processor.py:179} INFO - Processing /opt/airflow/dags/dag2.py took 0.797 seconds
[2023-11-13T04:48:12.336+0000] {processor.py:157} INFO - Started process (PID=1073) to work on /opt/airflow/dags/dag2.py
[2023-11-13T04:48:12.338+0000] {processor.py:829} INFO - Processing file /opt/airflow/dags/dag2.py for tasks to queue
[2023-11-13T04:48:12.340+0000] {logging_mixin.py:154} INFO - [2023-11-13T04:48:12.339+0000] {dagbag.py:536} INFO - Filling up the DagBag from /opt/airflow/dags/dag2.py
[2023-11-13T04:48:12.811+0000] {processor.py:839} INFO - DAG(s) dict_keys(['sql_excel']) retrieved from /opt/airflow/dags/dag2.py
[2023-11-13T04:48:12.863+0000] {logging_mixin.py:154} INFO - [2023-11-13T04:48:12.863+0000] {dag.py:2941} INFO - Sync 1 DAGs
[2023-11-13T04:48:12.903+0000] {logging_mixin.py:154} INFO - [2023-11-13T04:48:12.903+0000] {dag.py:3722} INFO - Setting next_dagrun for sql_excel to 2023-10-30T00:00:00+00:00, run_after=2023-10-31T00:00:00+00:00
[2023-11-13T04:48:13.082+0000] {processor.py:179} INFO - Processing /opt/airflow/dags/dag2.py took 0.750 seconds
[2023-11-13T04:48:44.092+0000] {processor.py:157} INFO - Started process (PID=1080) to work on /opt/airflow/dags/dag2.py
[2023-11-13T04:48:44.094+0000] {processor.py:829} INFO - Processing file /opt/airflow/dags/dag2.py for tasks to queue
[2023-11-13T04:48:44.096+0000] {logging_mixin.py:154} INFO - [2023-11-13T04:48:44.095+0000] {dagbag.py:536} INFO - Filling up the DagBag from /opt/airflow/dags/dag2.py
[2023-11-13T04:48:44.648+0000] {processor.py:839} INFO - DAG(s) dict_keys(['sql_excel']) retrieved from /opt/airflow/dags/dag2.py
[2023-11-13T04:48:44.708+0000] {logging_mixin.py:154} INFO - [2023-11-13T04:48:44.708+0000] {dag.py:2941} INFO - Sync 1 DAGs
[2023-11-13T04:48:44.757+0000] {logging_mixin.py:154} INFO - [2023-11-13T04:48:44.757+0000] {dag.py:3722} INFO - Setting next_dagrun for sql_excel to 2023-10-30T00:00:00+00:00, run_after=2023-10-31T00:00:00+00:00
[2023-11-13T04:48:44.957+0000] {processor.py:179} INFO - Processing /opt/airflow/dags/dag2.py took 0.868 seconds
[2023-11-13T04:49:16.189+0000] {processor.py:157} INFO - Started process (PID=1087) to work on /opt/airflow/dags/dag2.py
[2023-11-13T04:49:16.191+0000] {processor.py:829} INFO - Processing file /opt/airflow/dags/dag2.py for tasks to queue
[2023-11-13T04:49:16.193+0000] {logging_mixin.py:154} INFO - [2023-11-13T04:49:16.193+0000] {dagbag.py:536} INFO - Filling up the DagBag from /opt/airflow/dags/dag2.py
[2023-11-13T04:49:16.665+0000] {processor.py:839} INFO - DAG(s) dict_keys(['sql_excel']) retrieved from /opt/airflow/dags/dag2.py
[2023-11-13T04:49:16.717+0000] {logging_mixin.py:154} INFO - [2023-11-13T04:49:16.716+0000] {dag.py:2941} INFO - Sync 1 DAGs
[2023-11-13T04:49:16.762+0000] {logging_mixin.py:154} INFO - [2023-11-13T04:49:16.761+0000] {dag.py:3722} INFO - Setting next_dagrun for sql_excel to 2023-10-30T00:00:00+00:00, run_after=2023-10-31T00:00:00+00:00
[2023-11-13T04:49:16.966+0000] {processor.py:179} INFO - Processing /opt/airflow/dags/dag2.py took 0.781 seconds
[2023-11-13T04:49:47.713+0000] {processor.py:157} INFO - Started process (PID=1094) to work on /opt/airflow/dags/dag2.py
[2023-11-13T04:49:47.715+0000] {processor.py:829} INFO - Processing file /opt/airflow/dags/dag2.py for tasks to queue
[2023-11-13T04:49:47.717+0000] {logging_mixin.py:154} INFO - [2023-11-13T04:49:47.716+0000] {dagbag.py:536} INFO - Filling up the DagBag from /opt/airflow/dags/dag2.py
[2023-11-13T04:49:48.255+0000] {processor.py:839} INFO - DAG(s) dict_keys(['sql_excel']) retrieved from /opt/airflow/dags/dag2.py
[2023-11-13T04:49:48.308+0000] {logging_mixin.py:154} INFO - [2023-11-13T04:49:48.307+0000] {dag.py:2941} INFO - Sync 1 DAGs
[2023-11-13T04:49:48.356+0000] {logging_mixin.py:154} INFO - [2023-11-13T04:49:48.355+0000] {dag.py:3722} INFO - Setting next_dagrun for sql_excel to 2023-10-30T00:00:00+00:00, run_after=2023-10-31T00:00:00+00:00
[2023-11-13T04:49:48.544+0000] {processor.py:179} INFO - Processing /opt/airflow/dags/dag2.py took 0.836 seconds
[2023-11-13T04:50:19.532+0000] {processor.py:157} INFO - Started process (PID=1101) to work on /opt/airflow/dags/dag2.py
[2023-11-13T04:50:19.534+0000] {processor.py:829} INFO - Processing file /opt/airflow/dags/dag2.py for tasks to queue
[2023-11-13T04:50:19.536+0000] {logging_mixin.py:154} INFO - [2023-11-13T04:50:19.535+0000] {dagbag.py:536} INFO - Filling up the DagBag from /opt/airflow/dags/dag2.py
[2023-11-13T04:50:20.077+0000] {processor.py:839} INFO - DAG(s) dict_keys(['sql_excel']) retrieved from /opt/airflow/dags/dag2.py
[2023-11-13T04:50:20.133+0000] {logging_mixin.py:154} INFO - [2023-11-13T04:50:20.133+0000] {dag.py:2941} INFO - Sync 1 DAGs
[2023-11-13T04:50:20.174+0000] {logging_mixin.py:154} INFO - [2023-11-13T04:50:20.174+0000] {dag.py:3722} INFO - Setting next_dagrun for sql_excel to 2023-10-30T00:00:00+00:00, run_after=2023-10-31T00:00:00+00:00
[2023-11-13T04:50:20.351+0000] {processor.py:179} INFO - Processing /opt/airflow/dags/dag2.py took 0.824 seconds
[2023-11-13T04:50:51.159+0000] {processor.py:157} INFO - Started process (PID=1108) to work on /opt/airflow/dags/dag2.py
[2023-11-13T04:50:51.160+0000] {processor.py:829} INFO - Processing file /opt/airflow/dags/dag2.py for tasks to queue
[2023-11-13T04:50:51.162+0000] {logging_mixin.py:154} INFO - [2023-11-13T04:50:51.162+0000] {dagbag.py:536} INFO - Filling up the DagBag from /opt/airflow/dags/dag2.py
[2023-11-13T04:50:51.646+0000] {processor.py:839} INFO - DAG(s) dict_keys(['sql_excel']) retrieved from /opt/airflow/dags/dag2.py
[2023-11-13T04:50:51.705+0000] {logging_mixin.py:154} INFO - [2023-11-13T04:50:51.704+0000] {dag.py:2941} INFO - Sync 1 DAGs
[2023-11-13T04:50:51.752+0000] {logging_mixin.py:154} INFO - [2023-11-13T04:50:51.751+0000] {dag.py:3722} INFO - Setting next_dagrun for sql_excel to 2023-10-30T00:00:00+00:00, run_after=2023-10-31T00:00:00+00:00
[2023-11-13T04:50:52.035+0000] {processor.py:179} INFO - Processing /opt/airflow/dags/dag2.py took 0.881 seconds
[2023-11-13T04:51:22.819+0000] {processor.py:157} INFO - Started process (PID=1115) to work on /opt/airflow/dags/dag2.py
[2023-11-13T04:51:22.821+0000] {processor.py:829} INFO - Processing file /opt/airflow/dags/dag2.py for tasks to queue
[2023-11-13T04:51:22.823+0000] {logging_mixin.py:154} INFO - [2023-11-13T04:51:22.822+0000] {dagbag.py:536} INFO - Filling up the DagBag from /opt/airflow/dags/dag2.py
[2023-11-13T04:51:23.406+0000] {processor.py:839} INFO - DAG(s) dict_keys(['sql_excel']) retrieved from /opt/airflow/dags/dag2.py
[2023-11-13T04:51:23.466+0000] {logging_mixin.py:154} INFO - [2023-11-13T04:51:23.466+0000] {dag.py:2941} INFO - Sync 1 DAGs
[2023-11-13T04:51:23.520+0000] {logging_mixin.py:154} INFO - [2023-11-13T04:51:23.520+0000] {dag.py:3722} INFO - Setting next_dagrun for sql_excel to 2023-10-30T00:00:00+00:00, run_after=2023-10-31T00:00:00+00:00
[2023-11-13T04:51:23.714+0000] {processor.py:179} INFO - Processing /opt/airflow/dags/dag2.py took 0.899 seconds
[2023-11-13T04:51:54.698+0000] {processor.py:157} INFO - Started process (PID=1122) to work on /opt/airflow/dags/dag2.py
[2023-11-13T04:51:54.700+0000] {processor.py:829} INFO - Processing file /opt/airflow/dags/dag2.py for tasks to queue
[2023-11-13T04:51:54.702+0000] {logging_mixin.py:154} INFO - [2023-11-13T04:51:54.702+0000] {dagbag.py:536} INFO - Filling up the DagBag from /opt/airflow/dags/dag2.py
[2023-11-13T04:51:55.163+0000] {processor.py:839} INFO - DAG(s) dict_keys(['sql_excel']) retrieved from /opt/airflow/dags/dag2.py
[2023-11-13T04:51:55.214+0000] {logging_mixin.py:154} INFO - [2023-11-13T04:51:55.213+0000] {dag.py:2941} INFO - Sync 1 DAGs
[2023-11-13T04:51:55.256+0000] {logging_mixin.py:154} INFO - [2023-11-13T04:51:55.256+0000] {dag.py:3722} INFO - Setting next_dagrun for sql_excel to 2023-10-30T00:00:00+00:00, run_after=2023-10-31T00:00:00+00:00
[2023-11-13T04:51:55.428+0000] {processor.py:179} INFO - Processing /opt/airflow/dags/dag2.py took 0.735 seconds
[2023-11-13T04:52:25.840+0000] {processor.py:157} INFO - Started process (PID=1129) to work on /opt/airflow/dags/dag2.py
[2023-11-13T04:52:25.842+0000] {processor.py:829} INFO - Processing file /opt/airflow/dags/dag2.py for tasks to queue
[2023-11-13T04:52:25.844+0000] {logging_mixin.py:154} INFO - [2023-11-13T04:52:25.844+0000] {dagbag.py:536} INFO - Filling up the DagBag from /opt/airflow/dags/dag2.py
[2023-11-13T04:52:26.321+0000] {processor.py:839} INFO - DAG(s) dict_keys(['sql_excel']) retrieved from /opt/airflow/dags/dag2.py
[2023-11-13T04:52:26.379+0000] {logging_mixin.py:154} INFO - [2023-11-13T04:52:26.378+0000] {dag.py:2941} INFO - Sync 1 DAGs
[2023-11-13T04:52:26.426+0000] {logging_mixin.py:154} INFO - [2023-11-13T04:52:26.425+0000] {dag.py:3722} INFO - Setting next_dagrun for sql_excel to 2023-10-30T00:00:00+00:00, run_after=2023-10-31T00:00:00+00:00
[2023-11-13T04:52:26.620+0000] {processor.py:179} INFO - Processing /opt/airflow/dags/dag2.py took 0.788 seconds
[2023-11-13T04:52:57.520+0000] {processor.py:157} INFO - Started process (PID=1136) to work on /opt/airflow/dags/dag2.py
[2023-11-13T04:52:57.522+0000] {processor.py:829} INFO - Processing file /opt/airflow/dags/dag2.py for tasks to queue
[2023-11-13T04:52:57.526+0000] {logging_mixin.py:154} INFO - [2023-11-13T04:52:57.525+0000] {dagbag.py:536} INFO - Filling up the DagBag from /opt/airflow/dags/dag2.py
[2023-11-13T04:52:58.049+0000] {processor.py:839} INFO - DAG(s) dict_keys(['sql_excel']) retrieved from /opt/airflow/dags/dag2.py
[2023-11-13T04:52:58.107+0000] {logging_mixin.py:154} INFO - [2023-11-13T04:52:58.105+0000] {dag.py:2941} INFO - Sync 1 DAGs
[2023-11-13T04:52:58.161+0000] {logging_mixin.py:154} INFO - [2023-11-13T04:52:58.160+0000] {dag.py:3722} INFO - Setting next_dagrun for sql_excel to 2023-10-30T00:00:00+00:00, run_after=2023-10-31T00:00:00+00:00
[2023-11-13T04:52:58.346+0000] {processor.py:179} INFO - Processing /opt/airflow/dags/dag2.py took 0.834 seconds
