[2023-11-13T04:07:10.937+0000] {processor.py:157} INFO - Started process (PID=208) to work on /opt/airflow/dags/welcome_dag.py
[2023-11-13T04:07:10.939+0000] {processor.py:829} INFO - Processing file /opt/airflow/dags/welcome_dag.py for tasks to queue
[2023-11-13T04:07:10.941+0000] {logging_mixin.py:154} INFO - [2023-11-13T04:07:10.941+0000] {dagbag.py:536} INFO - Filling up the DagBag from /opt/airflow/dags/welcome_dag.py
[2023-11-13T04:07:11.009+0000] {processor.py:839} INFO - DAG(s) dict_keys(['welcome_dag']) retrieved from /opt/airflow/dags/welcome_dag.py
[2023-11-13T04:07:11.512+0000] {logging_mixin.py:154} INFO - [2023-11-13T04:07:11.512+0000] {manager.py:499} INFO - Created Permission View: %s
[2023-11-13T04:07:11.742+0000] {logging_mixin.py:154} INFO - [2023-11-13T04:07:11.741+0000] {manager.py:499} INFO - Created Permission View: %s
[2023-11-13T04:07:11.871+0000] {logging_mixin.py:154} INFO - [2023-11-13T04:07:11.870+0000] {manager.py:499} INFO - Created Permission View: %s
[2023-11-13T04:07:11.872+0000] {logging_mixin.py:154} INFO - [2023-11-13T04:07:11.872+0000] {dag.py:2941} INFO - Sync 1 DAGs
[2023-11-13T04:07:11.972+0000] {logging_mixin.py:154} INFO - [2023-11-13T04:07:11.972+0000] {dag.py:2963} INFO - Creating ORM DAG for welcome_dag
[2023-11-13T04:07:12.000+0000] {logging_mixin.py:154} INFO - [2023-11-13T04:07:12.000+0000] {dag.py:3722} INFO - Setting next_dagrun for welcome_dag to 2023-11-12T23:00:00+00:00, run_after=2023-11-13T23:00:00+00:00
[2023-11-13T04:07:12.389+0000] {processor.py:179} INFO - Processing /opt/airflow/dags/welcome_dag.py took 1.456 seconds
[2023-11-13T04:07:44.249+0000] {processor.py:157} INFO - Started process (PID=270) to work on /opt/airflow/dags/welcome_dag.py
[2023-11-13T04:07:44.251+0000] {processor.py:829} INFO - Processing file /opt/airflow/dags/welcome_dag.py for tasks to queue
[2023-11-13T04:07:44.253+0000] {logging_mixin.py:154} INFO - [2023-11-13T04:07:44.253+0000] {dagbag.py:536} INFO - Filling up the DagBag from /opt/airflow/dags/welcome_dag.py
[2023-11-13T04:07:44.316+0000] {processor.py:839} INFO - DAG(s) dict_keys(['welcome_dag']) retrieved from /opt/airflow/dags/welcome_dag.py
[2023-11-13T04:07:44.426+0000] {logging_mixin.py:154} INFO - [2023-11-13T04:07:44.426+0000] {dag.py:2941} INFO - Sync 1 DAGs
[2023-11-13T04:07:44.660+0000] {logging_mixin.py:154} INFO - [2023-11-13T04:07:44.660+0000] {dag.py:3722} INFO - Setting next_dagrun for welcome_dag to 2023-11-12T23:00:00+00:00, run_after=2023-11-13T23:00:00+00:00
[2023-11-13T04:07:45.284+0000] {processor.py:179} INFO - Processing /opt/airflow/dags/welcome_dag.py took 1.039 seconds
[2023-11-13T04:08:15.984+0000] {processor.py:157} INFO - Started process (PID=283) to work on /opt/airflow/dags/welcome_dag.py
[2023-11-13T04:08:15.986+0000] {processor.py:829} INFO - Processing file /opt/airflow/dags/welcome_dag.py for tasks to queue
[2023-11-13T04:08:15.988+0000] {logging_mixin.py:154} INFO - [2023-11-13T04:08:15.988+0000] {dagbag.py:536} INFO - Filling up the DagBag from /opt/airflow/dags/welcome_dag.py
[2023-11-13T04:08:16.065+0000] {processor.py:839} INFO - DAG(s) dict_keys(['welcome_dag']) retrieved from /opt/airflow/dags/welcome_dag.py
[2023-11-13T04:08:16.133+0000] {logging_mixin.py:154} INFO - [2023-11-13T04:08:16.133+0000] {dag.py:2941} INFO - Sync 1 DAGs
[2023-11-13T04:08:16.196+0000] {logging_mixin.py:154} INFO - [2023-11-13T04:08:16.195+0000] {dag.py:3722} INFO - Setting next_dagrun for welcome_dag to 2023-11-12T23:00:00+00:00, run_after=2023-11-13T23:00:00+00:00
[2023-11-13T04:08:16.653+0000] {processor.py:179} INFO - Processing /opt/airflow/dags/welcome_dag.py took 0.673 seconds
[2023-11-13T04:08:47.421+0000] {processor.py:157} INFO - Started process (PID=290) to work on /opt/airflow/dags/welcome_dag.py
[2023-11-13T04:08:47.423+0000] {processor.py:829} INFO - Processing file /opt/airflow/dags/welcome_dag.py for tasks to queue
[2023-11-13T04:08:47.425+0000] {logging_mixin.py:154} INFO - [2023-11-13T04:08:47.424+0000] {dagbag.py:536} INFO - Filling up the DagBag from /opt/airflow/dags/welcome_dag.py
[2023-11-13T04:08:47.503+0000] {processor.py:839} INFO - DAG(s) dict_keys(['welcome_dag']) retrieved from /opt/airflow/dags/welcome_dag.py
[2023-11-13T04:08:47.561+0000] {logging_mixin.py:154} INFO - [2023-11-13T04:08:47.561+0000] {dag.py:2941} INFO - Sync 1 DAGs
[2023-11-13T04:08:47.612+0000] {logging_mixin.py:154} INFO - [2023-11-13T04:08:47.612+0000] {dag.py:3722} INFO - Setting next_dagrun for welcome_dag to 2023-11-12T23:00:00+00:00, run_after=2023-11-13T23:00:00+00:00
[2023-11-13T04:08:47.795+0000] {processor.py:179} INFO - Processing /opt/airflow/dags/welcome_dag.py took 0.378 seconds
[2023-11-13T04:09:19.864+0000] {processor.py:157} INFO - Started process (PID=297) to work on /opt/airflow/dags/welcome_dag.py
[2023-11-13T04:09:19.866+0000] {processor.py:829} INFO - Processing file /opt/airflow/dags/welcome_dag.py for tasks to queue
[2023-11-13T04:09:19.868+0000] {logging_mixin.py:154} INFO - [2023-11-13T04:09:19.868+0000] {dagbag.py:536} INFO - Filling up the DagBag from /opt/airflow/dags/welcome_dag.py
[2023-11-13T04:09:19.947+0000] {processor.py:839} INFO - DAG(s) dict_keys(['welcome_dag']) retrieved from /opt/airflow/dags/welcome_dag.py
[2023-11-13T04:09:20.009+0000] {logging_mixin.py:154} INFO - [2023-11-13T04:09:20.009+0000] {dag.py:2941} INFO - Sync 1 DAGs
[2023-11-13T04:09:20.061+0000] {logging_mixin.py:154} INFO - [2023-11-13T04:09:20.061+0000] {dag.py:3722} INFO - Setting next_dagrun for welcome_dag to 2023-11-12T23:00:00+00:00, run_after=2023-11-13T23:00:00+00:00
[2023-11-13T04:09:20.249+0000] {processor.py:179} INFO - Processing /opt/airflow/dags/welcome_dag.py took 0.389 seconds
[2023-11-13T04:09:51.653+0000] {processor.py:157} INFO - Started process (PID=304) to work on /opt/airflow/dags/welcome_dag.py
[2023-11-13T04:09:51.655+0000] {processor.py:829} INFO - Processing file /opt/airflow/dags/welcome_dag.py for tasks to queue
[2023-11-13T04:09:51.657+0000] {logging_mixin.py:154} INFO - [2023-11-13T04:09:51.656+0000] {dagbag.py:536} INFO - Filling up the DagBag from /opt/airflow/dags/welcome_dag.py
[2023-11-13T04:09:51.721+0000] {processor.py:839} INFO - DAG(s) dict_keys(['welcome_dag']) retrieved from /opt/airflow/dags/welcome_dag.py
[2023-11-13T04:09:51.777+0000] {logging_mixin.py:154} INFO - [2023-11-13T04:09:51.777+0000] {dag.py:2941} INFO - Sync 1 DAGs
[2023-11-13T04:09:51.832+0000] {logging_mixin.py:154} INFO - [2023-11-13T04:09:51.831+0000] {dag.py:3722} INFO - Setting next_dagrun for welcome_dag to 2023-11-12T23:00:00+00:00, run_after=2023-11-13T23:00:00+00:00
[2023-11-13T04:09:52.026+0000] {processor.py:179} INFO - Processing /opt/airflow/dags/welcome_dag.py took 0.377 seconds
[2023-11-13T04:10:23.177+0000] {processor.py:157} INFO - Started process (PID=311) to work on /opt/airflow/dags/welcome_dag.py
[2023-11-13T04:10:23.179+0000] {processor.py:829} INFO - Processing file /opt/airflow/dags/welcome_dag.py for tasks to queue
[2023-11-13T04:10:23.181+0000] {logging_mixin.py:154} INFO - [2023-11-13T04:10:23.180+0000] {dagbag.py:536} INFO - Filling up the DagBag from /opt/airflow/dags/welcome_dag.py
[2023-11-13T04:10:23.248+0000] {processor.py:839} INFO - DAG(s) dict_keys(['welcome_dag']) retrieved from /opt/airflow/dags/welcome_dag.py
[2023-11-13T04:10:23.301+0000] {logging_mixin.py:154} INFO - [2023-11-13T04:10:23.301+0000] {dag.py:2941} INFO - Sync 1 DAGs
[2023-11-13T04:10:23.352+0000] {logging_mixin.py:154} INFO - [2023-11-13T04:10:23.352+0000] {dag.py:3722} INFO - Setting next_dagrun for welcome_dag to 2023-11-12T23:00:00+00:00, run_after=2023-11-13T23:00:00+00:00
[2023-11-13T04:10:23.520+0000] {processor.py:179} INFO - Processing /opt/airflow/dags/welcome_dag.py took 0.347 seconds
[2023-11-13T04:10:54.944+0000] {processor.py:157} INFO - Started process (PID=318) to work on /opt/airflow/dags/welcome_dag.py
[2023-11-13T04:10:54.946+0000] {processor.py:829} INFO - Processing file /opt/airflow/dags/welcome_dag.py for tasks to queue
[2023-11-13T04:10:54.948+0000] {logging_mixin.py:154} INFO - [2023-11-13T04:10:54.947+0000] {dagbag.py:536} INFO - Filling up the DagBag from /opt/airflow/dags/welcome_dag.py
[2023-11-13T04:10:55.019+0000] {processor.py:839} INFO - DAG(s) dict_keys(['welcome_dag']) retrieved from /opt/airflow/dags/welcome_dag.py
[2023-11-13T04:10:55.078+0000] {logging_mixin.py:154} INFO - [2023-11-13T04:10:55.078+0000] {dag.py:2941} INFO - Sync 1 DAGs
[2023-11-13T04:10:55.130+0000] {logging_mixin.py:154} INFO - [2023-11-13T04:10:55.130+0000] {dag.py:3722} INFO - Setting next_dagrun for welcome_dag to 2023-11-12T23:00:00+00:00, run_after=2023-11-13T23:00:00+00:00
[2023-11-13T04:10:55.371+0000] {processor.py:179} INFO - Processing /opt/airflow/dags/welcome_dag.py took 0.432 seconds
[2023-11-13T04:11:26.682+0000] {processor.py:157} INFO - Started process (PID=325) to work on /opt/airflow/dags/welcome_dag.py
[2023-11-13T04:11:26.685+0000] {processor.py:829} INFO - Processing file /opt/airflow/dags/welcome_dag.py for tasks to queue
[2023-11-13T04:11:26.688+0000] {logging_mixin.py:154} INFO - [2023-11-13T04:11:26.687+0000] {dagbag.py:536} INFO - Filling up the DagBag from /opt/airflow/dags/welcome_dag.py
[2023-11-13T04:11:26.760+0000] {processor.py:839} INFO - DAG(s) dict_keys(['welcome_dag']) retrieved from /opt/airflow/dags/welcome_dag.py
[2023-11-13T04:11:26.824+0000] {logging_mixin.py:154} INFO - [2023-11-13T04:11:26.824+0000] {dag.py:2941} INFO - Sync 1 DAGs
[2023-11-13T04:11:26.875+0000] {logging_mixin.py:154} INFO - [2023-11-13T04:11:26.875+0000] {dag.py:3722} INFO - Setting next_dagrun for welcome_dag to 2023-11-12T23:00:00+00:00, run_after=2023-11-13T23:00:00+00:00
[2023-11-13T04:11:27.086+0000] {processor.py:179} INFO - Processing /opt/airflow/dags/welcome_dag.py took 0.412 seconds
[2023-11-13T04:11:59.878+0000] {processor.py:157} INFO - Started process (PID=334) to work on /opt/airflow/dags/welcome_dag.py
[2023-11-13T04:11:59.880+0000] {processor.py:829} INFO - Processing file /opt/airflow/dags/welcome_dag.py for tasks to queue
[2023-11-13T04:11:59.882+0000] {logging_mixin.py:154} INFO - [2023-11-13T04:11:59.881+0000] {dagbag.py:536} INFO - Filling up the DagBag from /opt/airflow/dags/welcome_dag.py
[2023-11-13T04:11:59.960+0000] {processor.py:839} INFO - DAG(s) dict_keys(['welcome_dag']) retrieved from /opt/airflow/dags/welcome_dag.py
[2023-11-13T04:12:00.021+0000] {logging_mixin.py:154} INFO - [2023-11-13T04:12:00.021+0000] {dag.py:2941} INFO - Sync 1 DAGs
[2023-11-13T04:12:00.074+0000] {logging_mixin.py:154} INFO - [2023-11-13T04:12:00.073+0000] {dag.py:3722} INFO - Setting next_dagrun for welcome_dag to 2023-11-12T23:00:00+00:00, run_after=2023-11-13T23:00:00+00:00
[2023-11-13T04:12:00.268+0000] {processor.py:179} INFO - Processing /opt/airflow/dags/welcome_dag.py took 0.395 seconds
[2023-11-13T04:13:27.278+0000] {processor.py:157} INFO - Started process (PID=520) to work on /opt/airflow/dags/welcome_dag.py
[2023-11-13T04:13:27.280+0000] {processor.py:829} INFO - Processing file /opt/airflow/dags/welcome_dag.py for tasks to queue
[2023-11-13T04:13:27.281+0000] {logging_mixin.py:154} INFO - [2023-11-13T04:13:27.281+0000] {dagbag.py:536} INFO - Filling up the DagBag from /opt/airflow/dags/welcome_dag.py
[2023-11-13T04:13:27.345+0000] {processor.py:839} INFO - DAG(s) dict_keys(['welcome_dag']) retrieved from /opt/airflow/dags/welcome_dag.py
[2023-11-13T04:13:27.403+0000] {logging_mixin.py:154} INFO - [2023-11-13T04:13:27.403+0000] {dag.py:2941} INFO - Sync 1 DAGs
[2023-11-13T04:13:27.455+0000] {logging_mixin.py:154} INFO - [2023-11-13T04:13:27.454+0000] {dag.py:3722} INFO - Setting next_dagrun for welcome_dag to 2023-11-12T23:00:00+00:00, run_after=2023-11-13T23:00:00+00:00
[2023-11-13T04:13:27.638+0000] {processor.py:179} INFO - Processing /opt/airflow/dags/welcome_dag.py took 0.364 seconds
[2023-11-13T04:14:02.160+0000] {processor.py:157} INFO - Started process (PID=527) to work on /opt/airflow/dags/welcome_dag.py
[2023-11-13T04:14:02.162+0000] {processor.py:829} INFO - Processing file /opt/airflow/dags/welcome_dag.py for tasks to queue
[2023-11-13T04:14:02.164+0000] {logging_mixin.py:154} INFO - [2023-11-13T04:14:02.164+0000] {dagbag.py:536} INFO - Filling up the DagBag from /opt/airflow/dags/welcome_dag.py
[2023-11-13T04:14:02.228+0000] {processor.py:839} INFO - DAG(s) dict_keys(['welcome_dag']) retrieved from /opt/airflow/dags/welcome_dag.py
[2023-11-13T04:14:02.291+0000] {logging_mixin.py:154} INFO - [2023-11-13T04:14:02.290+0000] {dag.py:2941} INFO - Sync 1 DAGs
[2023-11-13T04:14:02.348+0000] {logging_mixin.py:154} INFO - [2023-11-13T04:14:02.347+0000] {dag.py:3722} INFO - Setting next_dagrun for welcome_dag to 2023-11-12T23:00:00+00:00, run_after=2023-11-13T23:00:00+00:00
[2023-11-13T04:14:02.682+0000] {processor.py:179} INFO - Processing /opt/airflow/dags/welcome_dag.py took 0.526 seconds
[2023-11-13T04:14:34.117+0000] {processor.py:157} INFO - Started process (PID=534) to work on /opt/airflow/dags/welcome_dag.py
[2023-11-13T04:14:34.118+0000] {processor.py:829} INFO - Processing file /opt/airflow/dags/welcome_dag.py for tasks to queue
[2023-11-13T04:14:34.120+0000] {logging_mixin.py:154} INFO - [2023-11-13T04:14:34.120+0000] {dagbag.py:536} INFO - Filling up the DagBag from /opt/airflow/dags/welcome_dag.py
[2023-11-13T04:14:34.184+0000] {processor.py:839} INFO - DAG(s) dict_keys(['welcome_dag']) retrieved from /opt/airflow/dags/welcome_dag.py
[2023-11-13T04:14:34.240+0000] {logging_mixin.py:154} INFO - [2023-11-13T04:14:34.240+0000] {dag.py:2941} INFO - Sync 1 DAGs
[2023-11-13T04:14:34.288+0000] {logging_mixin.py:154} INFO - [2023-11-13T04:14:34.288+0000] {dag.py:3722} INFO - Setting next_dagrun for welcome_dag to 2023-11-12T23:00:00+00:00, run_after=2023-11-13T23:00:00+00:00
[2023-11-13T04:14:34.809+0000] {processor.py:179} INFO - Processing /opt/airflow/dags/welcome_dag.py took 0.696 seconds
[2023-11-13T04:15:05.302+0000] {processor.py:157} INFO - Started process (PID=541) to work on /opt/airflow/dags/welcome_dag.py
[2023-11-13T04:15:05.304+0000] {processor.py:829} INFO - Processing file /opt/airflow/dags/welcome_dag.py for tasks to queue
[2023-11-13T04:15:05.307+0000] {logging_mixin.py:154} INFO - [2023-11-13T04:15:05.306+0000] {dagbag.py:536} INFO - Filling up the DagBag from /opt/airflow/dags/welcome_dag.py
[2023-11-13T04:15:05.385+0000] {processor.py:839} INFO - DAG(s) dict_keys(['welcome_dag']) retrieved from /opt/airflow/dags/welcome_dag.py
[2023-11-13T04:15:05.446+0000] {logging_mixin.py:154} INFO - [2023-11-13T04:15:05.446+0000] {dag.py:2941} INFO - Sync 1 DAGs
[2023-11-13T04:15:05.503+0000] {logging_mixin.py:154} INFO - [2023-11-13T04:15:05.502+0000] {dag.py:3722} INFO - Setting next_dagrun for welcome_dag to 2023-11-12T23:00:00+00:00, run_after=2023-11-13T23:00:00+00:00
[2023-11-13T04:15:06.415+0000] {processor.py:179} INFO - Processing /opt/airflow/dags/welcome_dag.py took 1.117 seconds
[2023-11-13T04:15:37.698+0000] {processor.py:157} INFO - Started process (PID=548) to work on /opt/airflow/dags/welcome_dag.py
[2023-11-13T04:15:37.700+0000] {processor.py:829} INFO - Processing file /opt/airflow/dags/welcome_dag.py for tasks to queue
[2023-11-13T04:15:37.702+0000] {logging_mixin.py:154} INFO - [2023-11-13T04:15:37.702+0000] {dagbag.py:536} INFO - Filling up the DagBag from /opt/airflow/dags/welcome_dag.py
[2023-11-13T04:15:37.766+0000] {processor.py:839} INFO - DAG(s) dict_keys(['welcome_dag']) retrieved from /opt/airflow/dags/welcome_dag.py
[2023-11-13T04:15:37.840+0000] {logging_mixin.py:154} INFO - [2023-11-13T04:15:37.839+0000] {dag.py:2941} INFO - Sync 1 DAGs
[2023-11-13T04:15:37.892+0000] {logging_mixin.py:154} INFO - [2023-11-13T04:15:37.892+0000] {dag.py:3722} INFO - Setting next_dagrun for welcome_dag to 2023-11-12T23:00:00+00:00, run_after=2023-11-13T23:00:00+00:00
[2023-11-13T04:15:38.553+0000] {processor.py:179} INFO - Processing /opt/airflow/dags/welcome_dag.py took 0.859 seconds
[2023-11-13T04:16:19.024+0000] {processor.py:157} INFO - Started process (PID=559) to work on /opt/airflow/dags/welcome_dag.py
[2023-11-13T04:16:19.026+0000] {processor.py:829} INFO - Processing file /opt/airflow/dags/welcome_dag.py for tasks to queue
[2023-11-13T04:16:19.028+0000] {logging_mixin.py:154} INFO - [2023-11-13T04:16:19.027+0000] {dagbag.py:536} INFO - Filling up the DagBag from /opt/airflow/dags/welcome_dag.py
[2023-11-13T04:16:19.110+0000] {processor.py:839} INFO - DAG(s) dict_keys(['welcome_dag']) retrieved from /opt/airflow/dags/welcome_dag.py
[2023-11-13T04:16:19.178+0000] {logging_mixin.py:154} INFO - [2023-11-13T04:16:19.178+0000] {dag.py:2941} INFO - Sync 1 DAGs
[2023-11-13T04:16:19.228+0000] {logging_mixin.py:154} INFO - [2023-11-13T04:16:19.228+0000] {dag.py:3722} INFO - Setting next_dagrun for welcome_dag to 2023-11-12T23:00:00+00:00, run_after=2023-11-13T23:00:00+00:00
[2023-11-13T04:16:19.911+0000] {processor.py:179} INFO - Processing /opt/airflow/dags/welcome_dag.py took 0.892 seconds
[2023-11-13T04:16:50.138+0000] {processor.py:157} INFO - Started process (PID=568) to work on /opt/airflow/dags/welcome_dag.py
[2023-11-13T04:16:50.140+0000] {processor.py:829} INFO - Processing file /opt/airflow/dags/welcome_dag.py for tasks to queue
[2023-11-13T04:16:50.142+0000] {logging_mixin.py:154} INFO - [2023-11-13T04:16:50.142+0000] {dagbag.py:536} INFO - Filling up the DagBag from /opt/airflow/dags/welcome_dag.py
[2023-11-13T04:16:50.222+0000] {processor.py:839} INFO - DAG(s) dict_keys(['welcome_dag']) retrieved from /opt/airflow/dags/welcome_dag.py
[2023-11-13T04:16:50.299+0000] {logging_mixin.py:154} INFO - [2023-11-13T04:16:50.299+0000] {dag.py:2941} INFO - Sync 1 DAGs
[2023-11-13T04:16:50.349+0000] {logging_mixin.py:154} INFO - [2023-11-13T04:16:50.349+0000] {dag.py:3722} INFO - Setting next_dagrun for welcome_dag to 2023-11-12T23:00:00+00:00, run_after=2023-11-13T23:00:00+00:00
[2023-11-13T04:16:50.669+0000] {processor.py:179} INFO - Processing /opt/airflow/dags/welcome_dag.py took 0.535 seconds
[2023-11-13T04:17:20.894+0000] {processor.py:157} INFO - Started process (PID=583) to work on /opt/airflow/dags/welcome_dag.py
[2023-11-13T04:17:20.896+0000] {processor.py:829} INFO - Processing file /opt/airflow/dags/welcome_dag.py for tasks to queue
[2023-11-13T04:17:20.898+0000] {logging_mixin.py:154} INFO - [2023-11-13T04:17:20.897+0000] {dagbag.py:536} INFO - Filling up the DagBag from /opt/airflow/dags/welcome_dag.py
[2023-11-13T04:17:20.977+0000] {processor.py:839} INFO - DAG(s) dict_keys(['welcome_dag']) retrieved from /opt/airflow/dags/welcome_dag.py
[2023-11-13T04:17:21.053+0000] {logging_mixin.py:154} INFO - [2023-11-13T04:17:21.052+0000] {dag.py:2941} INFO - Sync 1 DAGs
[2023-11-13T04:17:21.108+0000] {logging_mixin.py:154} INFO - [2023-11-13T04:17:21.107+0000] {dag.py:3722} INFO - Setting next_dagrun for welcome_dag to 2023-11-12T23:00:00+00:00, run_after=2023-11-13T23:00:00+00:00
[2023-11-13T04:17:21.343+0000] {processor.py:179} INFO - Processing /opt/airflow/dags/welcome_dag.py took 0.455 seconds
[2023-11-13T04:17:52.565+0000] {processor.py:157} INFO - Started process (PID=592) to work on /opt/airflow/dags/welcome_dag.py
[2023-11-13T04:17:52.567+0000] {processor.py:829} INFO - Processing file /opt/airflow/dags/welcome_dag.py for tasks to queue
[2023-11-13T04:17:52.569+0000] {logging_mixin.py:154} INFO - [2023-11-13T04:17:52.569+0000] {dagbag.py:536} INFO - Filling up the DagBag from /opt/airflow/dags/welcome_dag.py
[2023-11-13T04:17:52.649+0000] {processor.py:839} INFO - DAG(s) dict_keys(['welcome_dag']) retrieved from /opt/airflow/dags/welcome_dag.py
[2023-11-13T04:17:52.710+0000] {logging_mixin.py:154} INFO - [2023-11-13T04:17:52.709+0000] {dag.py:2941} INFO - Sync 1 DAGs
[2023-11-13T04:17:52.760+0000] {logging_mixin.py:154} INFO - [2023-11-13T04:17:52.760+0000] {dag.py:3722} INFO - Setting next_dagrun for welcome_dag to 2023-11-12T23:00:00+00:00, run_after=2023-11-13T23:00:00+00:00
[2023-11-13T04:17:52.947+0000] {processor.py:179} INFO - Processing /opt/airflow/dags/welcome_dag.py took 0.386 seconds
[2023-11-13T04:18:24.206+0000] {processor.py:157} INFO - Started process (PID=599) to work on /opt/airflow/dags/welcome_dag.py
[2023-11-13T04:18:24.208+0000] {processor.py:829} INFO - Processing file /opt/airflow/dags/welcome_dag.py for tasks to queue
[2023-11-13T04:18:24.210+0000] {logging_mixin.py:154} INFO - [2023-11-13T04:18:24.210+0000] {dagbag.py:536} INFO - Filling up the DagBag from /opt/airflow/dags/welcome_dag.py
[2023-11-13T04:18:24.290+0000] {processor.py:839} INFO - DAG(s) dict_keys(['welcome_dag']) retrieved from /opt/airflow/dags/welcome_dag.py
[2023-11-13T04:18:24.353+0000] {logging_mixin.py:154} INFO - [2023-11-13T04:18:24.353+0000] {dag.py:2941} INFO - Sync 1 DAGs
[2023-11-13T04:18:24.403+0000] {logging_mixin.py:154} INFO - [2023-11-13T04:18:24.402+0000] {dag.py:3722} INFO - Setting next_dagrun for welcome_dag to 2023-11-12T23:00:00+00:00, run_after=2023-11-13T23:00:00+00:00
[2023-11-13T04:18:24.596+0000] {processor.py:179} INFO - Processing /opt/airflow/dags/welcome_dag.py took 0.395 seconds
[2023-11-13T04:18:54.834+0000] {processor.py:157} INFO - Started process (PID=608) to work on /opt/airflow/dags/welcome_dag.py
[2023-11-13T04:18:54.836+0000] {processor.py:829} INFO - Processing file /opt/airflow/dags/welcome_dag.py for tasks to queue
[2023-11-13T04:18:54.838+0000] {logging_mixin.py:154} INFO - [2023-11-13T04:18:54.837+0000] {dagbag.py:536} INFO - Filling up the DagBag from /opt/airflow/dags/welcome_dag.py
[2023-11-13T04:18:54.903+0000] {processor.py:839} INFO - DAG(s) dict_keys(['welcome_dag']) retrieved from /opt/airflow/dags/welcome_dag.py
[2023-11-13T04:18:54.957+0000] {logging_mixin.py:154} INFO - [2023-11-13T04:18:54.956+0000] {dag.py:2941} INFO - Sync 1 DAGs
[2023-11-13T04:18:55.004+0000] {logging_mixin.py:154} INFO - [2023-11-13T04:18:55.004+0000] {dag.py:3722} INFO - Setting next_dagrun for welcome_dag to 2023-11-12T23:00:00+00:00, run_after=2023-11-13T23:00:00+00:00
[2023-11-13T04:18:55.184+0000] {processor.py:179} INFO - Processing /opt/airflow/dags/welcome_dag.py took 0.354 seconds
[2023-11-13T04:19:26.902+0000] {processor.py:157} INFO - Started process (PID=617) to work on /opt/airflow/dags/welcome_dag.py
[2023-11-13T04:19:26.904+0000] {processor.py:829} INFO - Processing file /opt/airflow/dags/welcome_dag.py for tasks to queue
[2023-11-13T04:19:26.906+0000] {logging_mixin.py:154} INFO - [2023-11-13T04:19:26.905+0000] {dagbag.py:536} INFO - Filling up the DagBag from /opt/airflow/dags/welcome_dag.py
[2023-11-13T04:19:26.976+0000] {processor.py:839} INFO - DAG(s) dict_keys(['welcome_dag']) retrieved from /opt/airflow/dags/welcome_dag.py
[2023-11-13T04:19:27.032+0000] {logging_mixin.py:154} INFO - [2023-11-13T04:19:27.032+0000] {dag.py:2941} INFO - Sync 1 DAGs
[2023-11-13T04:19:27.079+0000] {logging_mixin.py:154} INFO - [2023-11-13T04:19:27.079+0000] {dag.py:3722} INFO - Setting next_dagrun for welcome_dag to 2023-11-12T23:00:00+00:00, run_after=2023-11-13T23:00:00+00:00
[2023-11-13T04:19:27.289+0000] {processor.py:179} INFO - Processing /opt/airflow/dags/welcome_dag.py took 0.391 seconds
[2023-11-13T04:19:58.864+0000] {processor.py:157} INFO - Started process (PID=626) to work on /opt/airflow/dags/welcome_dag.py
[2023-11-13T04:19:58.866+0000] {processor.py:829} INFO - Processing file /opt/airflow/dags/welcome_dag.py for tasks to queue
[2023-11-13T04:19:58.868+0000] {logging_mixin.py:154} INFO - [2023-11-13T04:19:58.868+0000] {dagbag.py:536} INFO - Filling up the DagBag from /opt/airflow/dags/welcome_dag.py
[2023-11-13T04:19:58.946+0000] {processor.py:839} INFO - DAG(s) dict_keys(['welcome_dag']) retrieved from /opt/airflow/dags/welcome_dag.py
[2023-11-13T04:19:59.000+0000] {logging_mixin.py:154} INFO - [2023-11-13T04:19:59.000+0000] {dag.py:2941} INFO - Sync 1 DAGs
[2023-11-13T04:19:59.051+0000] {logging_mixin.py:154} INFO - [2023-11-13T04:19:59.050+0000] {dag.py:3722} INFO - Setting next_dagrun for welcome_dag to 2023-11-12T23:00:00+00:00, run_after=2023-11-13T23:00:00+00:00
[2023-11-13T04:19:59.245+0000] {processor.py:179} INFO - Processing /opt/airflow/dags/welcome_dag.py took 0.386 seconds
[2023-11-13T04:20:30.095+0000] {processor.py:157} INFO - Started process (PID=633) to work on /opt/airflow/dags/welcome_dag.py
[2023-11-13T04:20:30.097+0000] {processor.py:829} INFO - Processing file /opt/airflow/dags/welcome_dag.py for tasks to queue
[2023-11-13T04:20:30.099+0000] {logging_mixin.py:154} INFO - [2023-11-13T04:20:30.098+0000] {dagbag.py:536} INFO - Filling up the DagBag from /opt/airflow/dags/welcome_dag.py
[2023-11-13T04:20:30.177+0000] {processor.py:839} INFO - DAG(s) dict_keys(['welcome_dag']) retrieved from /opt/airflow/dags/welcome_dag.py
[2023-11-13T04:20:30.235+0000] {logging_mixin.py:154} INFO - [2023-11-13T04:20:30.235+0000] {dag.py:2941} INFO - Sync 1 DAGs
[2023-11-13T04:20:30.287+0000] {logging_mixin.py:154} INFO - [2023-11-13T04:20:30.287+0000] {dag.py:3722} INFO - Setting next_dagrun for welcome_dag to 2023-11-12T23:00:00+00:00, run_after=2023-11-13T23:00:00+00:00
[2023-11-13T04:20:30.482+0000] {processor.py:179} INFO - Processing /opt/airflow/dags/welcome_dag.py took 0.395 seconds
[2023-11-13T04:21:01.738+0000] {processor.py:157} INFO - Started process (PID=640) to work on /opt/airflow/dags/welcome_dag.py
[2023-11-13T04:21:01.740+0000] {processor.py:829} INFO - Processing file /opt/airflow/dags/welcome_dag.py for tasks to queue
[2023-11-13T04:21:01.742+0000] {logging_mixin.py:154} INFO - [2023-11-13T04:21:01.741+0000] {dagbag.py:536} INFO - Filling up the DagBag from /opt/airflow/dags/welcome_dag.py
[2023-11-13T04:21:01.817+0000] {processor.py:839} INFO - DAG(s) dict_keys(['welcome_dag']) retrieved from /opt/airflow/dags/welcome_dag.py
[2023-11-13T04:21:01.876+0000] {logging_mixin.py:154} INFO - [2023-11-13T04:21:01.876+0000] {dag.py:2941} INFO - Sync 1 DAGs
[2023-11-13T04:21:01.924+0000] {logging_mixin.py:154} INFO - [2023-11-13T04:21:01.924+0000] {dag.py:3722} INFO - Setting next_dagrun for welcome_dag to 2023-11-12T23:00:00+00:00, run_after=2023-11-13T23:00:00+00:00
[2023-11-13T04:21:02.121+0000] {processor.py:179} INFO - Processing /opt/airflow/dags/welcome_dag.py took 0.387 seconds
[2023-11-13T04:21:33.677+0000] {processor.py:157} INFO - Started process (PID=647) to work on /opt/airflow/dags/welcome_dag.py
[2023-11-13T04:21:33.678+0000] {processor.py:829} INFO - Processing file /opt/airflow/dags/welcome_dag.py for tasks to queue
[2023-11-13T04:21:33.680+0000] {logging_mixin.py:154} INFO - [2023-11-13T04:21:33.680+0000] {dagbag.py:536} INFO - Filling up the DagBag from /opt/airflow/dags/welcome_dag.py
[2023-11-13T04:21:33.750+0000] {processor.py:839} INFO - DAG(s) dict_keys(['welcome_dag']) retrieved from /opt/airflow/dags/welcome_dag.py
[2023-11-13T04:21:33.809+0000] {logging_mixin.py:154} INFO - [2023-11-13T04:21:33.808+0000] {dag.py:2941} INFO - Sync 1 DAGs
[2023-11-13T04:21:33.858+0000] {logging_mixin.py:154} INFO - [2023-11-13T04:21:33.858+0000] {dag.py:3722} INFO - Setting next_dagrun for welcome_dag to 2023-11-12T23:00:00+00:00, run_after=2023-11-13T23:00:00+00:00
[2023-11-13T04:21:34.046+0000] {processor.py:179} INFO - Processing /opt/airflow/dags/welcome_dag.py took 0.373 seconds
[2023-11-13T04:22:05.535+0000] {processor.py:157} INFO - Started process (PID=654) to work on /opt/airflow/dags/welcome_dag.py
[2023-11-13T04:22:05.537+0000] {processor.py:829} INFO - Processing file /opt/airflow/dags/welcome_dag.py for tasks to queue
[2023-11-13T04:22:05.540+0000] {logging_mixin.py:154} INFO - [2023-11-13T04:22:05.539+0000] {dagbag.py:536} INFO - Filling up the DagBag from /opt/airflow/dags/welcome_dag.py
[2023-11-13T04:22:05.611+0000] {processor.py:839} INFO - DAG(s) dict_keys(['welcome_dag']) retrieved from /opt/airflow/dags/welcome_dag.py
[2023-11-13T04:22:05.673+0000] {logging_mixin.py:154} INFO - [2023-11-13T04:22:05.673+0000] {dag.py:2941} INFO - Sync 1 DAGs
[2023-11-13T04:22:05.730+0000] {logging_mixin.py:154} INFO - [2023-11-13T04:22:05.730+0000] {dag.py:3722} INFO - Setting next_dagrun for welcome_dag to 2023-11-12T23:00:00+00:00, run_after=2023-11-13T23:00:00+00:00
[2023-11-13T04:22:05.953+0000] {processor.py:179} INFO - Processing /opt/airflow/dags/welcome_dag.py took 0.421 seconds
[2023-11-13T04:22:39.046+0000] {processor.py:157} INFO - Started process (PID=663) to work on /opt/airflow/dags/welcome_dag.py
[2023-11-13T04:22:39.048+0000] {processor.py:829} INFO - Processing file /opt/airflow/dags/welcome_dag.py for tasks to queue
[2023-11-13T04:22:39.050+0000] {logging_mixin.py:154} INFO - [2023-11-13T04:22:39.049+0000] {dagbag.py:536} INFO - Filling up the DagBag from /opt/airflow/dags/welcome_dag.py
[2023-11-13T04:22:39.120+0000] {processor.py:839} INFO - DAG(s) dict_keys(['welcome_dag']) retrieved from /opt/airflow/dags/welcome_dag.py
[2023-11-13T04:22:39.174+0000] {logging_mixin.py:154} INFO - [2023-11-13T04:22:39.174+0000] {dag.py:2941} INFO - Sync 1 DAGs
[2023-11-13T04:22:39.223+0000] {logging_mixin.py:154} INFO - [2023-11-13T04:22:39.222+0000] {dag.py:3722} INFO - Setting next_dagrun for welcome_dag to 2023-11-12T23:00:00+00:00, run_after=2023-11-13T23:00:00+00:00
[2023-11-13T04:22:39.411+0000] {processor.py:179} INFO - Processing /opt/airflow/dags/welcome_dag.py took 0.370 seconds
[2023-11-13T04:23:10.786+0000] {processor.py:157} INFO - Started process (PID=670) to work on /opt/airflow/dags/welcome_dag.py
[2023-11-13T04:23:10.788+0000] {processor.py:829} INFO - Processing file /opt/airflow/dags/welcome_dag.py for tasks to queue
[2023-11-13T04:23:10.790+0000] {logging_mixin.py:154} INFO - [2023-11-13T04:23:10.789+0000] {dagbag.py:536} INFO - Filling up the DagBag from /opt/airflow/dags/welcome_dag.py
[2023-11-13T04:23:10.862+0000] {processor.py:839} INFO - DAG(s) dict_keys(['welcome_dag']) retrieved from /opt/airflow/dags/welcome_dag.py
[2023-11-13T04:23:10.924+0000] {logging_mixin.py:154} INFO - [2023-11-13T04:23:10.923+0000] {dag.py:2941} INFO - Sync 1 DAGs
[2023-11-13T04:23:10.974+0000] {logging_mixin.py:154} INFO - [2023-11-13T04:23:10.974+0000] {dag.py:3722} INFO - Setting next_dagrun for welcome_dag to 2023-11-12T23:00:00+00:00, run_after=2023-11-13T23:00:00+00:00
[2023-11-13T04:23:11.197+0000] {processor.py:179} INFO - Processing /opt/airflow/dags/welcome_dag.py took 0.415 seconds
[2023-11-13T04:23:42.554+0000] {processor.py:157} INFO - Started process (PID=679) to work on /opt/airflow/dags/welcome_dag.py
[2023-11-13T04:23:42.556+0000] {processor.py:829} INFO - Processing file /opt/airflow/dags/welcome_dag.py for tasks to queue
[2023-11-13T04:23:42.558+0000] {logging_mixin.py:154} INFO - [2023-11-13T04:23:42.558+0000] {dagbag.py:536} INFO - Filling up the DagBag from /opt/airflow/dags/welcome_dag.py
[2023-11-13T04:23:42.630+0000] {processor.py:839} INFO - DAG(s) dict_keys(['welcome_dag']) retrieved from /opt/airflow/dags/welcome_dag.py
[2023-11-13T04:23:42.691+0000] {logging_mixin.py:154} INFO - [2023-11-13T04:23:42.691+0000] {dag.py:2941} INFO - Sync 1 DAGs
[2023-11-13T04:23:42.746+0000] {logging_mixin.py:154} INFO - [2023-11-13T04:23:42.745+0000] {dag.py:3722} INFO - Setting next_dagrun for welcome_dag to 2023-11-12T23:00:00+00:00, run_after=2023-11-13T23:00:00+00:00
[2023-11-13T04:23:42.931+0000] {processor.py:179} INFO - Processing /opt/airflow/dags/welcome_dag.py took 0.381 seconds
[2023-11-13T04:24:14.377+0000] {processor.py:157} INFO - Started process (PID=686) to work on /opt/airflow/dags/welcome_dag.py
[2023-11-13T04:24:14.378+0000] {processor.py:829} INFO - Processing file /opt/airflow/dags/welcome_dag.py for tasks to queue
[2023-11-13T04:24:14.381+0000] {logging_mixin.py:154} INFO - [2023-11-13T04:24:14.380+0000] {dagbag.py:536} INFO - Filling up the DagBag from /opt/airflow/dags/welcome_dag.py
[2023-11-13T04:24:14.463+0000] {processor.py:839} INFO - DAG(s) dict_keys(['welcome_dag']) retrieved from /opt/airflow/dags/welcome_dag.py
[2023-11-13T04:24:14.518+0000] {logging_mixin.py:154} INFO - [2023-11-13T04:24:14.518+0000] {dag.py:2941} INFO - Sync 1 DAGs
[2023-11-13T04:24:14.575+0000] {logging_mixin.py:154} INFO - [2023-11-13T04:24:14.574+0000] {dag.py:3722} INFO - Setting next_dagrun for welcome_dag to 2023-11-12T23:00:00+00:00, run_after=2023-11-13T23:00:00+00:00
[2023-11-13T04:24:14.767+0000] {processor.py:179} INFO - Processing /opt/airflow/dags/welcome_dag.py took 0.397 seconds
[2023-11-13T04:24:46.104+0000] {processor.py:157} INFO - Started process (PID=693) to work on /opt/airflow/dags/welcome_dag.py
[2023-11-13T04:24:46.106+0000] {processor.py:829} INFO - Processing file /opt/airflow/dags/welcome_dag.py for tasks to queue
[2023-11-13T04:24:46.108+0000] {logging_mixin.py:154} INFO - [2023-11-13T04:24:46.108+0000] {dagbag.py:536} INFO - Filling up the DagBag from /opt/airflow/dags/welcome_dag.py
[2023-11-13T04:24:46.185+0000] {processor.py:839} INFO - DAG(s) dict_keys(['welcome_dag']) retrieved from /opt/airflow/dags/welcome_dag.py
[2023-11-13T04:24:46.239+0000] {logging_mixin.py:154} INFO - [2023-11-13T04:24:46.239+0000] {dag.py:2941} INFO - Sync 1 DAGs
[2023-11-13T04:24:46.289+0000] {logging_mixin.py:154} INFO - [2023-11-13T04:24:46.289+0000] {dag.py:3722} INFO - Setting next_dagrun for welcome_dag to 2023-11-12T23:00:00+00:00, run_after=2023-11-13T23:00:00+00:00
[2023-11-13T04:24:46.504+0000] {processor.py:179} INFO - Processing /opt/airflow/dags/welcome_dag.py took 0.404 seconds
[2023-11-13T04:25:17.857+0000] {processor.py:157} INFO - Started process (PID=700) to work on /opt/airflow/dags/welcome_dag.py
[2023-11-13T04:25:17.859+0000] {processor.py:829} INFO - Processing file /opt/airflow/dags/welcome_dag.py for tasks to queue
[2023-11-13T04:25:17.861+0000] {logging_mixin.py:154} INFO - [2023-11-13T04:25:17.861+0000] {dagbag.py:536} INFO - Filling up the DagBag from /opt/airflow/dags/welcome_dag.py
[2023-11-13T04:25:17.931+0000] {processor.py:839} INFO - DAG(s) dict_keys(['welcome_dag']) retrieved from /opt/airflow/dags/welcome_dag.py
[2023-11-13T04:25:17.990+0000] {logging_mixin.py:154} INFO - [2023-11-13T04:25:17.990+0000] {dag.py:2941} INFO - Sync 1 DAGs
[2023-11-13T04:25:18.042+0000] {logging_mixin.py:154} INFO - [2023-11-13T04:25:18.042+0000] {dag.py:3722} INFO - Setting next_dagrun for welcome_dag to 2023-11-12T23:00:00+00:00, run_after=2023-11-13T23:00:00+00:00
[2023-11-13T04:25:18.222+0000] {processor.py:179} INFO - Processing /opt/airflow/dags/welcome_dag.py took 0.369 seconds
[2023-11-13T04:25:49.603+0000] {processor.py:157} INFO - Started process (PID=707) to work on /opt/airflow/dags/welcome_dag.py
[2023-11-13T04:25:49.605+0000] {processor.py:829} INFO - Processing file /opt/airflow/dags/welcome_dag.py for tasks to queue
[2023-11-13T04:25:49.607+0000] {logging_mixin.py:154} INFO - [2023-11-13T04:25:49.606+0000] {dagbag.py:536} INFO - Filling up the DagBag from /opt/airflow/dags/welcome_dag.py
[2023-11-13T04:25:49.680+0000] {processor.py:839} INFO - DAG(s) dict_keys(['welcome_dag']) retrieved from /opt/airflow/dags/welcome_dag.py
[2023-11-13T04:25:49.729+0000] {logging_mixin.py:154} INFO - [2023-11-13T04:25:49.729+0000] {dag.py:2941} INFO - Sync 1 DAGs
[2023-11-13T04:25:49.773+0000] {logging_mixin.py:154} INFO - [2023-11-13T04:25:49.773+0000] {dag.py:3722} INFO - Setting next_dagrun for welcome_dag to 2023-11-12T23:00:00+00:00, run_after=2023-11-13T23:00:00+00:00
[2023-11-13T04:25:49.927+0000] {processor.py:179} INFO - Processing /opt/airflow/dags/welcome_dag.py took 0.330 seconds
[2023-11-13T04:26:21.708+0000] {processor.py:157} INFO - Started process (PID=714) to work on /opt/airflow/dags/welcome_dag.py
[2023-11-13T04:26:21.710+0000] {processor.py:829} INFO - Processing file /opt/airflow/dags/welcome_dag.py for tasks to queue
[2023-11-13T04:26:21.712+0000] {logging_mixin.py:154} INFO - [2023-11-13T04:26:21.711+0000] {dagbag.py:536} INFO - Filling up the DagBag from /opt/airflow/dags/welcome_dag.py
[2023-11-13T04:26:21.785+0000] {processor.py:839} INFO - DAG(s) dict_keys(['welcome_dag']) retrieved from /opt/airflow/dags/welcome_dag.py
[2023-11-13T04:26:21.840+0000] {logging_mixin.py:154} INFO - [2023-11-13T04:26:21.839+0000] {dag.py:2941} INFO - Sync 1 DAGs
[2023-11-13T04:26:22.027+0000] {logging_mixin.py:154} INFO - [2023-11-13T04:26:22.027+0000] {dag.py:3722} INFO - Setting next_dagrun for welcome_dag to 2023-11-12T23:00:00+00:00, run_after=2023-11-13T23:00:00+00:00
[2023-11-13T04:26:22.215+0000] {processor.py:179} INFO - Processing /opt/airflow/dags/welcome_dag.py took 0.511 seconds
[2023-11-13T04:26:53.247+0000] {processor.py:157} INFO - Started process (PID=721) to work on /opt/airflow/dags/welcome_dag.py
[2023-11-13T04:26:53.249+0000] {processor.py:829} INFO - Processing file /opt/airflow/dags/welcome_dag.py for tasks to queue
[2023-11-13T04:26:53.254+0000] {logging_mixin.py:154} INFO - [2023-11-13T04:26:53.252+0000] {dagbag.py:536} INFO - Filling up the DagBag from /opt/airflow/dags/welcome_dag.py
[2023-11-13T04:26:53.322+0000] {processor.py:839} INFO - DAG(s) dict_keys(['welcome_dag']) retrieved from /opt/airflow/dags/welcome_dag.py
[2023-11-13T04:26:53.381+0000] {logging_mixin.py:154} INFO - [2023-11-13T04:26:53.380+0000] {dag.py:2941} INFO - Sync 1 DAGs
[2023-11-13T04:26:53.432+0000] {logging_mixin.py:154} INFO - [2023-11-13T04:26:53.431+0000] {dag.py:3722} INFO - Setting next_dagrun for welcome_dag to 2023-11-12T23:00:00+00:00, run_after=2023-11-13T23:00:00+00:00
[2023-11-13T04:26:53.630+0000] {processor.py:179} INFO - Processing /opt/airflow/dags/welcome_dag.py took 0.389 seconds
[2023-11-13T04:27:25.126+0000] {processor.py:157} INFO - Started process (PID=728) to work on /opt/airflow/dags/welcome_dag.py
[2023-11-13T04:27:25.128+0000] {processor.py:829} INFO - Processing file /opt/airflow/dags/welcome_dag.py for tasks to queue
[2023-11-13T04:27:25.130+0000] {logging_mixin.py:154} INFO - [2023-11-13T04:27:25.130+0000] {dagbag.py:536} INFO - Filling up the DagBag from /opt/airflow/dags/welcome_dag.py
[2023-11-13T04:27:25.202+0000] {processor.py:839} INFO - DAG(s) dict_keys(['welcome_dag']) retrieved from /opt/airflow/dags/welcome_dag.py
[2023-11-13T04:27:25.257+0000] {logging_mixin.py:154} INFO - [2023-11-13T04:27:25.257+0000] {dag.py:2941} INFO - Sync 1 DAGs
[2023-11-13T04:27:25.310+0000] {logging_mixin.py:154} INFO - [2023-11-13T04:27:25.310+0000] {dag.py:3722} INFO - Setting next_dagrun for welcome_dag to 2023-11-12T23:00:00+00:00, run_after=2023-11-13T23:00:00+00:00
[2023-11-13T04:27:25.513+0000] {processor.py:179} INFO - Processing /opt/airflow/dags/welcome_dag.py took 0.391 seconds
[2023-11-13T04:27:56.916+0000] {processor.py:157} INFO - Started process (PID=735) to work on /opt/airflow/dags/welcome_dag.py
[2023-11-13T04:27:56.918+0000] {processor.py:829} INFO - Processing file /opt/airflow/dags/welcome_dag.py for tasks to queue
[2023-11-13T04:27:56.920+0000] {logging_mixin.py:154} INFO - [2023-11-13T04:27:56.920+0000] {dagbag.py:536} INFO - Filling up the DagBag from /opt/airflow/dags/welcome_dag.py
[2023-11-13T04:27:56.999+0000] {processor.py:839} INFO - DAG(s) dict_keys(['welcome_dag']) retrieved from /opt/airflow/dags/welcome_dag.py
[2023-11-13T04:27:57.055+0000] {logging_mixin.py:154} INFO - [2023-11-13T04:27:57.055+0000] {dag.py:2941} INFO - Sync 1 DAGs
[2023-11-13T04:27:57.105+0000] {logging_mixin.py:154} INFO - [2023-11-13T04:27:57.105+0000] {dag.py:3722} INFO - Setting next_dagrun for welcome_dag to 2023-11-12T23:00:00+00:00, run_after=2023-11-13T23:00:00+00:00
[2023-11-13T04:27:57.311+0000] {processor.py:179} INFO - Processing /opt/airflow/dags/welcome_dag.py took 0.399 seconds
[2023-11-13T04:28:28.006+0000] {processor.py:157} INFO - Started process (PID=742) to work on /opt/airflow/dags/welcome_dag.py
[2023-11-13T04:28:28.008+0000] {processor.py:829} INFO - Processing file /opt/airflow/dags/welcome_dag.py for tasks to queue
[2023-11-13T04:28:28.010+0000] {logging_mixin.py:154} INFO - [2023-11-13T04:28:28.010+0000] {dagbag.py:536} INFO - Filling up the DagBag from /opt/airflow/dags/welcome_dag.py
[2023-11-13T04:28:28.086+0000] {processor.py:839} INFO - DAG(s) dict_keys(['welcome_dag']) retrieved from /opt/airflow/dags/welcome_dag.py
[2023-11-13T04:28:28.139+0000] {logging_mixin.py:154} INFO - [2023-11-13T04:28:28.138+0000] {dag.py:2941} INFO - Sync 1 DAGs
[2023-11-13T04:28:28.194+0000] {logging_mixin.py:154} INFO - [2023-11-13T04:28:28.194+0000] {dag.py:3722} INFO - Setting next_dagrun for welcome_dag to 2023-11-12T23:00:00+00:00, run_after=2023-11-13T23:00:00+00:00
[2023-11-13T04:28:28.394+0000] {processor.py:179} INFO - Processing /opt/airflow/dags/welcome_dag.py took 0.392 seconds
[2023-11-13T04:29:01.029+0000] {processor.py:157} INFO - Started process (PID=749) to work on /opt/airflow/dags/welcome_dag.py
[2023-11-13T04:29:01.031+0000] {processor.py:829} INFO - Processing file /opt/airflow/dags/welcome_dag.py for tasks to queue
[2023-11-13T04:29:01.033+0000] {logging_mixin.py:154} INFO - [2023-11-13T04:29:01.033+0000] {dagbag.py:536} INFO - Filling up the DagBag from /opt/airflow/dags/welcome_dag.py
[2023-11-13T04:29:01.113+0000] {processor.py:839} INFO - DAG(s) dict_keys(['welcome_dag']) retrieved from /opt/airflow/dags/welcome_dag.py
[2023-11-13T04:29:01.179+0000] {logging_mixin.py:154} INFO - [2023-11-13T04:29:01.179+0000] {dag.py:2941} INFO - Sync 1 DAGs
[2023-11-13T04:29:01.231+0000] {logging_mixin.py:154} INFO - [2023-11-13T04:29:01.231+0000] {dag.py:3722} INFO - Setting next_dagrun for welcome_dag to 2023-11-12T23:00:00+00:00, run_after=2023-11-13T23:00:00+00:00
[2023-11-13T04:29:01.437+0000] {processor.py:179} INFO - Processing /opt/airflow/dags/welcome_dag.py took 0.413 seconds
[2023-11-13T04:29:32.615+0000] {processor.py:157} INFO - Started process (PID=756) to work on /opt/airflow/dags/welcome_dag.py
[2023-11-13T04:29:32.617+0000] {processor.py:829} INFO - Processing file /opt/airflow/dags/welcome_dag.py for tasks to queue
[2023-11-13T04:29:32.619+0000] {logging_mixin.py:154} INFO - [2023-11-13T04:29:32.619+0000] {dagbag.py:536} INFO - Filling up the DagBag from /opt/airflow/dags/welcome_dag.py
[2023-11-13T04:29:32.693+0000] {processor.py:839} INFO - DAG(s) dict_keys(['welcome_dag']) retrieved from /opt/airflow/dags/welcome_dag.py
[2023-11-13T04:29:32.761+0000] {logging_mixin.py:154} INFO - [2023-11-13T04:29:32.760+0000] {dag.py:2941} INFO - Sync 1 DAGs
[2023-11-13T04:29:32.814+0000] {logging_mixin.py:154} INFO - [2023-11-13T04:29:32.814+0000] {dag.py:3722} INFO - Setting next_dagrun for welcome_dag to 2023-11-12T23:00:00+00:00, run_after=2023-11-13T23:00:00+00:00
[2023-11-13T04:29:33.021+0000] {processor.py:179} INFO - Processing /opt/airflow/dags/welcome_dag.py took 0.413 seconds
[2023-11-13T04:30:04.229+0000] {processor.py:157} INFO - Started process (PID=763) to work on /opt/airflow/dags/welcome_dag.py
[2023-11-13T04:30:04.231+0000] {processor.py:829} INFO - Processing file /opt/airflow/dags/welcome_dag.py for tasks to queue
[2023-11-13T04:30:04.234+0000] {logging_mixin.py:154} INFO - [2023-11-13T04:30:04.233+0000] {dagbag.py:536} INFO - Filling up the DagBag from /opt/airflow/dags/welcome_dag.py
[2023-11-13T04:30:04.306+0000] {processor.py:839} INFO - DAG(s) dict_keys(['welcome_dag']) retrieved from /opt/airflow/dags/welcome_dag.py
[2023-11-13T04:30:04.367+0000] {logging_mixin.py:154} INFO - [2023-11-13T04:30:04.367+0000] {dag.py:2941} INFO - Sync 1 DAGs
[2023-11-13T04:30:04.427+0000] {logging_mixin.py:154} INFO - [2023-11-13T04:30:04.427+0000] {dag.py:3722} INFO - Setting next_dagrun for welcome_dag to 2023-11-12T23:00:00+00:00, run_after=2023-11-13T23:00:00+00:00
[2023-11-13T04:30:04.640+0000] {processor.py:179} INFO - Processing /opt/airflow/dags/welcome_dag.py took 0.417 seconds
[2023-11-13T04:30:35.539+0000] {processor.py:157} INFO - Started process (PID=770) to work on /opt/airflow/dags/welcome_dag.py
[2023-11-13T04:30:35.541+0000] {processor.py:829} INFO - Processing file /opt/airflow/dags/welcome_dag.py for tasks to queue
[2023-11-13T04:30:35.543+0000] {logging_mixin.py:154} INFO - [2023-11-13T04:30:35.543+0000] {dagbag.py:536} INFO - Filling up the DagBag from /opt/airflow/dags/welcome_dag.py
[2023-11-13T04:30:35.614+0000] {processor.py:839} INFO - DAG(s) dict_keys(['welcome_dag']) retrieved from /opt/airflow/dags/welcome_dag.py
[2023-11-13T04:30:35.669+0000] {logging_mixin.py:154} INFO - [2023-11-13T04:30:35.669+0000] {dag.py:2941} INFO - Sync 1 DAGs
[2023-11-13T04:30:35.714+0000] {logging_mixin.py:154} INFO - [2023-11-13T04:30:35.714+0000] {dag.py:3722} INFO - Setting next_dagrun for welcome_dag to 2023-11-12T23:00:00+00:00, run_after=2023-11-13T23:00:00+00:00
[2023-11-13T04:30:35.912+0000] {processor.py:179} INFO - Processing /opt/airflow/dags/welcome_dag.py took 0.376 seconds
[2023-11-13T04:31:08.135+0000] {processor.py:157} INFO - Started process (PID=777) to work on /opt/airflow/dags/welcome_dag.py
[2023-11-13T04:31:08.137+0000] {processor.py:829} INFO - Processing file /opt/airflow/dags/welcome_dag.py for tasks to queue
[2023-11-13T04:31:08.139+0000] {logging_mixin.py:154} INFO - [2023-11-13T04:31:08.139+0000] {dagbag.py:536} INFO - Filling up the DagBag from /opt/airflow/dags/welcome_dag.py
[2023-11-13T04:31:08.217+0000] {processor.py:839} INFO - DAG(s) dict_keys(['welcome_dag']) retrieved from /opt/airflow/dags/welcome_dag.py
[2023-11-13T04:31:08.277+0000] {logging_mixin.py:154} INFO - [2023-11-13T04:31:08.277+0000] {dag.py:2941} INFO - Sync 1 DAGs
[2023-11-13T04:31:08.329+0000] {logging_mixin.py:154} INFO - [2023-11-13T04:31:08.328+0000] {dag.py:3722} INFO - Setting next_dagrun for welcome_dag to 2023-11-12T23:00:00+00:00, run_after=2023-11-13T23:00:00+00:00
[2023-11-13T04:31:08.533+0000] {processor.py:179} INFO - Processing /opt/airflow/dags/welcome_dag.py took 0.403 seconds
[2023-11-13T04:31:40.084+0000] {processor.py:157} INFO - Started process (PID=784) to work on /opt/airflow/dags/welcome_dag.py
[2023-11-13T04:31:40.086+0000] {processor.py:829} INFO - Processing file /opt/airflow/dags/welcome_dag.py for tasks to queue
[2023-11-13T04:31:40.088+0000] {logging_mixin.py:154} INFO - [2023-11-13T04:31:40.087+0000] {dagbag.py:536} INFO - Filling up the DagBag from /opt/airflow/dags/welcome_dag.py
[2023-11-13T04:31:40.164+0000] {processor.py:839} INFO - DAG(s) dict_keys(['welcome_dag']) retrieved from /opt/airflow/dags/welcome_dag.py
[2023-11-13T04:31:40.225+0000] {logging_mixin.py:154} INFO - [2023-11-13T04:31:40.225+0000] {dag.py:2941} INFO - Sync 1 DAGs
[2023-11-13T04:31:40.279+0000] {logging_mixin.py:154} INFO - [2023-11-13T04:31:40.278+0000] {dag.py:3722} INFO - Setting next_dagrun for welcome_dag to 2023-11-12T23:00:00+00:00, run_after=2023-11-13T23:00:00+00:00
[2023-11-13T04:31:40.466+0000] {processor.py:179} INFO - Processing /opt/airflow/dags/welcome_dag.py took 0.386 seconds
[2023-11-13T04:32:12.118+0000] {processor.py:157} INFO - Started process (PID=791) to work on /opt/airflow/dags/welcome_dag.py
[2023-11-13T04:32:12.120+0000] {processor.py:829} INFO - Processing file /opt/airflow/dags/welcome_dag.py for tasks to queue
[2023-11-13T04:32:12.122+0000] {logging_mixin.py:154} INFO - [2023-11-13T04:32:12.121+0000] {dagbag.py:536} INFO - Filling up the DagBag from /opt/airflow/dags/welcome_dag.py
[2023-11-13T04:32:12.204+0000] {processor.py:839} INFO - DAG(s) dict_keys(['welcome_dag']) retrieved from /opt/airflow/dags/welcome_dag.py
[2023-11-13T04:32:12.264+0000] {logging_mixin.py:154} INFO - [2023-11-13T04:32:12.264+0000] {dag.py:2941} INFO - Sync 1 DAGs
[2023-11-13T04:32:12.323+0000] {logging_mixin.py:154} INFO - [2023-11-13T04:32:12.323+0000] {dag.py:3722} INFO - Setting next_dagrun for welcome_dag to 2023-11-12T23:00:00+00:00, run_after=2023-11-13T23:00:00+00:00
[2023-11-13T04:32:12.513+0000] {processor.py:179} INFO - Processing /opt/airflow/dags/welcome_dag.py took 0.400 seconds
[2023-11-13T04:32:43.921+0000] {processor.py:157} INFO - Started process (PID=798) to work on /opt/airflow/dags/welcome_dag.py
[2023-11-13T04:32:43.923+0000] {processor.py:829} INFO - Processing file /opt/airflow/dags/welcome_dag.py for tasks to queue
[2023-11-13T04:32:43.925+0000] {logging_mixin.py:154} INFO - [2023-11-13T04:32:43.925+0000] {dagbag.py:536} INFO - Filling up the DagBag from /opt/airflow/dags/welcome_dag.py
[2023-11-13T04:32:43.996+0000] {processor.py:839} INFO - DAG(s) dict_keys(['welcome_dag']) retrieved from /opt/airflow/dags/welcome_dag.py
[2023-11-13T04:32:44.095+0000] {logging_mixin.py:154} INFO - [2023-11-13T04:32:44.095+0000] {dag.py:2941} INFO - Sync 1 DAGs
[2023-11-13T04:32:44.157+0000] {logging_mixin.py:154} INFO - [2023-11-13T04:32:44.156+0000] {dag.py:3722} INFO - Setting next_dagrun for welcome_dag to 2023-11-12T23:00:00+00:00, run_after=2023-11-13T23:00:00+00:00
[2023-11-13T04:32:44.386+0000] {processor.py:179} INFO - Processing /opt/airflow/dags/welcome_dag.py took 0.469 seconds
[2023-11-13T04:33:15.909+0000] {processor.py:157} INFO - Started process (PID=805) to work on /opt/airflow/dags/welcome_dag.py
[2023-11-13T04:33:15.911+0000] {processor.py:829} INFO - Processing file /opt/airflow/dags/welcome_dag.py for tasks to queue
[2023-11-13T04:33:15.913+0000] {logging_mixin.py:154} INFO - [2023-11-13T04:33:15.913+0000] {dagbag.py:536} INFO - Filling up the DagBag from /opt/airflow/dags/welcome_dag.py
[2023-11-13T04:33:15.987+0000] {processor.py:839} INFO - DAG(s) dict_keys(['welcome_dag']) retrieved from /opt/airflow/dags/welcome_dag.py
[2023-11-13T04:33:16.041+0000] {logging_mixin.py:154} INFO - [2023-11-13T04:33:16.041+0000] {dag.py:2941} INFO - Sync 1 DAGs
[2023-11-13T04:33:16.085+0000] {logging_mixin.py:154} INFO - [2023-11-13T04:33:16.085+0000] {dag.py:3722} INFO - Setting next_dagrun for welcome_dag to 2023-11-12T23:00:00+00:00, run_after=2023-11-13T23:00:00+00:00
[2023-11-13T04:33:16.251+0000] {processor.py:179} INFO - Processing /opt/airflow/dags/welcome_dag.py took 0.346 seconds
[2023-11-13T04:33:47.693+0000] {processor.py:157} INFO - Started process (PID=812) to work on /opt/airflow/dags/welcome_dag.py
[2023-11-13T04:33:47.695+0000] {processor.py:829} INFO - Processing file /opt/airflow/dags/welcome_dag.py for tasks to queue
[2023-11-13T04:33:47.697+0000] {logging_mixin.py:154} INFO - [2023-11-13T04:33:47.697+0000] {dagbag.py:536} INFO - Filling up the DagBag from /opt/airflow/dags/welcome_dag.py
[2023-11-13T04:33:47.770+0000] {processor.py:839} INFO - DAG(s) dict_keys(['welcome_dag']) retrieved from /opt/airflow/dags/welcome_dag.py
[2023-11-13T04:33:47.828+0000] {logging_mixin.py:154} INFO - [2023-11-13T04:33:47.828+0000] {dag.py:2941} INFO - Sync 1 DAGs
[2023-11-13T04:33:47.879+0000] {logging_mixin.py:154} INFO - [2023-11-13T04:33:47.878+0000] {dag.py:3722} INFO - Setting next_dagrun for welcome_dag to 2023-11-12T23:00:00+00:00, run_after=2023-11-13T23:00:00+00:00
[2023-11-13T04:33:48.073+0000] {processor.py:179} INFO - Processing /opt/airflow/dags/welcome_dag.py took 0.384 seconds
[2023-11-13T04:34:19.750+0000] {processor.py:157} INFO - Started process (PID=819) to work on /opt/airflow/dags/welcome_dag.py
[2023-11-13T04:34:19.752+0000] {processor.py:829} INFO - Processing file /opt/airflow/dags/welcome_dag.py for tasks to queue
[2023-11-13T04:34:19.754+0000] {logging_mixin.py:154} INFO - [2023-11-13T04:34:19.753+0000] {dagbag.py:536} INFO - Filling up the DagBag from /opt/airflow/dags/welcome_dag.py
[2023-11-13T04:34:19.831+0000] {processor.py:839} INFO - DAG(s) dict_keys(['welcome_dag']) retrieved from /opt/airflow/dags/welcome_dag.py
[2023-11-13T04:34:19.889+0000] {logging_mixin.py:154} INFO - [2023-11-13T04:34:19.888+0000] {dag.py:2941} INFO - Sync 1 DAGs
[2023-11-13T04:34:19.940+0000] {logging_mixin.py:154} INFO - [2023-11-13T04:34:19.940+0000] {dag.py:3722} INFO - Setting next_dagrun for welcome_dag to 2023-11-12T23:00:00+00:00, run_after=2023-11-13T23:00:00+00:00
[2023-11-13T04:34:20.132+0000] {processor.py:179} INFO - Processing /opt/airflow/dags/welcome_dag.py took 0.387 seconds
[2023-11-13T04:34:51.966+0000] {processor.py:157} INFO - Started process (PID=826) to work on /opt/airflow/dags/welcome_dag.py
[2023-11-13T04:34:51.968+0000] {processor.py:829} INFO - Processing file /opt/airflow/dags/welcome_dag.py for tasks to queue
[2023-11-13T04:34:51.970+0000] {logging_mixin.py:154} INFO - [2023-11-13T04:34:51.970+0000] {dagbag.py:536} INFO - Filling up the DagBag from /opt/airflow/dags/welcome_dag.py
[2023-11-13T04:34:52.057+0000] {processor.py:839} INFO - DAG(s) dict_keys(['welcome_dag']) retrieved from /opt/airflow/dags/welcome_dag.py
[2023-11-13T04:34:52.129+0000] {logging_mixin.py:154} INFO - [2023-11-13T04:34:52.129+0000] {dag.py:2941} INFO - Sync 1 DAGs
[2023-11-13T04:34:52.192+0000] {logging_mixin.py:154} INFO - [2023-11-13T04:34:52.191+0000] {dag.py:3722} INFO - Setting next_dagrun for welcome_dag to 2023-11-12T23:00:00+00:00, run_after=2023-11-13T23:00:00+00:00
[2023-11-13T04:34:52.665+0000] {processor.py:179} INFO - Processing /opt/airflow/dags/welcome_dag.py took 0.705 seconds
[2023-11-13T04:35:24.658+0000] {processor.py:157} INFO - Started process (PID=833) to work on /opt/airflow/dags/welcome_dag.py
[2023-11-13T04:35:24.660+0000] {processor.py:829} INFO - Processing file /opt/airflow/dags/welcome_dag.py for tasks to queue
[2023-11-13T04:35:24.662+0000] {logging_mixin.py:154} INFO - [2023-11-13T04:35:24.662+0000] {dagbag.py:536} INFO - Filling up the DagBag from /opt/airflow/dags/welcome_dag.py
[2023-11-13T04:35:24.744+0000] {processor.py:839} INFO - DAG(s) dict_keys(['welcome_dag']) retrieved from /opt/airflow/dags/welcome_dag.py
[2023-11-13T04:35:24.803+0000] {logging_mixin.py:154} INFO - [2023-11-13T04:35:24.802+0000] {dag.py:2941} INFO - Sync 1 DAGs
[2023-11-13T04:35:24.854+0000] {logging_mixin.py:154} INFO - [2023-11-13T04:35:24.853+0000] {dag.py:3722} INFO - Setting next_dagrun for welcome_dag to 2023-11-12T23:00:00+00:00, run_after=2023-11-13T23:00:00+00:00
[2023-11-13T04:35:25.051+0000] {processor.py:179} INFO - Processing /opt/airflow/dags/welcome_dag.py took 0.397 seconds
[2023-11-13T04:35:57.020+0000] {processor.py:157} INFO - Started process (PID=840) to work on /opt/airflow/dags/welcome_dag.py
[2023-11-13T04:35:57.022+0000] {processor.py:829} INFO - Processing file /opt/airflow/dags/welcome_dag.py for tasks to queue
[2023-11-13T04:35:57.024+0000] {logging_mixin.py:154} INFO - [2023-11-13T04:35:57.024+0000] {dagbag.py:536} INFO - Filling up the DagBag from /opt/airflow/dags/welcome_dag.py
[2023-11-13T04:35:57.097+0000] {processor.py:839} INFO - DAG(s) dict_keys(['welcome_dag']) retrieved from /opt/airflow/dags/welcome_dag.py
[2023-11-13T04:35:57.155+0000] {logging_mixin.py:154} INFO - [2023-11-13T04:35:57.155+0000] {dag.py:2941} INFO - Sync 1 DAGs
[2023-11-13T04:35:57.204+0000] {logging_mixin.py:154} INFO - [2023-11-13T04:35:57.204+0000] {dag.py:3722} INFO - Setting next_dagrun for welcome_dag to 2023-11-12T23:00:00+00:00, run_after=2023-11-13T23:00:00+00:00
[2023-11-13T04:35:57.775+0000] {processor.py:179} INFO - Processing /opt/airflow/dags/welcome_dag.py took 0.759 seconds
[2023-11-13T04:36:28.010+0000] {processor.py:157} INFO - Started process (PID=847) to work on /opt/airflow/dags/welcome_dag.py
[2023-11-13T04:36:28.012+0000] {processor.py:829} INFO - Processing file /opt/airflow/dags/welcome_dag.py for tasks to queue
[2023-11-13T04:36:28.014+0000] {logging_mixin.py:154} INFO - [2023-11-13T04:36:28.013+0000] {dagbag.py:536} INFO - Filling up the DagBag from /opt/airflow/dags/welcome_dag.py
[2023-11-13T04:36:28.082+0000] {processor.py:839} INFO - DAG(s) dict_keys(['welcome_dag']) retrieved from /opt/airflow/dags/welcome_dag.py
[2023-11-13T04:36:28.142+0000] {logging_mixin.py:154} INFO - [2023-11-13T04:36:28.142+0000] {dag.py:2941} INFO - Sync 1 DAGs
[2023-11-13T04:36:28.195+0000] {logging_mixin.py:154} INFO - [2023-11-13T04:36:28.195+0000] {dag.py:3722} INFO - Setting next_dagrun for welcome_dag to 2023-11-12T23:00:00+00:00, run_after=2023-11-13T23:00:00+00:00
[2023-11-13T04:36:28.410+0000] {processor.py:179} INFO - Processing /opt/airflow/dags/welcome_dag.py took 0.404 seconds
[2023-11-13T04:36:59.351+0000] {processor.py:157} INFO - Started process (PID=854) to work on /opt/airflow/dags/welcome_dag.py
[2023-11-13T04:36:59.352+0000] {processor.py:829} INFO - Processing file /opt/airflow/dags/welcome_dag.py for tasks to queue
[2023-11-13T04:36:59.355+0000] {logging_mixin.py:154} INFO - [2023-11-13T04:36:59.354+0000] {dagbag.py:536} INFO - Filling up the DagBag from /opt/airflow/dags/welcome_dag.py
[2023-11-13T04:36:59.435+0000] {processor.py:839} INFO - DAG(s) dict_keys(['welcome_dag']) retrieved from /opt/airflow/dags/welcome_dag.py
[2023-11-13T04:36:59.499+0000] {logging_mixin.py:154} INFO - [2023-11-13T04:36:59.498+0000] {dag.py:2941} INFO - Sync 1 DAGs
[2023-11-13T04:36:59.732+0000] {logging_mixin.py:154} INFO - [2023-11-13T04:36:59.731+0000] {dag.py:3722} INFO - Setting next_dagrun for welcome_dag to 2023-11-12T23:00:00+00:00, run_after=2023-11-13T23:00:00+00:00
[2023-11-13T04:36:59.938+0000] {processor.py:179} INFO - Processing /opt/airflow/dags/welcome_dag.py took 0.592 seconds
[2023-11-13T04:37:31.654+0000] {processor.py:157} INFO - Started process (PID=864) to work on /opt/airflow/dags/welcome_dag.py
[2023-11-13T04:37:31.656+0000] {processor.py:829} INFO - Processing file /opt/airflow/dags/welcome_dag.py for tasks to queue
[2023-11-13T04:37:31.658+0000] {logging_mixin.py:154} INFO - [2023-11-13T04:37:31.657+0000] {dagbag.py:536} INFO - Filling up the DagBag from /opt/airflow/dags/welcome_dag.py
[2023-11-13T04:37:31.736+0000] {processor.py:839} INFO - DAG(s) dict_keys(['welcome_dag']) retrieved from /opt/airflow/dags/welcome_dag.py
[2023-11-13T04:37:31.808+0000] {logging_mixin.py:154} INFO - [2023-11-13T04:37:31.807+0000] {dag.py:2941} INFO - Sync 1 DAGs
[2023-11-13T04:37:31.864+0000] {logging_mixin.py:154} INFO - [2023-11-13T04:37:31.864+0000] {dag.py:3722} INFO - Setting next_dagrun for welcome_dag to 2023-11-12T23:00:00+00:00, run_after=2023-11-13T23:00:00+00:00
[2023-11-13T04:37:32.043+0000] {processor.py:179} INFO - Processing /opt/airflow/dags/welcome_dag.py took 0.394 seconds
[2023-11-13T04:38:02.314+0000] {processor.py:157} INFO - Started process (PID=875) to work on /opt/airflow/dags/welcome_dag.py
[2023-11-13T04:38:02.315+0000] {processor.py:829} INFO - Processing file /opt/airflow/dags/welcome_dag.py for tasks to queue
[2023-11-13T04:38:02.317+0000] {logging_mixin.py:154} INFO - [2023-11-13T04:38:02.317+0000] {dagbag.py:536} INFO - Filling up the DagBag from /opt/airflow/dags/welcome_dag.py
[2023-11-13T04:38:02.393+0000] {processor.py:839} INFO - DAG(s) dict_keys(['welcome_dag']) retrieved from /opt/airflow/dags/welcome_dag.py
[2023-11-13T04:38:02.448+0000] {logging_mixin.py:154} INFO - [2023-11-13T04:38:02.448+0000] {dag.py:2941} INFO - Sync 1 DAGs
[2023-11-13T04:38:02.501+0000] {logging_mixin.py:154} INFO - [2023-11-13T04:38:02.500+0000] {dag.py:3722} INFO - Setting next_dagrun for welcome_dag to 2023-11-12T23:00:00+00:00, run_after=2023-11-13T23:00:00+00:00
[2023-11-13T04:38:02.664+0000] {processor.py:179} INFO - Processing /opt/airflow/dags/welcome_dag.py took 0.355 seconds
[2023-11-13T04:38:34.350+0000] {processor.py:157} INFO - Started process (PID=882) to work on /opt/airflow/dags/welcome_dag.py
[2023-11-13T04:38:34.352+0000] {processor.py:829} INFO - Processing file /opt/airflow/dags/welcome_dag.py for tasks to queue
[2023-11-13T04:38:34.354+0000] {logging_mixin.py:154} INFO - [2023-11-13T04:38:34.353+0000] {dagbag.py:536} INFO - Filling up the DagBag from /opt/airflow/dags/welcome_dag.py
[2023-11-13T04:38:34.421+0000] {processor.py:839} INFO - DAG(s) dict_keys(['welcome_dag']) retrieved from /opt/airflow/dags/welcome_dag.py
[2023-11-13T04:38:34.475+0000] {logging_mixin.py:154} INFO - [2023-11-13T04:38:34.475+0000] {dag.py:2941} INFO - Sync 1 DAGs
[2023-11-13T04:38:34.521+0000] {logging_mixin.py:154} INFO - [2023-11-13T04:38:34.521+0000] {dag.py:3722} INFO - Setting next_dagrun for welcome_dag to 2023-11-12T23:00:00+00:00, run_after=2023-11-13T23:00:00+00:00
[2023-11-13T04:38:35.018+0000] {processor.py:179} INFO - Processing /opt/airflow/dags/welcome_dag.py took 0.671 seconds
[2023-11-13T04:39:06.297+0000] {processor.py:157} INFO - Started process (PID=889) to work on /opt/airflow/dags/welcome_dag.py
[2023-11-13T04:39:06.299+0000] {processor.py:829} INFO - Processing file /opt/airflow/dags/welcome_dag.py for tasks to queue
[2023-11-13T04:39:06.301+0000] {logging_mixin.py:154} INFO - [2023-11-13T04:39:06.300+0000] {dagbag.py:536} INFO - Filling up the DagBag from /opt/airflow/dags/welcome_dag.py
[2023-11-13T04:39:06.381+0000] {processor.py:839} INFO - DAG(s) dict_keys(['welcome_dag']) retrieved from /opt/airflow/dags/welcome_dag.py
[2023-11-13T04:39:06.437+0000] {logging_mixin.py:154} INFO - [2023-11-13T04:39:06.437+0000] {dag.py:2941} INFO - Sync 1 DAGs
[2023-11-13T04:39:06.485+0000] {logging_mixin.py:154} INFO - [2023-11-13T04:39:06.485+0000] {dag.py:3722} INFO - Setting next_dagrun for welcome_dag to 2023-11-12T23:00:00+00:00, run_after=2023-11-13T23:00:00+00:00
[2023-11-13T04:39:06.678+0000] {processor.py:179} INFO - Processing /opt/airflow/dags/welcome_dag.py took 0.385 seconds
[2023-11-13T04:39:38.495+0000] {processor.py:157} INFO - Started process (PID=896) to work on /opt/airflow/dags/welcome_dag.py
[2023-11-13T04:39:38.497+0000] {processor.py:829} INFO - Processing file /opt/airflow/dags/welcome_dag.py for tasks to queue
[2023-11-13T04:39:38.499+0000] {logging_mixin.py:154} INFO - [2023-11-13T04:39:38.499+0000] {dagbag.py:536} INFO - Filling up the DagBag from /opt/airflow/dags/welcome_dag.py
[2023-11-13T04:39:38.579+0000] {processor.py:839} INFO - DAG(s) dict_keys(['welcome_dag']) retrieved from /opt/airflow/dags/welcome_dag.py
[2023-11-13T04:39:38.636+0000] {logging_mixin.py:154} INFO - [2023-11-13T04:39:38.636+0000] {dag.py:2941} INFO - Sync 1 DAGs
[2023-11-13T04:39:38.685+0000] {logging_mixin.py:154} INFO - [2023-11-13T04:39:38.685+0000] {dag.py:3722} INFO - Setting next_dagrun for welcome_dag to 2023-11-12T23:00:00+00:00, run_after=2023-11-13T23:00:00+00:00
[2023-11-13T04:39:38.878+0000] {processor.py:179} INFO - Processing /opt/airflow/dags/welcome_dag.py took 0.387 seconds
[2023-11-13T04:40:10.336+0000] {processor.py:157} INFO - Started process (PID=903) to work on /opt/airflow/dags/welcome_dag.py
[2023-11-13T04:40:10.338+0000] {processor.py:829} INFO - Processing file /opt/airflow/dags/welcome_dag.py for tasks to queue
[2023-11-13T04:40:10.340+0000] {logging_mixin.py:154} INFO - [2023-11-13T04:40:10.339+0000] {dagbag.py:536} INFO - Filling up the DagBag from /opt/airflow/dags/welcome_dag.py
[2023-11-13T04:40:10.415+0000] {processor.py:839} INFO - DAG(s) dict_keys(['welcome_dag']) retrieved from /opt/airflow/dags/welcome_dag.py
[2023-11-13T04:40:10.478+0000] {logging_mixin.py:154} INFO - [2023-11-13T04:40:10.478+0000] {dag.py:2941} INFO - Sync 1 DAGs
[2023-11-13T04:40:10.532+0000] {logging_mixin.py:154} INFO - [2023-11-13T04:40:10.532+0000] {dag.py:3722} INFO - Setting next_dagrun for welcome_dag to 2023-11-12T23:00:00+00:00, run_after=2023-11-13T23:00:00+00:00
[2023-11-13T04:40:10.701+0000] {processor.py:179} INFO - Processing /opt/airflow/dags/welcome_dag.py took 0.369 seconds
[2023-11-13T04:40:41.732+0000] {processor.py:157} INFO - Started process (PID=910) to work on /opt/airflow/dags/welcome_dag.py
[2023-11-13T04:40:41.735+0000] {processor.py:829} INFO - Processing file /opt/airflow/dags/welcome_dag.py for tasks to queue
[2023-11-13T04:40:41.737+0000] {logging_mixin.py:154} INFO - [2023-11-13T04:40:41.736+0000] {dagbag.py:536} INFO - Filling up the DagBag from /opt/airflow/dags/welcome_dag.py
[2023-11-13T04:40:41.828+0000] {processor.py:839} INFO - DAG(s) dict_keys(['welcome_dag']) retrieved from /opt/airflow/dags/welcome_dag.py
[2023-11-13T04:40:41.890+0000] {logging_mixin.py:154} INFO - [2023-11-13T04:40:41.889+0000] {dag.py:2941} INFO - Sync 1 DAGs
[2023-11-13T04:40:41.950+0000] {logging_mixin.py:154} INFO - [2023-11-13T04:40:41.950+0000] {dag.py:3722} INFO - Setting next_dagrun for welcome_dag to 2023-11-12T23:00:00+00:00, run_after=2023-11-13T23:00:00+00:00
[2023-11-13T04:40:42.140+0000] {processor.py:179} INFO - Processing /opt/airflow/dags/welcome_dag.py took 0.416 seconds
[2023-11-13T04:41:13.539+0000] {processor.py:157} INFO - Started process (PID=919) to work on /opt/airflow/dags/welcome_dag.py
[2023-11-13T04:41:13.541+0000] {processor.py:829} INFO - Processing file /opt/airflow/dags/welcome_dag.py for tasks to queue
[2023-11-13T04:41:13.543+0000] {logging_mixin.py:154} INFO - [2023-11-13T04:41:13.542+0000] {dagbag.py:536} INFO - Filling up the DagBag from /opt/airflow/dags/welcome_dag.py
[2023-11-13T04:41:13.614+0000] {processor.py:839} INFO - DAG(s) dict_keys(['welcome_dag']) retrieved from /opt/airflow/dags/welcome_dag.py
[2023-11-13T04:41:13.678+0000] {logging_mixin.py:154} INFO - [2023-11-13T04:41:13.677+0000] {dag.py:2941} INFO - Sync 1 DAGs
[2023-11-13T04:41:13.733+0000] {logging_mixin.py:154} INFO - [2023-11-13T04:41:13.733+0000] {dag.py:3722} INFO - Setting next_dagrun for welcome_dag to 2023-11-12T23:00:00+00:00, run_after=2023-11-13T23:00:00+00:00
[2023-11-13T04:41:13.928+0000] {processor.py:179} INFO - Processing /opt/airflow/dags/welcome_dag.py took 0.394 seconds
[2023-11-13T04:41:44.904+0000] {processor.py:157} INFO - Started process (PID=926) to work on /opt/airflow/dags/welcome_dag.py
[2023-11-13T04:41:44.906+0000] {processor.py:829} INFO - Processing file /opt/airflow/dags/welcome_dag.py for tasks to queue
[2023-11-13T04:41:44.908+0000] {logging_mixin.py:154} INFO - [2023-11-13T04:41:44.908+0000] {dagbag.py:536} INFO - Filling up the DagBag from /opt/airflow/dags/welcome_dag.py
[2023-11-13T04:41:44.988+0000] {processor.py:839} INFO - DAG(s) dict_keys(['welcome_dag']) retrieved from /opt/airflow/dags/welcome_dag.py
[2023-11-13T04:41:45.046+0000] {logging_mixin.py:154} INFO - [2023-11-13T04:41:45.046+0000] {dag.py:2941} INFO - Sync 1 DAGs
[2023-11-13T04:41:45.098+0000] {logging_mixin.py:154} INFO - [2023-11-13T04:41:45.098+0000] {dag.py:3722} INFO - Setting next_dagrun for welcome_dag to 2023-11-12T23:00:00+00:00, run_after=2023-11-13T23:00:00+00:00
[2023-11-13T04:41:45.283+0000] {processor.py:179} INFO - Processing /opt/airflow/dags/welcome_dag.py took 0.383 seconds
[2023-11-13T04:42:16.617+0000] {processor.py:157} INFO - Started process (PID=933) to work on /opt/airflow/dags/welcome_dag.py
[2023-11-13T04:42:16.619+0000] {processor.py:829} INFO - Processing file /opt/airflow/dags/welcome_dag.py for tasks to queue
[2023-11-13T04:42:16.621+0000] {logging_mixin.py:154} INFO - [2023-11-13T04:42:16.620+0000] {dagbag.py:536} INFO - Filling up the DagBag from /opt/airflow/dags/welcome_dag.py
[2023-11-13T04:42:16.697+0000] {processor.py:839} INFO - DAG(s) dict_keys(['welcome_dag']) retrieved from /opt/airflow/dags/welcome_dag.py
[2023-11-13T04:42:16.763+0000] {logging_mixin.py:154} INFO - [2023-11-13T04:42:16.762+0000] {dag.py:2941} INFO - Sync 1 DAGs
[2023-11-13T04:42:16.815+0000] {logging_mixin.py:154} INFO - [2023-11-13T04:42:16.815+0000] {dag.py:3722} INFO - Setting next_dagrun for welcome_dag to 2023-11-12T23:00:00+00:00, run_after=2023-11-13T23:00:00+00:00
[2023-11-13T04:42:17.014+0000] {processor.py:179} INFO - Processing /opt/airflow/dags/welcome_dag.py took 0.401 seconds
[2023-11-13T04:42:48.125+0000] {processor.py:157} INFO - Started process (PID=940) to work on /opt/airflow/dags/welcome_dag.py
[2023-11-13T04:42:48.127+0000] {processor.py:829} INFO - Processing file /opt/airflow/dags/welcome_dag.py for tasks to queue
[2023-11-13T04:42:48.129+0000] {logging_mixin.py:154} INFO - [2023-11-13T04:42:48.128+0000] {dagbag.py:536} INFO - Filling up the DagBag from /opt/airflow/dags/welcome_dag.py
[2023-11-13T04:42:48.201+0000] {processor.py:839} INFO - DAG(s) dict_keys(['welcome_dag']) retrieved from /opt/airflow/dags/welcome_dag.py
[2023-11-13T04:42:48.257+0000] {logging_mixin.py:154} INFO - [2023-11-13T04:42:48.257+0000] {dag.py:2941} INFO - Sync 1 DAGs
[2023-11-13T04:42:48.307+0000] {logging_mixin.py:154} INFO - [2023-11-13T04:42:48.307+0000] {dag.py:3722} INFO - Setting next_dagrun for welcome_dag to 2023-11-12T23:00:00+00:00, run_after=2023-11-13T23:00:00+00:00
[2023-11-13T04:42:48.499+0000] {processor.py:179} INFO - Processing /opt/airflow/dags/welcome_dag.py took 0.379 seconds
[2023-11-13T04:43:19.698+0000] {processor.py:157} INFO - Started process (PID=947) to work on /opt/airflow/dags/welcome_dag.py
[2023-11-13T04:43:19.700+0000] {processor.py:829} INFO - Processing file /opt/airflow/dags/welcome_dag.py for tasks to queue
[2023-11-13T04:43:19.702+0000] {logging_mixin.py:154} INFO - [2023-11-13T04:43:19.702+0000] {dagbag.py:536} INFO - Filling up the DagBag from /opt/airflow/dags/welcome_dag.py
[2023-11-13T04:43:19.774+0000] {processor.py:839} INFO - DAG(s) dict_keys(['welcome_dag']) retrieved from /opt/airflow/dags/welcome_dag.py
[2023-11-13T04:43:19.889+0000] {logging_mixin.py:154} INFO - [2023-11-13T04:43:19.889+0000] {dag.py:2941} INFO - Sync 1 DAGs
[2023-11-13T04:43:19.940+0000] {logging_mixin.py:154} INFO - [2023-11-13T04:43:19.939+0000] {dag.py:3722} INFO - Setting next_dagrun for welcome_dag to 2023-11-12T23:00:00+00:00, run_after=2023-11-13T23:00:00+00:00
[2023-11-13T04:43:20.145+0000] {processor.py:179} INFO - Processing /opt/airflow/dags/welcome_dag.py took 0.451 seconds
[2023-11-13T04:43:51.255+0000] {processor.py:157} INFO - Started process (PID=954) to work on /opt/airflow/dags/welcome_dag.py
[2023-11-13T04:43:51.257+0000] {processor.py:829} INFO - Processing file /opt/airflow/dags/welcome_dag.py for tasks to queue
[2023-11-13T04:43:51.259+0000] {logging_mixin.py:154} INFO - [2023-11-13T04:43:51.258+0000] {dagbag.py:536} INFO - Filling up the DagBag from /opt/airflow/dags/welcome_dag.py
[2023-11-13T04:43:51.334+0000] {processor.py:839} INFO - DAG(s) dict_keys(['welcome_dag']) retrieved from /opt/airflow/dags/welcome_dag.py
[2023-11-13T04:43:51.391+0000] {logging_mixin.py:154} INFO - [2023-11-13T04:43:51.390+0000] {dag.py:2941} INFO - Sync 1 DAGs
[2023-11-13T04:43:51.440+0000] {logging_mixin.py:154} INFO - [2023-11-13T04:43:51.440+0000] {dag.py:3722} INFO - Setting next_dagrun for welcome_dag to 2023-11-12T23:00:00+00:00, run_after=2023-11-13T23:00:00+00:00
[2023-11-13T04:43:51.666+0000] {processor.py:179} INFO - Processing /opt/airflow/dags/welcome_dag.py took 0.415 seconds
[2023-11-13T04:44:22.825+0000] {processor.py:157} INFO - Started process (PID=961) to work on /opt/airflow/dags/welcome_dag.py
[2023-11-13T04:44:22.827+0000] {processor.py:829} INFO - Processing file /opt/airflow/dags/welcome_dag.py for tasks to queue
[2023-11-13T04:44:22.829+0000] {logging_mixin.py:154} INFO - [2023-11-13T04:44:22.829+0000] {dagbag.py:536} INFO - Filling up the DagBag from /opt/airflow/dags/welcome_dag.py
[2023-11-13T04:44:22.908+0000] {processor.py:839} INFO - DAG(s) dict_keys(['welcome_dag']) retrieved from /opt/airflow/dags/welcome_dag.py
[2023-11-13T04:44:22.978+0000] {logging_mixin.py:154} INFO - [2023-11-13T04:44:22.977+0000] {dag.py:2941} INFO - Sync 1 DAGs
[2023-11-13T04:44:23.032+0000] {logging_mixin.py:154} INFO - [2023-11-13T04:44:23.031+0000] {dag.py:3722} INFO - Setting next_dagrun for welcome_dag to 2023-11-12T23:00:00+00:00, run_after=2023-11-13T23:00:00+00:00
[2023-11-13T04:44:23.210+0000] {processor.py:179} INFO - Processing /opt/airflow/dags/welcome_dag.py took 0.389 seconds
[2023-11-13T04:44:54.300+0000] {processor.py:157} INFO - Started process (PID=968) to work on /opt/airflow/dags/welcome_dag.py
[2023-11-13T04:44:54.302+0000] {processor.py:829} INFO - Processing file /opt/airflow/dags/welcome_dag.py for tasks to queue
[2023-11-13T04:44:54.304+0000] {logging_mixin.py:154} INFO - [2023-11-13T04:44:54.303+0000] {dagbag.py:536} INFO - Filling up the DagBag from /opt/airflow/dags/welcome_dag.py
[2023-11-13T04:44:54.374+0000] {processor.py:839} INFO - DAG(s) dict_keys(['welcome_dag']) retrieved from /opt/airflow/dags/welcome_dag.py
[2023-11-13T04:44:54.432+0000] {logging_mixin.py:154} INFO - [2023-11-13T04:44:54.431+0000] {dag.py:2941} INFO - Sync 1 DAGs
[2023-11-13T04:44:54.486+0000] {logging_mixin.py:154} INFO - [2023-11-13T04:44:54.485+0000] {dag.py:3722} INFO - Setting next_dagrun for welcome_dag to 2023-11-12T23:00:00+00:00, run_after=2023-11-13T23:00:00+00:00
[2023-11-13T04:44:54.677+0000] {processor.py:179} INFO - Processing /opt/airflow/dags/welcome_dag.py took 0.382 seconds
[2023-11-13T04:45:26.139+0000] {processor.py:157} INFO - Started process (PID=975) to work on /opt/airflow/dags/welcome_dag.py
[2023-11-13T04:45:26.141+0000] {processor.py:829} INFO - Processing file /opt/airflow/dags/welcome_dag.py for tasks to queue
[2023-11-13T04:45:26.143+0000] {logging_mixin.py:154} INFO - [2023-11-13T04:45:26.143+0000] {dagbag.py:536} INFO - Filling up the DagBag from /opt/airflow/dags/welcome_dag.py
[2023-11-13T04:45:26.224+0000] {processor.py:839} INFO - DAG(s) dict_keys(['welcome_dag']) retrieved from /opt/airflow/dags/welcome_dag.py
[2023-11-13T04:45:26.286+0000] {logging_mixin.py:154} INFO - [2023-11-13T04:45:26.286+0000] {dag.py:2941} INFO - Sync 1 DAGs
[2023-11-13T04:45:26.336+0000] {logging_mixin.py:154} INFO - [2023-11-13T04:45:26.336+0000] {dag.py:3722} INFO - Setting next_dagrun for welcome_dag to 2023-11-12T23:00:00+00:00, run_after=2023-11-13T23:00:00+00:00
[2023-11-13T04:45:26.541+0000] {processor.py:179} INFO - Processing /opt/airflow/dags/welcome_dag.py took 0.406 seconds
[2023-11-13T04:45:57.844+0000] {processor.py:157} INFO - Started process (PID=987) to work on /opt/airflow/dags/welcome_dag.py
[2023-11-13T04:45:57.846+0000] {processor.py:829} INFO - Processing file /opt/airflow/dags/welcome_dag.py for tasks to queue
[2023-11-13T04:45:57.848+0000] {logging_mixin.py:154} INFO - [2023-11-13T04:45:57.847+0000] {dagbag.py:536} INFO - Filling up the DagBag from /opt/airflow/dags/welcome_dag.py
[2023-11-13T04:45:57.917+0000] {processor.py:839} INFO - DAG(s) dict_keys(['welcome_dag']) retrieved from /opt/airflow/dags/welcome_dag.py
[2023-11-13T04:45:57.980+0000] {logging_mixin.py:154} INFO - [2023-11-13T04:45:57.979+0000] {dag.py:2941} INFO - Sync 1 DAGs
[2023-11-13T04:45:58.034+0000] {logging_mixin.py:154} INFO - [2023-11-13T04:45:58.034+0000] {dag.py:3722} INFO - Setting next_dagrun for welcome_dag to 2023-11-12T23:00:00+00:00, run_after=2023-11-13T23:00:00+00:00
[2023-11-13T04:45:58.232+0000] {processor.py:179} INFO - Processing /opt/airflow/dags/welcome_dag.py took 0.392 seconds
[2023-11-13T04:46:29.605+0000] {processor.py:157} INFO - Started process (PID=997) to work on /opt/airflow/dags/welcome_dag.py
[2023-11-13T04:46:29.606+0000] {processor.py:829} INFO - Processing file /opt/airflow/dags/welcome_dag.py for tasks to queue
[2023-11-13T04:46:29.609+0000] {logging_mixin.py:154} INFO - [2023-11-13T04:46:29.608+0000] {dagbag.py:536} INFO - Filling up the DagBag from /opt/airflow/dags/welcome_dag.py
[2023-11-13T04:46:29.690+0000] {processor.py:839} INFO - DAG(s) dict_keys(['welcome_dag']) retrieved from /opt/airflow/dags/welcome_dag.py
[2023-11-13T04:46:29.765+0000] {logging_mixin.py:154} INFO - [2023-11-13T04:46:29.764+0000] {dag.py:2941} INFO - Sync 1 DAGs
[2023-11-13T04:46:29.817+0000] {logging_mixin.py:154} INFO - [2023-11-13T04:46:29.817+0000] {dag.py:3722} INFO - Setting next_dagrun for welcome_dag to 2023-11-12T23:00:00+00:00, run_after=2023-11-13T23:00:00+00:00
[2023-11-13T04:46:29.999+0000] {processor.py:179} INFO - Processing /opt/airflow/dags/welcome_dag.py took 0.399 seconds
[2023-11-13T04:47:01.816+0000] {processor.py:157} INFO - Started process (PID=1004) to work on /opt/airflow/dags/welcome_dag.py
[2023-11-13T04:47:01.818+0000] {processor.py:829} INFO - Processing file /opt/airflow/dags/welcome_dag.py for tasks to queue
[2023-11-13T04:47:01.820+0000] {logging_mixin.py:154} INFO - [2023-11-13T04:47:01.820+0000] {dagbag.py:536} INFO - Filling up the DagBag from /opt/airflow/dags/welcome_dag.py
[2023-11-13T04:47:01.894+0000] {processor.py:839} INFO - DAG(s) dict_keys(['welcome_dag']) retrieved from /opt/airflow/dags/welcome_dag.py
[2023-11-13T04:47:01.949+0000] {logging_mixin.py:154} INFO - [2023-11-13T04:47:01.949+0000] {dag.py:2941} INFO - Sync 1 DAGs
[2023-11-13T04:47:02.009+0000] {logging_mixin.py:154} INFO - [2023-11-13T04:47:02.009+0000] {dag.py:3722} INFO - Setting next_dagrun for welcome_dag to 2023-11-12T23:00:00+00:00, run_after=2023-11-13T23:00:00+00:00
[2023-11-13T04:47:02.199+0000] {processor.py:179} INFO - Processing /opt/airflow/dags/welcome_dag.py took 0.387 seconds
[2023-11-13T04:47:33.166+0000] {processor.py:157} INFO - Started process (PID=1011) to work on /opt/airflow/dags/welcome_dag.py
[2023-11-13T04:47:33.168+0000] {processor.py:829} INFO - Processing file /opt/airflow/dags/welcome_dag.py for tasks to queue
[2023-11-13T04:47:33.169+0000] {logging_mixin.py:154} INFO - [2023-11-13T04:47:33.169+0000] {dagbag.py:536} INFO - Filling up the DagBag from /opt/airflow/dags/welcome_dag.py
[2023-11-13T04:47:33.254+0000] {processor.py:839} INFO - DAG(s) dict_keys(['welcome_dag']) retrieved from /opt/airflow/dags/welcome_dag.py
[2023-11-13T04:47:33.318+0000] {logging_mixin.py:154} INFO - [2023-11-13T04:47:33.318+0000] {dag.py:2941} INFO - Sync 1 DAGs
[2023-11-13T04:47:33.371+0000] {logging_mixin.py:154} INFO - [2023-11-13T04:47:33.371+0000] {dag.py:3722} INFO - Setting next_dagrun for welcome_dag to 2023-11-12T23:00:00+00:00, run_after=2023-11-13T23:00:00+00:00
[2023-11-13T04:47:33.549+0000] {processor.py:179} INFO - Processing /opt/airflow/dags/welcome_dag.py took 0.387 seconds
[2023-11-13T04:48:17.081+0000] {processor.py:157} INFO - Started process (PID=1077) to work on /opt/airflow/dags/welcome_dag.py
[2023-11-13T04:48:17.083+0000] {processor.py:829} INFO - Processing file /opt/airflow/dags/welcome_dag.py for tasks to queue
[2023-11-13T04:48:17.085+0000] {logging_mixin.py:154} INFO - [2023-11-13T04:48:17.085+0000] {dagbag.py:536} INFO - Filling up the DagBag from /opt/airflow/dags/welcome_dag.py
[2023-11-13T04:48:17.163+0000] {processor.py:839} INFO - DAG(s) dict_keys(['welcome_dag']) retrieved from /opt/airflow/dags/welcome_dag.py
[2023-11-13T04:48:17.224+0000] {logging_mixin.py:154} INFO - [2023-11-13T04:48:17.223+0000] {dag.py:2941} INFO - Sync 1 DAGs
[2023-11-13T04:48:17.274+0000] {logging_mixin.py:154} INFO - [2023-11-13T04:48:17.274+0000] {dag.py:3722} INFO - Setting next_dagrun for welcome_dag to 2023-11-12T23:00:00+00:00, run_after=2023-11-13T23:00:00+00:00
[2023-11-13T04:48:17.528+0000] {processor.py:179} INFO - Processing /opt/airflow/dags/welcome_dag.py took 0.451 seconds
[2023-11-13T04:48:48.874+0000] {processor.py:157} INFO - Started process (PID=1084) to work on /opt/airflow/dags/welcome_dag.py
[2023-11-13T04:48:48.876+0000] {processor.py:829} INFO - Processing file /opt/airflow/dags/welcome_dag.py for tasks to queue
[2023-11-13T04:48:48.878+0000] {logging_mixin.py:154} INFO - [2023-11-13T04:48:48.877+0000] {dagbag.py:536} INFO - Filling up the DagBag from /opt/airflow/dags/welcome_dag.py
[2023-11-13T04:48:48.956+0000] {processor.py:839} INFO - DAG(s) dict_keys(['welcome_dag']) retrieved from /opt/airflow/dags/welcome_dag.py
[2023-11-13T04:48:49.053+0000] {logging_mixin.py:154} INFO - [2023-11-13T04:48:49.053+0000] {dag.py:2941} INFO - Sync 1 DAGs
[2023-11-13T04:48:49.304+0000] {logging_mixin.py:154} INFO - [2023-11-13T04:48:49.303+0000] {dag.py:3722} INFO - Setting next_dagrun for welcome_dag to 2023-11-12T23:00:00+00:00, run_after=2023-11-13T23:00:00+00:00
[2023-11-13T04:48:49.913+0000] {processor.py:179} INFO - Processing /opt/airflow/dags/welcome_dag.py took 1.044 seconds
[2023-11-13T04:49:20.731+0000] {processor.py:157} INFO - Started process (PID=1091) to work on /opt/airflow/dags/welcome_dag.py
[2023-11-13T04:49:20.733+0000] {processor.py:829} INFO - Processing file /opt/airflow/dags/welcome_dag.py for tasks to queue
[2023-11-13T04:49:20.735+0000] {logging_mixin.py:154} INFO - [2023-11-13T04:49:20.734+0000] {dagbag.py:536} INFO - Filling up the DagBag from /opt/airflow/dags/welcome_dag.py
[2023-11-13T04:49:20.804+0000] {processor.py:839} INFO - DAG(s) dict_keys(['welcome_dag']) retrieved from /opt/airflow/dags/welcome_dag.py
[2023-11-13T04:49:20.868+0000] {logging_mixin.py:154} INFO - [2023-11-13T04:49:20.868+0000] {dag.py:2941} INFO - Sync 1 DAGs
[2023-11-13T04:49:20.921+0000] {logging_mixin.py:154} INFO - [2023-11-13T04:49:20.920+0000] {dag.py:3722} INFO - Setting next_dagrun for welcome_dag to 2023-11-12T23:00:00+00:00, run_after=2023-11-13T23:00:00+00:00
[2023-11-13T04:49:21.129+0000] {processor.py:179} INFO - Processing /opt/airflow/dags/welcome_dag.py took 0.402 seconds
[2023-11-13T04:49:53.156+0000] {processor.py:157} INFO - Started process (PID=1098) to work on /opt/airflow/dags/welcome_dag.py
[2023-11-13T04:49:53.157+0000] {processor.py:829} INFO - Processing file /opt/airflow/dags/welcome_dag.py for tasks to queue
[2023-11-13T04:49:53.160+0000] {logging_mixin.py:154} INFO - [2023-11-13T04:49:53.159+0000] {dagbag.py:536} INFO - Filling up the DagBag from /opt/airflow/dags/welcome_dag.py
[2023-11-13T04:49:53.237+0000] {processor.py:839} INFO - DAG(s) dict_keys(['welcome_dag']) retrieved from /opt/airflow/dags/welcome_dag.py
[2023-11-13T04:49:53.294+0000] {logging_mixin.py:154} INFO - [2023-11-13T04:49:53.293+0000] {dag.py:2941} INFO - Sync 1 DAGs
[2023-11-13T04:49:53.347+0000] {logging_mixin.py:154} INFO - [2023-11-13T04:49:53.347+0000] {dag.py:3722} INFO - Setting next_dagrun for welcome_dag to 2023-11-12T23:00:00+00:00, run_after=2023-11-13T23:00:00+00:00
[2023-11-13T04:49:53.535+0000] {processor.py:179} INFO - Processing /opt/airflow/dags/welcome_dag.py took 0.383 seconds
[2023-11-13T04:50:24.843+0000] {processor.py:157} INFO - Started process (PID=1105) to work on /opt/airflow/dags/welcome_dag.py
[2023-11-13T04:50:24.845+0000] {processor.py:829} INFO - Processing file /opt/airflow/dags/welcome_dag.py for tasks to queue
[2023-11-13T04:50:24.847+0000] {logging_mixin.py:154} INFO - [2023-11-13T04:50:24.846+0000] {dagbag.py:536} INFO - Filling up the DagBag from /opt/airflow/dags/welcome_dag.py
[2023-11-13T04:50:24.925+0000] {processor.py:839} INFO - DAG(s) dict_keys(['welcome_dag']) retrieved from /opt/airflow/dags/welcome_dag.py
[2023-11-13T04:50:24.982+0000] {logging_mixin.py:154} INFO - [2023-11-13T04:50:24.982+0000] {dag.py:2941} INFO - Sync 1 DAGs
[2023-11-13T04:50:25.032+0000] {logging_mixin.py:154} INFO - [2023-11-13T04:50:25.031+0000] {dag.py:3722} INFO - Setting next_dagrun for welcome_dag to 2023-11-12T23:00:00+00:00, run_after=2023-11-13T23:00:00+00:00
[2023-11-13T04:50:25.236+0000] {processor.py:179} INFO - Processing /opt/airflow/dags/welcome_dag.py took 0.398 seconds
[2023-11-13T04:50:56.624+0000] {processor.py:157} INFO - Started process (PID=1112) to work on /opt/airflow/dags/welcome_dag.py
[2023-11-13T04:50:56.626+0000] {processor.py:829} INFO - Processing file /opt/airflow/dags/welcome_dag.py for tasks to queue
[2023-11-13T04:50:56.630+0000] {logging_mixin.py:154} INFO - [2023-11-13T04:50:56.629+0000] {dagbag.py:536} INFO - Filling up the DagBag from /opt/airflow/dags/welcome_dag.py
[2023-11-13T04:50:56.711+0000] {processor.py:839} INFO - DAG(s) dict_keys(['welcome_dag']) retrieved from /opt/airflow/dags/welcome_dag.py
[2023-11-13T04:50:56.788+0000] {logging_mixin.py:154} INFO - [2023-11-13T04:50:56.788+0000] {dag.py:2941} INFO - Sync 1 DAGs
[2023-11-13T04:50:56.844+0000] {logging_mixin.py:154} INFO - [2023-11-13T04:50:56.844+0000] {dag.py:3722} INFO - Setting next_dagrun for welcome_dag to 2023-11-12T23:00:00+00:00, run_after=2023-11-13T23:00:00+00:00
[2023-11-13T04:50:57.025+0000] {processor.py:179} INFO - Processing /opt/airflow/dags/welcome_dag.py took 0.408 seconds
[2023-11-13T04:51:27.917+0000] {processor.py:157} INFO - Started process (PID=1119) to work on /opt/airflow/dags/welcome_dag.py
[2023-11-13T04:51:27.919+0000] {processor.py:829} INFO - Processing file /opt/airflow/dags/welcome_dag.py for tasks to queue
[2023-11-13T04:51:27.921+0000] {logging_mixin.py:154} INFO - [2023-11-13T04:51:27.921+0000] {dagbag.py:536} INFO - Filling up the DagBag from /opt/airflow/dags/welcome_dag.py
[2023-11-13T04:51:27.998+0000] {processor.py:839} INFO - DAG(s) dict_keys(['welcome_dag']) retrieved from /opt/airflow/dags/welcome_dag.py
[2023-11-13T04:51:28.058+0000] {logging_mixin.py:154} INFO - [2023-11-13T04:51:28.057+0000] {dag.py:2941} INFO - Sync 1 DAGs
[2023-11-13T04:51:28.111+0000] {logging_mixin.py:154} INFO - [2023-11-13T04:51:28.111+0000] {dag.py:3722} INFO - Setting next_dagrun for welcome_dag to 2023-11-12T23:00:00+00:00, run_after=2023-11-13T23:00:00+00:00
[2023-11-13T04:51:28.275+0000] {processor.py:179} INFO - Processing /opt/airflow/dags/welcome_dag.py took 0.361 seconds
[2023-11-13T04:51:58.705+0000] {processor.py:157} INFO - Started process (PID=1126) to work on /opt/airflow/dags/welcome_dag.py
[2023-11-13T04:51:58.707+0000] {processor.py:829} INFO - Processing file /opt/airflow/dags/welcome_dag.py for tasks to queue
[2023-11-13T04:51:58.709+0000] {logging_mixin.py:154} INFO - [2023-11-13T04:51:58.708+0000] {dagbag.py:536} INFO - Filling up the DagBag from /opt/airflow/dags/welcome_dag.py
[2023-11-13T04:51:58.779+0000] {processor.py:839} INFO - DAG(s) dict_keys(['welcome_dag']) retrieved from /opt/airflow/dags/welcome_dag.py
[2023-11-13T04:51:58.841+0000] {logging_mixin.py:154} INFO - [2023-11-13T04:51:58.840+0000] {dag.py:2941} INFO - Sync 1 DAGs
[2023-11-13T04:51:58.896+0000] {logging_mixin.py:154} INFO - [2023-11-13T04:51:58.896+0000] {dag.py:3722} INFO - Setting next_dagrun for welcome_dag to 2023-11-12T23:00:00+00:00, run_after=2023-11-13T23:00:00+00:00
[2023-11-13T04:51:59.107+0000] {processor.py:179} INFO - Processing /opt/airflow/dags/welcome_dag.py took 0.407 seconds
[2023-11-13T04:52:30.471+0000] {processor.py:157} INFO - Started process (PID=1133) to work on /opt/airflow/dags/welcome_dag.py
[2023-11-13T04:52:30.473+0000] {processor.py:829} INFO - Processing file /opt/airflow/dags/welcome_dag.py for tasks to queue
[2023-11-13T04:52:30.475+0000] {logging_mixin.py:154} INFO - [2023-11-13T04:52:30.475+0000] {dagbag.py:536} INFO - Filling up the DagBag from /opt/airflow/dags/welcome_dag.py
[2023-11-13T04:52:30.559+0000] {processor.py:839} INFO - DAG(s) dict_keys(['welcome_dag']) retrieved from /opt/airflow/dags/welcome_dag.py
[2023-11-13T04:52:30.635+0000] {logging_mixin.py:154} INFO - [2023-11-13T04:52:30.635+0000] {dag.py:2941} INFO - Sync 1 DAGs
[2023-11-13T04:52:30.691+0000] {logging_mixin.py:154} INFO - [2023-11-13T04:52:30.691+0000] {dag.py:3722} INFO - Setting next_dagrun for welcome_dag to 2023-11-12T23:00:00+00:00, run_after=2023-11-13T23:00:00+00:00
[2023-11-13T04:52:30.898+0000] {processor.py:179} INFO - Processing /opt/airflow/dags/welcome_dag.py took 0.431 seconds
[2023-11-13T04:53:03.866+0000] {processor.py:157} INFO - Started process (PID=1142) to work on /opt/airflow/dags/welcome_dag.py
[2023-11-13T04:53:03.868+0000] {processor.py:829} INFO - Processing file /opt/airflow/dags/welcome_dag.py for tasks to queue
[2023-11-13T04:53:03.870+0000] {logging_mixin.py:154} INFO - [2023-11-13T04:53:03.869+0000] {dagbag.py:536} INFO - Filling up the DagBag from /opt/airflow/dags/welcome_dag.py
[2023-11-13T04:53:03.948+0000] {processor.py:839} INFO - DAG(s) dict_keys(['welcome_dag']) retrieved from /opt/airflow/dags/welcome_dag.py
[2023-11-13T04:53:04.000+0000] {logging_mixin.py:154} INFO - [2023-11-13T04:53:04.000+0000] {dag.py:2941} INFO - Sync 1 DAGs
[2023-11-13T04:53:04.042+0000] {logging_mixin.py:154} INFO - [2023-11-13T04:53:04.041+0000] {dag.py:3722} INFO - Setting next_dagrun for welcome_dag to 2023-11-12T23:00:00+00:00, run_after=2023-11-13T23:00:00+00:00
[2023-11-13T04:53:04.227+0000] {processor.py:179} INFO - Processing /opt/airflow/dags/welcome_dag.py took 0.366 seconds
