[2023-11-22T07:24:59.887+0000] {processor.py:157} INFO - Started process (PID=269) to work on /opt/airflow/dags/ETL_BCTC.py
[2023-11-22T07:24:59.889+0000] {processor.py:829} INFO - Processing file /opt/airflow/dags/ETL_BCTC.py for tasks to queue
[2023-11-22T07:24:59.891+0000] {logging_mixin.py:154} INFO - [2023-11-22T07:24:59.891+0000] {dagbag.py:536} INFO - Filling up the DagBag from /opt/airflow/dags/ETL_BCTC.py
[2023-11-22T07:25:00.321+0000] {processor.py:839} INFO - DAG(s) dict_keys(['ETL_FinancialReport']) retrieved from /opt/airflow/dags/ETL_BCTC.py
[2023-11-22T07:25:00.793+0000] {logging_mixin.py:154} INFO - [2023-11-22T07:25:00.793+0000] {manager.py:499} INFO - Created Permission View: %s
[2023-11-22T07:25:00.915+0000] {logging_mixin.py:154} INFO - [2023-11-22T07:25:00.915+0000] {manager.py:499} INFO - Created Permission View: %s
[2023-11-22T07:25:01.023+0000] {logging_mixin.py:154} INFO - [2023-11-22T07:25:01.022+0000] {manager.py:499} INFO - Created Permission View: %s
[2023-11-22T07:25:01.024+0000] {logging_mixin.py:154} INFO - [2023-11-22T07:25:01.024+0000] {dag.py:2941} INFO - Sync 1 DAGs
[2023-11-22T07:25:01.058+0000] {logging_mixin.py:154} INFO - [2023-11-22T07:25:01.057+0000] {dag.py:2963} INFO - Creating ORM DAG for ETL_FinancialReport
[2023-11-22T07:25:01.078+0000] {logging_mixin.py:154} INFO - [2023-11-22T07:25:01.078+0000] {dag.py:3722} INFO - Setting next_dagrun for ETL_FinancialReport to 2024-01-01T00:00:00+00:00, run_after=2024-02-01T00:00:00+00:00
[2023-11-22T07:25:01.251+0000] {processor.py:179} INFO - Processing /opt/airflow/dags/ETL_BCTC.py took 1.368 seconds
[2023-11-22T07:25:32.536+0000] {processor.py:157} INFO - Started process (PID=280) to work on /opt/airflow/dags/ETL_BCTC.py
[2023-11-22T07:25:32.538+0000] {processor.py:829} INFO - Processing file /opt/airflow/dags/ETL_BCTC.py for tasks to queue
[2023-11-22T07:25:32.540+0000] {logging_mixin.py:154} INFO - [2023-11-22T07:25:32.540+0000] {dagbag.py:536} INFO - Filling up the DagBag from /opt/airflow/dags/ETL_BCTC.py
[2023-11-22T07:25:33.075+0000] {processor.py:839} INFO - DAG(s) dict_keys(['ETL_FinancialReport']) retrieved from /opt/airflow/dags/ETL_BCTC.py
[2023-11-22T07:25:33.382+0000] {logging_mixin.py:154} INFO - [2023-11-22T07:25:33.381+0000] {dag.py:2941} INFO - Sync 1 DAGs
[2023-11-22T07:25:33.435+0000] {logging_mixin.py:154} INFO - [2023-11-22T07:25:33.435+0000] {dag.py:3722} INFO - Setting next_dagrun for ETL_FinancialReport to 2024-01-01T00:00:00+00:00, run_after=2024-02-01T00:00:00+00:00
[2023-11-22T07:25:33.631+0000] {processor.py:179} INFO - Processing /opt/airflow/dags/ETL_BCTC.py took 1.099 seconds
[2023-11-22T07:26:04.552+0000] {processor.py:157} INFO - Started process (PID=291) to work on /opt/airflow/dags/ETL_BCTC.py
[2023-11-22T07:26:04.554+0000] {processor.py:829} INFO - Processing file /opt/airflow/dags/ETL_BCTC.py for tasks to queue
[2023-11-22T07:26:04.557+0000] {logging_mixin.py:154} INFO - [2023-11-22T07:26:04.556+0000] {dagbag.py:536} INFO - Filling up the DagBag from /opt/airflow/dags/ETL_BCTC.py
[2023-11-22T07:26:05.199+0000] {processor.py:839} INFO - DAG(s) dict_keys(['ETL_FinancialReport']) retrieved from /opt/airflow/dags/ETL_BCTC.py
[2023-11-22T07:26:05.236+0000] {logging_mixin.py:154} INFO - [2023-11-22T07:26:05.235+0000] {dag.py:2941} INFO - Sync 1 DAGs
[2023-11-22T07:26:05.280+0000] {logging_mixin.py:154} INFO - [2023-11-22T07:26:05.280+0000] {dag.py:3722} INFO - Setting next_dagrun for ETL_FinancialReport to 2024-01-01T00:00:00+00:00, run_after=2024-02-01T00:00:00+00:00
[2023-11-22T07:26:05.496+0000] {processor.py:179} INFO - Processing /opt/airflow/dags/ETL_BCTC.py took 0.949 seconds
[2023-11-22T07:26:35.761+0000] {processor.py:157} INFO - Started process (PID=302) to work on /opt/airflow/dags/ETL_BCTC.py
[2023-11-22T07:26:35.764+0000] {processor.py:829} INFO - Processing file /opt/airflow/dags/ETL_BCTC.py for tasks to queue
[2023-11-22T07:26:35.766+0000] {logging_mixin.py:154} INFO - [2023-11-22T07:26:35.765+0000] {dagbag.py:536} INFO - Filling up the DagBag from /opt/airflow/dags/ETL_BCTC.py
[2023-11-22T07:26:36.500+0000] {processor.py:839} INFO - DAG(s) dict_keys(['ETL_FinancialReport']) retrieved from /opt/airflow/dags/ETL_BCTC.py
[2023-11-22T07:26:36.737+0000] {logging_mixin.py:154} INFO - [2023-11-22T07:26:36.736+0000] {dag.py:2941} INFO - Sync 1 DAGs
[2023-11-22T07:26:36.785+0000] {logging_mixin.py:154} INFO - [2023-11-22T07:26:36.785+0000] {dag.py:3722} INFO - Setting next_dagrun for ETL_FinancialReport to 2024-01-01T00:00:00+00:00, run_after=2024-02-01T00:00:00+00:00
[2023-11-22T07:26:36.999+0000] {processor.py:179} INFO - Processing /opt/airflow/dags/ETL_BCTC.py took 1.242 seconds
[2023-11-22T07:27:07.379+0000] {processor.py:157} INFO - Started process (PID=313) to work on /opt/airflow/dags/ETL_BCTC.py
[2023-11-22T07:27:07.381+0000] {processor.py:829} INFO - Processing file /opt/airflow/dags/ETL_BCTC.py for tasks to queue
[2023-11-22T07:27:07.383+0000] {logging_mixin.py:154} INFO - [2023-11-22T07:27:07.383+0000] {dagbag.py:536} INFO - Filling up the DagBag from /opt/airflow/dags/ETL_BCTC.py
[2023-11-22T07:27:08.061+0000] {processor.py:839} INFO - DAG(s) dict_keys(['ETL_FinancialReport']) retrieved from /opt/airflow/dags/ETL_BCTC.py
[2023-11-22T07:27:08.109+0000] {logging_mixin.py:154} INFO - [2023-11-22T07:27:08.109+0000] {dag.py:2941} INFO - Sync 1 DAGs
[2023-11-22T07:27:08.147+0000] {logging_mixin.py:154} INFO - [2023-11-22T07:27:08.147+0000] {dag.py:3722} INFO - Setting next_dagrun for ETL_FinancialReport to 2024-01-01T00:00:00+00:00, run_after=2024-02-01T00:00:00+00:00
[2023-11-22T07:27:08.369+0000] {processor.py:179} INFO - Processing /opt/airflow/dags/ETL_BCTC.py took 0.994 seconds
[2023-11-22T07:27:39.242+0000] {processor.py:157} INFO - Started process (PID=324) to work on /opt/airflow/dags/ETL_BCTC.py
[2023-11-22T07:27:39.244+0000] {processor.py:829} INFO - Processing file /opt/airflow/dags/ETL_BCTC.py for tasks to queue
[2023-11-22T07:27:39.245+0000] {logging_mixin.py:154} INFO - [2023-11-22T07:27:39.245+0000] {dagbag.py:536} INFO - Filling up the DagBag from /opt/airflow/dags/ETL_BCTC.py
[2023-11-22T07:27:40.009+0000] {processor.py:839} INFO - DAG(s) dict_keys(['ETL_FinancialReport']) retrieved from /opt/airflow/dags/ETL_BCTC.py
[2023-11-22T07:27:40.052+0000] {logging_mixin.py:154} INFO - [2023-11-22T07:27:40.051+0000] {dag.py:2941} INFO - Sync 1 DAGs
[2023-11-22T07:27:40.102+0000] {logging_mixin.py:154} INFO - [2023-11-22T07:27:40.101+0000] {dag.py:3722} INFO - Setting next_dagrun for ETL_FinancialReport to 2024-01-01T00:00:00+00:00, run_after=2024-02-01T00:00:00+00:00
[2023-11-22T07:27:40.295+0000] {processor.py:179} INFO - Processing /opt/airflow/dags/ETL_BCTC.py took 1.057 seconds
[2023-11-22T07:28:25.197+0000] {processor.py:157} INFO - Started process (PID=207) to work on /opt/airflow/dags/ETL_BCTC.py
[2023-11-22T07:28:25.199+0000] {processor.py:829} INFO - Processing file /opt/airflow/dags/ETL_BCTC.py for tasks to queue
[2023-11-22T07:28:25.201+0000] {logging_mixin.py:154} INFO - [2023-11-22T07:28:25.200+0000] {dagbag.py:536} INFO - Filling up the DagBag from /opt/airflow/dags/ETL_BCTC.py
[2023-11-22T07:28:25.734+0000] {processor.py:839} INFO - DAG(s) dict_keys(['ETL_FinancialReport']) retrieved from /opt/airflow/dags/ETL_BCTC.py
[2023-11-22T07:28:25.766+0000] {logging_mixin.py:154} INFO - [2023-11-22T07:28:25.765+0000] {dag.py:2941} INFO - Sync 1 DAGs
[2023-11-22T07:28:25.996+0000] {logging_mixin.py:154} INFO - [2023-11-22T07:28:25.996+0000] {dag.py:3722} INFO - Setting next_dagrun for ETL_FinancialReport to 2024-01-01T00:00:00+00:00, run_after=2024-02-01T00:00:00+00:00
[2023-11-22T07:28:26.193+0000] {processor.py:179} INFO - Processing /opt/airflow/dags/ETL_BCTC.py took 0.999 seconds
[2023-11-22T07:28:57.747+0000] {processor.py:157} INFO - Started process (PID=279) to work on /opt/airflow/dags/ETL_BCTC.py
[2023-11-22T07:28:57.750+0000] {processor.py:829} INFO - Processing file /opt/airflow/dags/ETL_BCTC.py for tasks to queue
[2023-11-22T07:28:57.752+0000] {logging_mixin.py:154} INFO - [2023-11-22T07:28:57.751+0000] {dagbag.py:536} INFO - Filling up the DagBag from /opt/airflow/dags/ETL_BCTC.py
[2023-11-22T07:28:58.348+0000] {processor.py:839} INFO - DAG(s) dict_keys(['ETL_FinancialReport']) retrieved from /opt/airflow/dags/ETL_BCTC.py
[2023-11-22T07:28:58.581+0000] {logging_mixin.py:154} INFO - [2023-11-22T07:28:58.580+0000] {dag.py:2941} INFO - Sync 1 DAGs
[2023-11-22T07:28:58.626+0000] {logging_mixin.py:154} INFO - [2023-11-22T07:28:58.626+0000] {dag.py:3722} INFO - Setting next_dagrun for ETL_FinancialReport to 2024-01-01T00:00:00+00:00, run_after=2024-02-01T00:00:00+00:00
[2023-11-22T07:28:58.826+0000] {processor.py:179} INFO - Processing /opt/airflow/dags/ETL_BCTC.py took 1.083 seconds
[2023-11-22T07:29:29.606+0000] {processor.py:157} INFO - Started process (PID=290) to work on /opt/airflow/dags/ETL_BCTC.py
[2023-11-22T07:29:29.608+0000] {processor.py:829} INFO - Processing file /opt/airflow/dags/ETL_BCTC.py for tasks to queue
[2023-11-22T07:29:29.610+0000] {logging_mixin.py:154} INFO - [2023-11-22T07:29:29.609+0000] {dagbag.py:536} INFO - Filling up the DagBag from /opt/airflow/dags/ETL_BCTC.py
[2023-11-22T07:29:30.291+0000] {processor.py:839} INFO - DAG(s) dict_keys(['ETL_FinancialReport']) retrieved from /opt/airflow/dags/ETL_BCTC.py
[2023-11-22T07:29:30.321+0000] {logging_mixin.py:154} INFO - [2023-11-22T07:29:30.320+0000] {dag.py:2941} INFO - Sync 1 DAGs
[2023-11-22T07:29:30.361+0000] {logging_mixin.py:154} INFO - [2023-11-22T07:29:30.361+0000] {dag.py:3722} INFO - Setting next_dagrun for ETL_FinancialReport to 2024-01-01T00:00:00+00:00, run_after=2024-02-01T00:00:00+00:00
[2023-11-22T07:29:30.549+0000] {processor.py:179} INFO - Processing /opt/airflow/dags/ETL_BCTC.py took 0.948 seconds
[2023-11-22T07:30:01.398+0000] {processor.py:157} INFO - Started process (PID=301) to work on /opt/airflow/dags/ETL_BCTC.py
[2023-11-22T07:30:01.400+0000] {processor.py:829} INFO - Processing file /opt/airflow/dags/ETL_BCTC.py for tasks to queue
[2023-11-22T07:30:01.403+0000] {logging_mixin.py:154} INFO - [2023-11-22T07:30:01.402+0000] {dagbag.py:536} INFO - Filling up the DagBag from /opt/airflow/dags/ETL_BCTC.py
[2023-11-22T07:30:02.380+0000] {processor.py:839} INFO - DAG(s) dict_keys(['ETL_FinancialReport']) retrieved from /opt/airflow/dags/ETL_BCTC.py
[2023-11-22T07:30:02.623+0000] {logging_mixin.py:154} INFO - [2023-11-22T07:30:02.622+0000] {dag.py:2941} INFO - Sync 1 DAGs
[2023-11-22T07:30:02.674+0000] {logging_mixin.py:154} INFO - [2023-11-22T07:30:02.673+0000] {dag.py:3722} INFO - Setting next_dagrun for ETL_FinancialReport to 2024-01-01T00:00:00+00:00, run_after=2024-02-01T00:00:00+00:00
[2023-11-22T07:30:02.873+0000] {processor.py:179} INFO - Processing /opt/airflow/dags/ETL_BCTC.py took 1.480 seconds
[2023-11-22T07:30:33.693+0000] {processor.py:157} INFO - Started process (PID=312) to work on /opt/airflow/dags/ETL_BCTC.py
[2023-11-22T07:30:33.695+0000] {processor.py:829} INFO - Processing file /opt/airflow/dags/ETL_BCTC.py for tasks to queue
[2023-11-22T07:30:33.697+0000] {logging_mixin.py:154} INFO - [2023-11-22T07:30:33.697+0000] {dagbag.py:536} INFO - Filling up the DagBag from /opt/airflow/dags/ETL_BCTC.py
[2023-11-22T07:30:34.352+0000] {processor.py:839} INFO - DAG(s) dict_keys(['ETL_FinancialReport']) retrieved from /opt/airflow/dags/ETL_BCTC.py
[2023-11-22T07:30:34.407+0000] {logging_mixin.py:154} INFO - [2023-11-22T07:30:34.406+0000] {dag.py:2941} INFO - Sync 1 DAGs
[2023-11-22T07:30:34.455+0000] {logging_mixin.py:154} INFO - [2023-11-22T07:30:34.454+0000] {dag.py:3722} INFO - Setting next_dagrun for ETL_FinancialReport to 2024-01-01T00:00:00+00:00, run_after=2024-02-01T00:00:00+00:00
[2023-11-22T07:30:34.653+0000] {processor.py:179} INFO - Processing /opt/airflow/dags/ETL_BCTC.py took 0.964 seconds
[2023-11-22T07:31:05.557+0000] {processor.py:157} INFO - Started process (PID=323) to work on /opt/airflow/dags/ETL_BCTC.py
[2023-11-22T07:31:05.559+0000] {processor.py:829} INFO - Processing file /opt/airflow/dags/ETL_BCTC.py for tasks to queue
[2023-11-22T07:31:05.561+0000] {logging_mixin.py:154} INFO - [2023-11-22T07:31:05.561+0000] {dagbag.py:536} INFO - Filling up the DagBag from /opt/airflow/dags/ETL_BCTC.py
[2023-11-22T07:31:06.224+0000] {processor.py:839} INFO - DAG(s) dict_keys(['ETL_FinancialReport']) retrieved from /opt/airflow/dags/ETL_BCTC.py
[2023-11-22T07:31:06.253+0000] {logging_mixin.py:154} INFO - [2023-11-22T07:31:06.253+0000] {dag.py:2941} INFO - Sync 1 DAGs
[2023-11-22T07:31:06.294+0000] {logging_mixin.py:154} INFO - [2023-11-22T07:31:06.294+0000] {dag.py:3722} INFO - Setting next_dagrun for ETL_FinancialReport to 2024-01-01T00:00:00+00:00, run_after=2024-02-01T00:00:00+00:00
[2023-11-22T07:31:06.469+0000] {processor.py:179} INFO - Processing /opt/airflow/dags/ETL_BCTC.py took 0.916 seconds
[2023-11-22T07:31:37.431+0000] {processor.py:157} INFO - Started process (PID=334) to work on /opt/airflow/dags/ETL_BCTC.py
[2023-11-22T07:31:37.434+0000] {processor.py:829} INFO - Processing file /opt/airflow/dags/ETL_BCTC.py for tasks to queue
[2023-11-22T07:31:37.437+0000] {logging_mixin.py:154} INFO - [2023-11-22T07:31:37.436+0000] {dagbag.py:536} INFO - Filling up the DagBag from /opt/airflow/dags/ETL_BCTC.py
[2023-11-22T07:31:38.129+0000] {processor.py:839} INFO - DAG(s) dict_keys(['ETL_FinancialReport']) retrieved from /opt/airflow/dags/ETL_BCTC.py
[2023-11-22T07:31:38.341+0000] {logging_mixin.py:154} INFO - [2023-11-22T07:31:38.340+0000] {dag.py:2941} INFO - Sync 1 DAGs
[2023-11-22T07:31:38.385+0000] {logging_mixin.py:154} INFO - [2023-11-22T07:31:38.384+0000] {dag.py:3722} INFO - Setting next_dagrun for ETL_FinancialReport to 2024-01-01T00:00:00+00:00, run_after=2024-02-01T00:00:00+00:00
[2023-11-22T07:31:38.601+0000] {processor.py:179} INFO - Processing /opt/airflow/dags/ETL_BCTC.py took 1.177 seconds
[2023-11-22T07:33:46.024+0000] {processor.py:157} INFO - Started process (PID=784) to work on /opt/airflow/dags/ETL_BCTC.py
[2023-11-22T07:33:46.026+0000] {processor.py:829} INFO - Processing file /opt/airflow/dags/ETL_BCTC.py for tasks to queue
[2023-11-22T07:33:46.029+0000] {logging_mixin.py:154} INFO - [2023-11-22T07:33:46.028+0000] {dagbag.py:536} INFO - Filling up the DagBag from /opt/airflow/dags/ETL_BCTC.py
[2023-11-22T07:33:46.790+0000] {processor.py:839} INFO - DAG(s) dict_keys(['ETL_FinancialReport']) retrieved from /opt/airflow/dags/ETL_BCTC.py
[2023-11-22T07:33:46.852+0000] {logging_mixin.py:154} INFO - [2023-11-22T07:33:46.851+0000] {dag.py:2941} INFO - Sync 1 DAGs
[2023-11-22T07:33:46.901+0000] {logging_mixin.py:154} INFO - [2023-11-22T07:33:46.901+0000] {dag.py:3722} INFO - Setting next_dagrun for ETL_FinancialReport to 2024-01-01T00:00:00+00:00, run_after=2024-02-01T00:00:00+00:00
[2023-11-22T07:33:47.177+0000] {processor.py:179} INFO - Processing /opt/airflow/dags/ETL_BCTC.py took 1.157 seconds
[2023-11-22T07:34:20.684+0000] {processor.py:157} INFO - Started process (PID=1004) to work on /opt/airflow/dags/ETL_BCTC.py
[2023-11-22T07:34:20.687+0000] {processor.py:829} INFO - Processing file /opt/airflow/dags/ETL_BCTC.py for tasks to queue
[2023-11-22T07:34:20.689+0000] {logging_mixin.py:154} INFO - [2023-11-22T07:34:20.688+0000] {dagbag.py:536} INFO - Filling up the DagBag from /opt/airflow/dags/ETL_BCTC.py
[2023-11-22T07:34:21.380+0000] {processor.py:839} INFO - DAG(s) dict_keys(['ETL_FinancialReport']) retrieved from /opt/airflow/dags/ETL_BCTC.py
[2023-11-22T07:34:21.412+0000] {logging_mixin.py:154} INFO - [2023-11-22T07:34:21.411+0000] {dag.py:2941} INFO - Sync 1 DAGs
[2023-11-22T07:34:21.450+0000] {logging_mixin.py:154} INFO - [2023-11-22T07:34:21.450+0000] {dag.py:3722} INFO - Setting next_dagrun for ETL_FinancialReport to 2024-01-01T00:00:00+00:00, run_after=2024-02-01T00:00:00+00:00
[2023-11-22T07:34:21.621+0000] {processor.py:179} INFO - Processing /opt/airflow/dags/ETL_BCTC.py took 0.945 seconds
[2023-11-22T07:34:53.333+0000] {processor.py:157} INFO - Started process (PID=1015) to work on /opt/airflow/dags/ETL_BCTC.py
[2023-11-22T07:34:53.336+0000] {processor.py:829} INFO - Processing file /opt/airflow/dags/ETL_BCTC.py for tasks to queue
[2023-11-22T07:34:53.339+0000] {logging_mixin.py:154} INFO - [2023-11-22T07:34:53.338+0000] {dagbag.py:536} INFO - Filling up the DagBag from /opt/airflow/dags/ETL_BCTC.py
[2023-11-22T07:34:54.035+0000] {processor.py:839} INFO - DAG(s) dict_keys(['ETL_FinancialReport']) retrieved from /opt/airflow/dags/ETL_BCTC.py
[2023-11-22T07:34:54.236+0000] {logging_mixin.py:154} INFO - [2023-11-22T07:34:54.235+0000] {dag.py:2941} INFO - Sync 1 DAGs
[2023-11-22T07:34:54.273+0000] {logging_mixin.py:154} INFO - [2023-11-22T07:34:54.273+0000] {dag.py:3722} INFO - Setting next_dagrun for ETL_FinancialReport to 2024-01-01T00:00:00+00:00, run_after=2024-02-01T00:00:00+00:00
[2023-11-22T07:34:54.488+0000] {processor.py:179} INFO - Processing /opt/airflow/dags/ETL_BCTC.py took 1.160 seconds
[2023-11-22T07:35:25.092+0000] {processor.py:157} INFO - Started process (PID=1026) to work on /opt/airflow/dags/ETL_BCTC.py
[2023-11-22T07:35:25.094+0000] {processor.py:829} INFO - Processing file /opt/airflow/dags/ETL_BCTC.py for tasks to queue
[2023-11-22T07:35:25.097+0000] {logging_mixin.py:154} INFO - [2023-11-22T07:35:25.096+0000] {dagbag.py:536} INFO - Filling up the DagBag from /opt/airflow/dags/ETL_BCTC.py
[2023-11-22T07:35:25.730+0000] {processor.py:839} INFO - DAG(s) dict_keys(['ETL_FinancialReport']) retrieved from /opt/airflow/dags/ETL_BCTC.py
[2023-11-22T07:35:25.787+0000] {logging_mixin.py:154} INFO - [2023-11-22T07:35:25.786+0000] {dag.py:2941} INFO - Sync 1 DAGs
[2023-11-22T07:35:25.825+0000] {logging_mixin.py:154} INFO - [2023-11-22T07:35:25.825+0000] {dag.py:3722} INFO - Setting next_dagrun for ETL_FinancialReport to 2024-01-01T00:00:00+00:00, run_after=2024-02-01T00:00:00+00:00
[2023-11-22T07:35:26.029+0000] {processor.py:179} INFO - Processing /opt/airflow/dags/ETL_BCTC.py took 0.942 seconds
[2023-11-22T07:35:57.349+0000] {processor.py:157} INFO - Started process (PID=1037) to work on /opt/airflow/dags/ETL_BCTC.py
[2023-11-22T07:35:57.351+0000] {processor.py:829} INFO - Processing file /opt/airflow/dags/ETL_BCTC.py for tasks to queue
[2023-11-22T07:35:57.353+0000] {logging_mixin.py:154} INFO - [2023-11-22T07:35:57.352+0000] {dagbag.py:536} INFO - Filling up the DagBag from /opt/airflow/dags/ETL_BCTC.py
[2023-11-22T07:35:58.061+0000] {processor.py:839} INFO - DAG(s) dict_keys(['ETL_FinancialReport']) retrieved from /opt/airflow/dags/ETL_BCTC.py
[2023-11-22T07:35:58.095+0000] {logging_mixin.py:154} INFO - [2023-11-22T07:35:58.094+0000] {dag.py:2941} INFO - Sync 1 DAGs
[2023-11-22T07:35:58.140+0000] {logging_mixin.py:154} INFO - [2023-11-22T07:35:58.139+0000] {dag.py:3722} INFO - Setting next_dagrun for ETL_FinancialReport to 2024-01-01T00:00:00+00:00, run_after=2024-02-01T00:00:00+00:00
[2023-11-22T07:35:58.413+0000] {processor.py:179} INFO - Processing /opt/airflow/dags/ETL_BCTC.py took 1.070 seconds
[2023-11-22T07:36:29.385+0000] {processor.py:157} INFO - Started process (PID=1048) to work on /opt/airflow/dags/ETL_BCTC.py
[2023-11-22T07:36:29.387+0000] {processor.py:829} INFO - Processing file /opt/airflow/dags/ETL_BCTC.py for tasks to queue
[2023-11-22T07:36:29.389+0000] {logging_mixin.py:154} INFO - [2023-11-22T07:36:29.388+0000] {dagbag.py:536} INFO - Filling up the DagBag from /opt/airflow/dags/ETL_BCTC.py
[2023-11-22T07:36:30.027+0000] {processor.py:839} INFO - DAG(s) dict_keys(['ETL_FinancialReport']) retrieved from /opt/airflow/dags/ETL_BCTC.py
[2023-11-22T07:36:30.234+0000] {logging_mixin.py:154} INFO - [2023-11-22T07:36:30.233+0000] {dag.py:2941} INFO - Sync 1 DAGs
[2023-11-22T07:36:30.273+0000] {logging_mixin.py:154} INFO - [2023-11-22T07:36:30.273+0000] {dag.py:3722} INFO - Setting next_dagrun for ETL_FinancialReport to 2024-01-01T00:00:00+00:00, run_after=2024-02-01T00:00:00+00:00
[2023-11-22T07:36:30.556+0000] {processor.py:179} INFO - Processing /opt/airflow/dags/ETL_BCTC.py took 1.176 seconds
[2023-11-22T07:37:01.026+0000] {processor.py:157} INFO - Started process (PID=1059) to work on /opt/airflow/dags/ETL_BCTC.py
[2023-11-22T07:37:01.028+0000] {processor.py:829} INFO - Processing file /opt/airflow/dags/ETL_BCTC.py for tasks to queue
[2023-11-22T07:37:01.030+0000] {logging_mixin.py:154} INFO - [2023-11-22T07:37:01.029+0000] {dagbag.py:536} INFO - Filling up the DagBag from /opt/airflow/dags/ETL_BCTC.py
[2023-11-22T07:37:01.859+0000] {processor.py:839} INFO - DAG(s) dict_keys(['ETL_FinancialReport']) retrieved from /opt/airflow/dags/ETL_BCTC.py
[2023-11-22T07:37:01.914+0000] {logging_mixin.py:154} INFO - [2023-11-22T07:37:01.913+0000] {dag.py:2941} INFO - Sync 1 DAGs
[2023-11-22T07:37:01.952+0000] {logging_mixin.py:154} INFO - [2023-11-22T07:37:01.951+0000] {dag.py:3722} INFO - Setting next_dagrun for ETL_FinancialReport to 2024-01-01T00:00:00+00:00, run_after=2024-02-01T00:00:00+00:00
[2023-11-22T07:37:02.318+0000] {processor.py:179} INFO - Processing /opt/airflow/dags/ETL_BCTC.py took 1.297 seconds
[2023-11-22T07:37:33.988+0000] {processor.py:157} INFO - Started process (PID=1070) to work on /opt/airflow/dags/ETL_BCTC.py
[2023-11-22T07:37:33.991+0000] {processor.py:829} INFO - Processing file /opt/airflow/dags/ETL_BCTC.py for tasks to queue
[2023-11-22T07:37:33.994+0000] {logging_mixin.py:154} INFO - [2023-11-22T07:37:33.993+0000] {dagbag.py:536} INFO - Filling up the DagBag from /opt/airflow/dags/ETL_BCTC.py
[2023-11-22T07:37:34.721+0000] {processor.py:839} INFO - DAG(s) dict_keys(['ETL_FinancialReport']) retrieved from /opt/airflow/dags/ETL_BCTC.py
[2023-11-22T07:37:34.755+0000] {logging_mixin.py:154} INFO - [2023-11-22T07:37:34.754+0000] {dag.py:2941} INFO - Sync 1 DAGs
[2023-11-22T07:37:34.796+0000] {logging_mixin.py:154} INFO - [2023-11-22T07:37:34.796+0000] {dag.py:3722} INFO - Setting next_dagrun for ETL_FinancialReport to 2024-01-01T00:00:00+00:00, run_after=2024-02-01T00:00:00+00:00
[2023-11-22T07:37:35.133+0000] {processor.py:179} INFO - Processing /opt/airflow/dags/ETL_BCTC.py took 1.152 seconds
[2023-11-22T07:38:05.664+0000] {processor.py:157} INFO - Started process (PID=1081) to work on /opt/airflow/dags/ETL_BCTC.py
[2023-11-22T07:38:05.666+0000] {processor.py:829} INFO - Processing file /opt/airflow/dags/ETL_BCTC.py for tasks to queue
[2023-11-22T07:38:05.668+0000] {logging_mixin.py:154} INFO - [2023-11-22T07:38:05.667+0000] {dagbag.py:536} INFO - Filling up the DagBag from /opt/airflow/dags/ETL_BCTC.py
[2023-11-22T07:38:06.318+0000] {processor.py:839} INFO - DAG(s) dict_keys(['ETL_FinancialReport']) retrieved from /opt/airflow/dags/ETL_BCTC.py
[2023-11-22T07:38:06.527+0000] {logging_mixin.py:154} INFO - [2023-11-22T07:38:06.527+0000] {dag.py:2941} INFO - Sync 1 DAGs
[2023-11-22T07:38:06.565+0000] {logging_mixin.py:154} INFO - [2023-11-22T07:38:06.565+0000] {dag.py:3722} INFO - Setting next_dagrun for ETL_FinancialReport to 2024-01-01T00:00:00+00:00, run_after=2024-02-01T00:00:00+00:00
[2023-11-22T07:38:06.796+0000] {processor.py:179} INFO - Processing /opt/airflow/dags/ETL_BCTC.py took 1.136 seconds
[2023-11-22T07:38:38.281+0000] {processor.py:157} INFO - Started process (PID=1092) to work on /opt/airflow/dags/ETL_BCTC.py
[2023-11-22T07:38:38.282+0000] {processor.py:829} INFO - Processing file /opt/airflow/dags/ETL_BCTC.py for tasks to queue
[2023-11-22T07:38:38.284+0000] {logging_mixin.py:154} INFO - [2023-11-22T07:38:38.284+0000] {dagbag.py:536} INFO - Filling up the DagBag from /opt/airflow/dags/ETL_BCTC.py
[2023-11-22T07:38:39.012+0000] {processor.py:839} INFO - DAG(s) dict_keys(['ETL_FinancialReport']) retrieved from /opt/airflow/dags/ETL_BCTC.py
[2023-11-22T07:38:39.052+0000] {logging_mixin.py:154} INFO - [2023-11-22T07:38:39.051+0000] {dag.py:2941} INFO - Sync 1 DAGs
[2023-11-22T07:38:39.089+0000] {logging_mixin.py:154} INFO - [2023-11-22T07:38:39.089+0000] {dag.py:3722} INFO - Setting next_dagrun for ETL_FinancialReport to 2024-01-01T00:00:00+00:00, run_after=2024-02-01T00:00:00+00:00
[2023-11-22T07:38:39.288+0000] {processor.py:179} INFO - Processing /opt/airflow/dags/ETL_BCTC.py took 1.011 seconds
[2023-11-22T07:39:09.601+0000] {processor.py:157} INFO - Started process (PID=1103) to work on /opt/airflow/dags/ETL_BCTC.py
[2023-11-22T07:39:09.603+0000] {processor.py:829} INFO - Processing file /opt/airflow/dags/ETL_BCTC.py for tasks to queue
[2023-11-22T07:39:09.605+0000] {logging_mixin.py:154} INFO - [2023-11-22T07:39:09.605+0000] {dagbag.py:536} INFO - Filling up the DagBag from /opt/airflow/dags/ETL_BCTC.py
[2023-11-22T07:39:10.094+0000] {processor.py:839} INFO - DAG(s) dict_keys(['ETL_FinancialReport']) retrieved from /opt/airflow/dags/ETL_BCTC.py
[2023-11-22T07:39:10.129+0000] {logging_mixin.py:154} INFO - [2023-11-22T07:39:10.128+0000] {dag.py:2941} INFO - Sync 1 DAGs
[2023-11-22T07:39:10.168+0000] {logging_mixin.py:154} INFO - [2023-11-22T07:39:10.167+0000] {dag.py:3722} INFO - Setting next_dagrun for ETL_FinancialReport to 2024-01-01T00:00:00+00:00, run_after=2024-02-01T00:00:00+00:00
[2023-11-22T07:39:10.369+0000] {processor.py:179} INFO - Processing /opt/airflow/dags/ETL_BCTC.py took 0.772 seconds
[2023-11-22T07:39:41.569+0000] {processor.py:157} INFO - Started process (PID=1114) to work on /opt/airflow/dags/ETL_BCTC.py
[2023-11-22T07:39:41.571+0000] {processor.py:829} INFO - Processing file /opt/airflow/dags/ETL_BCTC.py for tasks to queue
[2023-11-22T07:39:41.573+0000] {logging_mixin.py:154} INFO - [2023-11-22T07:39:41.573+0000] {dagbag.py:536} INFO - Filling up the DagBag from /opt/airflow/dags/ETL_BCTC.py
[2023-11-22T07:39:42.089+0000] {processor.py:839} INFO - DAG(s) dict_keys(['ETL_FinancialReport']) retrieved from /opt/airflow/dags/ETL_BCTC.py
[2023-11-22T07:39:42.310+0000] {logging_mixin.py:154} INFO - [2023-11-22T07:39:42.309+0000] {dag.py:2941} INFO - Sync 1 DAGs
[2023-11-22T07:39:42.348+0000] {logging_mixin.py:154} INFO - [2023-11-22T07:39:42.348+0000] {dag.py:3722} INFO - Setting next_dagrun for ETL_FinancialReport to 2024-01-01T00:00:00+00:00, run_after=2024-02-01T00:00:00+00:00
[2023-11-22T07:39:42.575+0000] {processor.py:179} INFO - Processing /opt/airflow/dags/ETL_BCTC.py took 1.011 seconds
[2023-11-22T07:40:13.392+0000] {processor.py:157} INFO - Started process (PID=1125) to work on /opt/airflow/dags/ETL_BCTC.py
[2023-11-22T07:40:13.394+0000] {processor.py:829} INFO - Processing file /opt/airflow/dags/ETL_BCTC.py for tasks to queue
[2023-11-22T07:40:13.397+0000] {logging_mixin.py:154} INFO - [2023-11-22T07:40:13.396+0000] {dagbag.py:536} INFO - Filling up the DagBag from /opt/airflow/dags/ETL_BCTC.py
[2023-11-22T07:40:13.928+0000] {processor.py:839} INFO - DAG(s) dict_keys(['ETL_FinancialReport']) retrieved from /opt/airflow/dags/ETL_BCTC.py
[2023-11-22T07:40:13.996+0000] {logging_mixin.py:154} INFO - [2023-11-22T07:40:13.996+0000] {dag.py:2941} INFO - Sync 1 DAGs
[2023-11-22T07:40:14.042+0000] {logging_mixin.py:154} INFO - [2023-11-22T07:40:14.041+0000] {dag.py:3722} INFO - Setting next_dagrun for ETL_FinancialReport to 2024-01-01T00:00:00+00:00, run_after=2024-02-01T00:00:00+00:00
[2023-11-22T07:40:14.265+0000] {processor.py:179} INFO - Processing /opt/airflow/dags/ETL_BCTC.py took 0.879 seconds
[2023-11-22T07:40:45.053+0000] {processor.py:157} INFO - Started process (PID=1136) to work on /opt/airflow/dags/ETL_BCTC.py
[2023-11-22T07:40:45.055+0000] {processor.py:829} INFO - Processing file /opt/airflow/dags/ETL_BCTC.py for tasks to queue
[2023-11-22T07:40:45.058+0000] {logging_mixin.py:154} INFO - [2023-11-22T07:40:45.057+0000] {dagbag.py:536} INFO - Filling up the DagBag from /opt/airflow/dags/ETL_BCTC.py
[2023-11-22T07:40:45.611+0000] {processor.py:839} INFO - DAG(s) dict_keys(['ETL_FinancialReport']) retrieved from /opt/airflow/dags/ETL_BCTC.py
[2023-11-22T07:40:45.648+0000] {logging_mixin.py:154} INFO - [2023-11-22T07:40:45.647+0000] {dag.py:2941} INFO - Sync 1 DAGs
[2023-11-22T07:40:45.693+0000] {logging_mixin.py:154} INFO - [2023-11-22T07:40:45.693+0000] {dag.py:3722} INFO - Setting next_dagrun for ETL_FinancialReport to 2024-01-01T00:00:00+00:00, run_after=2024-02-01T00:00:00+00:00
[2023-11-22T07:40:45.935+0000] {processor.py:179} INFO - Processing /opt/airflow/dags/ETL_BCTC.py took 0.888 seconds
[2023-11-22T07:41:17.351+0000] {processor.py:157} INFO - Started process (PID=1147) to work on /opt/airflow/dags/ETL_BCTC.py
[2023-11-22T07:41:17.353+0000] {processor.py:829} INFO - Processing file /opt/airflow/dags/ETL_BCTC.py for tasks to queue
[2023-11-22T07:41:17.355+0000] {logging_mixin.py:154} INFO - [2023-11-22T07:41:17.354+0000] {dagbag.py:536} INFO - Filling up the DagBag from /opt/airflow/dags/ETL_BCTC.py
[2023-11-22T07:41:17.846+0000] {processor.py:839} INFO - DAG(s) dict_keys(['ETL_FinancialReport']) retrieved from /opt/airflow/dags/ETL_BCTC.py
[2023-11-22T07:41:18.084+0000] {logging_mixin.py:154} INFO - [2023-11-22T07:41:18.083+0000] {dag.py:2941} INFO - Sync 1 DAGs
[2023-11-22T07:41:18.123+0000] {logging_mixin.py:154} INFO - [2023-11-22T07:41:18.123+0000] {dag.py:3722} INFO - Setting next_dagrun for ETL_FinancialReport to 2024-01-01T00:00:00+00:00, run_after=2024-02-01T00:00:00+00:00
[2023-11-22T07:41:18.400+0000] {processor.py:179} INFO - Processing /opt/airflow/dags/ETL_BCTC.py took 1.054 seconds
[2023-11-22T07:41:49.275+0000] {processor.py:157} INFO - Started process (PID=1158) to work on /opt/airflow/dags/ETL_BCTC.py
[2023-11-22T07:41:49.277+0000] {processor.py:829} INFO - Processing file /opt/airflow/dags/ETL_BCTC.py for tasks to queue
[2023-11-22T07:41:49.280+0000] {logging_mixin.py:154} INFO - [2023-11-22T07:41:49.279+0000] {dagbag.py:536} INFO - Filling up the DagBag from /opt/airflow/dags/ETL_BCTC.py
[2023-11-22T07:41:49.788+0000] {processor.py:839} INFO - DAG(s) dict_keys(['ETL_FinancialReport']) retrieved from /opt/airflow/dags/ETL_BCTC.py
[2023-11-22T07:41:49.852+0000] {logging_mixin.py:154} INFO - [2023-11-22T07:41:49.852+0000] {dag.py:2941} INFO - Sync 1 DAGs
[2023-11-22T07:41:49.899+0000] {logging_mixin.py:154} INFO - [2023-11-22T07:41:49.898+0000] {dag.py:3722} INFO - Setting next_dagrun for ETL_FinancialReport to 2024-01-01T00:00:00+00:00, run_after=2024-02-01T00:00:00+00:00
[2023-11-22T07:41:50.088+0000] {processor.py:179} INFO - Processing /opt/airflow/dags/ETL_BCTC.py took 0.818 seconds
[2023-11-22T07:42:21.178+0000] {processor.py:157} INFO - Started process (PID=1169) to work on /opt/airflow/dags/ETL_BCTC.py
[2023-11-22T07:42:21.182+0000] {processor.py:829} INFO - Processing file /opt/airflow/dags/ETL_BCTC.py for tasks to queue
[2023-11-22T07:42:21.185+0000] {logging_mixin.py:154} INFO - [2023-11-22T07:42:21.184+0000] {dagbag.py:536} INFO - Filling up the DagBag from /opt/airflow/dags/ETL_BCTC.py
[2023-11-22T07:42:21.696+0000] {processor.py:839} INFO - DAG(s) dict_keys(['ETL_FinancialReport']) retrieved from /opt/airflow/dags/ETL_BCTC.py
[2023-11-22T07:42:21.735+0000] {logging_mixin.py:154} INFO - [2023-11-22T07:42:21.735+0000] {dag.py:2941} INFO - Sync 1 DAGs
[2023-11-22T07:42:21.780+0000] {logging_mixin.py:154} INFO - [2023-11-22T07:42:21.780+0000] {dag.py:3722} INFO - Setting next_dagrun for ETL_FinancialReport to 2024-01-01T00:00:00+00:00, run_after=2024-02-01T00:00:00+00:00
[2023-11-22T07:42:21.995+0000] {processor.py:179} INFO - Processing /opt/airflow/dags/ETL_BCTC.py took 0.826 seconds
[2023-11-22T07:42:53.170+0000] {processor.py:157} INFO - Started process (PID=1180) to work on /opt/airflow/dags/ETL_BCTC.py
[2023-11-22T07:42:53.172+0000] {processor.py:829} INFO - Processing file /opt/airflow/dags/ETL_BCTC.py for tasks to queue
[2023-11-22T07:42:53.174+0000] {logging_mixin.py:154} INFO - [2023-11-22T07:42:53.174+0000] {dagbag.py:536} INFO - Filling up the DagBag from /opt/airflow/dags/ETL_BCTC.py
[2023-11-22T07:42:53.760+0000] {processor.py:839} INFO - DAG(s) dict_keys(['ETL_FinancialReport']) retrieved from /opt/airflow/dags/ETL_BCTC.py
[2023-11-22T07:42:54.024+0000] {logging_mixin.py:154} INFO - [2023-11-22T07:42:54.023+0000] {dag.py:2941} INFO - Sync 1 DAGs
[2023-11-22T07:42:54.073+0000] {logging_mixin.py:154} INFO - [2023-11-22T07:42:54.073+0000] {dag.py:3722} INFO - Setting next_dagrun for ETL_FinancialReport to 2024-01-01T00:00:00+00:00, run_after=2024-02-01T00:00:00+00:00
[2023-11-22T07:42:54.291+0000] {processor.py:179} INFO - Processing /opt/airflow/dags/ETL_BCTC.py took 1.126 seconds
[2023-11-22T07:43:26.316+0000] {processor.py:157} INFO - Started process (PID=1191) to work on /opt/airflow/dags/ETL_BCTC.py
[2023-11-22T07:43:26.318+0000] {processor.py:829} INFO - Processing file /opt/airflow/dags/ETL_BCTC.py for tasks to queue
[2023-11-22T07:43:26.321+0000] {logging_mixin.py:154} INFO - [2023-11-22T07:43:26.320+0000] {dagbag.py:536} INFO - Filling up the DagBag from /opt/airflow/dags/ETL_BCTC.py
[2023-11-22T07:43:26.816+0000] {processor.py:839} INFO - DAG(s) dict_keys(['ETL_FinancialReport']) retrieved from /opt/airflow/dags/ETL_BCTC.py
[2023-11-22T07:43:26.875+0000] {logging_mixin.py:154} INFO - [2023-11-22T07:43:26.873+0000] {dag.py:2941} INFO - Sync 1 DAGs
[2023-11-22T07:43:26.917+0000] {logging_mixin.py:154} INFO - [2023-11-22T07:43:26.917+0000] {dag.py:3722} INFO - Setting next_dagrun for ETL_FinancialReport to 2024-01-01T00:00:00+00:00, run_after=2024-02-01T00:00:00+00:00
[2023-11-22T07:43:27.108+0000] {processor.py:179} INFO - Processing /opt/airflow/dags/ETL_BCTC.py took 0.798 seconds
[2023-11-22T07:43:57.976+0000] {processor.py:157} INFO - Started process (PID=1202) to work on /opt/airflow/dags/ETL_BCTC.py
[2023-11-22T07:43:57.978+0000] {processor.py:829} INFO - Processing file /opt/airflow/dags/ETL_BCTC.py for tasks to queue
[2023-11-22T07:43:57.980+0000] {logging_mixin.py:154} INFO - [2023-11-22T07:43:57.980+0000] {dagbag.py:536} INFO - Filling up the DagBag from /opt/airflow/dags/ETL_BCTC.py
[2023-11-22T07:43:58.506+0000] {processor.py:839} INFO - DAG(s) dict_keys(['ETL_FinancialReport']) retrieved from /opt/airflow/dags/ETL_BCTC.py
[2023-11-22T07:43:58.543+0000] {logging_mixin.py:154} INFO - [2023-11-22T07:43:58.542+0000] {dag.py:2941} INFO - Sync 1 DAGs
[2023-11-22T07:43:58.589+0000] {logging_mixin.py:154} INFO - [2023-11-22T07:43:58.589+0000] {dag.py:3722} INFO - Setting next_dagrun for ETL_FinancialReport to 2024-01-01T00:00:00+00:00, run_after=2024-02-01T00:00:00+00:00
[2023-11-22T07:43:58.792+0000] {processor.py:179} INFO - Processing /opt/airflow/dags/ETL_BCTC.py took 0.821 seconds
[2023-11-22T07:44:29.962+0000] {processor.py:157} INFO - Started process (PID=1213) to work on /opt/airflow/dags/ETL_BCTC.py
[2023-11-22T07:44:29.964+0000] {processor.py:829} INFO - Processing file /opt/airflow/dags/ETL_BCTC.py for tasks to queue
[2023-11-22T07:44:29.966+0000] {logging_mixin.py:154} INFO - [2023-11-22T07:44:29.965+0000] {dagbag.py:536} INFO - Filling up the DagBag from /opt/airflow/dags/ETL_BCTC.py
[2023-11-22T07:44:30.429+0000] {processor.py:839} INFO - DAG(s) dict_keys(['ETL_FinancialReport']) retrieved from /opt/airflow/dags/ETL_BCTC.py
[2023-11-22T07:44:30.649+0000] {logging_mixin.py:154} INFO - [2023-11-22T07:44:30.648+0000] {dag.py:2941} INFO - Sync 1 DAGs
[2023-11-22T07:44:30.692+0000] {logging_mixin.py:154} INFO - [2023-11-22T07:44:30.692+0000] {dag.py:3722} INFO - Setting next_dagrun for ETL_FinancialReport to 2024-01-01T00:00:00+00:00, run_after=2024-02-01T00:00:00+00:00
[2023-11-22T07:44:30.873+0000] {processor.py:179} INFO - Processing /opt/airflow/dags/ETL_BCTC.py took 0.915 seconds
[2023-11-22T07:45:01.787+0000] {processor.py:157} INFO - Started process (PID=1224) to work on /opt/airflow/dags/ETL_BCTC.py
[2023-11-22T07:45:01.790+0000] {processor.py:829} INFO - Processing file /opt/airflow/dags/ETL_BCTC.py for tasks to queue
[2023-11-22T07:45:01.793+0000] {logging_mixin.py:154} INFO - [2023-11-22T07:45:01.792+0000] {dagbag.py:536} INFO - Filling up the DagBag from /opt/airflow/dags/ETL_BCTC.py
[2023-11-22T07:45:02.372+0000] {processor.py:839} INFO - DAG(s) dict_keys(['ETL_FinancialReport']) retrieved from /opt/airflow/dags/ETL_BCTC.py
[2023-11-22T07:45:02.432+0000] {logging_mixin.py:154} INFO - [2023-11-22T07:45:02.431+0000] {dag.py:2941} INFO - Sync 1 DAGs
[2023-11-22T07:45:02.475+0000] {logging_mixin.py:154} INFO - [2023-11-22T07:45:02.475+0000] {dag.py:3722} INFO - Setting next_dagrun for ETL_FinancialReport to 2024-01-01T00:00:00+00:00, run_after=2024-02-01T00:00:00+00:00
[2023-11-22T07:45:02.685+0000] {processor.py:179} INFO - Processing /opt/airflow/dags/ETL_BCTC.py took 0.906 seconds
[2023-11-22T07:45:33.502+0000] {processor.py:157} INFO - Started process (PID=1235) to work on /opt/airflow/dags/ETL_BCTC.py
[2023-11-22T07:45:33.504+0000] {processor.py:829} INFO - Processing file /opt/airflow/dags/ETL_BCTC.py for tasks to queue
[2023-11-22T07:45:33.507+0000] {logging_mixin.py:154} INFO - [2023-11-22T07:45:33.506+0000] {dagbag.py:536} INFO - Filling up the DagBag from /opt/airflow/dags/ETL_BCTC.py
[2023-11-22T07:45:34.094+0000] {processor.py:839} INFO - DAG(s) dict_keys(['ETL_FinancialReport']) retrieved from /opt/airflow/dags/ETL_BCTC.py
[2023-11-22T07:45:34.132+0000] {logging_mixin.py:154} INFO - [2023-11-22T07:45:34.131+0000] {dag.py:2941} INFO - Sync 1 DAGs
[2023-11-22T07:45:34.175+0000] {logging_mixin.py:154} INFO - [2023-11-22T07:45:34.175+0000] {dag.py:3722} INFO - Setting next_dagrun for ETL_FinancialReport to 2024-01-01T00:00:00+00:00, run_after=2024-02-01T00:00:00+00:00
[2023-11-22T07:45:34.376+0000] {processor.py:179} INFO - Processing /opt/airflow/dags/ETL_BCTC.py took 0.880 seconds
[2023-11-22T07:46:05.505+0000] {processor.py:157} INFO - Started process (PID=1246) to work on /opt/airflow/dags/ETL_BCTC.py
[2023-11-22T07:46:05.508+0000] {processor.py:829} INFO - Processing file /opt/airflow/dags/ETL_BCTC.py for tasks to queue
[2023-11-22T07:46:05.510+0000] {logging_mixin.py:154} INFO - [2023-11-22T07:46:05.510+0000] {dagbag.py:536} INFO - Filling up the DagBag from /opt/airflow/dags/ETL_BCTC.py
[2023-11-22T07:46:06.092+0000] {processor.py:839} INFO - DAG(s) dict_keys(['ETL_FinancialReport']) retrieved from /opt/airflow/dags/ETL_BCTC.py
[2023-11-22T07:46:06.328+0000] {logging_mixin.py:154} INFO - [2023-11-22T07:46:06.327+0000] {dag.py:2941} INFO - Sync 1 DAGs
[2023-11-22T07:46:06.375+0000] {logging_mixin.py:154} INFO - [2023-11-22T07:46:06.375+0000] {dag.py:3722} INFO - Setting next_dagrun for ETL_FinancialReport to 2024-01-01T00:00:00+00:00, run_after=2024-02-01T00:00:00+00:00
[2023-11-22T07:46:06.592+0000] {processor.py:179} INFO - Processing /opt/airflow/dags/ETL_BCTC.py took 1.095 seconds
[2023-11-22T07:46:37.543+0000] {processor.py:157} INFO - Started process (PID=1257) to work on /opt/airflow/dags/ETL_BCTC.py
[2023-11-22T07:46:37.545+0000] {processor.py:829} INFO - Processing file /opt/airflow/dags/ETL_BCTC.py for tasks to queue
[2023-11-22T07:46:37.547+0000] {logging_mixin.py:154} INFO - [2023-11-22T07:46:37.546+0000] {dagbag.py:536} INFO - Filling up the DagBag from /opt/airflow/dags/ETL_BCTC.py
[2023-11-22T07:46:38.091+0000] {processor.py:839} INFO - DAG(s) dict_keys(['ETL_FinancialReport']) retrieved from /opt/airflow/dags/ETL_BCTC.py
[2023-11-22T07:46:38.156+0000] {logging_mixin.py:154} INFO - [2023-11-22T07:46:38.154+0000] {dag.py:2941} INFO - Sync 1 DAGs
[2023-11-22T07:46:38.201+0000] {logging_mixin.py:154} INFO - [2023-11-22T07:46:38.200+0000] {dag.py:3722} INFO - Setting next_dagrun for ETL_FinancialReport to 2024-01-01T00:00:00+00:00, run_after=2024-02-01T00:00:00+00:00
[2023-11-22T07:46:38.423+0000] {processor.py:179} INFO - Processing /opt/airflow/dags/ETL_BCTC.py took 0.887 seconds
[2023-11-22T07:47:09.548+0000] {processor.py:157} INFO - Started process (PID=1268) to work on /opt/airflow/dags/ETL_BCTC.py
[2023-11-22T07:47:09.550+0000] {processor.py:829} INFO - Processing file /opt/airflow/dags/ETL_BCTC.py for tasks to queue
[2023-11-22T07:47:09.552+0000] {logging_mixin.py:154} INFO - [2023-11-22T07:47:09.552+0000] {dagbag.py:536} INFO - Filling up the DagBag from /opt/airflow/dags/ETL_BCTC.py
[2023-11-22T07:47:10.056+0000] {processor.py:839} INFO - DAG(s) dict_keys(['ETL_FinancialReport']) retrieved from /opt/airflow/dags/ETL_BCTC.py
[2023-11-22T07:47:10.089+0000] {logging_mixin.py:154} INFO - [2023-11-22T07:47:10.088+0000] {dag.py:2941} INFO - Sync 1 DAGs
[2023-11-22T07:47:10.139+0000] {logging_mixin.py:154} INFO - [2023-11-22T07:47:10.138+0000] {dag.py:3722} INFO - Setting next_dagrun for ETL_FinancialReport to 2024-01-01T00:00:00+00:00, run_after=2024-02-01T00:00:00+00:00
[2023-11-22T07:47:10.339+0000] {processor.py:179} INFO - Processing /opt/airflow/dags/ETL_BCTC.py took 0.795 seconds
[2023-11-22T07:47:41.801+0000] {processor.py:157} INFO - Started process (PID=1279) to work on /opt/airflow/dags/ETL_BCTC.py
[2023-11-22T07:47:41.803+0000] {processor.py:829} INFO - Processing file /opt/airflow/dags/ETL_BCTC.py for tasks to queue
[2023-11-22T07:47:41.805+0000] {logging_mixin.py:154} INFO - [2023-11-22T07:47:41.804+0000] {dagbag.py:536} INFO - Filling up the DagBag from /opt/airflow/dags/ETL_BCTC.py
[2023-11-22T07:47:42.282+0000] {processor.py:839} INFO - DAG(s) dict_keys(['ETL_FinancialReport']) retrieved from /opt/airflow/dags/ETL_BCTC.py
[2023-11-22T07:47:42.512+0000] {logging_mixin.py:154} INFO - [2023-11-22T07:47:42.512+0000] {dag.py:2941} INFO - Sync 1 DAGs
[2023-11-22T07:47:42.552+0000] {logging_mixin.py:154} INFO - [2023-11-22T07:47:42.552+0000] {dag.py:3722} INFO - Setting next_dagrun for ETL_FinancialReport to 2024-01-01T00:00:00+00:00, run_after=2024-02-01T00:00:00+00:00
[2023-11-22T07:47:42.778+0000] {processor.py:179} INFO - Processing /opt/airflow/dags/ETL_BCTC.py took 0.982 seconds
[2023-11-22T07:48:14.093+0000] {processor.py:157} INFO - Started process (PID=1290) to work on /opt/airflow/dags/ETL_BCTC.py
[2023-11-22T07:48:14.095+0000] {processor.py:829} INFO - Processing file /opt/airflow/dags/ETL_BCTC.py for tasks to queue
[2023-11-22T07:48:14.097+0000] {logging_mixin.py:154} INFO - [2023-11-22T07:48:14.097+0000] {dagbag.py:536} INFO - Filling up the DagBag from /opt/airflow/dags/ETL_BCTC.py
[2023-11-22T07:48:14.572+0000] {processor.py:839} INFO - DAG(s) dict_keys(['ETL_FinancialReport']) retrieved from /opt/airflow/dags/ETL_BCTC.py
[2023-11-22T07:48:14.631+0000] {logging_mixin.py:154} INFO - [2023-11-22T07:48:14.630+0000] {dag.py:2941} INFO - Sync 1 DAGs
[2023-11-22T07:48:14.677+0000] {logging_mixin.py:154} INFO - [2023-11-22T07:48:14.676+0000] {dag.py:3722} INFO - Setting next_dagrun for ETL_FinancialReport to 2024-01-01T00:00:00+00:00, run_after=2024-02-01T00:00:00+00:00
[2023-11-22T07:48:14.878+0000] {processor.py:179} INFO - Processing /opt/airflow/dags/ETL_BCTC.py took 0.790 seconds
[2023-11-22T07:48:46.323+0000] {processor.py:157} INFO - Started process (PID=1301) to work on /opt/airflow/dags/ETL_BCTC.py
[2023-11-22T07:48:46.325+0000] {processor.py:829} INFO - Processing file /opt/airflow/dags/ETL_BCTC.py for tasks to queue
[2023-11-22T07:48:46.328+0000] {logging_mixin.py:154} INFO - [2023-11-22T07:48:46.327+0000] {dagbag.py:536} INFO - Filling up the DagBag from /opt/airflow/dags/ETL_BCTC.py
[2023-11-22T07:48:46.933+0000] {processor.py:839} INFO - DAG(s) dict_keys(['ETL_FinancialReport']) retrieved from /opt/airflow/dags/ETL_BCTC.py
[2023-11-22T07:48:46.972+0000] {logging_mixin.py:154} INFO - [2023-11-22T07:48:46.971+0000] {dag.py:2941} INFO - Sync 1 DAGs
[2023-11-22T07:48:47.021+0000] {logging_mixin.py:154} INFO - [2023-11-22T07:48:47.021+0000] {dag.py:3722} INFO - Setting next_dagrun for ETL_FinancialReport to 2024-01-01T00:00:00+00:00, run_after=2024-02-01T00:00:00+00:00
[2023-11-22T07:48:47.286+0000] {processor.py:179} INFO - Processing /opt/airflow/dags/ETL_BCTC.py took 0.968 seconds
[2023-11-22T07:49:19.723+0000] {processor.py:157} INFO - Started process (PID=1312) to work on /opt/airflow/dags/ETL_BCTC.py
[2023-11-22T07:49:19.725+0000] {processor.py:829} INFO - Processing file /opt/airflow/dags/ETL_BCTC.py for tasks to queue
[2023-11-22T07:49:19.727+0000] {logging_mixin.py:154} INFO - [2023-11-22T07:49:19.726+0000] {dagbag.py:536} INFO - Filling up the DagBag from /opt/airflow/dags/ETL_BCTC.py
[2023-11-22T07:49:20.326+0000] {processor.py:839} INFO - DAG(s) dict_keys(['ETL_FinancialReport']) retrieved from /opt/airflow/dags/ETL_BCTC.py
[2023-11-22T07:49:21.088+0000] {logging_mixin.py:154} INFO - [2023-11-22T07:49:21.088+0000] {dag.py:2941} INFO - Sync 1 DAGs
[2023-11-22T07:49:21.130+0000] {logging_mixin.py:154} INFO - [2023-11-22T07:49:21.130+0000] {dag.py:3722} INFO - Setting next_dagrun for ETL_FinancialReport to 2024-01-01T00:00:00+00:00, run_after=2024-02-01T00:00:00+00:00
[2023-11-22T07:49:21.346+0000] {processor.py:179} INFO - Processing /opt/airflow/dags/ETL_BCTC.py took 1.628 seconds
[2023-11-22T07:49:51.903+0000] {processor.py:157} INFO - Started process (PID=1323) to work on /opt/airflow/dags/ETL_BCTC.py
[2023-11-22T07:49:51.906+0000] {processor.py:829} INFO - Processing file /opt/airflow/dags/ETL_BCTC.py for tasks to queue
[2023-11-22T07:49:51.908+0000] {logging_mixin.py:154} INFO - [2023-11-22T07:49:51.908+0000] {dagbag.py:536} INFO - Filling up the DagBag from /opt/airflow/dags/ETL_BCTC.py
[2023-11-22T07:49:52.450+0000] {processor.py:839} INFO - DAG(s) dict_keys(['ETL_FinancialReport']) retrieved from /opt/airflow/dags/ETL_BCTC.py
[2023-11-22T07:49:52.524+0000] {logging_mixin.py:154} INFO - [2023-11-22T07:49:52.523+0000] {dag.py:2941} INFO - Sync 1 DAGs
[2023-11-22T07:49:52.569+0000] {logging_mixin.py:154} INFO - [2023-11-22T07:49:52.569+0000] {dag.py:3722} INFO - Setting next_dagrun for ETL_FinancialReport to 2024-01-01T00:00:00+00:00, run_after=2024-02-01T00:00:00+00:00
[2023-11-22T07:49:52.788+0000] {processor.py:179} INFO - Processing /opt/airflow/dags/ETL_BCTC.py took 0.892 seconds
[2023-11-22T07:50:23.475+0000] {processor.py:157} INFO - Started process (PID=1334) to work on /opt/airflow/dags/ETL_BCTC.py
[2023-11-22T07:50:23.478+0000] {processor.py:829} INFO - Processing file /opt/airflow/dags/ETL_BCTC.py for tasks to queue
[2023-11-22T07:50:23.480+0000] {logging_mixin.py:154} INFO - [2023-11-22T07:50:23.480+0000] {dagbag.py:536} INFO - Filling up the DagBag from /opt/airflow/dags/ETL_BCTC.py
[2023-11-22T07:50:24.059+0000] {processor.py:839} INFO - DAG(s) dict_keys(['ETL_FinancialReport']) retrieved from /opt/airflow/dags/ETL_BCTC.py
[2023-11-22T07:50:24.098+0000] {logging_mixin.py:154} INFO - [2023-11-22T07:50:24.097+0000] {dag.py:2941} INFO - Sync 1 DAGs
[2023-11-22T07:50:24.139+0000] {logging_mixin.py:154} INFO - [2023-11-22T07:50:24.139+0000] {dag.py:3722} INFO - Setting next_dagrun for ETL_FinancialReport to 2024-01-01T00:00:00+00:00, run_after=2024-02-01T00:00:00+00:00
[2023-11-22T07:50:24.346+0000] {processor.py:179} INFO - Processing /opt/airflow/dags/ETL_BCTC.py took 0.877 seconds
[2023-11-22T07:50:55.951+0000] {processor.py:157} INFO - Started process (PID=1345) to work on /opt/airflow/dags/ETL_BCTC.py
[2023-11-22T07:50:55.953+0000] {processor.py:829} INFO - Processing file /opt/airflow/dags/ETL_BCTC.py for tasks to queue
[2023-11-22T07:50:55.955+0000] {logging_mixin.py:154} INFO - [2023-11-22T07:50:55.954+0000] {dagbag.py:536} INFO - Filling up the DagBag from /opt/airflow/dags/ETL_BCTC.py
[2023-11-22T07:50:56.427+0000] {processor.py:839} INFO - DAG(s) dict_keys(['ETL_FinancialReport']) retrieved from /opt/airflow/dags/ETL_BCTC.py
[2023-11-22T07:50:56.878+0000] {logging_mixin.py:154} INFO - [2023-11-22T07:50:56.876+0000] {dag.py:2941} INFO - Sync 1 DAGs
[2023-11-22T07:50:56.923+0000] {logging_mixin.py:154} INFO - [2023-11-22T07:50:56.923+0000] {dag.py:3722} INFO - Setting next_dagrun for ETL_FinancialReport to 2024-01-01T00:00:00+00:00, run_after=2024-02-01T00:00:00+00:00
[2023-11-22T07:50:57.183+0000] {processor.py:179} INFO - Processing /opt/airflow/dags/ETL_BCTC.py took 1.236 seconds
[2023-11-22T07:51:28.050+0000] {processor.py:157} INFO - Started process (PID=1356) to work on /opt/airflow/dags/ETL_BCTC.py
[2023-11-22T07:51:28.053+0000] {processor.py:829} INFO - Processing file /opt/airflow/dags/ETL_BCTC.py for tasks to queue
[2023-11-22T07:51:28.055+0000] {logging_mixin.py:154} INFO - [2023-11-22T07:51:28.055+0000] {dagbag.py:536} INFO - Filling up the DagBag from /opt/airflow/dags/ETL_BCTC.py
[2023-11-22T07:51:28.688+0000] {processor.py:839} INFO - DAG(s) dict_keys(['ETL_FinancialReport']) retrieved from /opt/airflow/dags/ETL_BCTC.py
[2023-11-22T07:51:28.742+0000] {logging_mixin.py:154} INFO - [2023-11-22T07:51:28.742+0000] {dag.py:2941} INFO - Sync 1 DAGs
[2023-11-22T07:51:28.778+0000] {logging_mixin.py:154} INFO - [2023-11-22T07:51:28.778+0000] {dag.py:3722} INFO - Setting next_dagrun for ETL_FinancialReport to 2024-01-01T00:00:00+00:00, run_after=2024-02-01T00:00:00+00:00
[2023-11-22T07:51:28.977+0000] {processor.py:179} INFO - Processing /opt/airflow/dags/ETL_BCTC.py took 0.932 seconds
[2023-11-22T07:51:59.822+0000] {processor.py:157} INFO - Started process (PID=1367) to work on /opt/airflow/dags/ETL_BCTC.py
[2023-11-22T07:51:59.825+0000] {processor.py:829} INFO - Processing file /opt/airflow/dags/ETL_BCTC.py for tasks to queue
[2023-11-22T07:51:59.827+0000] {logging_mixin.py:154} INFO - [2023-11-22T07:51:59.827+0000] {dagbag.py:536} INFO - Filling up the DagBag from /opt/airflow/dags/ETL_BCTC.py
[2023-11-22T07:52:00.490+0000] {processor.py:839} INFO - DAG(s) dict_keys(['ETL_FinancialReport']) retrieved from /opt/airflow/dags/ETL_BCTC.py
[2023-11-22T07:52:00.522+0000] {logging_mixin.py:154} INFO - [2023-11-22T07:52:00.522+0000] {dag.py:2941} INFO - Sync 1 DAGs
[2023-11-22T07:52:00.568+0000] {logging_mixin.py:154} INFO - [2023-11-22T07:52:00.568+0000] {dag.py:3722} INFO - Setting next_dagrun for ETL_FinancialReport to 2024-01-01T00:00:00+00:00, run_after=2024-02-01T00:00:00+00:00
[2023-11-22T07:52:00.772+0000] {processor.py:179} INFO - Processing /opt/airflow/dags/ETL_BCTC.py took 0.954 seconds
[2023-11-22T07:52:32.019+0000] {processor.py:157} INFO - Started process (PID=1378) to work on /opt/airflow/dags/ETL_BCTC.py
[2023-11-22T07:52:32.021+0000] {processor.py:829} INFO - Processing file /opt/airflow/dags/ETL_BCTC.py for tasks to queue
[2023-11-22T07:52:32.024+0000] {logging_mixin.py:154} INFO - [2023-11-22T07:52:32.023+0000] {dagbag.py:536} INFO - Filling up the DagBag from /opt/airflow/dags/ETL_BCTC.py
[2023-11-22T07:52:32.738+0000] {processor.py:839} INFO - DAG(s) dict_keys(['ETL_FinancialReport']) retrieved from /opt/airflow/dags/ETL_BCTC.py
[2023-11-22T07:52:32.986+0000] {logging_mixin.py:154} INFO - [2023-11-22T07:52:32.985+0000] {dag.py:2941} INFO - Sync 1 DAGs
[2023-11-22T07:52:33.023+0000] {logging_mixin.py:154} INFO - [2023-11-22T07:52:33.023+0000] {dag.py:3722} INFO - Setting next_dagrun for ETL_FinancialReport to 2024-01-01T00:00:00+00:00, run_after=2024-02-01T00:00:00+00:00
[2023-11-22T07:52:33.224+0000] {processor.py:179} INFO - Processing /opt/airflow/dags/ETL_BCTC.py took 1.210 seconds
[2023-11-22T07:53:04.056+0000] {processor.py:157} INFO - Started process (PID=1389) to work on /opt/airflow/dags/ETL_BCTC.py
[2023-11-22T07:53:04.059+0000] {processor.py:829} INFO - Processing file /opt/airflow/dags/ETL_BCTC.py for tasks to queue
[2023-11-22T07:53:04.062+0000] {logging_mixin.py:154} INFO - [2023-11-22T07:53:04.061+0000] {dagbag.py:536} INFO - Filling up the DagBag from /opt/airflow/dags/ETL_BCTC.py
[2023-11-22T07:53:04.792+0000] {processor.py:839} INFO - DAG(s) dict_keys(['ETL_FinancialReport']) retrieved from /opt/airflow/dags/ETL_BCTC.py
[2023-11-22T07:53:04.853+0000] {logging_mixin.py:154} INFO - [2023-11-22T07:53:04.851+0000] {dag.py:2941} INFO - Sync 1 DAGs
[2023-11-22T07:53:04.898+0000] {logging_mixin.py:154} INFO - [2023-11-22T07:53:04.897+0000] {dag.py:3722} INFO - Setting next_dagrun for ETL_FinancialReport to 2024-01-01T00:00:00+00:00, run_after=2024-02-01T00:00:00+00:00
[2023-11-22T07:53:05.099+0000] {processor.py:179} INFO - Processing /opt/airflow/dags/ETL_BCTC.py took 1.050 seconds
[2023-11-22T07:53:35.857+0000] {processor.py:157} INFO - Started process (PID=1400) to work on /opt/airflow/dags/ETL_BCTC.py
[2023-11-22T07:53:35.860+0000] {processor.py:829} INFO - Processing file /opt/airflow/dags/ETL_BCTC.py for tasks to queue
[2023-11-22T07:53:35.862+0000] {logging_mixin.py:154} INFO - [2023-11-22T07:53:35.862+0000] {dagbag.py:536} INFO - Filling up the DagBag from /opt/airflow/dags/ETL_BCTC.py
[2023-11-22T07:53:36.589+0000] {processor.py:839} INFO - DAG(s) dict_keys(['ETL_FinancialReport']) retrieved from /opt/airflow/dags/ETL_BCTC.py
[2023-11-22T07:53:36.617+0000] {logging_mixin.py:154} INFO - [2023-11-22T07:53:36.616+0000] {dag.py:2941} INFO - Sync 1 DAGs
[2023-11-22T07:53:36.654+0000] {logging_mixin.py:154} INFO - [2023-11-22T07:53:36.654+0000] {dag.py:3722} INFO - Setting next_dagrun for ETL_FinancialReport to 2024-01-01T00:00:00+00:00, run_after=2024-02-01T00:00:00+00:00
[2023-11-22T07:53:36.887+0000] {processor.py:179} INFO - Processing /opt/airflow/dags/ETL_BCTC.py took 1.038 seconds
[2023-11-22T07:54:07.432+0000] {processor.py:157} INFO - Started process (PID=1411) to work on /opt/airflow/dags/ETL_BCTC.py
[2023-11-22T07:54:07.433+0000] {processor.py:829} INFO - Processing file /opt/airflow/dags/ETL_BCTC.py for tasks to queue
[2023-11-22T07:54:07.435+0000] {logging_mixin.py:154} INFO - [2023-11-22T07:54:07.435+0000] {dagbag.py:536} INFO - Filling up the DagBag from /opt/airflow/dags/ETL_BCTC.py
[2023-11-22T07:54:08.113+0000] {processor.py:839} INFO - DAG(s) dict_keys(['ETL_FinancialReport']) retrieved from /opt/airflow/dags/ETL_BCTC.py
[2023-11-22T07:54:08.319+0000] {logging_mixin.py:154} INFO - [2023-11-22T07:54:08.319+0000] {dag.py:2941} INFO - Sync 1 DAGs
[2023-11-22T07:54:08.356+0000] {logging_mixin.py:154} INFO - [2023-11-22T07:54:08.356+0000] {dag.py:3722} INFO - Setting next_dagrun for ETL_FinancialReport to 2024-01-01T00:00:00+00:00, run_after=2024-02-01T00:00:00+00:00
[2023-11-22T07:54:08.568+0000] {processor.py:179} INFO - Processing /opt/airflow/dags/ETL_BCTC.py took 1.140 seconds
[2023-11-22T07:54:38.953+0000] {processor.py:157} INFO - Started process (PID=1422) to work on /opt/airflow/dags/ETL_BCTC.py
[2023-11-22T07:54:38.955+0000] {processor.py:829} INFO - Processing file /opt/airflow/dags/ETL_BCTC.py for tasks to queue
[2023-11-22T07:54:38.957+0000] {logging_mixin.py:154} INFO - [2023-11-22T07:54:38.956+0000] {dagbag.py:536} INFO - Filling up the DagBag from /opt/airflow/dags/ETL_BCTC.py
[2023-11-22T07:54:39.691+0000] {processor.py:839} INFO - DAG(s) dict_keys(['ETL_FinancialReport']) retrieved from /opt/airflow/dags/ETL_BCTC.py
[2023-11-22T07:54:39.752+0000] {logging_mixin.py:154} INFO - [2023-11-22T07:54:39.751+0000] {dag.py:2941} INFO - Sync 1 DAGs
[2023-11-22T07:54:39.803+0000] {logging_mixin.py:154} INFO - [2023-11-22T07:54:39.803+0000] {dag.py:3722} INFO - Setting next_dagrun for ETL_FinancialReport to 2024-01-01T00:00:00+00:00, run_after=2024-02-01T00:00:00+00:00
[2023-11-22T07:54:40.026+0000] {processor.py:179} INFO - Processing /opt/airflow/dags/ETL_BCTC.py took 1.077 seconds
[2023-11-22T07:55:10.702+0000] {processor.py:157} INFO - Started process (PID=1433) to work on /opt/airflow/dags/ETL_BCTC.py
[2023-11-22T07:55:10.704+0000] {processor.py:829} INFO - Processing file /opt/airflow/dags/ETL_BCTC.py for tasks to queue
[2023-11-22T07:55:10.706+0000] {logging_mixin.py:154} INFO - [2023-11-22T07:55:10.706+0000] {dagbag.py:536} INFO - Filling up the DagBag from /opt/airflow/dags/ETL_BCTC.py
[2023-11-22T07:55:11.428+0000] {processor.py:839} INFO - DAG(s) dict_keys(['ETL_FinancialReport']) retrieved from /opt/airflow/dags/ETL_BCTC.py
[2023-11-22T07:55:11.460+0000] {logging_mixin.py:154} INFO - [2023-11-22T07:55:11.459+0000] {dag.py:2941} INFO - Sync 1 DAGs
[2023-11-22T07:55:11.503+0000] {logging_mixin.py:154} INFO - [2023-11-22T07:55:11.503+0000] {dag.py:3722} INFO - Setting next_dagrun for ETL_FinancialReport to 2024-01-01T00:00:00+00:00, run_after=2024-02-01T00:00:00+00:00
[2023-11-22T07:55:11.685+0000] {processor.py:179} INFO - Processing /opt/airflow/dags/ETL_BCTC.py took 0.987 seconds
[2023-11-22T07:55:42.509+0000] {processor.py:157} INFO - Started process (PID=1444) to work on /opt/airflow/dags/ETL_BCTC.py
[2023-11-22T07:55:42.511+0000] {processor.py:829} INFO - Processing file /opt/airflow/dags/ETL_BCTC.py for tasks to queue
[2023-11-22T07:55:42.513+0000] {logging_mixin.py:154} INFO - [2023-11-22T07:55:42.513+0000] {dagbag.py:536} INFO - Filling up the DagBag from /opt/airflow/dags/ETL_BCTC.py
[2023-11-22T07:55:43.173+0000] {processor.py:839} INFO - DAG(s) dict_keys(['ETL_FinancialReport']) retrieved from /opt/airflow/dags/ETL_BCTC.py
[2023-11-22T07:55:43.377+0000] {logging_mixin.py:154} INFO - [2023-11-22T07:55:43.376+0000] {dag.py:2941} INFO - Sync 1 DAGs
[2023-11-22T07:55:43.413+0000] {logging_mixin.py:154} INFO - [2023-11-22T07:55:43.413+0000] {dag.py:3722} INFO - Setting next_dagrun for ETL_FinancialReport to 2024-01-01T00:00:00+00:00, run_after=2024-02-01T00:00:00+00:00
[2023-11-22T07:55:43.592+0000] {processor.py:179} INFO - Processing /opt/airflow/dags/ETL_BCTC.py took 1.086 seconds
[2023-11-22T07:56:14.173+0000] {processor.py:157} INFO - Started process (PID=1455) to work on /opt/airflow/dags/ETL_BCTC.py
[2023-11-22T07:56:14.174+0000] {processor.py:829} INFO - Processing file /opt/airflow/dags/ETL_BCTC.py for tasks to queue
[2023-11-22T07:56:14.176+0000] {logging_mixin.py:154} INFO - [2023-11-22T07:56:14.176+0000] {dagbag.py:536} INFO - Filling up the DagBag from /opt/airflow/dags/ETL_BCTC.py
[2023-11-22T07:56:14.826+0000] {processor.py:839} INFO - DAG(s) dict_keys(['ETL_FinancialReport']) retrieved from /opt/airflow/dags/ETL_BCTC.py
[2023-11-22T07:56:14.881+0000] {logging_mixin.py:154} INFO - [2023-11-22T07:56:14.880+0000] {dag.py:2941} INFO - Sync 1 DAGs
[2023-11-22T07:56:14.926+0000] {logging_mixin.py:154} INFO - [2023-11-22T07:56:14.926+0000] {dag.py:3722} INFO - Setting next_dagrun for ETL_FinancialReport to 2024-01-01T00:00:00+00:00, run_after=2024-02-01T00:00:00+00:00
[2023-11-22T07:56:15.132+0000] {processor.py:179} INFO - Processing /opt/airflow/dags/ETL_BCTC.py took 0.963 seconds
[2023-11-22T07:56:46.176+0000] {processor.py:157} INFO - Started process (PID=1466) to work on /opt/airflow/dags/ETL_BCTC.py
[2023-11-22T07:56:46.178+0000] {processor.py:829} INFO - Processing file /opt/airflow/dags/ETL_BCTC.py for tasks to queue
[2023-11-22T07:56:46.180+0000] {logging_mixin.py:154} INFO - [2023-11-22T07:56:46.179+0000] {dagbag.py:536} INFO - Filling up the DagBag from /opt/airflow/dags/ETL_BCTC.py
[2023-11-22T07:56:46.790+0000] {processor.py:839} INFO - DAG(s) dict_keys(['ETL_FinancialReport']) retrieved from /opt/airflow/dags/ETL_BCTC.py
[2023-11-22T07:56:46.828+0000] {logging_mixin.py:154} INFO - [2023-11-22T07:56:46.827+0000] {dag.py:2941} INFO - Sync 1 DAGs
[2023-11-22T07:56:46.869+0000] {logging_mixin.py:154} INFO - [2023-11-22T07:56:46.869+0000] {dag.py:3722} INFO - Setting next_dagrun for ETL_FinancialReport to 2024-01-01T00:00:00+00:00, run_after=2024-02-01T00:00:00+00:00
[2023-11-22T07:56:47.067+0000] {processor.py:179} INFO - Processing /opt/airflow/dags/ETL_BCTC.py took 0.895 seconds
[2023-11-22T07:57:17.990+0000] {processor.py:157} INFO - Started process (PID=1477) to work on /opt/airflow/dags/ETL_BCTC.py
[2023-11-22T07:57:17.992+0000] {processor.py:829} INFO - Processing file /opt/airflow/dags/ETL_BCTC.py for tasks to queue
[2023-11-22T07:57:17.995+0000] {logging_mixin.py:154} INFO - [2023-11-22T07:57:17.994+0000] {dagbag.py:536} INFO - Filling up the DagBag from /opt/airflow/dags/ETL_BCTC.py
[2023-11-22T07:57:18.667+0000] {processor.py:839} INFO - DAG(s) dict_keys(['ETL_FinancialReport']) retrieved from /opt/airflow/dags/ETL_BCTC.py
[2023-11-22T07:57:18.908+0000] {logging_mixin.py:154} INFO - [2023-11-22T07:57:18.906+0000] {dag.py:2941} INFO - Sync 1 DAGs
[2023-11-22T07:57:18.950+0000] {logging_mixin.py:154} INFO - [2023-11-22T07:57:18.950+0000] {dag.py:3722} INFO - Setting next_dagrun for ETL_FinancialReport to 2024-01-01T00:00:00+00:00, run_after=2024-02-01T00:00:00+00:00
[2023-11-22T07:57:19.172+0000] {processor.py:179} INFO - Processing /opt/airflow/dags/ETL_BCTC.py took 1.186 seconds
[2023-11-22T07:57:49.522+0000] {processor.py:157} INFO - Started process (PID=1488) to work on /opt/airflow/dags/ETL_BCTC.py
[2023-11-22T07:57:49.524+0000] {processor.py:829} INFO - Processing file /opt/airflow/dags/ETL_BCTC.py for tasks to queue
[2023-11-22T07:57:49.526+0000] {logging_mixin.py:154} INFO - [2023-11-22T07:57:49.525+0000] {dagbag.py:536} INFO - Filling up the DagBag from /opt/airflow/dags/ETL_BCTC.py
[2023-11-22T07:57:50.145+0000] {processor.py:839} INFO - DAG(s) dict_keys(['ETL_FinancialReport']) retrieved from /opt/airflow/dags/ETL_BCTC.py
[2023-11-22T07:57:50.200+0000] {logging_mixin.py:154} INFO - [2023-11-22T07:57:50.200+0000] {dag.py:2941} INFO - Sync 1 DAGs
[2023-11-22T07:57:50.239+0000] {logging_mixin.py:154} INFO - [2023-11-22T07:57:50.239+0000] {dag.py:3722} INFO - Setting next_dagrun for ETL_FinancialReport to 2024-01-01T00:00:00+00:00, run_after=2024-02-01T00:00:00+00:00
[2023-11-22T07:57:50.428+0000] {processor.py:179} INFO - Processing /opt/airflow/dags/ETL_BCTC.py took 0.911 seconds
[2023-11-22T07:58:21.419+0000] {processor.py:157} INFO - Started process (PID=1499) to work on /opt/airflow/dags/ETL_BCTC.py
[2023-11-22T07:58:21.421+0000] {processor.py:829} INFO - Processing file /opt/airflow/dags/ETL_BCTC.py for tasks to queue
[2023-11-22T07:58:21.423+0000] {logging_mixin.py:154} INFO - [2023-11-22T07:58:21.422+0000] {dagbag.py:536} INFO - Filling up the DagBag from /opt/airflow/dags/ETL_BCTC.py
[2023-11-22T07:58:22.112+0000] {processor.py:839} INFO - DAG(s) dict_keys(['ETL_FinancialReport']) retrieved from /opt/airflow/dags/ETL_BCTC.py
[2023-11-22T07:58:22.144+0000] {logging_mixin.py:154} INFO - [2023-11-22T07:58:22.144+0000] {dag.py:2941} INFO - Sync 1 DAGs
[2023-11-22T07:58:22.183+0000] {logging_mixin.py:154} INFO - [2023-11-22T07:58:22.183+0000] {dag.py:3722} INFO - Setting next_dagrun for ETL_FinancialReport to 2024-01-01T00:00:00+00:00, run_after=2024-02-01T00:00:00+00:00
[2023-11-22T07:58:22.373+0000] {processor.py:179} INFO - Processing /opt/airflow/dags/ETL_BCTC.py took 0.960 seconds
[2023-11-22T07:58:53.494+0000] {processor.py:157} INFO - Started process (PID=1510) to work on /opt/airflow/dags/ETL_BCTC.py
[2023-11-22T07:58:53.496+0000] {processor.py:829} INFO - Processing file /opt/airflow/dags/ETL_BCTC.py for tasks to queue
[2023-11-22T07:58:53.498+0000] {logging_mixin.py:154} INFO - [2023-11-22T07:58:53.497+0000] {dagbag.py:536} INFO - Filling up the DagBag from /opt/airflow/dags/ETL_BCTC.py
[2023-11-22T07:58:54.161+0000] {processor.py:839} INFO - DAG(s) dict_keys(['ETL_FinancialReport']) retrieved from /opt/airflow/dags/ETL_BCTC.py
[2023-11-22T07:58:54.362+0000] {logging_mixin.py:154} INFO - [2023-11-22T07:58:54.361+0000] {dag.py:2941} INFO - Sync 1 DAGs
[2023-11-22T07:58:54.403+0000] {logging_mixin.py:154} INFO - [2023-11-22T07:58:54.403+0000] {dag.py:3722} INFO - Setting next_dagrun for ETL_FinancialReport to 2024-01-01T00:00:00+00:00, run_after=2024-02-01T00:00:00+00:00
[2023-11-22T07:58:54.618+0000] {processor.py:179} INFO - Processing /opt/airflow/dags/ETL_BCTC.py took 1.129 seconds
[2023-11-22T07:59:25.364+0000] {processor.py:157} INFO - Started process (PID=1521) to work on /opt/airflow/dags/ETL_BCTC.py
[2023-11-22T07:59:25.365+0000] {processor.py:829} INFO - Processing file /opt/airflow/dags/ETL_BCTC.py for tasks to queue
[2023-11-22T07:59:25.367+0000] {logging_mixin.py:154} INFO - [2023-11-22T07:59:25.367+0000] {dagbag.py:536} INFO - Filling up the DagBag from /opt/airflow/dags/ETL_BCTC.py
[2023-11-22T07:59:26.055+0000] {processor.py:839} INFO - DAG(s) dict_keys(['ETL_FinancialReport']) retrieved from /opt/airflow/dags/ETL_BCTC.py
[2023-11-22T07:59:26.108+0000] {logging_mixin.py:154} INFO - [2023-11-22T07:59:26.107+0000] {dag.py:2941} INFO - Sync 1 DAGs
[2023-11-22T07:59:26.150+0000] {logging_mixin.py:154} INFO - [2023-11-22T07:59:26.150+0000] {dag.py:3722} INFO - Setting next_dagrun for ETL_FinancialReport to 2024-01-01T00:00:00+00:00, run_after=2024-02-01T00:00:00+00:00
[2023-11-22T07:59:26.348+0000] {processor.py:179} INFO - Processing /opt/airflow/dags/ETL_BCTC.py took 0.989 seconds
[2023-11-22T07:59:57.108+0000] {processor.py:157} INFO - Started process (PID=1532) to work on /opt/airflow/dags/ETL_BCTC.py
[2023-11-22T07:59:57.110+0000] {processor.py:829} INFO - Processing file /opt/airflow/dags/ETL_BCTC.py for tasks to queue
[2023-11-22T07:59:57.112+0000] {logging_mixin.py:154} INFO - [2023-11-22T07:59:57.111+0000] {dagbag.py:536} INFO - Filling up the DagBag from /opt/airflow/dags/ETL_BCTC.py
[2023-11-22T07:59:57.743+0000] {processor.py:839} INFO - DAG(s) dict_keys(['ETL_FinancialReport']) retrieved from /opt/airflow/dags/ETL_BCTC.py
[2023-11-22T07:59:57.776+0000] {logging_mixin.py:154} INFO - [2023-11-22T07:59:57.776+0000] {dag.py:2941} INFO - Sync 1 DAGs
[2023-11-22T07:59:57.816+0000] {logging_mixin.py:154} INFO - [2023-11-22T07:59:57.816+0000] {dag.py:3722} INFO - Setting next_dagrun for ETL_FinancialReport to 2024-01-01T00:00:00+00:00, run_after=2024-02-01T00:00:00+00:00
[2023-11-22T07:59:58.015+0000] {processor.py:179} INFO - Processing /opt/airflow/dags/ETL_BCTC.py took 0.912 seconds
[2023-11-22T08:02:13.572+0000] {processor.py:157} INFO - Started process (PID=2053) to work on /opt/airflow/dags/ETL_BCTC.py
[2023-11-22T08:02:13.574+0000] {processor.py:829} INFO - Processing file /opt/airflow/dags/ETL_BCTC.py for tasks to queue
[2023-11-22T08:02:13.576+0000] {logging_mixin.py:154} INFO - [2023-11-22T08:02:13.576+0000] {dagbag.py:536} INFO - Filling up the DagBag from /opt/airflow/dags/ETL_BCTC.py
[2023-11-22T08:02:14.139+0000] {processor.py:839} INFO - DAG(s) dict_keys(['ETL_FinancialReport']) retrieved from /opt/airflow/dags/ETL_BCTC.py
[2023-11-22T08:02:14.388+0000] {logging_mixin.py:154} INFO - [2023-11-22T08:02:14.387+0000] {dag.py:2941} INFO - Sync 1 DAGs
[2023-11-22T08:02:14.424+0000] {logging_mixin.py:154} INFO - [2023-11-22T08:02:14.423+0000] {dag.py:3722} INFO - Setting next_dagrun for ETL_FinancialReport to 2024-01-01T00:00:00+00:00, run_after=2024-02-01T00:00:00+00:00
[2023-11-22T08:02:14.777+0000] {processor.py:179} INFO - Processing /opt/airflow/dags/ETL_BCTC.py took 1.209 seconds
[2023-11-22T08:02:45.937+0000] {processor.py:157} INFO - Started process (PID=2202) to work on /opt/airflow/dags/ETL_BCTC.py
[2023-11-22T08:02:45.939+0000] {processor.py:829} INFO - Processing file /opt/airflow/dags/ETL_BCTC.py for tasks to queue
[2023-11-22T08:02:45.942+0000] {logging_mixin.py:154} INFO - [2023-11-22T08:02:45.941+0000] {dagbag.py:536} INFO - Filling up the DagBag from /opt/airflow/dags/ETL_BCTC.py
[2023-11-22T08:02:46.469+0000] {processor.py:839} INFO - DAG(s) dict_keys(['ETL_FinancialReport']) retrieved from /opt/airflow/dags/ETL_BCTC.py
[2023-11-22T08:02:46.531+0000] {logging_mixin.py:154} INFO - [2023-11-22T08:02:46.530+0000] {dag.py:2941} INFO - Sync 1 DAGs
[2023-11-22T08:02:46.574+0000] {logging_mixin.py:154} INFO - [2023-11-22T08:02:46.573+0000] {dag.py:3722} INFO - Setting next_dagrun for ETL_FinancialReport to 2024-01-01T00:00:00+00:00, run_after=2024-02-01T00:00:00+00:00
[2023-11-22T08:02:46.773+0000] {processor.py:179} INFO - Processing /opt/airflow/dags/ETL_BCTC.py took 0.842 seconds
[2023-11-22T08:03:18.033+0000] {processor.py:157} INFO - Started process (PID=2213) to work on /opt/airflow/dags/ETL_BCTC.py
[2023-11-22T08:03:18.035+0000] {processor.py:829} INFO - Processing file /opt/airflow/dags/ETL_BCTC.py for tasks to queue
[2023-11-22T08:03:18.037+0000] {logging_mixin.py:154} INFO - [2023-11-22T08:03:18.037+0000] {dagbag.py:536} INFO - Filling up the DagBag from /opt/airflow/dags/ETL_BCTC.py
[2023-11-22T08:03:18.633+0000] {processor.py:839} INFO - DAG(s) dict_keys(['ETL_FinancialReport']) retrieved from /opt/airflow/dags/ETL_BCTC.py
[2023-11-22T08:03:18.674+0000] {logging_mixin.py:154} INFO - [2023-11-22T08:03:18.673+0000] {dag.py:2941} INFO - Sync 1 DAGs
[2023-11-22T08:03:18.726+0000] {logging_mixin.py:154} INFO - [2023-11-22T08:03:18.726+0000] {dag.py:3722} INFO - Setting next_dagrun for ETL_FinancialReport to 2024-01-01T00:00:00+00:00, run_after=2024-02-01T00:00:00+00:00
[2023-11-22T08:03:18.930+0000] {processor.py:179} INFO - Processing /opt/airflow/dags/ETL_BCTC.py took 0.901 seconds
[2023-11-22T08:03:50.187+0000] {processor.py:157} INFO - Started process (PID=2224) to work on /opt/airflow/dags/ETL_BCTC.py
[2023-11-22T08:03:50.189+0000] {processor.py:829} INFO - Processing file /opt/airflow/dags/ETL_BCTC.py for tasks to queue
[2023-11-22T08:03:50.191+0000] {logging_mixin.py:154} INFO - [2023-11-22T08:03:50.191+0000] {dagbag.py:536} INFO - Filling up the DagBag from /opt/airflow/dags/ETL_BCTC.py
[2023-11-22T08:03:50.755+0000] {processor.py:839} INFO - DAG(s) dict_keys(['ETL_FinancialReport']) retrieved from /opt/airflow/dags/ETL_BCTC.py
[2023-11-22T08:03:51.038+0000] {logging_mixin.py:154} INFO - [2023-11-22T08:03:51.037+0000] {dag.py:2941} INFO - Sync 1 DAGs
[2023-11-22T08:03:51.078+0000] {logging_mixin.py:154} INFO - [2023-11-22T08:03:51.078+0000] {dag.py:3722} INFO - Setting next_dagrun for ETL_FinancialReport to 2024-01-01T00:00:00+00:00, run_after=2024-02-01T00:00:00+00:00
[2023-11-22T08:03:51.283+0000] {processor.py:179} INFO - Processing /opt/airflow/dags/ETL_BCTC.py took 1.102 seconds
[2023-11-22T08:04:22.590+0000] {processor.py:157} INFO - Started process (PID=2235) to work on /opt/airflow/dags/ETL_BCTC.py
[2023-11-22T08:04:22.592+0000] {processor.py:829} INFO - Processing file /opt/airflow/dags/ETL_BCTC.py for tasks to queue
[2023-11-22T08:04:22.595+0000] {logging_mixin.py:154} INFO - [2023-11-22T08:04:22.594+0000] {dagbag.py:536} INFO - Filling up the DagBag from /opt/airflow/dags/ETL_BCTC.py
[2023-11-22T08:04:23.082+0000] {processor.py:839} INFO - DAG(s) dict_keys(['ETL_FinancialReport']) retrieved from /opt/airflow/dags/ETL_BCTC.py
[2023-11-22T08:04:23.134+0000] {logging_mixin.py:154} INFO - [2023-11-22T08:04:23.134+0000] {dag.py:2941} INFO - Sync 1 DAGs
[2023-11-22T08:04:23.176+0000] {logging_mixin.py:154} INFO - [2023-11-22T08:04:23.176+0000] {dag.py:3722} INFO - Setting next_dagrun for ETL_FinancialReport to 2024-01-01T00:00:00+00:00, run_after=2024-02-01T00:00:00+00:00
[2023-11-22T08:04:23.358+0000] {processor.py:179} INFO - Processing /opt/airflow/dags/ETL_BCTC.py took 0.774 seconds
[2023-11-22T08:04:54.481+0000] {processor.py:157} INFO - Started process (PID=2246) to work on /opt/airflow/dags/ETL_BCTC.py
[2023-11-22T08:04:54.484+0000] {processor.py:829} INFO - Processing file /opt/airflow/dags/ETL_BCTC.py for tasks to queue
[2023-11-22T08:04:54.486+0000] {logging_mixin.py:154} INFO - [2023-11-22T08:04:54.486+0000] {dagbag.py:536} INFO - Filling up the DagBag from /opt/airflow/dags/ETL_BCTC.py
[2023-11-22T08:04:54.988+0000] {processor.py:839} INFO - DAG(s) dict_keys(['ETL_FinancialReport']) retrieved from /opt/airflow/dags/ETL_BCTC.py
[2023-11-22T08:04:55.016+0000] {logging_mixin.py:154} INFO - [2023-11-22T08:04:55.015+0000] {dag.py:2941} INFO - Sync 1 DAGs
[2023-11-22T08:04:55.058+0000] {logging_mixin.py:154} INFO - [2023-11-22T08:04:55.057+0000] {dag.py:3722} INFO - Setting next_dagrun for ETL_FinancialReport to 2024-01-01T00:00:00+00:00, run_after=2024-02-01T00:00:00+00:00
[2023-11-22T08:04:55.262+0000] {processor.py:179} INFO - Processing /opt/airflow/dags/ETL_BCTC.py took 0.786 seconds
[2023-11-22T08:05:26.746+0000] {processor.py:157} INFO - Started process (PID=2257) to work on /opt/airflow/dags/ETL_BCTC.py
[2023-11-22T08:05:26.749+0000] {processor.py:829} INFO - Processing file /opt/airflow/dags/ETL_BCTC.py for tasks to queue
[2023-11-22T08:05:26.751+0000] {logging_mixin.py:154} INFO - [2023-11-22T08:05:26.751+0000] {dagbag.py:536} INFO - Filling up the DagBag from /opt/airflow/dags/ETL_BCTC.py
[2023-11-22T08:05:27.248+0000] {processor.py:839} INFO - DAG(s) dict_keys(['ETL_FinancialReport']) retrieved from /opt/airflow/dags/ETL_BCTC.py
[2023-11-22T08:05:27.461+0000] {logging_mixin.py:154} INFO - [2023-11-22T08:05:27.460+0000] {dag.py:2941} INFO - Sync 1 DAGs
[2023-11-22T08:05:27.502+0000] {logging_mixin.py:154} INFO - [2023-11-22T08:05:27.501+0000] {dag.py:3722} INFO - Setting next_dagrun for ETL_FinancialReport to 2024-01-01T00:00:00+00:00, run_after=2024-02-01T00:00:00+00:00
[2023-11-22T08:05:27.713+0000] {processor.py:179} INFO - Processing /opt/airflow/dags/ETL_BCTC.py took 0.972 seconds
[2023-11-22T08:05:58.102+0000] {processor.py:157} INFO - Started process (PID=2268) to work on /opt/airflow/dags/ETL_BCTC.py
[2023-11-22T08:05:58.104+0000] {processor.py:829} INFO - Processing file /opt/airflow/dags/ETL_BCTC.py for tasks to queue
[2023-11-22T08:05:58.107+0000] {logging_mixin.py:154} INFO - [2023-11-22T08:05:58.106+0000] {dagbag.py:536} INFO - Filling up the DagBag from /opt/airflow/dags/ETL_BCTC.py
[2023-11-22T08:05:58.542+0000] {processor.py:839} INFO - DAG(s) dict_keys(['ETL_FinancialReport']) retrieved from /opt/airflow/dags/ETL_BCTC.py
[2023-11-22T08:05:58.594+0000] {logging_mixin.py:154} INFO - [2023-11-22T08:05:58.593+0000] {dag.py:2941} INFO - Sync 1 DAGs
[2023-11-22T08:05:58.646+0000] {logging_mixin.py:154} INFO - [2023-11-22T08:05:58.645+0000] {dag.py:3722} INFO - Setting next_dagrun for ETL_FinancialReport to 2024-01-01T00:00:00+00:00, run_after=2024-02-01T00:00:00+00:00
[2023-11-22T08:05:58.817+0000] {processor.py:179} INFO - Processing /opt/airflow/dags/ETL_BCTC.py took 0.720 seconds
[2023-11-22T08:06:30.168+0000] {processor.py:157} INFO - Started process (PID=2279) to work on /opt/airflow/dags/ETL_BCTC.py
[2023-11-22T08:06:30.170+0000] {processor.py:829} INFO - Processing file /opt/airflow/dags/ETL_BCTC.py for tasks to queue
[2023-11-22T08:06:30.173+0000] {logging_mixin.py:154} INFO - [2023-11-22T08:06:30.173+0000] {dagbag.py:536} INFO - Filling up the DagBag from /opt/airflow/dags/ETL_BCTC.py
[2023-11-22T08:06:30.661+0000] {processor.py:839} INFO - DAG(s) dict_keys(['ETL_FinancialReport']) retrieved from /opt/airflow/dags/ETL_BCTC.py
[2023-11-22T08:06:30.698+0000] {logging_mixin.py:154} INFO - [2023-11-22T08:06:30.697+0000] {dag.py:2941} INFO - Sync 1 DAGs
[2023-11-22T08:06:30.740+0000] {logging_mixin.py:154} INFO - [2023-11-22T08:06:30.740+0000] {dag.py:3722} INFO - Setting next_dagrun for ETL_FinancialReport to 2024-01-01T00:00:00+00:00, run_after=2024-02-01T00:00:00+00:00
[2023-11-22T08:06:30.948+0000] {processor.py:179} INFO - Processing /opt/airflow/dags/ETL_BCTC.py took 0.786 seconds
[2023-11-22T08:07:01.735+0000] {processor.py:157} INFO - Started process (PID=2290) to work on /opt/airflow/dags/ETL_BCTC.py
[2023-11-22T08:07:01.738+0000] {processor.py:829} INFO - Processing file /opt/airflow/dags/ETL_BCTC.py for tasks to queue
[2023-11-22T08:07:01.740+0000] {logging_mixin.py:154} INFO - [2023-11-22T08:07:01.740+0000] {dagbag.py:536} INFO - Filling up the DagBag from /opt/airflow/dags/ETL_BCTC.py
[2023-11-22T08:07:02.309+0000] {processor.py:839} INFO - DAG(s) dict_keys(['ETL_FinancialReport']) retrieved from /opt/airflow/dags/ETL_BCTC.py
[2023-11-22T08:07:02.537+0000] {logging_mixin.py:154} INFO - [2023-11-22T08:07:02.537+0000] {dag.py:2941} INFO - Sync 1 DAGs
[2023-11-22T08:07:02.585+0000] {logging_mixin.py:154} INFO - [2023-11-22T08:07:02.584+0000] {dag.py:3722} INFO - Setting next_dagrun for ETL_FinancialReport to 2024-01-01T00:00:00+00:00, run_after=2024-02-01T00:00:00+00:00
[2023-11-22T08:07:02.803+0000] {processor.py:179} INFO - Processing /opt/airflow/dags/ETL_BCTC.py took 1.074 seconds
[2023-11-22T08:07:33.356+0000] {processor.py:157} INFO - Started process (PID=2301) to work on /opt/airflow/dags/ETL_BCTC.py
[2023-11-22T08:07:33.358+0000] {processor.py:829} INFO - Processing file /opt/airflow/dags/ETL_BCTC.py for tasks to queue
[2023-11-22T08:07:33.361+0000] {logging_mixin.py:154} INFO - [2023-11-22T08:07:33.361+0000] {dagbag.py:536} INFO - Filling up the DagBag from /opt/airflow/dags/ETL_BCTC.py
[2023-11-22T08:07:33.862+0000] {processor.py:839} INFO - DAG(s) dict_keys(['ETL_FinancialReport']) retrieved from /opt/airflow/dags/ETL_BCTC.py
[2023-11-22T08:07:33.912+0000] {logging_mixin.py:154} INFO - [2023-11-22T08:07:33.911+0000] {dag.py:2941} INFO - Sync 1 DAGs
[2023-11-22T08:07:33.950+0000] {logging_mixin.py:154} INFO - [2023-11-22T08:07:33.950+0000] {dag.py:3722} INFO - Setting next_dagrun for ETL_FinancialReport to 2024-01-01T00:00:00+00:00, run_after=2024-02-01T00:00:00+00:00
[2023-11-22T08:07:34.139+0000] {processor.py:179} INFO - Processing /opt/airflow/dags/ETL_BCTC.py took 0.791 seconds
[2023-11-22T08:08:05.127+0000] {processor.py:157} INFO - Started process (PID=2312) to work on /opt/airflow/dags/ETL_BCTC.py
[2023-11-22T08:08:05.130+0000] {processor.py:829} INFO - Processing file /opt/airflow/dags/ETL_BCTC.py for tasks to queue
[2023-11-22T08:08:05.132+0000] {logging_mixin.py:154} INFO - [2023-11-22T08:08:05.131+0000] {dagbag.py:536} INFO - Filling up the DagBag from /opt/airflow/dags/ETL_BCTC.py
[2023-11-22T08:08:05.641+0000] {processor.py:839} INFO - DAG(s) dict_keys(['ETL_FinancialReport']) retrieved from /opt/airflow/dags/ETL_BCTC.py
[2023-11-22T08:08:05.677+0000] {logging_mixin.py:154} INFO - [2023-11-22T08:08:05.677+0000] {dag.py:2941} INFO - Sync 1 DAGs
[2023-11-22T08:08:05.717+0000] {logging_mixin.py:154} INFO - [2023-11-22T08:08:05.717+0000] {dag.py:3722} INFO - Setting next_dagrun for ETL_FinancialReport to 2024-01-01T00:00:00+00:00, run_after=2024-02-01T00:00:00+00:00
[2023-11-22T08:08:05.929+0000] {processor.py:179} INFO - Processing /opt/airflow/dags/ETL_BCTC.py took 0.806 seconds
[2023-11-22T08:08:37.003+0000] {processor.py:157} INFO - Started process (PID=2323) to work on /opt/airflow/dags/ETL_BCTC.py
[2023-11-22T08:08:37.005+0000] {processor.py:829} INFO - Processing file /opt/airflow/dags/ETL_BCTC.py for tasks to queue
[2023-11-22T08:08:37.008+0000] {logging_mixin.py:154} INFO - [2023-11-22T08:08:37.007+0000] {dagbag.py:536} INFO - Filling up the DagBag from /opt/airflow/dags/ETL_BCTC.py
[2023-11-22T08:08:37.531+0000] {processor.py:839} INFO - DAG(s) dict_keys(['ETL_FinancialReport']) retrieved from /opt/airflow/dags/ETL_BCTC.py
[2023-11-22T08:08:37.743+0000] {logging_mixin.py:154} INFO - [2023-11-22T08:08:37.742+0000] {dag.py:2941} INFO - Sync 1 DAGs
[2023-11-22T08:08:37.785+0000] {logging_mixin.py:154} INFO - [2023-11-22T08:08:37.785+0000] {dag.py:3722} INFO - Setting next_dagrun for ETL_FinancialReport to 2024-01-01T00:00:00+00:00, run_after=2024-02-01T00:00:00+00:00
[2023-11-22T08:08:38.044+0000] {processor.py:179} INFO - Processing /opt/airflow/dags/ETL_BCTC.py took 1.046 seconds
[2023-11-22T08:09:08.311+0000] {processor.py:157} INFO - Started process (PID=2334) to work on /opt/airflow/dags/ETL_BCTC.py
[2023-11-22T08:09:08.314+0000] {processor.py:829} INFO - Processing file /opt/airflow/dags/ETL_BCTC.py for tasks to queue
[2023-11-22T08:09:08.316+0000] {logging_mixin.py:154} INFO - [2023-11-22T08:09:08.315+0000] {dagbag.py:536} INFO - Filling up the DagBag from /opt/airflow/dags/ETL_BCTC.py
[2023-11-22T08:09:08.819+0000] {processor.py:839} INFO - DAG(s) dict_keys(['ETL_FinancialReport']) retrieved from /opt/airflow/dags/ETL_BCTC.py
[2023-11-22T08:09:08.878+0000] {logging_mixin.py:154} INFO - [2023-11-22T08:09:08.877+0000] {dag.py:2941} INFO - Sync 1 DAGs
[2023-11-22T08:09:08.921+0000] {logging_mixin.py:154} INFO - [2023-11-22T08:09:08.921+0000] {dag.py:3722} INFO - Setting next_dagrun for ETL_FinancialReport to 2024-01-01T00:00:00+00:00, run_after=2024-02-01T00:00:00+00:00
[2023-11-22T08:09:09.115+0000] {processor.py:179} INFO - Processing /opt/airflow/dags/ETL_BCTC.py took 0.809 seconds
[2023-11-22T08:09:39.307+0000] {processor.py:157} INFO - Started process (PID=2345) to work on /opt/airflow/dags/ETL_BCTC.py
[2023-11-22T08:09:39.309+0000] {processor.py:829} INFO - Processing file /opt/airflow/dags/ETL_BCTC.py for tasks to queue
[2023-11-22T08:09:39.312+0000] {logging_mixin.py:154} INFO - [2023-11-22T08:09:39.311+0000] {dagbag.py:536} INFO - Filling up the DagBag from /opt/airflow/dags/ETL_BCTC.py
[2023-11-22T08:09:39.810+0000] {processor.py:839} INFO - DAG(s) dict_keys(['ETL_FinancialReport']) retrieved from /opt/airflow/dags/ETL_BCTC.py
[2023-11-22T08:09:39.846+0000] {logging_mixin.py:154} INFO - [2023-11-22T08:09:39.845+0000] {dag.py:2941} INFO - Sync 1 DAGs
[2023-11-22T08:09:39.888+0000] {logging_mixin.py:154} INFO - [2023-11-22T08:09:39.888+0000] {dag.py:3722} INFO - Setting next_dagrun for ETL_FinancialReport to 2024-01-01T00:00:00+00:00, run_after=2024-02-01T00:00:00+00:00
[2023-11-22T08:09:40.070+0000] {processor.py:179} INFO - Processing /opt/airflow/dags/ETL_BCTC.py took 0.767 seconds
[2023-11-22T08:10:11.135+0000] {processor.py:157} INFO - Started process (PID=2356) to work on /opt/airflow/dags/ETL_BCTC.py
[2023-11-22T08:10:11.138+0000] {processor.py:829} INFO - Processing file /opt/airflow/dags/ETL_BCTC.py for tasks to queue
[2023-11-22T08:10:11.141+0000] {logging_mixin.py:154} INFO - [2023-11-22T08:10:11.140+0000] {dagbag.py:536} INFO - Filling up the DagBag from /opt/airflow/dags/ETL_BCTC.py
[2023-11-22T08:10:11.664+0000] {processor.py:839} INFO - DAG(s) dict_keys(['ETL_FinancialReport']) retrieved from /opt/airflow/dags/ETL_BCTC.py
[2023-11-22T08:10:11.955+0000] {logging_mixin.py:154} INFO - [2023-11-22T08:10:11.954+0000] {dag.py:2941} INFO - Sync 1 DAGs
[2023-11-22T08:10:11.996+0000] {logging_mixin.py:154} INFO - [2023-11-22T08:10:11.996+0000] {dag.py:3722} INFO - Setting next_dagrun for ETL_FinancialReport to 2024-01-01T00:00:00+00:00, run_after=2024-02-01T00:00:00+00:00
[2023-11-22T08:10:12.183+0000] {processor.py:179} INFO - Processing /opt/airflow/dags/ETL_BCTC.py took 1.053 seconds
[2023-11-22T08:10:43.135+0000] {processor.py:157} INFO - Started process (PID=2367) to work on /opt/airflow/dags/ETL_BCTC.py
[2023-11-22T08:10:43.138+0000] {processor.py:829} INFO - Processing file /opt/airflow/dags/ETL_BCTC.py for tasks to queue
[2023-11-22T08:10:43.140+0000] {logging_mixin.py:154} INFO - [2023-11-22T08:10:43.139+0000] {dagbag.py:536} INFO - Filling up the DagBag from /opt/airflow/dags/ETL_BCTC.py
[2023-11-22T08:10:43.762+0000] {processor.py:839} INFO - DAG(s) dict_keys(['ETL_FinancialReport']) retrieved from /opt/airflow/dags/ETL_BCTC.py
[2023-11-22T08:10:43.828+0000] {logging_mixin.py:154} INFO - [2023-11-22T08:10:43.826+0000] {dag.py:2941} INFO - Sync 1 DAGs
[2023-11-22T08:10:43.884+0000] {logging_mixin.py:154} INFO - [2023-11-22T08:10:43.884+0000] {dag.py:3722} INFO - Setting next_dagrun for ETL_FinancialReport to 2024-01-01T00:00:00+00:00, run_after=2024-02-01T00:00:00+00:00
[2023-11-22T08:10:44.088+0000] {processor.py:179} INFO - Processing /opt/airflow/dags/ETL_BCTC.py took 0.958 seconds
[2023-11-22T08:11:15.349+0000] {processor.py:157} INFO - Started process (PID=2378) to work on /opt/airflow/dags/ETL_BCTC.py
[2023-11-22T08:11:15.351+0000] {processor.py:829} INFO - Processing file /opt/airflow/dags/ETL_BCTC.py for tasks to queue
[2023-11-22T08:11:15.354+0000] {logging_mixin.py:154} INFO - [2023-11-22T08:11:15.353+0000] {dagbag.py:536} INFO - Filling up the DagBag from /opt/airflow/dags/ETL_BCTC.py
[2023-11-22T08:11:16.087+0000] {processor.py:839} INFO - DAG(s) dict_keys(['ETL_FinancialReport']) retrieved from /opt/airflow/dags/ETL_BCTC.py
[2023-11-22T08:11:16.119+0000] {logging_mixin.py:154} INFO - [2023-11-22T08:11:16.118+0000] {dag.py:2941} INFO - Sync 1 DAGs
[2023-11-22T08:11:16.175+0000] {logging_mixin.py:154} INFO - [2023-11-22T08:11:16.174+0000] {dag.py:3722} INFO - Setting next_dagrun for ETL_FinancialReport to 2024-01-01T00:00:00+00:00, run_after=2024-02-01T00:00:00+00:00
[2023-11-22T08:11:16.387+0000] {processor.py:179} INFO - Processing /opt/airflow/dags/ETL_BCTC.py took 1.044 seconds
[2023-11-22T08:11:47.326+0000] {processor.py:157} INFO - Started process (PID=2389) to work on /opt/airflow/dags/ETL_BCTC.py
[2023-11-22T08:11:47.328+0000] {processor.py:829} INFO - Processing file /opt/airflow/dags/ETL_BCTC.py for tasks to queue
[2023-11-22T08:11:47.330+0000] {logging_mixin.py:154} INFO - [2023-11-22T08:11:47.330+0000] {dagbag.py:536} INFO - Filling up the DagBag from /opt/airflow/dags/ETL_BCTC.py
[2023-11-22T08:11:47.848+0000] {processor.py:839} INFO - DAG(s) dict_keys(['ETL_FinancialReport']) retrieved from /opt/airflow/dags/ETL_BCTC.py
[2023-11-22T08:11:48.224+0000] {logging_mixin.py:154} INFO - [2023-11-22T08:11:48.224+0000] {dag.py:2941} INFO - Sync 1 DAGs
[2023-11-22T08:11:48.263+0000] {logging_mixin.py:154} INFO - [2023-11-22T08:11:48.262+0000] {dag.py:3722} INFO - Setting next_dagrun for ETL_FinancialReport to 2024-01-01T00:00:00+00:00, run_after=2024-02-01T00:00:00+00:00
[2023-11-22T08:11:48.473+0000] {processor.py:179} INFO - Processing /opt/airflow/dags/ETL_BCTC.py took 1.152 seconds
[2023-11-22T08:12:18.845+0000] {processor.py:157} INFO - Started process (PID=2400) to work on /opt/airflow/dags/ETL_BCTC.py
[2023-11-22T08:12:18.848+0000] {processor.py:829} INFO - Processing file /opt/airflow/dags/ETL_BCTC.py for tasks to queue
[2023-11-22T08:12:18.851+0000] {logging_mixin.py:154} INFO - [2023-11-22T08:12:18.850+0000] {dagbag.py:536} INFO - Filling up the DagBag from /opt/airflow/dags/ETL_BCTC.py
[2023-11-22T08:12:19.357+0000] {processor.py:839} INFO - DAG(s) dict_keys(['ETL_FinancialReport']) retrieved from /opt/airflow/dags/ETL_BCTC.py
[2023-11-22T08:12:19.414+0000] {logging_mixin.py:154} INFO - [2023-11-22T08:12:19.413+0000] {dag.py:2941} INFO - Sync 1 DAGs
[2023-11-22T08:12:19.461+0000] {logging_mixin.py:154} INFO - [2023-11-22T08:12:19.461+0000] {dag.py:3722} INFO - Setting next_dagrun for ETL_FinancialReport to 2024-01-01T00:00:00+00:00, run_after=2024-02-01T00:00:00+00:00
[2023-11-22T08:12:19.836+0000] {processor.py:179} INFO - Processing /opt/airflow/dags/ETL_BCTC.py took 0.998 seconds
[2023-11-22T08:12:51.062+0000] {processor.py:157} INFO - Started process (PID=2411) to work on /opt/airflow/dags/ETL_BCTC.py
[2023-11-22T08:12:51.065+0000] {processor.py:829} INFO - Processing file /opt/airflow/dags/ETL_BCTC.py for tasks to queue
[2023-11-22T08:12:51.068+0000] {logging_mixin.py:154} INFO - [2023-11-22T08:12:51.067+0000] {dagbag.py:536} INFO - Filling up the DagBag from /opt/airflow/dags/ETL_BCTC.py
[2023-11-22T08:12:51.647+0000] {processor.py:839} INFO - DAG(s) dict_keys(['ETL_FinancialReport']) retrieved from /opt/airflow/dags/ETL_BCTC.py
[2023-11-22T08:12:51.685+0000] {logging_mixin.py:154} INFO - [2023-11-22T08:12:51.684+0000] {dag.py:2941} INFO - Sync 1 DAGs
[2023-11-22T08:12:51.735+0000] {logging_mixin.py:154} INFO - [2023-11-22T08:12:51.735+0000] {dag.py:3722} INFO - Setting next_dagrun for ETL_FinancialReport to 2024-01-01T00:00:00+00:00, run_after=2024-02-01T00:00:00+00:00
[2023-11-22T08:12:52.153+0000] {processor.py:179} INFO - Processing /opt/airflow/dags/ETL_BCTC.py took 1.099 seconds
[2023-11-22T08:13:23.712+0000] {processor.py:157} INFO - Started process (PID=2422) to work on /opt/airflow/dags/ETL_BCTC.py
[2023-11-22T08:13:23.714+0000] {processor.py:829} INFO - Processing file /opt/airflow/dags/ETL_BCTC.py for tasks to queue
[2023-11-22T08:13:23.716+0000] {logging_mixin.py:154} INFO - [2023-11-22T08:13:23.715+0000] {dagbag.py:536} INFO - Filling up the DagBag from /opt/airflow/dags/ETL_BCTC.py
[2023-11-22T08:13:24.193+0000] {processor.py:839} INFO - DAG(s) dict_keys(['ETL_FinancialReport']) retrieved from /opt/airflow/dags/ETL_BCTC.py
[2023-11-22T08:13:24.576+0000] {logging_mixin.py:154} INFO - [2023-11-22T08:13:24.575+0000] {dag.py:2941} INFO - Sync 1 DAGs
[2023-11-22T08:13:24.613+0000] {logging_mixin.py:154} INFO - [2023-11-22T08:13:24.613+0000] {dag.py:3722} INFO - Setting next_dagrun for ETL_FinancialReport to 2024-01-01T00:00:00+00:00, run_after=2024-02-01T00:00:00+00:00
[2023-11-22T08:13:24.834+0000] {processor.py:179} INFO - Processing /opt/airflow/dags/ETL_BCTC.py took 1.126 seconds
[2023-11-22T08:13:55.979+0000] {processor.py:157} INFO - Started process (PID=2433) to work on /opt/airflow/dags/ETL_BCTC.py
[2023-11-22T08:13:55.981+0000] {processor.py:829} INFO - Processing file /opt/airflow/dags/ETL_BCTC.py for tasks to queue
[2023-11-22T08:13:55.983+0000] {logging_mixin.py:154} INFO - [2023-11-22T08:13:55.983+0000] {dagbag.py:536} INFO - Filling up the DagBag from /opt/airflow/dags/ETL_BCTC.py
[2023-11-22T08:13:56.691+0000] {processor.py:839} INFO - DAG(s) dict_keys(['ETL_FinancialReport']) retrieved from /opt/airflow/dags/ETL_BCTC.py
[2023-11-22T08:13:56.747+0000] {logging_mixin.py:154} INFO - [2023-11-22T08:13:56.746+0000] {dag.py:2941} INFO - Sync 1 DAGs
[2023-11-22T08:13:56.784+0000] {logging_mixin.py:154} INFO - [2023-11-22T08:13:56.784+0000] {dag.py:3722} INFO - Setting next_dagrun for ETL_FinancialReport to 2024-01-01T00:00:00+00:00, run_after=2024-02-01T00:00:00+00:00
[2023-11-22T08:13:56.962+0000] {processor.py:179} INFO - Processing /opt/airflow/dags/ETL_BCTC.py took 0.988 seconds
