[2023-11-22T07:25:05.678+0000] {processor.py:157} INFO - Started process (PID=273) to work on /opt/airflow/dags/ETL_Commodity.py
[2023-11-22T07:25:05.680+0000] {processor.py:829} INFO - Processing file /opt/airflow/dags/ETL_Commodity.py for tasks to queue
[2023-11-22T07:25:05.682+0000] {logging_mixin.py:154} INFO - [2023-11-22T07:25:05.681+0000] {dagbag.py:536} INFO - Filling up the DagBag from /opt/airflow/dags/ETL_Commodity.py
[2023-11-22T07:25:06.147+0000] {processor.py:839} INFO - DAG(s) dict_keys(['ETL_Commodity']) retrieved from /opt/airflow/dags/ETL_Commodity.py
[2023-11-22T07:25:06.645+0000] {logging_mixin.py:154} INFO - [2023-11-22T07:25:06.645+0000] {manager.py:499} INFO - Created Permission View: %s
[2023-11-22T07:25:06.764+0000] {logging_mixin.py:154} INFO - [2023-11-22T07:25:06.763+0000] {manager.py:499} INFO - Created Permission View: %s
[2023-11-22T07:25:06.885+0000] {logging_mixin.py:154} INFO - [2023-11-22T07:25:06.885+0000] {manager.py:499} INFO - Created Permission View: %s
[2023-11-22T07:25:06.887+0000] {logging_mixin.py:154} INFO - [2023-11-22T07:25:06.886+0000] {dag.py:2941} INFO - Sync 1 DAGs
[2023-11-22T07:25:06.923+0000] {logging_mixin.py:154} INFO - [2023-11-22T07:25:06.922+0000] {dag.py:2963} INFO - Creating ORM DAG for ETL_Commodity
[2023-11-22T07:25:06.947+0000] {logging_mixin.py:154} INFO - [2023-11-22T07:25:06.946+0000] {dag.py:3722} INFO - Setting next_dagrun for ETL_Commodity to 2023-11-21T16:00:00+00:00, run_after=2023-11-22T00:00:00+00:00
[2023-11-22T07:25:07.135+0000] {processor.py:179} INFO - Processing /opt/airflow/dags/ETL_Commodity.py took 1.461 seconds
[2023-11-22T07:25:37.602+0000] {processor.py:157} INFO - Started process (PID=284) to work on /opt/airflow/dags/ETL_Commodity.py
[2023-11-22T07:25:37.604+0000] {processor.py:829} INFO - Processing file /opt/airflow/dags/ETL_Commodity.py for tasks to queue
[2023-11-22T07:25:37.606+0000] {logging_mixin.py:154} INFO - [2023-11-22T07:25:37.605+0000] {dagbag.py:536} INFO - Filling up the DagBag from /opt/airflow/dags/ETL_Commodity.py
[2023-11-22T07:25:38.276+0000] {processor.py:839} INFO - DAG(s) dict_keys(['ETL_Commodity']) retrieved from /opt/airflow/dags/ETL_Commodity.py
[2023-11-22T07:25:38.327+0000] {logging_mixin.py:154} INFO - [2023-11-22T07:25:38.326+0000] {dag.py:2941} INFO - Sync 1 DAGs
[2023-11-22T07:25:38.375+0000] {logging_mixin.py:154} INFO - [2023-11-22T07:25:38.375+0000] {dag.py:3722} INFO - Setting next_dagrun for ETL_Commodity to 2023-11-21T16:00:00+00:00, run_after=2023-11-22T00:00:00+00:00
[2023-11-22T07:25:38.564+0000] {processor.py:179} INFO - Processing /opt/airflow/dags/ETL_Commodity.py took 0.966 seconds
[2023-11-22T07:26:09.377+0000] {processor.py:157} INFO - Started process (PID=295) to work on /opt/airflow/dags/ETL_Commodity.py
[2023-11-22T07:26:09.379+0000] {processor.py:829} INFO - Processing file /opt/airflow/dags/ETL_Commodity.py for tasks to queue
[2023-11-22T07:26:09.381+0000] {logging_mixin.py:154} INFO - [2023-11-22T07:26:09.381+0000] {dagbag.py:536} INFO - Filling up the DagBag from /opt/airflow/dags/ETL_Commodity.py
[2023-11-22T07:26:09.999+0000] {processor.py:839} INFO - DAG(s) dict_keys(['ETL_Commodity']) retrieved from /opt/airflow/dags/ETL_Commodity.py
[2023-11-22T07:26:10.058+0000] {logging_mixin.py:154} INFO - [2023-11-22T07:26:10.057+0000] {dag.py:2941} INFO - Sync 1 DAGs
[2023-11-22T07:26:10.104+0000] {logging_mixin.py:154} INFO - [2023-11-22T07:26:10.103+0000] {dag.py:3722} INFO - Setting next_dagrun for ETL_Commodity to 2023-11-21T16:00:00+00:00, run_after=2023-11-22T00:00:00+00:00
[2023-11-22T07:26:10.303+0000] {processor.py:179} INFO - Processing /opt/airflow/dags/ETL_Commodity.py took 0.930 seconds
[2023-11-22T07:26:41.018+0000] {processor.py:157} INFO - Started process (PID=306) to work on /opt/airflow/dags/ETL_Commodity.py
[2023-11-22T07:26:41.020+0000] {processor.py:829} INFO - Processing file /opt/airflow/dags/ETL_Commodity.py for tasks to queue
[2023-11-22T07:26:41.022+0000] {logging_mixin.py:154} INFO - [2023-11-22T07:26:41.022+0000] {dagbag.py:536} INFO - Filling up the DagBag from /opt/airflow/dags/ETL_Commodity.py
[2023-11-22T07:26:41.660+0000] {processor.py:839} INFO - DAG(s) dict_keys(['ETL_Commodity']) retrieved from /opt/airflow/dags/ETL_Commodity.py
[2023-11-22T07:26:41.711+0000] {logging_mixin.py:154} INFO - [2023-11-22T07:26:41.709+0000] {dag.py:2941} INFO - Sync 1 DAGs
[2023-11-22T07:26:41.770+0000] {logging_mixin.py:154} INFO - [2023-11-22T07:26:41.770+0000] {dag.py:3722} INFO - Setting next_dagrun for ETL_Commodity to 2023-11-21T16:00:00+00:00, run_after=2023-11-22T00:00:00+00:00
[2023-11-22T07:26:41.958+0000] {processor.py:179} INFO - Processing /opt/airflow/dags/ETL_Commodity.py took 0.944 seconds
[2023-11-22T07:27:12.545+0000] {processor.py:157} INFO - Started process (PID=317) to work on /opt/airflow/dags/ETL_Commodity.py
[2023-11-22T07:27:12.547+0000] {processor.py:829} INFO - Processing file /opt/airflow/dags/ETL_Commodity.py for tasks to queue
[2023-11-22T07:27:12.549+0000] {logging_mixin.py:154} INFO - [2023-11-22T07:27:12.548+0000] {dagbag.py:536} INFO - Filling up the DagBag from /opt/airflow/dags/ETL_Commodity.py
[2023-11-22T07:27:13.295+0000] {processor.py:839} INFO - DAG(s) dict_keys(['ETL_Commodity']) retrieved from /opt/airflow/dags/ETL_Commodity.py
[2023-11-22T07:27:13.350+0000] {logging_mixin.py:154} INFO - [2023-11-22T07:27:13.349+0000] {dag.py:2941} INFO - Sync 1 DAGs
[2023-11-22T07:27:13.395+0000] {logging_mixin.py:154} INFO - [2023-11-22T07:27:13.394+0000] {dag.py:3722} INFO - Setting next_dagrun for ETL_Commodity to 2023-11-21T16:00:00+00:00, run_after=2023-11-22T00:00:00+00:00
[2023-11-22T07:27:13.704+0000] {processor.py:179} INFO - Processing /opt/airflow/dags/ETL_Commodity.py took 1.164 seconds
[2023-11-22T07:27:44.416+0000] {processor.py:157} INFO - Started process (PID=328) to work on /opt/airflow/dags/ETL_Commodity.py
[2023-11-22T07:27:44.418+0000] {processor.py:829} INFO - Processing file /opt/airflow/dags/ETL_Commodity.py for tasks to queue
[2023-11-22T07:27:44.420+0000] {logging_mixin.py:154} INFO - [2023-11-22T07:27:44.419+0000] {dagbag.py:536} INFO - Filling up the DagBag from /opt/airflow/dags/ETL_Commodity.py
[2023-11-22T07:27:45.094+0000] {processor.py:839} INFO - DAG(s) dict_keys(['ETL_Commodity']) retrieved from /opt/airflow/dags/ETL_Commodity.py
[2023-11-22T07:27:45.160+0000] {logging_mixin.py:154} INFO - [2023-11-22T07:27:45.159+0000] {dag.py:2941} INFO - Sync 1 DAGs
[2023-11-22T07:27:45.206+0000] {logging_mixin.py:154} INFO - [2023-11-22T07:27:45.206+0000] {dag.py:3722} INFO - Setting next_dagrun for ETL_Commodity to 2023-11-21T16:00:00+00:00, run_after=2023-11-22T00:00:00+00:00
[2023-11-22T07:27:45.415+0000] {processor.py:179} INFO - Processing /opt/airflow/dags/ETL_Commodity.py took 1.003 seconds
[2023-11-22T07:28:29.452+0000] {processor.py:157} INFO - Started process (PID=266) to work on /opt/airflow/dags/ETL_Commodity.py
[2023-11-22T07:28:29.454+0000] {processor.py:829} INFO - Processing file /opt/airflow/dags/ETL_Commodity.py for tasks to queue
[2023-11-22T07:28:29.456+0000] {logging_mixin.py:154} INFO - [2023-11-22T07:28:29.456+0000] {dagbag.py:536} INFO - Filling up the DagBag from /opt/airflow/dags/ETL_Commodity.py
[2023-11-22T07:28:30.007+0000] {processor.py:839} INFO - DAG(s) dict_keys(['ETL_Commodity']) retrieved from /opt/airflow/dags/ETL_Commodity.py
[2023-11-22T07:28:30.037+0000] {logging_mixin.py:154} INFO - [2023-11-22T07:28:30.036+0000] {dag.py:2941} INFO - Sync 1 DAGs
[2023-11-22T07:28:30.084+0000] {logging_mixin.py:154} INFO - [2023-11-22T07:28:30.084+0000] {dag.py:3722} INFO - Setting next_dagrun for ETL_Commodity to 2023-11-21T16:00:00+00:00, run_after=2023-11-22T00:00:00+00:00
[2023-11-22T07:28:30.261+0000] {processor.py:179} INFO - Processing /opt/airflow/dags/ETL_Commodity.py took 0.812 seconds
[2023-11-22T07:29:02.644+0000] {processor.py:157} INFO - Started process (PID=283) to work on /opt/airflow/dags/ETL_Commodity.py
[2023-11-22T07:29:02.648+0000] {processor.py:829} INFO - Processing file /opt/airflow/dags/ETL_Commodity.py for tasks to queue
[2023-11-22T07:29:02.651+0000] {logging_mixin.py:154} INFO - [2023-11-22T07:29:02.650+0000] {dagbag.py:536} INFO - Filling up the DagBag from /opt/airflow/dags/ETL_Commodity.py
[2023-11-22T07:29:03.467+0000] {processor.py:839} INFO - DAG(s) dict_keys(['ETL_Commodity']) retrieved from /opt/airflow/dags/ETL_Commodity.py
[2023-11-22T07:29:03.533+0000] {logging_mixin.py:154} INFO - [2023-11-22T07:29:03.532+0000] {dag.py:2941} INFO - Sync 1 DAGs
[2023-11-22T07:29:03.582+0000] {logging_mixin.py:154} INFO - [2023-11-22T07:29:03.582+0000] {dag.py:3722} INFO - Setting next_dagrun for ETL_Commodity to 2023-11-21T16:00:00+00:00, run_after=2023-11-22T00:00:00+00:00
[2023-11-22T07:29:03.798+0000] {processor.py:179} INFO - Processing /opt/airflow/dags/ETL_Commodity.py took 1.162 seconds
[2023-11-22T07:29:34.534+0000] {processor.py:157} INFO - Started process (PID=294) to work on /opt/airflow/dags/ETL_Commodity.py
[2023-11-22T07:29:34.536+0000] {processor.py:829} INFO - Processing file /opt/airflow/dags/ETL_Commodity.py for tasks to queue
[2023-11-22T07:29:34.538+0000] {logging_mixin.py:154} INFO - [2023-11-22T07:29:34.538+0000] {dagbag.py:536} INFO - Filling up the DagBag from /opt/airflow/dags/ETL_Commodity.py
[2023-11-22T07:29:35.240+0000] {processor.py:839} INFO - DAG(s) dict_keys(['ETL_Commodity']) retrieved from /opt/airflow/dags/ETL_Commodity.py
[2023-11-22T07:29:35.303+0000] {logging_mixin.py:154} INFO - [2023-11-22T07:29:35.303+0000] {dag.py:2941} INFO - Sync 1 DAGs
[2023-11-22T07:29:35.347+0000] {logging_mixin.py:154} INFO - [2023-11-22T07:29:35.347+0000] {dag.py:3722} INFO - Setting next_dagrun for ETL_Commodity to 2023-11-21T16:00:00+00:00, run_after=2023-11-22T00:00:00+00:00
[2023-11-22T07:29:35.617+0000] {processor.py:179} INFO - Processing /opt/airflow/dags/ETL_Commodity.py took 1.089 seconds
[2023-11-22T07:30:06.942+0000] {processor.py:157} INFO - Started process (PID=305) to work on /opt/airflow/dags/ETL_Commodity.py
[2023-11-22T07:30:06.945+0000] {processor.py:829} INFO - Processing file /opt/airflow/dags/ETL_Commodity.py for tasks to queue
[2023-11-22T07:30:06.946+0000] {logging_mixin.py:154} INFO - [2023-11-22T07:30:06.946+0000] {dagbag.py:536} INFO - Filling up the DagBag from /opt/airflow/dags/ETL_Commodity.py
[2023-11-22T07:30:07.805+0000] {processor.py:839} INFO - DAG(s) dict_keys(['ETL_Commodity']) retrieved from /opt/airflow/dags/ETL_Commodity.py
[2023-11-22T07:30:07.869+0000] {logging_mixin.py:154} INFO - [2023-11-22T07:30:07.868+0000] {dag.py:2941} INFO - Sync 1 DAGs
[2023-11-22T07:30:07.913+0000] {logging_mixin.py:154} INFO - [2023-11-22T07:30:07.913+0000] {dag.py:3722} INFO - Setting next_dagrun for ETL_Commodity to 2023-11-21T16:00:00+00:00, run_after=2023-11-22T00:00:00+00:00
[2023-11-22T07:30:08.097+0000] {processor.py:179} INFO - Processing /opt/airflow/dags/ETL_Commodity.py took 1.159 seconds
[2023-11-22T07:30:38.884+0000] {processor.py:157} INFO - Started process (PID=316) to work on /opt/airflow/dags/ETL_Commodity.py
[2023-11-22T07:30:38.886+0000] {processor.py:829} INFO - Processing file /opt/airflow/dags/ETL_Commodity.py for tasks to queue
[2023-11-22T07:30:38.888+0000] {logging_mixin.py:154} INFO - [2023-11-22T07:30:38.887+0000] {dagbag.py:536} INFO - Filling up the DagBag from /opt/airflow/dags/ETL_Commodity.py
[2023-11-22T07:30:39.581+0000] {processor.py:839} INFO - DAG(s) dict_keys(['ETL_Commodity']) retrieved from /opt/airflow/dags/ETL_Commodity.py
[2023-11-22T07:30:39.629+0000] {logging_mixin.py:154} INFO - [2023-11-22T07:30:39.627+0000] {dag.py:2941} INFO - Sync 1 DAGs
[2023-11-22T07:30:39.673+0000] {logging_mixin.py:154} INFO - [2023-11-22T07:30:39.672+0000] {dag.py:3722} INFO - Setting next_dagrun for ETL_Commodity to 2023-11-21T16:00:00+00:00, run_after=2023-11-22T00:00:00+00:00
[2023-11-22T07:30:39.866+0000] {processor.py:179} INFO - Processing /opt/airflow/dags/ETL_Commodity.py took 0.987 seconds
[2023-11-22T07:31:10.469+0000] {processor.py:157} INFO - Started process (PID=327) to work on /opt/airflow/dags/ETL_Commodity.py
[2023-11-22T07:31:10.472+0000] {processor.py:829} INFO - Processing file /opt/airflow/dags/ETL_Commodity.py for tasks to queue
[2023-11-22T07:31:10.474+0000] {logging_mixin.py:154} INFO - [2023-11-22T07:31:10.473+0000] {dagbag.py:536} INFO - Filling up the DagBag from /opt/airflow/dags/ETL_Commodity.py
[2023-11-22T07:31:11.219+0000] {processor.py:839} INFO - DAG(s) dict_keys(['ETL_Commodity']) retrieved from /opt/airflow/dags/ETL_Commodity.py
[2023-11-22T07:31:11.264+0000] {logging_mixin.py:154} INFO - [2023-11-22T07:31:11.263+0000] {dag.py:2941} INFO - Sync 1 DAGs
[2023-11-22T07:31:11.307+0000] {logging_mixin.py:154} INFO - [2023-11-22T07:31:11.307+0000] {dag.py:3722} INFO - Setting next_dagrun for ETL_Commodity to 2023-11-21T16:00:00+00:00, run_after=2023-11-22T00:00:00+00:00
[2023-11-22T07:31:11.499+0000] {processor.py:179} INFO - Processing /opt/airflow/dags/ETL_Commodity.py took 1.034 seconds
[2023-11-22T07:34:10.760+0000] {processor.py:157} INFO - Started process (PID=997) to work on /opt/airflow/dags/ETL_Commodity.py
[2023-11-22T07:34:10.763+0000] {processor.py:829} INFO - Processing file /opt/airflow/dags/ETL_Commodity.py for tasks to queue
[2023-11-22T07:34:10.765+0000] {logging_mixin.py:154} INFO - [2023-11-22T07:34:10.764+0000] {dagbag.py:536} INFO - Filling up the DagBag from /opt/airflow/dags/ETL_Commodity.py
[2023-11-22T07:34:11.554+0000] {processor.py:839} INFO - DAG(s) dict_keys(['ETL_Commodity']) retrieved from /opt/airflow/dags/ETL_Commodity.py
[2023-11-22T07:34:11.600+0000] {logging_mixin.py:154} INFO - [2023-11-22T07:34:11.599+0000] {dag.py:2941} INFO - Sync 1 DAGs
[2023-11-22T07:34:11.642+0000] {logging_mixin.py:154} INFO - [2023-11-22T07:34:11.642+0000] {dag.py:3722} INFO - Setting next_dagrun for ETL_Commodity to 2023-11-22T00:00:00+00:00, run_after=2023-11-22T08:00:00+00:00
[2023-11-22T07:34:11.841+0000] {processor.py:179} INFO - Processing /opt/airflow/dags/ETL_Commodity.py took 1.086 seconds
[2023-11-22T07:34:42.665+0000] {processor.py:157} INFO - Started process (PID=1008) to work on /opt/airflow/dags/ETL_Commodity.py
[2023-11-22T07:34:42.668+0000] {processor.py:829} INFO - Processing file /opt/airflow/dags/ETL_Commodity.py for tasks to queue
[2023-11-22T07:34:42.670+0000] {logging_mixin.py:154} INFO - [2023-11-22T07:34:42.670+0000] {dagbag.py:536} INFO - Filling up the DagBag from /opt/airflow/dags/ETL_Commodity.py
[2023-11-22T07:34:43.425+0000] {processor.py:839} INFO - DAG(s) dict_keys(['ETL_Commodity']) retrieved from /opt/airflow/dags/ETL_Commodity.py
[2023-11-22T07:34:43.479+0000] {logging_mixin.py:154} INFO - [2023-11-22T07:34:43.479+0000] {dag.py:2941} INFO - Sync 1 DAGs
[2023-11-22T07:34:43.523+0000] {logging_mixin.py:154} INFO - [2023-11-22T07:34:43.523+0000] {dag.py:3722} INFO - Setting next_dagrun for ETL_Commodity to 2023-11-22T00:00:00+00:00, run_after=2023-11-22T08:00:00+00:00
[2023-11-22T07:34:43.711+0000] {processor.py:179} INFO - Processing /opt/airflow/dags/ETL_Commodity.py took 1.051 seconds
[2023-11-22T07:35:14.288+0000] {processor.py:157} INFO - Started process (PID=1019) to work on /opt/airflow/dags/ETL_Commodity.py
[2023-11-22T07:35:14.290+0000] {processor.py:829} INFO - Processing file /opt/airflow/dags/ETL_Commodity.py for tasks to queue
[2023-11-22T07:35:14.292+0000] {logging_mixin.py:154} INFO - [2023-11-22T07:35:14.292+0000] {dagbag.py:536} INFO - Filling up the DagBag from /opt/airflow/dags/ETL_Commodity.py
[2023-11-22T07:35:14.979+0000] {processor.py:839} INFO - DAG(s) dict_keys(['ETL_Commodity']) retrieved from /opt/airflow/dags/ETL_Commodity.py
[2023-11-22T07:35:15.037+0000] {logging_mixin.py:154} INFO - [2023-11-22T07:35:15.036+0000] {dag.py:2941} INFO - Sync 1 DAGs
[2023-11-22T07:35:15.081+0000] {logging_mixin.py:154} INFO - [2023-11-22T07:35:15.080+0000] {dag.py:3722} INFO - Setting next_dagrun for ETL_Commodity to 2023-11-22T00:00:00+00:00, run_after=2023-11-22T08:00:00+00:00
[2023-11-22T07:35:15.271+0000] {processor.py:179} INFO - Processing /opt/airflow/dags/ETL_Commodity.py took 0.986 seconds
[2023-11-22T07:35:46.244+0000] {processor.py:157} INFO - Started process (PID=1030) to work on /opt/airflow/dags/ETL_Commodity.py
[2023-11-22T07:35:46.247+0000] {processor.py:829} INFO - Processing file /opt/airflow/dags/ETL_Commodity.py for tasks to queue
[2023-11-22T07:35:46.249+0000] {logging_mixin.py:154} INFO - [2023-11-22T07:35:46.248+0000] {dagbag.py:536} INFO - Filling up the DagBag from /opt/airflow/dags/ETL_Commodity.py
[2023-11-22T07:35:47.020+0000] {processor.py:839} INFO - DAG(s) dict_keys(['ETL_Commodity']) retrieved from /opt/airflow/dags/ETL_Commodity.py
[2023-11-22T07:35:47.092+0000] {logging_mixin.py:154} INFO - [2023-11-22T07:35:47.090+0000] {dag.py:2941} INFO - Sync 1 DAGs
[2023-11-22T07:35:47.144+0000] {logging_mixin.py:154} INFO - [2023-11-22T07:35:47.144+0000] {dag.py:3722} INFO - Setting next_dagrun for ETL_Commodity to 2023-11-22T00:00:00+00:00, run_after=2023-11-22T08:00:00+00:00
[2023-11-22T07:35:47.357+0000] {processor.py:179} INFO - Processing /opt/airflow/dags/ETL_Commodity.py took 1.118 seconds
[2023-11-22T07:36:18.250+0000] {processor.py:157} INFO - Started process (PID=1041) to work on /opt/airflow/dags/ETL_Commodity.py
[2023-11-22T07:36:18.252+0000] {processor.py:829} INFO - Processing file /opt/airflow/dags/ETL_Commodity.py for tasks to queue
[2023-11-22T07:36:18.254+0000] {logging_mixin.py:154} INFO - [2023-11-22T07:36:18.254+0000] {dagbag.py:536} INFO - Filling up the DagBag from /opt/airflow/dags/ETL_Commodity.py
[2023-11-22T07:36:18.918+0000] {processor.py:839} INFO - DAG(s) dict_keys(['ETL_Commodity']) retrieved from /opt/airflow/dags/ETL_Commodity.py
[2023-11-22T07:36:18.968+0000] {logging_mixin.py:154} INFO - [2023-11-22T07:36:18.967+0000] {dag.py:2941} INFO - Sync 1 DAGs
[2023-11-22T07:36:19.010+0000] {logging_mixin.py:154} INFO - [2023-11-22T07:36:19.010+0000] {dag.py:3722} INFO - Setting next_dagrun for ETL_Commodity to 2023-11-22T00:00:00+00:00, run_after=2023-11-22T08:00:00+00:00
[2023-11-22T07:36:19.300+0000] {processor.py:179} INFO - Processing /opt/airflow/dags/ETL_Commodity.py took 1.055 seconds
[2023-11-22T07:36:50.489+0000] {processor.py:157} INFO - Started process (PID=1052) to work on /opt/airflow/dags/ETL_Commodity.py
[2023-11-22T07:36:50.491+0000] {processor.py:829} INFO - Processing file /opt/airflow/dags/ETL_Commodity.py for tasks to queue
[2023-11-22T07:36:50.494+0000] {logging_mixin.py:154} INFO - [2023-11-22T07:36:50.493+0000] {dagbag.py:536} INFO - Filling up the DagBag from /opt/airflow/dags/ETL_Commodity.py
[2023-11-22T07:36:51.253+0000] {processor.py:839} INFO - DAG(s) dict_keys(['ETL_Commodity']) retrieved from /opt/airflow/dags/ETL_Commodity.py
[2023-11-22T07:36:51.307+0000] {logging_mixin.py:154} INFO - [2023-11-22T07:36:51.306+0000] {dag.py:2941} INFO - Sync 1 DAGs
[2023-11-22T07:36:51.350+0000] {logging_mixin.py:154} INFO - [2023-11-22T07:36:51.350+0000] {dag.py:3722} INFO - Setting next_dagrun for ETL_Commodity to 2023-11-22T00:00:00+00:00, run_after=2023-11-22T08:00:00+00:00
[2023-11-22T07:36:51.600+0000] {processor.py:179} INFO - Processing /opt/airflow/dags/ETL_Commodity.py took 1.116 seconds
[2023-11-22T07:37:22.485+0000] {processor.py:157} INFO - Started process (PID=1063) to work on /opt/airflow/dags/ETL_Commodity.py
[2023-11-22T07:37:22.487+0000] {processor.py:829} INFO - Processing file /opt/airflow/dags/ETL_Commodity.py for tasks to queue
[2023-11-22T07:37:22.489+0000] {logging_mixin.py:154} INFO - [2023-11-22T07:37:22.488+0000] {dagbag.py:536} INFO - Filling up the DagBag from /opt/airflow/dags/ETL_Commodity.py
[2023-11-22T07:37:23.226+0000] {processor.py:839} INFO - DAG(s) dict_keys(['ETL_Commodity']) retrieved from /opt/airflow/dags/ETL_Commodity.py
[2023-11-22T07:37:23.285+0000] {logging_mixin.py:154} INFO - [2023-11-22T07:37:23.284+0000] {dag.py:2941} INFO - Sync 1 DAGs
[2023-11-22T07:37:23.325+0000] {logging_mixin.py:154} INFO - [2023-11-22T07:37:23.325+0000] {dag.py:3722} INFO - Setting next_dagrun for ETL_Commodity to 2023-11-22T00:00:00+00:00, run_after=2023-11-22T08:00:00+00:00
[2023-11-22T07:37:23.633+0000] {processor.py:179} INFO - Processing /opt/airflow/dags/ETL_Commodity.py took 1.153 seconds
[2023-11-22T07:37:53.861+0000] {processor.py:157} INFO - Started process (PID=1074) to work on /opt/airflow/dags/ETL_Commodity.py
[2023-11-22T07:37:53.863+0000] {processor.py:829} INFO - Processing file /opt/airflow/dags/ETL_Commodity.py for tasks to queue
[2023-11-22T07:37:53.865+0000] {logging_mixin.py:154} INFO - [2023-11-22T07:37:53.864+0000] {dagbag.py:536} INFO - Filling up the DagBag from /opt/airflow/dags/ETL_Commodity.py
[2023-11-22T07:37:54.555+0000] {processor.py:839} INFO - DAG(s) dict_keys(['ETL_Commodity']) retrieved from /opt/airflow/dags/ETL_Commodity.py
[2023-11-22T07:37:54.608+0000] {logging_mixin.py:154} INFO - [2023-11-22T07:37:54.607+0000] {dag.py:2941} INFO - Sync 1 DAGs
[2023-11-22T07:37:54.647+0000] {logging_mixin.py:154} INFO - [2023-11-22T07:37:54.647+0000] {dag.py:3722} INFO - Setting next_dagrun for ETL_Commodity to 2023-11-22T00:00:00+00:00, run_after=2023-11-22T08:00:00+00:00
[2023-11-22T07:37:54.835+0000] {processor.py:179} INFO - Processing /opt/airflow/dags/ETL_Commodity.py took 0.979 seconds
[2023-11-22T07:38:25.974+0000] {processor.py:157} INFO - Started process (PID=1085) to work on /opt/airflow/dags/ETL_Commodity.py
[2023-11-22T07:38:25.976+0000] {processor.py:829} INFO - Processing file /opt/airflow/dags/ETL_Commodity.py for tasks to queue
[2023-11-22T07:38:25.978+0000] {logging_mixin.py:154} INFO - [2023-11-22T07:38:25.978+0000] {dagbag.py:536} INFO - Filling up the DagBag from /opt/airflow/dags/ETL_Commodity.py
[2023-11-22T07:38:26.682+0000] {processor.py:839} INFO - DAG(s) dict_keys(['ETL_Commodity']) retrieved from /opt/airflow/dags/ETL_Commodity.py
[2023-11-22T07:38:26.736+0000] {logging_mixin.py:154} INFO - [2023-11-22T07:38:26.736+0000] {dag.py:2941} INFO - Sync 1 DAGs
[2023-11-22T07:38:26.777+0000] {logging_mixin.py:154} INFO - [2023-11-22T07:38:26.777+0000] {dag.py:3722} INFO - Setting next_dagrun for ETL_Commodity to 2023-11-22T00:00:00+00:00, run_after=2023-11-22T08:00:00+00:00
[2023-11-22T07:38:26.973+0000] {processor.py:179} INFO - Processing /opt/airflow/dags/ETL_Commodity.py took 1.003 seconds
[2023-11-22T07:38:57.647+0000] {processor.py:157} INFO - Started process (PID=1096) to work on /opt/airflow/dags/ETL_Commodity.py
[2023-11-22T07:38:57.649+0000] {processor.py:829} INFO - Processing file /opt/airflow/dags/ETL_Commodity.py for tasks to queue
[2023-11-22T07:38:57.651+0000] {logging_mixin.py:154} INFO - [2023-11-22T07:38:57.651+0000] {dagbag.py:536} INFO - Filling up the DagBag from /opt/airflow/dags/ETL_Commodity.py
[2023-11-22T07:38:58.130+0000] {processor.py:839} INFO - DAG(s) dict_keys(['ETL_Commodity']) retrieved from /opt/airflow/dags/ETL_Commodity.py
[2023-11-22T07:38:58.186+0000] {logging_mixin.py:154} INFO - [2023-11-22T07:38:58.185+0000] {dag.py:2941} INFO - Sync 1 DAGs
[2023-11-22T07:38:58.229+0000] {logging_mixin.py:154} INFO - [2023-11-22T07:38:58.229+0000] {dag.py:3722} INFO - Setting next_dagrun for ETL_Commodity to 2023-11-22T00:00:00+00:00, run_after=2023-11-22T08:00:00+00:00
[2023-11-22T07:38:58.401+0000] {processor.py:179} INFO - Processing /opt/airflow/dags/ETL_Commodity.py took 0.758 seconds
[2023-11-22T07:39:29.671+0000] {processor.py:157} INFO - Started process (PID=1107) to work on /opt/airflow/dags/ETL_Commodity.py
[2023-11-22T07:39:29.674+0000] {processor.py:829} INFO - Processing file /opt/airflow/dags/ETL_Commodity.py for tasks to queue
[2023-11-22T07:39:29.676+0000] {logging_mixin.py:154} INFO - [2023-11-22T07:39:29.676+0000] {dagbag.py:536} INFO - Filling up the DagBag from /opt/airflow/dags/ETL_Commodity.py
[2023-11-22T07:39:30.239+0000] {processor.py:839} INFO - DAG(s) dict_keys(['ETL_Commodity']) retrieved from /opt/airflow/dags/ETL_Commodity.py
[2023-11-22T07:39:30.295+0000] {logging_mixin.py:154} INFO - [2023-11-22T07:39:30.293+0000] {dag.py:2941} INFO - Sync 1 DAGs
[2023-11-22T07:39:30.343+0000] {logging_mixin.py:154} INFO - [2023-11-22T07:39:30.343+0000] {dag.py:3722} INFO - Setting next_dagrun for ETL_Commodity to 2023-11-22T00:00:00+00:00, run_after=2023-11-22T08:00:00+00:00
[2023-11-22T07:39:30.547+0000] {processor.py:179} INFO - Processing /opt/airflow/dags/ETL_Commodity.py took 0.881 seconds
[2023-11-22T07:40:01.318+0000] {processor.py:157} INFO - Started process (PID=1118) to work on /opt/airflow/dags/ETL_Commodity.py
[2023-11-22T07:40:01.320+0000] {processor.py:829} INFO - Processing file /opt/airflow/dags/ETL_Commodity.py for tasks to queue
[2023-11-22T07:40:01.323+0000] {logging_mixin.py:154} INFO - [2023-11-22T07:40:01.322+0000] {dagbag.py:536} INFO - Filling up the DagBag from /opt/airflow/dags/ETL_Commodity.py
[2023-11-22T07:40:01.818+0000] {processor.py:839} INFO - DAG(s) dict_keys(['ETL_Commodity']) retrieved from /opt/airflow/dags/ETL_Commodity.py
[2023-11-22T07:40:01.878+0000] {logging_mixin.py:154} INFO - [2023-11-22T07:40:01.877+0000] {dag.py:2941} INFO - Sync 1 DAGs
[2023-11-22T07:40:01.924+0000] {logging_mixin.py:154} INFO - [2023-11-22T07:40:01.924+0000] {dag.py:3722} INFO - Setting next_dagrun for ETL_Commodity to 2023-11-22T00:00:00+00:00, run_after=2023-11-22T08:00:00+00:00
[2023-11-22T07:40:02.134+0000] {processor.py:179} INFO - Processing /opt/airflow/dags/ETL_Commodity.py took 0.819 seconds
[2023-11-22T07:40:33.472+0000] {processor.py:157} INFO - Started process (PID=1129) to work on /opt/airflow/dags/ETL_Commodity.py
[2023-11-22T07:40:33.474+0000] {processor.py:829} INFO - Processing file /opt/airflow/dags/ETL_Commodity.py for tasks to queue
[2023-11-22T07:40:33.476+0000] {logging_mixin.py:154} INFO - [2023-11-22T07:40:33.476+0000] {dagbag.py:536} INFO - Filling up the DagBag from /opt/airflow/dags/ETL_Commodity.py
[2023-11-22T07:40:34.012+0000] {processor.py:839} INFO - DAG(s) dict_keys(['ETL_Commodity']) retrieved from /opt/airflow/dags/ETL_Commodity.py
[2023-11-22T07:40:34.063+0000] {logging_mixin.py:154} INFO - [2023-11-22T07:40:34.063+0000] {dag.py:2941} INFO - Sync 1 DAGs
[2023-11-22T07:40:34.108+0000] {logging_mixin.py:154} INFO - [2023-11-22T07:40:34.108+0000] {dag.py:3722} INFO - Setting next_dagrun for ETL_Commodity to 2023-11-22T00:00:00+00:00, run_after=2023-11-22T08:00:00+00:00
[2023-11-22T07:40:34.303+0000] {processor.py:179} INFO - Processing /opt/airflow/dags/ETL_Commodity.py took 0.837 seconds
[2023-11-22T07:41:05.389+0000] {processor.py:157} INFO - Started process (PID=1140) to work on /opt/airflow/dags/ETL_Commodity.py
[2023-11-22T07:41:05.391+0000] {processor.py:829} INFO - Processing file /opt/airflow/dags/ETL_Commodity.py for tasks to queue
[2023-11-22T07:41:05.394+0000] {logging_mixin.py:154} INFO - [2023-11-22T07:41:05.393+0000] {dagbag.py:536} INFO - Filling up the DagBag from /opt/airflow/dags/ETL_Commodity.py
[2023-11-22T07:41:05.952+0000] {processor.py:839} INFO - DAG(s) dict_keys(['ETL_Commodity']) retrieved from /opt/airflow/dags/ETL_Commodity.py
[2023-11-22T07:41:06.009+0000] {logging_mixin.py:154} INFO - [2023-11-22T07:41:06.009+0000] {dag.py:2941} INFO - Sync 1 DAGs
[2023-11-22T07:41:06.053+0000] {logging_mixin.py:154} INFO - [2023-11-22T07:41:06.053+0000] {dag.py:3722} INFO - Setting next_dagrun for ETL_Commodity to 2023-11-22T00:00:00+00:00, run_after=2023-11-22T08:00:00+00:00
[2023-11-22T07:41:06.240+0000] {processor.py:179} INFO - Processing /opt/airflow/dags/ETL_Commodity.py took 0.857 seconds
[2023-11-22T07:41:36.362+0000] {processor.py:157} INFO - Started process (PID=1151) to work on /opt/airflow/dags/ETL_Commodity.py
[2023-11-22T07:41:36.364+0000] {processor.py:829} INFO - Processing file /opt/airflow/dags/ETL_Commodity.py for tasks to queue
[2023-11-22T07:41:36.366+0000] {logging_mixin.py:154} INFO - [2023-11-22T07:41:36.365+0000] {dagbag.py:536} INFO - Filling up the DagBag from /opt/airflow/dags/ETL_Commodity.py
[2023-11-22T07:41:36.853+0000] {processor.py:839} INFO - DAG(s) dict_keys(['ETL_Commodity']) retrieved from /opt/airflow/dags/ETL_Commodity.py
[2023-11-22T07:41:36.909+0000] {logging_mixin.py:154} INFO - [2023-11-22T07:41:36.908+0000] {dag.py:2941} INFO - Sync 1 DAGs
[2023-11-22T07:41:36.954+0000] {logging_mixin.py:154} INFO - [2023-11-22T07:41:36.954+0000] {dag.py:3722} INFO - Setting next_dagrun for ETL_Commodity to 2023-11-22T00:00:00+00:00, run_after=2023-11-22T08:00:00+00:00
[2023-11-22T07:41:37.139+0000] {processor.py:179} INFO - Processing /opt/airflow/dags/ETL_Commodity.py took 0.781 seconds
[2023-11-22T07:42:07.857+0000] {processor.py:157} INFO - Started process (PID=1162) to work on /opt/airflow/dags/ETL_Commodity.py
[2023-11-22T07:42:07.860+0000] {processor.py:829} INFO - Processing file /opt/airflow/dags/ETL_Commodity.py for tasks to queue
[2023-11-22T07:42:07.862+0000] {logging_mixin.py:154} INFO - [2023-11-22T07:42:07.862+0000] {dagbag.py:536} INFO - Filling up the DagBag from /opt/airflow/dags/ETL_Commodity.py
[2023-11-22T07:42:08.372+0000] {processor.py:839} INFO - DAG(s) dict_keys(['ETL_Commodity']) retrieved from /opt/airflow/dags/ETL_Commodity.py
[2023-11-22T07:42:08.428+0000] {logging_mixin.py:154} INFO - [2023-11-22T07:42:08.427+0000] {dag.py:2941} INFO - Sync 1 DAGs
[2023-11-22T07:42:08.470+0000] {logging_mixin.py:154} INFO - [2023-11-22T07:42:08.470+0000] {dag.py:3722} INFO - Setting next_dagrun for ETL_Commodity to 2023-11-22T00:00:00+00:00, run_after=2023-11-22T08:00:00+00:00
[2023-11-22T07:42:08.764+0000] {processor.py:179} INFO - Processing /opt/airflow/dags/ETL_Commodity.py took 0.912 seconds
[2023-11-22T07:42:39.464+0000] {processor.py:157} INFO - Started process (PID=1173) to work on /opt/airflow/dags/ETL_Commodity.py
[2023-11-22T07:42:39.467+0000] {processor.py:829} INFO - Processing file /opt/airflow/dags/ETL_Commodity.py for tasks to queue
[2023-11-22T07:42:39.469+0000] {logging_mixin.py:154} INFO - [2023-11-22T07:42:39.468+0000] {dagbag.py:536} INFO - Filling up the DagBag from /opt/airflow/dags/ETL_Commodity.py
[2023-11-22T07:42:39.952+0000] {processor.py:839} INFO - DAG(s) dict_keys(['ETL_Commodity']) retrieved from /opt/airflow/dags/ETL_Commodity.py
[2023-11-22T07:42:40.011+0000] {logging_mixin.py:154} INFO - [2023-11-22T07:42:40.010+0000] {dag.py:2941} INFO - Sync 1 DAGs
[2023-11-22T07:42:40.056+0000] {logging_mixin.py:154} INFO - [2023-11-22T07:42:40.056+0000] {dag.py:3722} INFO - Setting next_dagrun for ETL_Commodity to 2023-11-22T00:00:00+00:00, run_after=2023-11-22T08:00:00+00:00
[2023-11-22T07:42:40.240+0000] {processor.py:179} INFO - Processing /opt/airflow/dags/ETL_Commodity.py took 0.780 seconds
[2023-11-22T07:43:10.860+0000] {processor.py:157} INFO - Started process (PID=1184) to work on /opt/airflow/dags/ETL_Commodity.py
[2023-11-22T07:43:10.861+0000] {processor.py:829} INFO - Processing file /opt/airflow/dags/ETL_Commodity.py for tasks to queue
[2023-11-22T07:43:10.863+0000] {logging_mixin.py:154} INFO - [2023-11-22T07:43:10.863+0000] {dagbag.py:536} INFO - Filling up the DagBag from /opt/airflow/dags/ETL_Commodity.py
[2023-11-22T07:43:11.406+0000] {processor.py:839} INFO - DAG(s) dict_keys(['ETL_Commodity']) retrieved from /opt/airflow/dags/ETL_Commodity.py
[2023-11-22T07:43:11.472+0000] {logging_mixin.py:154} INFO - [2023-11-22T07:43:11.471+0000] {dag.py:2941} INFO - Sync 1 DAGs
[2023-11-22T07:43:11.526+0000] {logging_mixin.py:154} INFO - [2023-11-22T07:43:11.526+0000] {dag.py:3722} INFO - Setting next_dagrun for ETL_Commodity to 2023-11-22T00:00:00+00:00, run_after=2023-11-22T08:00:00+00:00
[2023-11-22T07:43:11.740+0000] {processor.py:179} INFO - Processing /opt/airflow/dags/ETL_Commodity.py took 0.884 seconds
[2023-11-22T07:43:42.375+0000] {processor.py:157} INFO - Started process (PID=1195) to work on /opt/airflow/dags/ETL_Commodity.py
[2023-11-22T07:43:42.376+0000] {processor.py:829} INFO - Processing file /opt/airflow/dags/ETL_Commodity.py for tasks to queue
[2023-11-22T07:43:42.378+0000] {logging_mixin.py:154} INFO - [2023-11-22T07:43:42.378+0000] {dagbag.py:536} INFO - Filling up the DagBag from /opt/airflow/dags/ETL_Commodity.py
[2023-11-22T07:43:42.933+0000] {processor.py:839} INFO - DAG(s) dict_keys(['ETL_Commodity']) retrieved from /opt/airflow/dags/ETL_Commodity.py
[2023-11-22T07:43:42.994+0000] {logging_mixin.py:154} INFO - [2023-11-22T07:43:42.993+0000] {dag.py:2941} INFO - Sync 1 DAGs
[2023-11-22T07:43:43.042+0000] {logging_mixin.py:154} INFO - [2023-11-22T07:43:43.042+0000] {dag.py:3722} INFO - Setting next_dagrun for ETL_Commodity to 2023-11-22T00:00:00+00:00, run_after=2023-11-22T08:00:00+00:00
[2023-11-22T07:43:43.240+0000] {processor.py:179} INFO - Processing /opt/airflow/dags/ETL_Commodity.py took 0.870 seconds
[2023-11-22T07:44:14.039+0000] {processor.py:157} INFO - Started process (PID=1206) to work on /opt/airflow/dags/ETL_Commodity.py
[2023-11-22T07:44:14.041+0000] {processor.py:829} INFO - Processing file /opt/airflow/dags/ETL_Commodity.py for tasks to queue
[2023-11-22T07:44:14.043+0000] {logging_mixin.py:154} INFO - [2023-11-22T07:44:14.042+0000] {dagbag.py:536} INFO - Filling up the DagBag from /opt/airflow/dags/ETL_Commodity.py
[2023-11-22T07:44:14.553+0000] {processor.py:839} INFO - DAG(s) dict_keys(['ETL_Commodity']) retrieved from /opt/airflow/dags/ETL_Commodity.py
[2023-11-22T07:44:14.613+0000] {logging_mixin.py:154} INFO - [2023-11-22T07:44:14.612+0000] {dag.py:2941} INFO - Sync 1 DAGs
[2023-11-22T07:44:14.656+0000] {logging_mixin.py:154} INFO - [2023-11-22T07:44:14.656+0000] {dag.py:3722} INFO - Setting next_dagrun for ETL_Commodity to 2023-11-22T00:00:00+00:00, run_after=2023-11-22T08:00:00+00:00
[2023-11-22T07:44:14.850+0000] {processor.py:179} INFO - Processing /opt/airflow/dags/ETL_Commodity.py took 0.816 seconds
[2023-11-22T07:44:46.253+0000] {processor.py:157} INFO - Started process (PID=1217) to work on /opt/airflow/dags/ETL_Commodity.py
[2023-11-22T07:44:46.255+0000] {processor.py:829} INFO - Processing file /opt/airflow/dags/ETL_Commodity.py for tasks to queue
[2023-11-22T07:44:46.257+0000] {logging_mixin.py:154} INFO - [2023-11-22T07:44:46.257+0000] {dagbag.py:536} INFO - Filling up the DagBag from /opt/airflow/dags/ETL_Commodity.py
[2023-11-22T07:44:46.784+0000] {processor.py:839} INFO - DAG(s) dict_keys(['ETL_Commodity']) retrieved from /opt/airflow/dags/ETL_Commodity.py
[2023-11-22T07:44:46.846+0000] {logging_mixin.py:154} INFO - [2023-11-22T07:44:46.845+0000] {dag.py:2941} INFO - Sync 1 DAGs
[2023-11-22T07:44:46.891+0000] {logging_mixin.py:154} INFO - [2023-11-22T07:44:46.891+0000] {dag.py:3722} INFO - Setting next_dagrun for ETL_Commodity to 2023-11-22T00:00:00+00:00, run_after=2023-11-22T08:00:00+00:00
[2023-11-22T07:44:47.084+0000] {processor.py:179} INFO - Processing /opt/airflow/dags/ETL_Commodity.py took 0.836 seconds
[2023-11-22T07:45:17.872+0000] {processor.py:157} INFO - Started process (PID=1228) to work on /opt/airflow/dags/ETL_Commodity.py
[2023-11-22T07:45:17.874+0000] {processor.py:829} INFO - Processing file /opt/airflow/dags/ETL_Commodity.py for tasks to queue
[2023-11-22T07:45:17.876+0000] {logging_mixin.py:154} INFO - [2023-11-22T07:45:17.876+0000] {dagbag.py:536} INFO - Filling up the DagBag from /opt/airflow/dags/ETL_Commodity.py
[2023-11-22T07:45:18.461+0000] {processor.py:839} INFO - DAG(s) dict_keys(['ETL_Commodity']) retrieved from /opt/airflow/dags/ETL_Commodity.py
[2023-11-22T07:45:18.517+0000] {logging_mixin.py:154} INFO - [2023-11-22T07:45:18.516+0000] {dag.py:2941} INFO - Sync 1 DAGs
[2023-11-22T07:45:18.587+0000] {logging_mixin.py:154} INFO - [2023-11-22T07:45:18.586+0000] {dag.py:3722} INFO - Setting next_dagrun for ETL_Commodity to 2023-11-22T00:00:00+00:00, run_after=2023-11-22T08:00:00+00:00
[2023-11-22T07:45:18.813+0000] {processor.py:179} INFO - Processing /opt/airflow/dags/ETL_Commodity.py took 0.946 seconds
[2023-11-22T07:45:49.977+0000] {processor.py:157} INFO - Started process (PID=1239) to work on /opt/airflow/dags/ETL_Commodity.py
[2023-11-22T07:45:49.979+0000] {processor.py:829} INFO - Processing file /opt/airflow/dags/ETL_Commodity.py for tasks to queue
[2023-11-22T07:45:49.981+0000] {logging_mixin.py:154} INFO - [2023-11-22T07:45:49.981+0000] {dagbag.py:536} INFO - Filling up the DagBag from /opt/airflow/dags/ETL_Commodity.py
[2023-11-22T07:45:50.471+0000] {processor.py:839} INFO - DAG(s) dict_keys(['ETL_Commodity']) retrieved from /opt/airflow/dags/ETL_Commodity.py
[2023-11-22T07:45:50.532+0000] {logging_mixin.py:154} INFO - [2023-11-22T07:45:50.532+0000] {dag.py:2941} INFO - Sync 1 DAGs
[2023-11-22T07:45:50.584+0000] {logging_mixin.py:154} INFO - [2023-11-22T07:45:50.584+0000] {dag.py:3722} INFO - Setting next_dagrun for ETL_Commodity to 2023-11-22T00:00:00+00:00, run_after=2023-11-22T08:00:00+00:00
[2023-11-22T07:45:50.775+0000] {processor.py:179} INFO - Processing /opt/airflow/dags/ETL_Commodity.py took 0.803 seconds
[2023-11-22T07:46:21.650+0000] {processor.py:157} INFO - Started process (PID=1250) to work on /opt/airflow/dags/ETL_Commodity.py
[2023-11-22T07:46:21.652+0000] {processor.py:829} INFO - Processing file /opt/airflow/dags/ETL_Commodity.py for tasks to queue
[2023-11-22T07:46:21.654+0000] {logging_mixin.py:154} INFO - [2023-11-22T07:46:21.654+0000] {dagbag.py:536} INFO - Filling up the DagBag from /opt/airflow/dags/ETL_Commodity.py
[2023-11-22T07:46:22.220+0000] {processor.py:839} INFO - DAG(s) dict_keys(['ETL_Commodity']) retrieved from /opt/airflow/dags/ETL_Commodity.py
[2023-11-22T07:46:22.270+0000] {logging_mixin.py:154} INFO - [2023-11-22T07:46:22.269+0000] {dag.py:2941} INFO - Sync 1 DAGs
[2023-11-22T07:46:22.313+0000] {logging_mixin.py:154} INFO - [2023-11-22T07:46:22.313+0000] {dag.py:3722} INFO - Setting next_dagrun for ETL_Commodity to 2023-11-22T00:00:00+00:00, run_after=2023-11-22T08:00:00+00:00
[2023-11-22T07:46:22.510+0000] {processor.py:179} INFO - Processing /opt/airflow/dags/ETL_Commodity.py took 0.864 seconds
[2023-11-22T07:46:53.898+0000] {processor.py:157} INFO - Started process (PID=1261) to work on /opt/airflow/dags/ETL_Commodity.py
[2023-11-22T07:46:53.900+0000] {processor.py:829} INFO - Processing file /opt/airflow/dags/ETL_Commodity.py for tasks to queue
[2023-11-22T07:46:53.903+0000] {logging_mixin.py:154} INFO - [2023-11-22T07:46:53.902+0000] {dagbag.py:536} INFO - Filling up the DagBag from /opt/airflow/dags/ETL_Commodity.py
[2023-11-22T07:46:54.413+0000] {processor.py:839} INFO - DAG(s) dict_keys(['ETL_Commodity']) retrieved from /opt/airflow/dags/ETL_Commodity.py
[2023-11-22T07:46:54.471+0000] {logging_mixin.py:154} INFO - [2023-11-22T07:46:54.470+0000] {dag.py:2941} INFO - Sync 1 DAGs
[2023-11-22T07:46:54.518+0000] {logging_mixin.py:154} INFO - [2023-11-22T07:46:54.518+0000] {dag.py:3722} INFO - Setting next_dagrun for ETL_Commodity to 2023-11-22T00:00:00+00:00, run_after=2023-11-22T08:00:00+00:00
[2023-11-22T07:46:54.744+0000] {processor.py:179} INFO - Processing /opt/airflow/dags/ETL_Commodity.py took 0.850 seconds
[2023-11-22T07:47:24.954+0000] {processor.py:157} INFO - Started process (PID=1272) to work on /opt/airflow/dags/ETL_Commodity.py
[2023-11-22T07:47:24.956+0000] {processor.py:829} INFO - Processing file /opt/airflow/dags/ETL_Commodity.py for tasks to queue
[2023-11-22T07:47:24.958+0000] {logging_mixin.py:154} INFO - [2023-11-22T07:47:24.958+0000] {dagbag.py:536} INFO - Filling up the DagBag from /opt/airflow/dags/ETL_Commodity.py
[2023-11-22T07:47:25.463+0000] {processor.py:839} INFO - DAG(s) dict_keys(['ETL_Commodity']) retrieved from /opt/airflow/dags/ETL_Commodity.py
[2023-11-22T07:47:25.522+0000] {logging_mixin.py:154} INFO - [2023-11-22T07:47:25.522+0000] {dag.py:2941} INFO - Sync 1 DAGs
[2023-11-22T07:47:25.568+0000] {logging_mixin.py:154} INFO - [2023-11-22T07:47:25.567+0000] {dag.py:3722} INFO - Setting next_dagrun for ETL_Commodity to 2023-11-22T00:00:00+00:00, run_after=2023-11-22T08:00:00+00:00
[2023-11-22T07:47:25.766+0000] {processor.py:179} INFO - Processing /opt/airflow/dags/ETL_Commodity.py took 0.816 seconds
[2023-11-22T07:47:56.052+0000] {processor.py:157} INFO - Started process (PID=1283) to work on /opt/airflow/dags/ETL_Commodity.py
[2023-11-22T07:47:56.054+0000] {processor.py:829} INFO - Processing file /opt/airflow/dags/ETL_Commodity.py for tasks to queue
[2023-11-22T07:47:56.056+0000] {logging_mixin.py:154} INFO - [2023-11-22T07:47:56.056+0000] {dagbag.py:536} INFO - Filling up the DagBag from /opt/airflow/dags/ETL_Commodity.py
[2023-11-22T07:47:56.573+0000] {processor.py:839} INFO - DAG(s) dict_keys(['ETL_Commodity']) retrieved from /opt/airflow/dags/ETL_Commodity.py
[2023-11-22T07:47:56.631+0000] {logging_mixin.py:154} INFO - [2023-11-22T07:47:56.630+0000] {dag.py:2941} INFO - Sync 1 DAGs
[2023-11-22T07:47:56.676+0000] {logging_mixin.py:154} INFO - [2023-11-22T07:47:56.676+0000] {dag.py:3722} INFO - Setting next_dagrun for ETL_Commodity to 2023-11-22T00:00:00+00:00, run_after=2023-11-22T08:00:00+00:00
[2023-11-22T07:47:56.881+0000] {processor.py:179} INFO - Processing /opt/airflow/dags/ETL_Commodity.py took 0.834 seconds
[2023-11-22T07:48:28.053+0000] {processor.py:157} INFO - Started process (PID=1294) to work on /opt/airflow/dags/ETL_Commodity.py
[2023-11-22T07:48:28.056+0000] {processor.py:829} INFO - Processing file /opt/airflow/dags/ETL_Commodity.py for tasks to queue
[2023-11-22T07:48:28.058+0000] {logging_mixin.py:154} INFO - [2023-11-22T07:48:28.057+0000] {dagbag.py:536} INFO - Filling up the DagBag from /opt/airflow/dags/ETL_Commodity.py
[2023-11-22T07:48:28.569+0000] {processor.py:839} INFO - DAG(s) dict_keys(['ETL_Commodity']) retrieved from /opt/airflow/dags/ETL_Commodity.py
[2023-11-22T07:48:28.629+0000] {logging_mixin.py:154} INFO - [2023-11-22T07:48:28.627+0000] {dag.py:2941} INFO - Sync 1 DAGs
[2023-11-22T07:48:28.673+0000] {logging_mixin.py:154} INFO - [2023-11-22T07:48:28.673+0000] {dag.py:3722} INFO - Setting next_dagrun for ETL_Commodity to 2023-11-22T00:00:00+00:00, run_after=2023-11-22T08:00:00+00:00
[2023-11-22T07:48:28.868+0000] {processor.py:179} INFO - Processing /opt/airflow/dags/ETL_Commodity.py took 0.819 seconds
[2023-11-22T07:49:00.318+0000] {processor.py:157} INFO - Started process (PID=1305) to work on /opt/airflow/dags/ETL_Commodity.py
[2023-11-22T07:49:00.320+0000] {processor.py:829} INFO - Processing file /opt/airflow/dags/ETL_Commodity.py for tasks to queue
[2023-11-22T07:49:00.322+0000] {logging_mixin.py:154} INFO - [2023-11-22T07:49:00.322+0000] {dagbag.py:536} INFO - Filling up the DagBag from /opt/airflow/dags/ETL_Commodity.py
[2023-11-22T07:49:00.883+0000] {processor.py:839} INFO - DAG(s) dict_keys(['ETL_Commodity']) retrieved from /opt/airflow/dags/ETL_Commodity.py
[2023-11-22T07:49:00.936+0000] {logging_mixin.py:154} INFO - [2023-11-22T07:49:00.935+0000] {dag.py:2941} INFO - Sync 1 DAGs
[2023-11-22T07:49:00.986+0000] {logging_mixin.py:154} INFO - [2023-11-22T07:49:00.985+0000] {dag.py:3722} INFO - Setting next_dagrun for ETL_Commodity to 2023-11-22T00:00:00+00:00, run_after=2023-11-22T08:00:00+00:00
[2023-11-22T07:49:01.188+0000] {processor.py:179} INFO - Processing /opt/airflow/dags/ETL_Commodity.py took 0.875 seconds
[2023-11-22T07:49:32.223+0000] {processor.py:157} INFO - Started process (PID=1316) to work on /opt/airflow/dags/ETL_Commodity.py
[2023-11-22T07:49:32.225+0000] {processor.py:829} INFO - Processing file /opt/airflow/dags/ETL_Commodity.py for tasks to queue
[2023-11-22T07:49:32.226+0000] {logging_mixin.py:154} INFO - [2023-11-22T07:49:32.226+0000] {dagbag.py:536} INFO - Filling up the DagBag from /opt/airflow/dags/ETL_Commodity.py
[2023-11-22T07:49:32.771+0000] {processor.py:839} INFO - DAG(s) dict_keys(['ETL_Commodity']) retrieved from /opt/airflow/dags/ETL_Commodity.py
[2023-11-22T07:49:32.836+0000] {logging_mixin.py:154} INFO - [2023-11-22T07:49:32.835+0000] {dag.py:2941} INFO - Sync 1 DAGs
[2023-11-22T07:49:32.888+0000] {logging_mixin.py:154} INFO - [2023-11-22T07:49:32.887+0000] {dag.py:3722} INFO - Setting next_dagrun for ETL_Commodity to 2023-11-22T00:00:00+00:00, run_after=2023-11-22T08:00:00+00:00
[2023-11-22T07:49:33.072+0000] {processor.py:179} INFO - Processing /opt/airflow/dags/ETL_Commodity.py took 0.854 seconds
[2023-11-22T07:50:03.694+0000] {processor.py:157} INFO - Started process (PID=1327) to work on /opt/airflow/dags/ETL_Commodity.py
[2023-11-22T07:50:03.696+0000] {processor.py:829} INFO - Processing file /opt/airflow/dags/ETL_Commodity.py for tasks to queue
[2023-11-22T07:50:03.699+0000] {logging_mixin.py:154} INFO - [2023-11-22T07:50:03.698+0000] {dagbag.py:536} INFO - Filling up the DagBag from /opt/airflow/dags/ETL_Commodity.py
[2023-11-22T07:50:04.207+0000] {processor.py:839} INFO - DAG(s) dict_keys(['ETL_Commodity']) retrieved from /opt/airflow/dags/ETL_Commodity.py
[2023-11-22T07:50:04.287+0000] {logging_mixin.py:154} INFO - [2023-11-22T07:50:04.285+0000] {dag.py:2941} INFO - Sync 1 DAGs
[2023-11-22T07:50:04.346+0000] {logging_mixin.py:154} INFO - [2023-11-22T07:50:04.345+0000] {dag.py:3722} INFO - Setting next_dagrun for ETL_Commodity to 2023-11-22T00:00:00+00:00, run_after=2023-11-22T08:00:00+00:00
[2023-11-22T07:50:04.572+0000] {processor.py:179} INFO - Processing /opt/airflow/dags/ETL_Commodity.py took 0.883 seconds
[2023-11-22T07:50:35.155+0000] {processor.py:157} INFO - Started process (PID=1338) to work on /opt/airflow/dags/ETL_Commodity.py
[2023-11-22T07:50:35.157+0000] {processor.py:829} INFO - Processing file /opt/airflow/dags/ETL_Commodity.py for tasks to queue
[2023-11-22T07:50:35.160+0000] {logging_mixin.py:154} INFO - [2023-11-22T07:50:35.159+0000] {dagbag.py:536} INFO - Filling up the DagBag from /opt/airflow/dags/ETL_Commodity.py
[2023-11-22T07:50:35.741+0000] {processor.py:839} INFO - DAG(s) dict_keys(['ETL_Commodity']) retrieved from /opt/airflow/dags/ETL_Commodity.py
[2023-11-22T07:50:35.796+0000] {logging_mixin.py:154} INFO - [2023-11-22T07:50:35.795+0000] {dag.py:2941} INFO - Sync 1 DAGs
[2023-11-22T07:50:35.845+0000] {logging_mixin.py:154} INFO - [2023-11-22T07:50:35.845+0000] {dag.py:3722} INFO - Setting next_dagrun for ETL_Commodity to 2023-11-22T00:00:00+00:00, run_after=2023-11-22T08:00:00+00:00
[2023-11-22T07:50:36.194+0000] {processor.py:179} INFO - Processing /opt/airflow/dags/ETL_Commodity.py took 1.044 seconds
[2023-11-22T07:51:06.614+0000] {processor.py:157} INFO - Started process (PID=1349) to work on /opt/airflow/dags/ETL_Commodity.py
[2023-11-22T07:51:06.616+0000] {processor.py:829} INFO - Processing file /opt/airflow/dags/ETL_Commodity.py for tasks to queue
[2023-11-22T07:51:06.618+0000] {logging_mixin.py:154} INFO - [2023-11-22T07:51:06.618+0000] {dagbag.py:536} INFO - Filling up the DagBag from /opt/airflow/dags/ETL_Commodity.py
[2023-11-22T07:51:07.163+0000] {processor.py:839} INFO - DAG(s) dict_keys(['ETL_Commodity']) retrieved from /opt/airflow/dags/ETL_Commodity.py
[2023-11-22T07:51:07.216+0000] {logging_mixin.py:154} INFO - [2023-11-22T07:51:07.215+0000] {dag.py:2941} INFO - Sync 1 DAGs
[2023-11-22T07:51:07.454+0000] {logging_mixin.py:154} INFO - [2023-11-22T07:51:07.454+0000] {dag.py:3722} INFO - Setting next_dagrun for ETL_Commodity to 2023-11-22T00:00:00+00:00, run_after=2023-11-22T08:00:00+00:00
[2023-11-22T07:51:07.649+0000] {processor.py:179} INFO - Processing /opt/airflow/dags/ETL_Commodity.py took 1.039 seconds
[2023-11-22T07:51:38.340+0000] {processor.py:157} INFO - Started process (PID=1360) to work on /opt/airflow/dags/ETL_Commodity.py
[2023-11-22T07:51:38.343+0000] {processor.py:829} INFO - Processing file /opt/airflow/dags/ETL_Commodity.py for tasks to queue
[2023-11-22T07:51:38.346+0000] {logging_mixin.py:154} INFO - [2023-11-22T07:51:38.345+0000] {dagbag.py:536} INFO - Filling up the DagBag from /opt/airflow/dags/ETL_Commodity.py
[2023-11-22T07:51:38.907+0000] {processor.py:839} INFO - DAG(s) dict_keys(['ETL_Commodity']) retrieved from /opt/airflow/dags/ETL_Commodity.py
[2023-11-22T07:51:38.972+0000] {logging_mixin.py:154} INFO - [2023-11-22T07:51:38.970+0000] {dag.py:2941} INFO - Sync 1 DAGs
[2023-11-22T07:51:39.167+0000] {logging_mixin.py:154} INFO - [2023-11-22T07:51:39.166+0000] {dag.py:3722} INFO - Setting next_dagrun for ETL_Commodity to 2023-11-22T00:00:00+00:00, run_after=2023-11-22T08:00:00+00:00
[2023-11-22T07:51:39.360+0000] {processor.py:179} INFO - Processing /opt/airflow/dags/ETL_Commodity.py took 1.025 seconds
[2023-11-22T07:52:10.156+0000] {processor.py:157} INFO - Started process (PID=1371) to work on /opt/airflow/dags/ETL_Commodity.py
[2023-11-22T07:52:10.159+0000] {processor.py:829} INFO - Processing file /opt/airflow/dags/ETL_Commodity.py for tasks to queue
[2023-11-22T07:52:10.161+0000] {logging_mixin.py:154} INFO - [2023-11-22T07:52:10.160+0000] {dagbag.py:536} INFO - Filling up the DagBag from /opt/airflow/dags/ETL_Commodity.py
[2023-11-22T07:52:10.670+0000] {processor.py:839} INFO - DAG(s) dict_keys(['ETL_Commodity']) retrieved from /opt/airflow/dags/ETL_Commodity.py
[2023-11-22T07:52:10.886+0000] {logging_mixin.py:154} INFO - [2023-11-22T07:52:10.886+0000] {dag.py:2941} INFO - Sync 1 DAGs
[2023-11-22T07:52:10.931+0000] {logging_mixin.py:154} INFO - [2023-11-22T07:52:10.931+0000] {dag.py:3722} INFO - Setting next_dagrun for ETL_Commodity to 2023-11-22T00:00:00+00:00, run_after=2023-11-22T08:00:00+00:00
[2023-11-22T07:52:11.138+0000] {processor.py:179} INFO - Processing /opt/airflow/dags/ETL_Commodity.py took 0.987 seconds
[2023-11-22T07:52:42.506+0000] {processor.py:157} INFO - Started process (PID=1382) to work on /opt/airflow/dags/ETL_Commodity.py
[2023-11-22T07:52:42.508+0000] {processor.py:829} INFO - Processing file /opt/airflow/dags/ETL_Commodity.py for tasks to queue
[2023-11-22T07:52:42.511+0000] {logging_mixin.py:154} INFO - [2023-11-22T07:52:42.511+0000] {dagbag.py:536} INFO - Filling up the DagBag from /opt/airflow/dags/ETL_Commodity.py
[2023-11-22T07:52:43.207+0000] {processor.py:839} INFO - DAG(s) dict_keys(['ETL_Commodity']) retrieved from /opt/airflow/dags/ETL_Commodity.py
[2023-11-22T07:52:43.251+0000] {logging_mixin.py:154} INFO - [2023-11-22T07:52:43.251+0000] {dag.py:2941} INFO - Sync 1 DAGs
[2023-11-22T07:52:43.291+0000] {logging_mixin.py:154} INFO - [2023-11-22T07:52:43.291+0000] {dag.py:3722} INFO - Setting next_dagrun for ETL_Commodity to 2023-11-22T00:00:00+00:00, run_after=2023-11-22T08:00:00+00:00
[2023-11-22T07:52:43.452+0000] {processor.py:179} INFO - Processing /opt/airflow/dags/ETL_Commodity.py took 0.951 seconds
[2023-11-22T07:53:14.392+0000] {processor.py:157} INFO - Started process (PID=1393) to work on /opt/airflow/dags/ETL_Commodity.py
[2023-11-22T07:53:14.395+0000] {processor.py:829} INFO - Processing file /opt/airflow/dags/ETL_Commodity.py for tasks to queue
[2023-11-22T07:53:14.397+0000] {logging_mixin.py:154} INFO - [2023-11-22T07:53:14.397+0000] {dagbag.py:536} INFO - Filling up the DagBag from /opt/airflow/dags/ETL_Commodity.py
[2023-11-22T07:53:15.023+0000] {processor.py:839} INFO - DAG(s) dict_keys(['ETL_Commodity']) retrieved from /opt/airflow/dags/ETL_Commodity.py
[2023-11-22T07:53:15.080+0000] {logging_mixin.py:154} INFO - [2023-11-22T07:53:15.079+0000] {dag.py:2941} INFO - Sync 1 DAGs
[2023-11-22T07:53:15.123+0000] {logging_mixin.py:154} INFO - [2023-11-22T07:53:15.122+0000] {dag.py:3722} INFO - Setting next_dagrun for ETL_Commodity to 2023-11-22T00:00:00+00:00, run_after=2023-11-22T08:00:00+00:00
[2023-11-22T07:53:15.336+0000] {processor.py:179} INFO - Processing /opt/airflow/dags/ETL_Commodity.py took 0.949 seconds
[2023-11-22T07:53:46.157+0000] {processor.py:157} INFO - Started process (PID=1404) to work on /opt/airflow/dags/ETL_Commodity.py
[2023-11-22T07:53:46.160+0000] {processor.py:829} INFO - Processing file /opt/airflow/dags/ETL_Commodity.py for tasks to queue
[2023-11-22T07:53:46.163+0000] {logging_mixin.py:154} INFO - [2023-11-22T07:53:46.162+0000] {dagbag.py:536} INFO - Filling up the DagBag from /opt/airflow/dags/ETL_Commodity.py
[2023-11-22T07:53:46.830+0000] {processor.py:839} INFO - DAG(s) dict_keys(['ETL_Commodity']) retrieved from /opt/airflow/dags/ETL_Commodity.py
[2023-11-22T07:53:46.879+0000] {logging_mixin.py:154} INFO - [2023-11-22T07:53:46.878+0000] {dag.py:2941} INFO - Sync 1 DAGs
[2023-11-22T07:53:46.920+0000] {logging_mixin.py:154} INFO - [2023-11-22T07:53:46.920+0000] {dag.py:3722} INFO - Setting next_dagrun for ETL_Commodity to 2023-11-22T00:00:00+00:00, run_after=2023-11-22T08:00:00+00:00
[2023-11-22T07:53:47.199+0000] {processor.py:179} INFO - Processing /opt/airflow/dags/ETL_Commodity.py took 1.049 seconds
[2023-11-22T07:54:17.765+0000] {processor.py:157} INFO - Started process (PID=1415) to work on /opt/airflow/dags/ETL_Commodity.py
[2023-11-22T07:54:17.767+0000] {processor.py:829} INFO - Processing file /opt/airflow/dags/ETL_Commodity.py for tasks to queue
[2023-11-22T07:54:17.769+0000] {logging_mixin.py:154} INFO - [2023-11-22T07:54:17.768+0000] {dagbag.py:536} INFO - Filling up the DagBag from /opt/airflow/dags/ETL_Commodity.py
[2023-11-22T07:54:18.441+0000] {processor.py:839} INFO - DAG(s) dict_keys(['ETL_Commodity']) retrieved from /opt/airflow/dags/ETL_Commodity.py
[2023-11-22T07:54:18.493+0000] {logging_mixin.py:154} INFO - [2023-11-22T07:54:18.492+0000] {dag.py:2941} INFO - Sync 1 DAGs
[2023-11-22T07:54:18.535+0000] {logging_mixin.py:154} INFO - [2023-11-22T07:54:18.535+0000] {dag.py:3722} INFO - Setting next_dagrun for ETL_Commodity to 2023-11-22T00:00:00+00:00, run_after=2023-11-22T08:00:00+00:00
[2023-11-22T07:54:18.735+0000] {processor.py:179} INFO - Processing /opt/airflow/dags/ETL_Commodity.py took 0.975 seconds
[2023-11-22T07:54:49.280+0000] {processor.py:157} INFO - Started process (PID=1426) to work on /opt/airflow/dags/ETL_Commodity.py
[2023-11-22T07:54:49.282+0000] {processor.py:829} INFO - Processing file /opt/airflow/dags/ETL_Commodity.py for tasks to queue
[2023-11-22T07:54:49.284+0000] {logging_mixin.py:154} INFO - [2023-11-22T07:54:49.284+0000] {dagbag.py:536} INFO - Filling up the DagBag from /opt/airflow/dags/ETL_Commodity.py
[2023-11-22T07:54:49.921+0000] {processor.py:839} INFO - DAG(s) dict_keys(['ETL_Commodity']) retrieved from /opt/airflow/dags/ETL_Commodity.py
[2023-11-22T07:54:49.973+0000] {logging_mixin.py:154} INFO - [2023-11-22T07:54:49.972+0000] {dag.py:2941} INFO - Sync 1 DAGs
[2023-11-22T07:54:50.010+0000] {logging_mixin.py:154} INFO - [2023-11-22T07:54:50.010+0000] {dag.py:3722} INFO - Setting next_dagrun for ETL_Commodity to 2023-11-22T00:00:00+00:00, run_after=2023-11-22T08:00:00+00:00
[2023-11-22T07:54:50.199+0000] {processor.py:179} INFO - Processing /opt/airflow/dags/ETL_Commodity.py took 0.923 seconds
[2023-11-22T07:55:20.498+0000] {processor.py:157} INFO - Started process (PID=1437) to work on /opt/airflow/dags/ETL_Commodity.py
[2023-11-22T07:55:20.500+0000] {processor.py:829} INFO - Processing file /opt/airflow/dags/ETL_Commodity.py for tasks to queue
[2023-11-22T07:55:20.502+0000] {logging_mixin.py:154} INFO - [2023-11-22T07:55:20.501+0000] {dagbag.py:536} INFO - Filling up the DagBag from /opt/airflow/dags/ETL_Commodity.py
[2023-11-22T07:55:21.152+0000] {processor.py:839} INFO - DAG(s) dict_keys(['ETL_Commodity']) retrieved from /opt/airflow/dags/ETL_Commodity.py
[2023-11-22T07:55:21.202+0000] {logging_mixin.py:154} INFO - [2023-11-22T07:55:21.201+0000] {dag.py:2941} INFO - Sync 1 DAGs
[2023-11-22T07:55:21.242+0000] {logging_mixin.py:154} INFO - [2023-11-22T07:55:21.242+0000] {dag.py:3722} INFO - Setting next_dagrun for ETL_Commodity to 2023-11-22T00:00:00+00:00, run_after=2023-11-22T08:00:00+00:00
[2023-11-22T07:55:21.436+0000] {processor.py:179} INFO - Processing /opt/airflow/dags/ETL_Commodity.py took 0.942 seconds
[2023-11-22T07:55:52.734+0000] {processor.py:157} INFO - Started process (PID=1448) to work on /opt/airflow/dags/ETL_Commodity.py
[2023-11-22T07:55:52.736+0000] {processor.py:829} INFO - Processing file /opt/airflow/dags/ETL_Commodity.py for tasks to queue
[2023-11-22T07:55:52.738+0000] {logging_mixin.py:154} INFO - [2023-11-22T07:55:52.737+0000] {dagbag.py:536} INFO - Filling up the DagBag from /opt/airflow/dags/ETL_Commodity.py
[2023-11-22T07:55:53.414+0000] {processor.py:839} INFO - DAG(s) dict_keys(['ETL_Commodity']) retrieved from /opt/airflow/dags/ETL_Commodity.py
[2023-11-22T07:55:53.482+0000] {logging_mixin.py:154} INFO - [2023-11-22T07:55:53.481+0000] {dag.py:2941} INFO - Sync 1 DAGs
[2023-11-22T07:55:53.539+0000] {logging_mixin.py:154} INFO - [2023-11-22T07:55:53.539+0000] {dag.py:3722} INFO - Setting next_dagrun for ETL_Commodity to 2023-11-22T00:00:00+00:00, run_after=2023-11-22T08:00:00+00:00
[2023-11-22T07:55:53.725+0000] {processor.py:179} INFO - Processing /opt/airflow/dags/ETL_Commodity.py took 0.996 seconds
[2023-11-22T07:56:24.446+0000] {processor.py:157} INFO - Started process (PID=1459) to work on /opt/airflow/dags/ETL_Commodity.py
[2023-11-22T07:56:24.448+0000] {processor.py:829} INFO - Processing file /opt/airflow/dags/ETL_Commodity.py for tasks to queue
[2023-11-22T07:56:24.450+0000] {logging_mixin.py:154} INFO - [2023-11-22T07:56:24.449+0000] {dagbag.py:536} INFO - Filling up the DagBag from /opt/airflow/dags/ETL_Commodity.py
[2023-11-22T07:56:25.134+0000] {processor.py:839} INFO - DAG(s) dict_keys(['ETL_Commodity']) retrieved from /opt/airflow/dags/ETL_Commodity.py
[2023-11-22T07:56:25.192+0000] {logging_mixin.py:154} INFO - [2023-11-22T07:56:25.191+0000] {dag.py:2941} INFO - Sync 1 DAGs
[2023-11-22T07:56:25.235+0000] {logging_mixin.py:154} INFO - [2023-11-22T07:56:25.235+0000] {dag.py:3722} INFO - Setting next_dagrun for ETL_Commodity to 2023-11-22T00:00:00+00:00, run_after=2023-11-22T08:00:00+00:00
[2023-11-22T07:56:25.454+0000] {processor.py:179} INFO - Processing /opt/airflow/dags/ETL_Commodity.py took 1.011 seconds
[2023-11-22T07:56:56.431+0000] {processor.py:157} INFO - Started process (PID=1470) to work on /opt/airflow/dags/ETL_Commodity.py
[2023-11-22T07:56:56.433+0000] {processor.py:829} INFO - Processing file /opt/airflow/dags/ETL_Commodity.py for tasks to queue
[2023-11-22T07:56:56.435+0000] {logging_mixin.py:154} INFO - [2023-11-22T07:56:56.435+0000] {dagbag.py:536} INFO - Filling up the DagBag from /opt/airflow/dags/ETL_Commodity.py
[2023-11-22T07:56:57.104+0000] {processor.py:839} INFO - DAG(s) dict_keys(['ETL_Commodity']) retrieved from /opt/airflow/dags/ETL_Commodity.py
[2023-11-22T07:56:57.158+0000] {logging_mixin.py:154} INFO - [2023-11-22T07:56:57.158+0000] {dag.py:2941} INFO - Sync 1 DAGs
[2023-11-22T07:56:57.200+0000] {logging_mixin.py:154} INFO - [2023-11-22T07:56:57.200+0000] {dag.py:3722} INFO - Setting next_dagrun for ETL_Commodity to 2023-11-22T00:00:00+00:00, run_after=2023-11-22T08:00:00+00:00
[2023-11-22T07:56:57.409+0000] {processor.py:179} INFO - Processing /opt/airflow/dags/ETL_Commodity.py took 0.982 seconds
[2023-11-22T07:57:28.364+0000] {processor.py:157} INFO - Started process (PID=1481) to work on /opt/airflow/dags/ETL_Commodity.py
[2023-11-22T07:57:28.366+0000] {processor.py:829} INFO - Processing file /opt/airflow/dags/ETL_Commodity.py for tasks to queue
[2023-11-22T07:57:28.368+0000] {logging_mixin.py:154} INFO - [2023-11-22T07:57:28.368+0000] {dagbag.py:536} INFO - Filling up the DagBag from /opt/airflow/dags/ETL_Commodity.py
[2023-11-22T07:57:29.011+0000] {processor.py:839} INFO - DAG(s) dict_keys(['ETL_Commodity']) retrieved from /opt/airflow/dags/ETL_Commodity.py
[2023-11-22T07:57:29.053+0000] {logging_mixin.py:154} INFO - [2023-11-22T07:57:29.052+0000] {dag.py:2941} INFO - Sync 1 DAGs
[2023-11-22T07:57:29.092+0000] {logging_mixin.py:154} INFO - [2023-11-22T07:57:29.092+0000] {dag.py:3722} INFO - Setting next_dagrun for ETL_Commodity to 2023-11-22T00:00:00+00:00, run_after=2023-11-22T08:00:00+00:00
[2023-11-22T07:57:29.273+0000] {processor.py:179} INFO - Processing /opt/airflow/dags/ETL_Commodity.py took 0.914 seconds
[2023-11-22T07:57:59.761+0000] {processor.py:157} INFO - Started process (PID=1492) to work on /opt/airflow/dags/ETL_Commodity.py
[2023-11-22T07:57:59.763+0000] {processor.py:829} INFO - Processing file /opt/airflow/dags/ETL_Commodity.py for tasks to queue
[2023-11-22T07:57:59.766+0000] {logging_mixin.py:154} INFO - [2023-11-22T07:57:59.765+0000] {dagbag.py:536} INFO - Filling up the DagBag from /opt/airflow/dags/ETL_Commodity.py
[2023-11-22T07:58:00.400+0000] {processor.py:839} INFO - DAG(s) dict_keys(['ETL_Commodity']) retrieved from /opt/airflow/dags/ETL_Commodity.py
[2023-11-22T07:58:00.454+0000] {logging_mixin.py:154} INFO - [2023-11-22T07:58:00.453+0000] {dag.py:2941} INFO - Sync 1 DAGs
[2023-11-22T07:58:00.495+0000] {logging_mixin.py:154} INFO - [2023-11-22T07:58:00.495+0000] {dag.py:3722} INFO - Setting next_dagrun for ETL_Commodity to 2023-11-22T00:00:00+00:00, run_after=2023-11-22T08:00:00+00:00
[2023-11-22T07:58:00.661+0000] {processor.py:179} INFO - Processing /opt/airflow/dags/ETL_Commodity.py took 0.907 seconds
[2023-11-22T07:58:31.694+0000] {processor.py:157} INFO - Started process (PID=1503) to work on /opt/airflow/dags/ETL_Commodity.py
[2023-11-22T07:58:31.696+0000] {processor.py:829} INFO - Processing file /opt/airflow/dags/ETL_Commodity.py for tasks to queue
[2023-11-22T07:58:31.698+0000] {logging_mixin.py:154} INFO - [2023-11-22T07:58:31.697+0000] {dagbag.py:536} INFO - Filling up the DagBag from /opt/airflow/dags/ETL_Commodity.py
[2023-11-22T07:58:32.458+0000] {processor.py:839} INFO - DAG(s) dict_keys(['ETL_Commodity']) retrieved from /opt/airflow/dags/ETL_Commodity.py
[2023-11-22T07:58:32.519+0000] {logging_mixin.py:154} INFO - [2023-11-22T07:58:32.518+0000] {dag.py:2941} INFO - Sync 1 DAGs
[2023-11-22T07:58:32.566+0000] {logging_mixin.py:154} INFO - [2023-11-22T07:58:32.566+0000] {dag.py:3722} INFO - Setting next_dagrun for ETL_Commodity to 2023-11-22T00:00:00+00:00, run_after=2023-11-22T08:00:00+00:00
[2023-11-22T07:58:32.738+0000] {processor.py:179} INFO - Processing /opt/airflow/dags/ETL_Commodity.py took 1.048 seconds
[2023-11-22T07:59:03.582+0000] {processor.py:157} INFO - Started process (PID=1514) to work on /opt/airflow/dags/ETL_Commodity.py
[2023-11-22T07:59:03.584+0000] {processor.py:829} INFO - Processing file /opt/airflow/dags/ETL_Commodity.py for tasks to queue
[2023-11-22T07:59:03.586+0000] {logging_mixin.py:154} INFO - [2023-11-22T07:59:03.586+0000] {dagbag.py:536} INFO - Filling up the DagBag from /opt/airflow/dags/ETL_Commodity.py
[2023-11-22T07:59:04.210+0000] {processor.py:839} INFO - DAG(s) dict_keys(['ETL_Commodity']) retrieved from /opt/airflow/dags/ETL_Commodity.py
[2023-11-22T07:59:04.264+0000] {logging_mixin.py:154} INFO - [2023-11-22T07:59:04.262+0000] {dag.py:2941} INFO - Sync 1 DAGs
[2023-11-22T07:59:04.301+0000] {logging_mixin.py:154} INFO - [2023-11-22T07:59:04.300+0000] {dag.py:3722} INFO - Setting next_dagrun for ETL_Commodity to 2023-11-22T00:00:00+00:00, run_after=2023-11-22T08:00:00+00:00
[2023-11-22T07:59:04.502+0000] {processor.py:179} INFO - Processing /opt/airflow/dags/ETL_Commodity.py took 0.924 seconds
[2023-11-22T07:59:35.610+0000] {processor.py:157} INFO - Started process (PID=1525) to work on /opt/airflow/dags/ETL_Commodity.py
[2023-11-22T07:59:35.611+0000] {processor.py:829} INFO - Processing file /opt/airflow/dags/ETL_Commodity.py for tasks to queue
[2023-11-22T07:59:35.613+0000] {logging_mixin.py:154} INFO - [2023-11-22T07:59:35.612+0000] {dagbag.py:536} INFO - Filling up the DagBag from /opt/airflow/dags/ETL_Commodity.py
[2023-11-22T07:59:36.285+0000] {processor.py:839} INFO - DAG(s) dict_keys(['ETL_Commodity']) retrieved from /opt/airflow/dags/ETL_Commodity.py
[2023-11-22T07:59:36.341+0000] {logging_mixin.py:154} INFO - [2023-11-22T07:59:36.340+0000] {dag.py:2941} INFO - Sync 1 DAGs
[2023-11-22T07:59:36.378+0000] {logging_mixin.py:154} INFO - [2023-11-22T07:59:36.378+0000] {dag.py:3722} INFO - Setting next_dagrun for ETL_Commodity to 2023-11-22T00:00:00+00:00, run_after=2023-11-22T08:00:00+00:00
[2023-11-22T07:59:36.625+0000] {processor.py:179} INFO - Processing /opt/airflow/dags/ETL_Commodity.py took 1.019 seconds
[2023-11-22T08:02:32.440+0000] {processor.py:157} INFO - Started process (PID=2195) to work on /opt/airflow/dags/ETL_Commodity.py
[2023-11-22T08:02:32.442+0000] {processor.py:829} INFO - Processing file /opt/airflow/dags/ETL_Commodity.py for tasks to queue
[2023-11-22T08:02:32.444+0000] {logging_mixin.py:154} INFO - [2023-11-22T08:02:32.444+0000] {dagbag.py:536} INFO - Filling up the DagBag from /opt/airflow/dags/ETL_Commodity.py
[2023-11-22T08:02:33.034+0000] {processor.py:839} INFO - DAG(s) dict_keys(['ETL_Commodity']) retrieved from /opt/airflow/dags/ETL_Commodity.py
[2023-11-22T08:02:33.083+0000] {logging_mixin.py:154} INFO - [2023-11-22T08:02:33.082+0000] {dag.py:2941} INFO - Sync 1 DAGs
[2023-11-22T08:02:33.129+0000] {logging_mixin.py:154} INFO - [2023-11-22T08:02:33.128+0000] {dag.py:3722} INFO - Setting next_dagrun for ETL_Commodity to 2023-11-22T08:00:00+00:00, run_after=2023-11-22T16:00:00+00:00
[2023-11-22T08:02:33.281+0000] {processor.py:179} INFO - Processing /opt/airflow/dags/ETL_Commodity.py took 0.846 seconds
[2023-11-22T08:03:04.148+0000] {processor.py:157} INFO - Started process (PID=2206) to work on /opt/airflow/dags/ETL_Commodity.py
[2023-11-22T08:03:04.150+0000] {processor.py:829} INFO - Processing file /opt/airflow/dags/ETL_Commodity.py for tasks to queue
[2023-11-22T08:03:04.153+0000] {logging_mixin.py:154} INFO - [2023-11-22T08:03:04.152+0000] {dagbag.py:536} INFO - Filling up the DagBag from /opt/airflow/dags/ETL_Commodity.py
[2023-11-22T08:03:04.654+0000] {processor.py:839} INFO - DAG(s) dict_keys(['ETL_Commodity']) retrieved from /opt/airflow/dags/ETL_Commodity.py
[2023-11-22T08:03:04.706+0000] {logging_mixin.py:154} INFO - [2023-11-22T08:03:04.705+0000] {dag.py:2941} INFO - Sync 1 DAGs
[2023-11-22T08:03:04.752+0000] {logging_mixin.py:154} INFO - [2023-11-22T08:03:04.751+0000] {dag.py:3722} INFO - Setting next_dagrun for ETL_Commodity to 2023-11-22T08:00:00+00:00, run_after=2023-11-22T16:00:00+00:00
[2023-11-22T08:03:04.922+0000] {processor.py:179} INFO - Processing /opt/airflow/dags/ETL_Commodity.py took 0.779 seconds
[2023-11-22T08:03:36.135+0000] {processor.py:157} INFO - Started process (PID=2217) to work on /opt/airflow/dags/ETL_Commodity.py
[2023-11-22T08:03:36.138+0000] {processor.py:829} INFO - Processing file /opt/airflow/dags/ETL_Commodity.py for tasks to queue
[2023-11-22T08:03:36.140+0000] {logging_mixin.py:154} INFO - [2023-11-22T08:03:36.140+0000] {dagbag.py:536} INFO - Filling up the DagBag from /opt/airflow/dags/ETL_Commodity.py
[2023-11-22T08:03:36.674+0000] {processor.py:839} INFO - DAG(s) dict_keys(['ETL_Commodity']) retrieved from /opt/airflow/dags/ETL_Commodity.py
[2023-11-22T08:03:36.726+0000] {logging_mixin.py:154} INFO - [2023-11-22T08:03:36.725+0000] {dag.py:2941} INFO - Sync 1 DAGs
[2023-11-22T08:03:36.771+0000] {logging_mixin.py:154} INFO - [2023-11-22T08:03:36.771+0000] {dag.py:3722} INFO - Setting next_dagrun for ETL_Commodity to 2023-11-22T08:00:00+00:00, run_after=2023-11-22T16:00:00+00:00
[2023-11-22T08:03:36.987+0000] {processor.py:179} INFO - Processing /opt/airflow/dags/ETL_Commodity.py took 0.860 seconds
[2023-11-22T08:04:08.734+0000] {processor.py:157} INFO - Started process (PID=2228) to work on /opt/airflow/dags/ETL_Commodity.py
[2023-11-22T08:04:08.736+0000] {processor.py:829} INFO - Processing file /opt/airflow/dags/ETL_Commodity.py for tasks to queue
[2023-11-22T08:04:08.738+0000] {logging_mixin.py:154} INFO - [2023-11-22T08:04:08.737+0000] {dagbag.py:536} INFO - Filling up the DagBag from /opt/airflow/dags/ETL_Commodity.py
[2023-11-22T08:04:09.306+0000] {processor.py:839} INFO - DAG(s) dict_keys(['ETL_Commodity']) retrieved from /opt/airflow/dags/ETL_Commodity.py
[2023-11-22T08:04:09.362+0000] {logging_mixin.py:154} INFO - [2023-11-22T08:04:09.362+0000] {dag.py:2941} INFO - Sync 1 DAGs
[2023-11-22T08:04:09.410+0000] {logging_mixin.py:154} INFO - [2023-11-22T08:04:09.409+0000] {dag.py:3722} INFO - Setting next_dagrun for ETL_Commodity to 2023-11-22T08:00:00+00:00, run_after=2023-11-22T16:00:00+00:00
[2023-11-22T08:04:09.611+0000] {processor.py:179} INFO - Processing /opt/airflow/dags/ETL_Commodity.py took 0.881 seconds
[2023-11-22T08:04:41.056+0000] {processor.py:157} INFO - Started process (PID=2239) to work on /opt/airflow/dags/ETL_Commodity.py
[2023-11-22T08:04:41.058+0000] {processor.py:829} INFO - Processing file /opt/airflow/dags/ETL_Commodity.py for tasks to queue
[2023-11-22T08:04:41.060+0000] {logging_mixin.py:154} INFO - [2023-11-22T08:04:41.060+0000] {dagbag.py:536} INFO - Filling up the DagBag from /opt/airflow/dags/ETL_Commodity.py
[2023-11-22T08:04:41.560+0000] {processor.py:839} INFO - DAG(s) dict_keys(['ETL_Commodity']) retrieved from /opt/airflow/dags/ETL_Commodity.py
[2023-11-22T08:04:41.617+0000] {logging_mixin.py:154} INFO - [2023-11-22T08:04:41.617+0000] {dag.py:2941} INFO - Sync 1 DAGs
[2023-11-22T08:04:41.662+0000] {logging_mixin.py:154} INFO - [2023-11-22T08:04:41.662+0000] {dag.py:3722} INFO - Setting next_dagrun for ETL_Commodity to 2023-11-22T08:00:00+00:00, run_after=2023-11-22T16:00:00+00:00
[2023-11-22T08:04:41.840+0000] {processor.py:179} INFO - Processing /opt/airflow/dags/ETL_Commodity.py took 0.793 seconds
[2023-11-22T08:05:13.489+0000] {processor.py:157} INFO - Started process (PID=2250) to work on /opt/airflow/dags/ETL_Commodity.py
[2023-11-22T08:05:13.491+0000] {processor.py:829} INFO - Processing file /opt/airflow/dags/ETL_Commodity.py for tasks to queue
[2023-11-22T08:05:13.494+0000] {logging_mixin.py:154} INFO - [2023-11-22T08:05:13.493+0000] {dagbag.py:536} INFO - Filling up the DagBag from /opt/airflow/dags/ETL_Commodity.py
[2023-11-22T08:05:14.037+0000] {processor.py:839} INFO - DAG(s) dict_keys(['ETL_Commodity']) retrieved from /opt/airflow/dags/ETL_Commodity.py
[2023-11-22T08:05:14.097+0000] {logging_mixin.py:154} INFO - [2023-11-22T08:05:14.096+0000] {dag.py:2941} INFO - Sync 1 DAGs
[2023-11-22T08:05:14.143+0000] {logging_mixin.py:154} INFO - [2023-11-22T08:05:14.143+0000] {dag.py:3722} INFO - Setting next_dagrun for ETL_Commodity to 2023-11-22T08:00:00+00:00, run_after=2023-11-22T16:00:00+00:00
[2023-11-22T08:05:14.313+0000] {processor.py:179} INFO - Processing /opt/airflow/dags/ETL_Commodity.py took 0.829 seconds
[2023-11-22T08:05:45.245+0000] {processor.py:157} INFO - Started process (PID=2261) to work on /opt/airflow/dags/ETL_Commodity.py
[2023-11-22T08:05:45.247+0000] {processor.py:829} INFO - Processing file /opt/airflow/dags/ETL_Commodity.py for tasks to queue
[2023-11-22T08:05:45.249+0000] {logging_mixin.py:154} INFO - [2023-11-22T08:05:45.249+0000] {dagbag.py:536} INFO - Filling up the DagBag from /opt/airflow/dags/ETL_Commodity.py
[2023-11-22T08:05:45.753+0000] {processor.py:839} INFO - DAG(s) dict_keys(['ETL_Commodity']) retrieved from /opt/airflow/dags/ETL_Commodity.py
[2023-11-22T08:05:45.807+0000] {logging_mixin.py:154} INFO - [2023-11-22T08:05:45.806+0000] {dag.py:2941} INFO - Sync 1 DAGs
[2023-11-22T08:05:45.848+0000] {logging_mixin.py:154} INFO - [2023-11-22T08:05:45.848+0000] {dag.py:3722} INFO - Setting next_dagrun for ETL_Commodity to 2023-11-22T08:00:00+00:00, run_after=2023-11-22T16:00:00+00:00
[2023-11-22T08:05:46.026+0000] {processor.py:179} INFO - Processing /opt/airflow/dags/ETL_Commodity.py took 0.786 seconds
[2023-11-22T08:06:17.363+0000] {processor.py:157} INFO - Started process (PID=2272) to work on /opt/airflow/dags/ETL_Commodity.py
[2023-11-22T08:06:17.365+0000] {processor.py:829} INFO - Processing file /opt/airflow/dags/ETL_Commodity.py for tasks to queue
[2023-11-22T08:06:17.368+0000] {logging_mixin.py:154} INFO - [2023-11-22T08:06:17.367+0000] {dagbag.py:536} INFO - Filling up the DagBag from /opt/airflow/dags/ETL_Commodity.py
[2023-11-22T08:06:17.970+0000] {processor.py:839} INFO - DAG(s) dict_keys(['ETL_Commodity']) retrieved from /opt/airflow/dags/ETL_Commodity.py
[2023-11-22T08:06:18.025+0000] {logging_mixin.py:154} INFO - [2023-11-22T08:06:18.024+0000] {dag.py:2941} INFO - Sync 1 DAGs
[2023-11-22T08:06:18.069+0000] {logging_mixin.py:154} INFO - [2023-11-22T08:06:18.069+0000] {dag.py:3722} INFO - Setting next_dagrun for ETL_Commodity to 2023-11-22T08:00:00+00:00, run_after=2023-11-22T16:00:00+00:00
[2023-11-22T08:06:18.257+0000] {processor.py:179} INFO - Processing /opt/airflow/dags/ETL_Commodity.py took 0.899 seconds
[2023-11-22T08:06:48.919+0000] {processor.py:157} INFO - Started process (PID=2283) to work on /opt/airflow/dags/ETL_Commodity.py
[2023-11-22T08:06:48.922+0000] {processor.py:829} INFO - Processing file /opt/airflow/dags/ETL_Commodity.py for tasks to queue
[2023-11-22T08:06:48.924+0000] {logging_mixin.py:154} INFO - [2023-11-22T08:06:48.924+0000] {dagbag.py:536} INFO - Filling up the DagBag from /opt/airflow/dags/ETL_Commodity.py
[2023-11-22T08:06:49.465+0000] {processor.py:839} INFO - DAG(s) dict_keys(['ETL_Commodity']) retrieved from /opt/airflow/dags/ETL_Commodity.py
[2023-11-22T08:06:49.523+0000] {logging_mixin.py:154} INFO - [2023-11-22T08:06:49.522+0000] {dag.py:2941} INFO - Sync 1 DAGs
[2023-11-22T08:06:49.569+0000] {logging_mixin.py:154} INFO - [2023-11-22T08:06:49.568+0000] {dag.py:3722} INFO - Setting next_dagrun for ETL_Commodity to 2023-11-22T08:00:00+00:00, run_after=2023-11-22T16:00:00+00:00
[2023-11-22T08:06:49.759+0000] {processor.py:179} INFO - Processing /opt/airflow/dags/ETL_Commodity.py took 0.846 seconds
[2023-11-22T08:07:20.925+0000] {processor.py:157} INFO - Started process (PID=2294) to work on /opt/airflow/dags/ETL_Commodity.py
[2023-11-22T08:07:20.927+0000] {processor.py:829} INFO - Processing file /opt/airflow/dags/ETL_Commodity.py for tasks to queue
[2023-11-22T08:07:20.930+0000] {logging_mixin.py:154} INFO - [2023-11-22T08:07:20.929+0000] {dagbag.py:536} INFO - Filling up the DagBag from /opt/airflow/dags/ETL_Commodity.py
[2023-11-22T08:07:21.424+0000] {processor.py:839} INFO - DAG(s) dict_keys(['ETL_Commodity']) retrieved from /opt/airflow/dags/ETL_Commodity.py
[2023-11-22T08:07:21.481+0000] {logging_mixin.py:154} INFO - [2023-11-22T08:07:21.480+0000] {dag.py:2941} INFO - Sync 1 DAGs
[2023-11-22T08:07:21.524+0000] {logging_mixin.py:154} INFO - [2023-11-22T08:07:21.524+0000] {dag.py:3722} INFO - Setting next_dagrun for ETL_Commodity to 2023-11-22T08:00:00+00:00, run_after=2023-11-22T16:00:00+00:00
[2023-11-22T08:07:21.730+0000] {processor.py:179} INFO - Processing /opt/airflow/dags/ETL_Commodity.py took 0.811 seconds
[2023-11-22T08:07:53.339+0000] {processor.py:157} INFO - Started process (PID=2305) to work on /opt/airflow/dags/ETL_Commodity.py
[2023-11-22T08:07:53.341+0000] {processor.py:829} INFO - Processing file /opt/airflow/dags/ETL_Commodity.py for tasks to queue
[2023-11-22T08:07:53.342+0000] {logging_mixin.py:154} INFO - [2023-11-22T08:07:53.342+0000] {dagbag.py:536} INFO - Filling up the DagBag from /opt/airflow/dags/ETL_Commodity.py
[2023-11-22T08:07:53.823+0000] {processor.py:839} INFO - DAG(s) dict_keys(['ETL_Commodity']) retrieved from /opt/airflow/dags/ETL_Commodity.py
[2023-11-22T08:07:53.883+0000] {logging_mixin.py:154} INFO - [2023-11-22T08:07:53.882+0000] {dag.py:2941} INFO - Sync 1 DAGs
[2023-11-22T08:07:53.933+0000] {logging_mixin.py:154} INFO - [2023-11-22T08:07:53.933+0000] {dag.py:3722} INFO - Setting next_dagrun for ETL_Commodity to 2023-11-22T08:00:00+00:00, run_after=2023-11-22T16:00:00+00:00
[2023-11-22T08:07:54.115+0000] {processor.py:179} INFO - Processing /opt/airflow/dags/ETL_Commodity.py took 0.780 seconds
[2023-11-22T08:08:25.196+0000] {processor.py:157} INFO - Started process (PID=2316) to work on /opt/airflow/dags/ETL_Commodity.py
[2023-11-22T08:08:25.198+0000] {processor.py:829} INFO - Processing file /opt/airflow/dags/ETL_Commodity.py for tasks to queue
[2023-11-22T08:08:25.200+0000] {logging_mixin.py:154} INFO - [2023-11-22T08:08:25.200+0000] {dagbag.py:536} INFO - Filling up the DagBag from /opt/airflow/dags/ETL_Commodity.py
[2023-11-22T08:08:25.662+0000] {processor.py:839} INFO - DAG(s) dict_keys(['ETL_Commodity']) retrieved from /opt/airflow/dags/ETL_Commodity.py
[2023-11-22T08:08:25.719+0000] {logging_mixin.py:154} INFO - [2023-11-22T08:08:25.718+0000] {dag.py:2941} INFO - Sync 1 DAGs
[2023-11-22T08:08:25.763+0000] {logging_mixin.py:154} INFO - [2023-11-22T08:08:25.763+0000] {dag.py:3722} INFO - Setting next_dagrun for ETL_Commodity to 2023-11-22T08:00:00+00:00, run_after=2023-11-22T16:00:00+00:00
[2023-11-22T08:08:25.961+0000] {processor.py:179} INFO - Processing /opt/airflow/dags/ETL_Commodity.py took 0.769 seconds
[2023-11-22T08:08:57.366+0000] {processor.py:157} INFO - Started process (PID=2327) to work on /opt/airflow/dags/ETL_Commodity.py
[2023-11-22T08:08:57.368+0000] {processor.py:829} INFO - Processing file /opt/airflow/dags/ETL_Commodity.py for tasks to queue
[2023-11-22T08:08:57.371+0000] {logging_mixin.py:154} INFO - [2023-11-22T08:08:57.370+0000] {dagbag.py:536} INFO - Filling up the DagBag from /opt/airflow/dags/ETL_Commodity.py
[2023-11-22T08:08:57.863+0000] {processor.py:839} INFO - DAG(s) dict_keys(['ETL_Commodity']) retrieved from /opt/airflow/dags/ETL_Commodity.py
[2023-11-22T08:08:57.910+0000] {logging_mixin.py:154} INFO - [2023-11-22T08:08:57.909+0000] {dag.py:2941} INFO - Sync 1 DAGs
[2023-11-22T08:08:57.950+0000] {logging_mixin.py:154} INFO - [2023-11-22T08:08:57.950+0000] {dag.py:3722} INFO - Setting next_dagrun for ETL_Commodity to 2023-11-22T08:00:00+00:00, run_after=2023-11-22T16:00:00+00:00
[2023-11-22T08:08:58.176+0000] {processor.py:179} INFO - Processing /opt/airflow/dags/ETL_Commodity.py took 0.816 seconds
[2023-11-22T08:09:29.308+0000] {processor.py:157} INFO - Started process (PID=2338) to work on /opt/airflow/dags/ETL_Commodity.py
[2023-11-22T08:09:29.311+0000] {processor.py:829} INFO - Processing file /opt/airflow/dags/ETL_Commodity.py for tasks to queue
[2023-11-22T08:09:29.313+0000] {logging_mixin.py:154} INFO - [2023-11-22T08:09:29.313+0000] {dagbag.py:536} INFO - Filling up the DagBag from /opt/airflow/dags/ETL_Commodity.py
[2023-11-22T08:09:29.887+0000] {processor.py:839} INFO - DAG(s) dict_keys(['ETL_Commodity']) retrieved from /opt/airflow/dags/ETL_Commodity.py
[2023-11-22T08:09:29.941+0000] {logging_mixin.py:154} INFO - [2023-11-22T08:09:29.940+0000] {dag.py:2941} INFO - Sync 1 DAGs
[2023-11-22T08:09:29.987+0000] {logging_mixin.py:154} INFO - [2023-11-22T08:09:29.986+0000] {dag.py:3722} INFO - Setting next_dagrun for ETL_Commodity to 2023-11-22T08:00:00+00:00, run_after=2023-11-22T16:00:00+00:00
[2023-11-22T08:09:30.187+0000] {processor.py:179} INFO - Processing /opt/airflow/dags/ETL_Commodity.py took 0.884 seconds
[2023-11-22T08:10:00.938+0000] {processor.py:157} INFO - Started process (PID=2349) to work on /opt/airflow/dags/ETL_Commodity.py
[2023-11-22T08:10:00.940+0000] {processor.py:829} INFO - Processing file /opt/airflow/dags/ETL_Commodity.py for tasks to queue
[2023-11-22T08:10:00.943+0000] {logging_mixin.py:154} INFO - [2023-11-22T08:10:00.942+0000] {dagbag.py:536} INFO - Filling up the DagBag from /opt/airflow/dags/ETL_Commodity.py
[2023-11-22T08:10:01.647+0000] {processor.py:839} INFO - DAG(s) dict_keys(['ETL_Commodity']) retrieved from /opt/airflow/dags/ETL_Commodity.py
[2023-11-22T08:10:01.715+0000] {logging_mixin.py:154} INFO - [2023-11-22T08:10:01.713+0000] {dag.py:2941} INFO - Sync 1 DAGs
[2023-11-22T08:10:01.775+0000] {logging_mixin.py:154} INFO - [2023-11-22T08:10:01.774+0000] {dag.py:3722} INFO - Setting next_dagrun for ETL_Commodity to 2023-11-22T08:00:00+00:00, run_after=2023-11-22T16:00:00+00:00
[2023-11-22T08:10:01.988+0000] {processor.py:179} INFO - Processing /opt/airflow/dags/ETL_Commodity.py took 1.054 seconds
[2023-11-22T08:10:32.803+0000] {processor.py:157} INFO - Started process (PID=2360) to work on /opt/airflow/dags/ETL_Commodity.py
[2023-11-22T08:10:32.805+0000] {processor.py:829} INFO - Processing file /opt/airflow/dags/ETL_Commodity.py for tasks to queue
[2023-11-22T08:10:32.807+0000] {logging_mixin.py:154} INFO - [2023-11-22T08:10:32.807+0000] {dagbag.py:536} INFO - Filling up the DagBag from /opt/airflow/dags/ETL_Commodity.py
[2023-11-22T08:10:33.322+0000] {processor.py:839} INFO - DAG(s) dict_keys(['ETL_Commodity']) retrieved from /opt/airflow/dags/ETL_Commodity.py
[2023-11-22T08:10:33.370+0000] {logging_mixin.py:154} INFO - [2023-11-22T08:10:33.369+0000] {dag.py:2941} INFO - Sync 1 DAGs
[2023-11-22T08:10:33.410+0000] {logging_mixin.py:154} INFO - [2023-11-22T08:10:33.409+0000] {dag.py:3722} INFO - Setting next_dagrun for ETL_Commodity to 2023-11-22T08:00:00+00:00, run_after=2023-11-22T16:00:00+00:00
[2023-11-22T08:10:33.589+0000] {processor.py:179} INFO - Processing /opt/airflow/dags/ETL_Commodity.py took 0.791 seconds
[2023-11-22T08:11:04.248+0000] {processor.py:157} INFO - Started process (PID=2371) to work on /opt/airflow/dags/ETL_Commodity.py
[2023-11-22T08:11:04.250+0000] {processor.py:829} INFO - Processing file /opt/airflow/dags/ETL_Commodity.py for tasks to queue
[2023-11-22T08:11:04.252+0000] {logging_mixin.py:154} INFO - [2023-11-22T08:11:04.251+0000] {dagbag.py:536} INFO - Filling up the DagBag from /opt/airflow/dags/ETL_Commodity.py
[2023-11-22T08:11:04.728+0000] {processor.py:839} INFO - DAG(s) dict_keys(['ETL_Commodity']) retrieved from /opt/airflow/dags/ETL_Commodity.py
[2023-11-22T08:11:04.779+0000] {logging_mixin.py:154} INFO - [2023-11-22T08:11:04.778+0000] {dag.py:2941} INFO - Sync 1 DAGs
[2023-11-22T08:11:04.818+0000] {logging_mixin.py:154} INFO - [2023-11-22T08:11:04.818+0000] {dag.py:3722} INFO - Setting next_dagrun for ETL_Commodity to 2023-11-22T08:00:00+00:00, run_after=2023-11-22T16:00:00+00:00
[2023-11-22T08:11:04.960+0000] {processor.py:179} INFO - Processing /opt/airflow/dags/ETL_Commodity.py took 0.717 seconds
[2023-11-22T08:11:35.497+0000] {processor.py:157} INFO - Started process (PID=2382) to work on /opt/airflow/dags/ETL_Commodity.py
[2023-11-22T08:11:35.499+0000] {processor.py:829} INFO - Processing file /opt/airflow/dags/ETL_Commodity.py for tasks to queue
[2023-11-22T08:11:35.501+0000] {logging_mixin.py:154} INFO - [2023-11-22T08:11:35.500+0000] {dagbag.py:536} INFO - Filling up the DagBag from /opt/airflow/dags/ETL_Commodity.py
[2023-11-22T08:11:36.048+0000] {processor.py:839} INFO - DAG(s) dict_keys(['ETL_Commodity']) retrieved from /opt/airflow/dags/ETL_Commodity.py
[2023-11-22T08:11:36.106+0000] {logging_mixin.py:154} INFO - [2023-11-22T08:11:36.105+0000] {dag.py:2941} INFO - Sync 1 DAGs
[2023-11-22T08:11:36.149+0000] {logging_mixin.py:154} INFO - [2023-11-22T08:11:36.149+0000] {dag.py:3722} INFO - Setting next_dagrun for ETL_Commodity to 2023-11-22T08:00:00+00:00, run_after=2023-11-22T16:00:00+00:00
[2023-11-22T08:11:36.366+0000] {processor.py:179} INFO - Processing /opt/airflow/dags/ETL_Commodity.py took 0.873 seconds
[2023-11-22T08:12:08.584+0000] {processor.py:157} INFO - Started process (PID=2393) to work on /opt/airflow/dags/ETL_Commodity.py
[2023-11-22T08:12:08.586+0000] {processor.py:829} INFO - Processing file /opt/airflow/dags/ETL_Commodity.py for tasks to queue
[2023-11-22T08:12:08.589+0000] {logging_mixin.py:154} INFO - [2023-11-22T08:12:08.588+0000] {dagbag.py:536} INFO - Filling up the DagBag from /opt/airflow/dags/ETL_Commodity.py
[2023-11-22T08:12:09.065+0000] {processor.py:839} INFO - DAG(s) dict_keys(['ETL_Commodity']) retrieved from /opt/airflow/dags/ETL_Commodity.py
[2023-11-22T08:12:09.116+0000] {logging_mixin.py:154} INFO - [2023-11-22T08:12:09.115+0000] {dag.py:2941} INFO - Sync 1 DAGs
[2023-11-22T08:12:09.158+0000] {logging_mixin.py:154} INFO - [2023-11-22T08:12:09.158+0000] {dag.py:3722} INFO - Setting next_dagrun for ETL_Commodity to 2023-11-22T08:00:00+00:00, run_after=2023-11-22T16:00:00+00:00
[2023-11-22T08:12:09.373+0000] {processor.py:179} INFO - Processing /opt/airflow/dags/ETL_Commodity.py took 0.793 seconds
[2023-11-22T08:12:40.338+0000] {processor.py:157} INFO - Started process (PID=2404) to work on /opt/airflow/dags/ETL_Commodity.py
[2023-11-22T08:12:40.340+0000] {processor.py:829} INFO - Processing file /opt/airflow/dags/ETL_Commodity.py for tasks to queue
[2023-11-22T08:12:40.343+0000] {logging_mixin.py:154} INFO - [2023-11-22T08:12:40.342+0000] {dagbag.py:536} INFO - Filling up the DagBag from /opt/airflow/dags/ETL_Commodity.py
[2023-11-22T08:12:41.211+0000] {processor.py:839} INFO - DAG(s) dict_keys(['ETL_Commodity']) retrieved from /opt/airflow/dags/ETL_Commodity.py
[2023-11-22T08:12:41.288+0000] {logging_mixin.py:154} INFO - [2023-11-22T08:12:41.287+0000] {dag.py:2941} INFO - Sync 1 DAGs
[2023-11-22T08:12:41.362+0000] {logging_mixin.py:154} INFO - [2023-11-22T08:12:41.361+0000] {dag.py:3722} INFO - Setting next_dagrun for ETL_Commodity to 2023-11-22T08:00:00+00:00, run_after=2023-11-22T16:00:00+00:00
[2023-11-22T08:12:41.579+0000] {processor.py:179} INFO - Processing /opt/airflow/dags/ETL_Commodity.py took 1.247 seconds
[2023-11-22T08:13:12.410+0000] {processor.py:157} INFO - Started process (PID=2415) to work on /opt/airflow/dags/ETL_Commodity.py
[2023-11-22T08:13:12.412+0000] {processor.py:829} INFO - Processing file /opt/airflow/dags/ETL_Commodity.py for tasks to queue
[2023-11-22T08:13:12.414+0000] {logging_mixin.py:154} INFO - [2023-11-22T08:13:12.413+0000] {dagbag.py:536} INFO - Filling up the DagBag from /opt/airflow/dags/ETL_Commodity.py
[2023-11-22T08:13:13.114+0000] {processor.py:839} INFO - DAG(s) dict_keys(['ETL_Commodity']) retrieved from /opt/airflow/dags/ETL_Commodity.py
[2023-11-22T08:13:13.183+0000] {logging_mixin.py:154} INFO - [2023-11-22T08:13:13.182+0000] {dag.py:2941} INFO - Sync 1 DAGs
[2023-11-22T08:13:13.251+0000] {logging_mixin.py:154} INFO - [2023-11-22T08:13:13.251+0000] {dag.py:3722} INFO - Setting next_dagrun for ETL_Commodity to 2023-11-22T08:00:00+00:00, run_after=2023-11-22T16:00:00+00:00
[2023-11-22T08:13:13.470+0000] {processor.py:179} INFO - Processing /opt/airflow/dags/ETL_Commodity.py took 1.066 seconds
[2023-11-22T08:13:44.643+0000] {processor.py:157} INFO - Started process (PID=2426) to work on /opt/airflow/dags/ETL_Commodity.py
[2023-11-22T08:13:44.645+0000] {processor.py:829} INFO - Processing file /opt/airflow/dags/ETL_Commodity.py for tasks to queue
[2023-11-22T08:13:44.647+0000] {logging_mixin.py:154} INFO - [2023-11-22T08:13:44.647+0000] {dagbag.py:536} INFO - Filling up the DagBag from /opt/airflow/dags/ETL_Commodity.py
[2023-11-22T08:13:45.381+0000] {processor.py:839} INFO - DAG(s) dict_keys(['ETL_Commodity']) retrieved from /opt/airflow/dags/ETL_Commodity.py
[2023-11-22T08:13:45.432+0000] {logging_mixin.py:154} INFO - [2023-11-22T08:13:45.432+0000] {dag.py:2941} INFO - Sync 1 DAGs
[2023-11-22T08:13:45.473+0000] {logging_mixin.py:154} INFO - [2023-11-22T08:13:45.473+0000] {dag.py:3722} INFO - Setting next_dagrun for ETL_Commodity to 2023-11-22T08:00:00+00:00, run_after=2023-11-22T16:00:00+00:00
[2023-11-22T08:13:45.662+0000] {processor.py:179} INFO - Processing /opt/airflow/dags/ETL_Commodity.py took 1.024 seconds
