[2023-11-22T07:24:58.684+0000] {processor.py:157} INFO - Started process (PID=267) to work on /opt/airflow/dags/ETL_WorldIndices.py
[2023-11-22T07:24:58.687+0000] {processor.py:829} INFO - Processing file /opt/airflow/dags/ETL_WorldIndices.py for tasks to queue
[2023-11-22T07:24:58.689+0000] {logging_mixin.py:154} INFO - [2023-11-22T07:24:58.688+0000] {dagbag.py:536} INFO - Filling up the DagBag from /opt/airflow/dags/ETL_WorldIndices.py
[2023-11-22T07:24:59.234+0000] {logging_mixin.py:154} INFO - [2023-11-22T07:24:59.212+0000] {dagbag.py:346} ERROR - Failed to import: /opt/airflow/dags/ETL_WorldIndices.py
Traceback (most recent call last):
  File "/home/airflow/.local/lib/python3.8/site-packages/airflow/models/dagbag.py", line 342, in parse
    loader.exec_module(new_module)
  File "<frozen importlib._bootstrap_external>", line 843, in exec_module
  File "<frozen importlib._bootstrap>", line 219, in _call_with_frames_removed
  File "/opt/airflow/dags/ETL_WorldIndices.py", line 10, in <module>
    import yfinance as yf
ModuleNotFoundError: No module named 'yfinance'
[2023-11-22T07:24:59.242+0000] {processor.py:841} WARNING - No viable dags retrieved from /opt/airflow/dags/ETL_WorldIndices.py
[2023-11-22T07:24:59.355+0000] {processor.py:179} INFO - Processing /opt/airflow/dags/ETL_WorldIndices.py took 0.675 seconds
[2023-11-22T07:25:30.546+0000] {processor.py:157} INFO - Started process (PID=278) to work on /opt/airflow/dags/ETL_WorldIndices.py
[2023-11-22T07:25:30.549+0000] {processor.py:829} INFO - Processing file /opt/airflow/dags/ETL_WorldIndices.py for tasks to queue
[2023-11-22T07:25:30.550+0000] {logging_mixin.py:154} INFO - [2023-11-22T07:25:30.550+0000] {dagbag.py:536} INFO - Filling up the DagBag from /opt/airflow/dags/ETL_WorldIndices.py
[2023-11-22T07:25:31.005+0000] {logging_mixin.py:154} INFO - [2023-11-22T07:25:30.984+0000] {dagbag.py:346} ERROR - Failed to import: /opt/airflow/dags/ETL_WorldIndices.py
Traceback (most recent call last):
  File "/home/airflow/.local/lib/python3.8/site-packages/airflow/models/dagbag.py", line 342, in parse
    loader.exec_module(new_module)
  File "<frozen importlib._bootstrap_external>", line 843, in exec_module
  File "<frozen importlib._bootstrap>", line 219, in _call_with_frames_removed
  File "/opt/airflow/dags/ETL_WorldIndices.py", line 10, in <module>
    import yfinance as yf
ModuleNotFoundError: No module named 'yfinance'
[2023-11-22T07:25:31.013+0000] {processor.py:841} WARNING - No viable dags retrieved from /opt/airflow/dags/ETL_WorldIndices.py
[2023-11-22T07:25:31.117+0000] {processor.py:179} INFO - Processing /opt/airflow/dags/ETL_WorldIndices.py took 0.574 seconds
[2023-11-22T07:26:02.327+0000] {processor.py:157} INFO - Started process (PID=289) to work on /opt/airflow/dags/ETL_WorldIndices.py
[2023-11-22T07:26:02.330+0000] {processor.py:829} INFO - Processing file /opt/airflow/dags/ETL_WorldIndices.py for tasks to queue
[2023-11-22T07:26:02.332+0000] {logging_mixin.py:154} INFO - [2023-11-22T07:26:02.332+0000] {dagbag.py:536} INFO - Filling up the DagBag from /opt/airflow/dags/ETL_WorldIndices.py
[2023-11-22T07:26:02.896+0000] {logging_mixin.py:154} INFO - [2023-11-22T07:26:02.874+0000] {dagbag.py:346} ERROR - Failed to import: /opt/airflow/dags/ETL_WorldIndices.py
Traceback (most recent call last):
  File "/home/airflow/.local/lib/python3.8/site-packages/airflow/models/dagbag.py", line 342, in parse
    loader.exec_module(new_module)
  File "<frozen importlib._bootstrap_external>", line 843, in exec_module
  File "<frozen importlib._bootstrap>", line 219, in _call_with_frames_removed
  File "/opt/airflow/dags/ETL_WorldIndices.py", line 10, in <module>
    import yfinance as yf
ModuleNotFoundError: No module named 'yfinance'
[2023-11-22T07:26:02.905+0000] {processor.py:841} WARNING - No viable dags retrieved from /opt/airflow/dags/ETL_WorldIndices.py
[2023-11-22T07:26:03.028+0000] {processor.py:179} INFO - Processing /opt/airflow/dags/ETL_WorldIndices.py took 0.707 seconds
[2023-11-22T07:26:33.521+0000] {processor.py:157} INFO - Started process (PID=300) to work on /opt/airflow/dags/ETL_WorldIndices.py
[2023-11-22T07:26:33.523+0000] {processor.py:829} INFO - Processing file /opt/airflow/dags/ETL_WorldIndices.py for tasks to queue
[2023-11-22T07:26:33.525+0000] {logging_mixin.py:154} INFO - [2023-11-22T07:26:33.525+0000] {dagbag.py:536} INFO - Filling up the DagBag from /opt/airflow/dags/ETL_WorldIndices.py
[2023-11-22T07:26:34.059+0000] {logging_mixin.py:154} INFO - [2023-11-22T07:26:34.044+0000] {dagbag.py:346} ERROR - Failed to import: /opt/airflow/dags/ETL_WorldIndices.py
Traceback (most recent call last):
  File "/home/airflow/.local/lib/python3.8/site-packages/airflow/models/dagbag.py", line 342, in parse
    loader.exec_module(new_module)
  File "<frozen importlib._bootstrap_external>", line 843, in exec_module
  File "<frozen importlib._bootstrap>", line 219, in _call_with_frames_removed
  File "/opt/airflow/dags/ETL_WorldIndices.py", line 10, in <module>
    import yfinance as yf
ModuleNotFoundError: No module named 'yfinance'
[2023-11-22T07:26:34.064+0000] {processor.py:841} WARNING - No viable dags retrieved from /opt/airflow/dags/ETL_WorldIndices.py
[2023-11-22T07:26:34.197+0000] {processor.py:179} INFO - Processing /opt/airflow/dags/ETL_WorldIndices.py took 0.680 seconds
[2023-11-22T07:27:05.033+0000] {processor.py:157} INFO - Started process (PID=311) to work on /opt/airflow/dags/ETL_WorldIndices.py
[2023-11-22T07:27:05.034+0000] {processor.py:829} INFO - Processing file /opt/airflow/dags/ETL_WorldIndices.py for tasks to queue
[2023-11-22T07:27:05.036+0000] {logging_mixin.py:154} INFO - [2023-11-22T07:27:05.036+0000] {dagbag.py:536} INFO - Filling up the DagBag from /opt/airflow/dags/ETL_WorldIndices.py
[2023-11-22T07:27:05.737+0000] {logging_mixin.py:154} INFO - [2023-11-22T07:27:05.714+0000] {dagbag.py:346} ERROR - Failed to import: /opt/airflow/dags/ETL_WorldIndices.py
Traceback (most recent call last):
  File "/home/airflow/.local/lib/python3.8/site-packages/airflow/models/dagbag.py", line 342, in parse
    loader.exec_module(new_module)
  File "<frozen importlib._bootstrap_external>", line 843, in exec_module
  File "<frozen importlib._bootstrap>", line 219, in _call_with_frames_removed
  File "/opt/airflow/dags/ETL_WorldIndices.py", line 10, in <module>
    import yfinance as yf
ModuleNotFoundError: No module named 'yfinance'
[2023-11-22T07:27:05.747+0000] {processor.py:841} WARNING - No viable dags retrieved from /opt/airflow/dags/ETL_WorldIndices.py
[2023-11-22T07:27:05.874+0000] {processor.py:179} INFO - Processing /opt/airflow/dags/ETL_WorldIndices.py took 0.845 seconds
[2023-11-22T07:27:36.843+0000] {processor.py:157} INFO - Started process (PID=322) to work on /opt/airflow/dags/ETL_WorldIndices.py
[2023-11-22T07:27:36.846+0000] {processor.py:829} INFO - Processing file /opt/airflow/dags/ETL_WorldIndices.py for tasks to queue
[2023-11-22T07:27:36.849+0000] {logging_mixin.py:154} INFO - [2023-11-22T07:27:36.848+0000] {dagbag.py:536} INFO - Filling up the DagBag from /opt/airflow/dags/ETL_WorldIndices.py
[2023-11-22T07:27:37.598+0000] {logging_mixin.py:154} INFO - [2023-11-22T07:27:37.581+0000] {dagbag.py:346} ERROR - Failed to import: /opt/airflow/dags/ETL_WorldIndices.py
Traceback (most recent call last):
  File "/home/airflow/.local/lib/python3.8/site-packages/airflow/models/dagbag.py", line 342, in parse
    loader.exec_module(new_module)
  File "<frozen importlib._bootstrap_external>", line 843, in exec_module
  File "<frozen importlib._bootstrap>", line 219, in _call_with_frames_removed
  File "/opt/airflow/dags/ETL_WorldIndices.py", line 10, in <module>
    import yfinance as yf
ModuleNotFoundError: No module named 'yfinance'
[2023-11-22T07:27:37.605+0000] {processor.py:841} WARNING - No viable dags retrieved from /opt/airflow/dags/ETL_WorldIndices.py
[2023-11-22T07:27:37.707+0000] {processor.py:179} INFO - Processing /opt/airflow/dags/ETL_WorldIndices.py took 0.871 seconds
[2023-11-22T07:28:22.609+0000] {processor.py:157} INFO - Started process (PID=204) to work on /opt/airflow/dags/ETL_WorldIndices.py
[2023-11-22T07:28:22.611+0000] {processor.py:829} INFO - Processing file /opt/airflow/dags/ETL_WorldIndices.py for tasks to queue
[2023-11-22T07:28:22.613+0000] {logging_mixin.py:154} INFO - [2023-11-22T07:28:22.613+0000] {dagbag.py:536} INFO - Filling up the DagBag from /opt/airflow/dags/ETL_WorldIndices.py
[2023-11-22T07:28:23.481+0000] {processor.py:839} INFO - DAG(s) dict_keys(['ETL_WorldIndices']) retrieved from /opt/airflow/dags/ETL_WorldIndices.py
[2023-11-22T07:28:23.512+0000] {logging_mixin.py:154} INFO - [2023-11-22T07:28:23.511+0000] {dag.py:2941} INFO - Sync 1 DAGs
[2023-11-22T07:28:23.559+0000] {logging_mixin.py:154} INFO - [2023-11-22T07:28:23.559+0000] {dag.py:3722} INFO - Setting next_dagrun for ETL_WorldIndices to 2023-11-21T16:00:00+00:00, run_after=2023-11-22T00:00:00+00:00
[2023-11-22T07:28:23.802+0000] {processor.py:179} INFO - Processing /opt/airflow/dags/ETL_WorldIndices.py took 1.197 seconds
[2023-11-22T07:28:54.832+0000] {processor.py:157} INFO - Started process (PID=277) to work on /opt/airflow/dags/ETL_WorldIndices.py
[2023-11-22T07:28:54.834+0000] {processor.py:829} INFO - Processing file /opt/airflow/dags/ETL_WorldIndices.py for tasks to queue
[2023-11-22T07:28:54.835+0000] {logging_mixin.py:154} INFO - [2023-11-22T07:28:54.835+0000] {dagbag.py:536} INFO - Filling up the DagBag from /opt/airflow/dags/ETL_WorldIndices.py
[2023-11-22T07:28:55.924+0000] {processor.py:839} INFO - DAG(s) dict_keys(['ETL_WorldIndices']) retrieved from /opt/airflow/dags/ETL_WorldIndices.py
[2023-11-22T07:28:55.969+0000] {logging_mixin.py:154} INFO - [2023-11-22T07:28:55.968+0000] {dag.py:2941} INFO - Sync 1 DAGs
[2023-11-22T07:28:56.014+0000] {logging_mixin.py:154} INFO - [2023-11-22T07:28:56.014+0000] {dag.py:3722} INFO - Setting next_dagrun for ETL_WorldIndices to 2023-11-21T16:00:00+00:00, run_after=2023-11-22T00:00:00+00:00
[2023-11-22T07:28:56.216+0000] {processor.py:179} INFO - Processing /opt/airflow/dags/ETL_WorldIndices.py took 1.390 seconds
[2023-11-22T07:29:27.031+0000] {processor.py:157} INFO - Started process (PID=288) to work on /opt/airflow/dags/ETL_WorldIndices.py
[2023-11-22T07:29:27.033+0000] {processor.py:829} INFO - Processing file /opt/airflow/dags/ETL_WorldIndices.py for tasks to queue
[2023-11-22T07:29:27.035+0000] {logging_mixin.py:154} INFO - [2023-11-22T07:29:27.034+0000] {dagbag.py:536} INFO - Filling up the DagBag from /opt/airflow/dags/ETL_WorldIndices.py
[2023-11-22T07:29:27.925+0000] {processor.py:839} INFO - DAG(s) dict_keys(['ETL_WorldIndices']) retrieved from /opt/airflow/dags/ETL_WorldIndices.py
[2023-11-22T07:29:27.977+0000] {logging_mixin.py:154} INFO - [2023-11-22T07:29:27.977+0000] {dag.py:2941} INFO - Sync 1 DAGs
[2023-11-22T07:29:28.020+0000] {logging_mixin.py:154} INFO - [2023-11-22T07:29:28.019+0000] {dag.py:3722} INFO - Setting next_dagrun for ETL_WorldIndices to 2023-11-21T16:00:00+00:00, run_after=2023-11-22T00:00:00+00:00
[2023-11-22T07:29:28.208+0000] {processor.py:179} INFO - Processing /opt/airflow/dags/ETL_WorldIndices.py took 1.181 seconds
[2023-11-22T07:29:58.505+0000] {processor.py:157} INFO - Started process (PID=299) to work on /opt/airflow/dags/ETL_WorldIndices.py
[2023-11-22T07:29:58.507+0000] {processor.py:829} INFO - Processing file /opt/airflow/dags/ETL_WorldIndices.py for tasks to queue
[2023-11-22T07:29:58.509+0000] {logging_mixin.py:154} INFO - [2023-11-22T07:29:58.508+0000] {dagbag.py:536} INFO - Filling up the DagBag from /opt/airflow/dags/ETL_WorldIndices.py
[2023-11-22T07:29:59.727+0000] {processor.py:839} INFO - DAG(s) dict_keys(['ETL_WorldIndices']) retrieved from /opt/airflow/dags/ETL_WorldIndices.py
[2023-11-22T07:29:59.792+0000] {logging_mixin.py:154} INFO - [2023-11-22T07:29:59.791+0000] {dag.py:2941} INFO - Sync 1 DAGs
[2023-11-22T07:29:59.853+0000] {logging_mixin.py:154} INFO - [2023-11-22T07:29:59.852+0000] {dag.py:3722} INFO - Setting next_dagrun for ETL_WorldIndices to 2023-11-21T16:00:00+00:00, run_after=2023-11-22T00:00:00+00:00
[2023-11-22T07:30:00.043+0000] {processor.py:179} INFO - Processing /opt/airflow/dags/ETL_WorldIndices.py took 1.543 seconds
[2023-11-22T07:30:31.112+0000] {processor.py:157} INFO - Started process (PID=310) to work on /opt/airflow/dags/ETL_WorldIndices.py
[2023-11-22T07:30:31.115+0000] {processor.py:829} INFO - Processing file /opt/airflow/dags/ETL_WorldIndices.py for tasks to queue
[2023-11-22T07:30:31.117+0000] {logging_mixin.py:154} INFO - [2023-11-22T07:30:31.116+0000] {dagbag.py:536} INFO - Filling up the DagBag from /opt/airflow/dags/ETL_WorldIndices.py
[2023-11-22T07:30:32.012+0000] {processor.py:839} INFO - DAG(s) dict_keys(['ETL_WorldIndices']) retrieved from /opt/airflow/dags/ETL_WorldIndices.py
[2023-11-22T07:30:32.064+0000] {logging_mixin.py:154} INFO - [2023-11-22T07:30:32.064+0000] {dag.py:2941} INFO - Sync 1 DAGs
[2023-11-22T07:30:32.108+0000] {logging_mixin.py:154} INFO - [2023-11-22T07:30:32.108+0000] {dag.py:3722} INFO - Setting next_dagrun for ETL_WorldIndices to 2023-11-21T16:00:00+00:00, run_after=2023-11-22T00:00:00+00:00
[2023-11-22T07:30:32.289+0000] {processor.py:179} INFO - Processing /opt/airflow/dags/ETL_WorldIndices.py took 1.182 seconds
[2023-11-22T07:31:02.909+0000] {processor.py:157} INFO - Started process (PID=321) to work on /opt/airflow/dags/ETL_WorldIndices.py
[2023-11-22T07:31:02.912+0000] {processor.py:829} INFO - Processing file /opt/airflow/dags/ETL_WorldIndices.py for tasks to queue
[2023-11-22T07:31:02.914+0000] {logging_mixin.py:154} INFO - [2023-11-22T07:31:02.914+0000] {dagbag.py:536} INFO - Filling up the DagBag from /opt/airflow/dags/ETL_WorldIndices.py
[2023-11-22T07:31:03.886+0000] {processor.py:839} INFO - DAG(s) dict_keys(['ETL_WorldIndices']) retrieved from /opt/airflow/dags/ETL_WorldIndices.py
[2023-11-22T07:31:03.940+0000] {logging_mixin.py:154} INFO - [2023-11-22T07:31:03.939+0000] {dag.py:2941} INFO - Sync 1 DAGs
[2023-11-22T07:31:03.987+0000] {logging_mixin.py:154} INFO - [2023-11-22T07:31:03.987+0000] {dag.py:3722} INFO - Setting next_dagrun for ETL_WorldIndices to 2023-11-21T16:00:00+00:00, run_after=2023-11-22T00:00:00+00:00
[2023-11-22T07:31:04.171+0000] {processor.py:179} INFO - Processing /opt/airflow/dags/ETL_WorldIndices.py took 1.268 seconds
[2023-11-22T07:31:34.564+0000] {processor.py:157} INFO - Started process (PID=332) to work on /opt/airflow/dags/ETL_WorldIndices.py
[2023-11-22T07:31:34.566+0000] {processor.py:829} INFO - Processing file /opt/airflow/dags/ETL_WorldIndices.py for tasks to queue
[2023-11-22T07:31:34.569+0000] {logging_mixin.py:154} INFO - [2023-11-22T07:31:34.568+0000] {dagbag.py:536} INFO - Filling up the DagBag from /opt/airflow/dags/ETL_WorldIndices.py
[2023-11-22T07:31:35.636+0000] {processor.py:839} INFO - DAG(s) dict_keys(['ETL_WorldIndices']) retrieved from /opt/airflow/dags/ETL_WorldIndices.py
[2023-11-22T07:31:35.697+0000] {logging_mixin.py:154} INFO - [2023-11-22T07:31:35.697+0000] {dag.py:2941} INFO - Sync 1 DAGs
[2023-11-22T07:31:35.746+0000] {logging_mixin.py:154} INFO - [2023-11-22T07:31:35.746+0000] {dag.py:3722} INFO - Setting next_dagrun for ETL_WorldIndices to 2023-11-21T16:00:00+00:00, run_after=2023-11-22T00:00:00+00:00
[2023-11-22T07:31:35.953+0000] {processor.py:179} INFO - Processing /opt/airflow/dags/ETL_WorldIndices.py took 1.394 seconds
[2023-11-22T07:33:08.297+0000] {processor.py:157} INFO - Started process (PID=580) to work on /opt/airflow/dags/ETL_WorldIndices.py
[2023-11-22T07:33:08.299+0000] {processor.py:829} INFO - Processing file /opt/airflow/dags/ETL_WorldIndices.py for tasks to queue
[2023-11-22T07:33:08.301+0000] {logging_mixin.py:154} INFO - [2023-11-22T07:33:08.300+0000] {dagbag.py:536} INFO - Filling up the DagBag from /opt/airflow/dags/ETL_WorldIndices.py
[2023-11-22T07:33:09.106+0000] {processor.py:839} INFO - DAG(s) dict_keys(['ETL_WorldIndices']) retrieved from /opt/airflow/dags/ETL_WorldIndices.py
[2023-11-22T07:33:09.155+0000] {logging_mixin.py:154} INFO - [2023-11-22T07:33:09.155+0000] {dag.py:2941} INFO - Sync 1 DAGs
[2023-11-22T07:33:09.194+0000] {logging_mixin.py:154} INFO - [2023-11-22T07:33:09.194+0000] {dag.py:3722} INFO - Setting next_dagrun for ETL_WorldIndices to 2023-11-21T16:00:00+00:00, run_after=2023-11-22T00:00:00+00:00
[2023-11-22T07:33:09.370+0000] {processor.py:179} INFO - Processing /opt/airflow/dags/ETL_WorldIndices.py took 1.078 seconds
[2023-11-22T07:34:18.117+0000] {processor.py:157} INFO - Started process (PID=1002) to work on /opt/airflow/dags/ETL_WorldIndices.py
[2023-11-22T07:34:18.120+0000] {processor.py:829} INFO - Processing file /opt/airflow/dags/ETL_WorldIndices.py for tasks to queue
[2023-11-22T07:34:18.123+0000] {logging_mixin.py:154} INFO - [2023-11-22T07:34:18.122+0000] {dagbag.py:536} INFO - Filling up the DagBag from /opt/airflow/dags/ETL_WorldIndices.py
[2023-11-22T07:34:19.003+0000] {processor.py:839} INFO - DAG(s) dict_keys(['ETL_WorldIndices']) retrieved from /opt/airflow/dags/ETL_WorldIndices.py
[2023-11-22T07:34:19.056+0000] {logging_mixin.py:154} INFO - [2023-11-22T07:34:19.055+0000] {dag.py:2941} INFO - Sync 1 DAGs
[2023-11-22T07:34:19.095+0000] {logging_mixin.py:154} INFO - [2023-11-22T07:34:19.095+0000] {dag.py:3722} INFO - Setting next_dagrun for ETL_WorldIndices to 2023-11-22T00:00:00+00:00, run_after=2023-11-22T08:00:00+00:00
[2023-11-22T07:34:19.286+0000] {processor.py:179} INFO - Processing /opt/airflow/dags/ETL_WorldIndices.py took 1.176 seconds
[2023-11-22T07:34:50.749+0000] {processor.py:157} INFO - Started process (PID=1013) to work on /opt/airflow/dags/ETL_WorldIndices.py
[2023-11-22T07:34:50.751+0000] {processor.py:829} INFO - Processing file /opt/airflow/dags/ETL_WorldIndices.py for tasks to queue
[2023-11-22T07:34:50.753+0000] {logging_mixin.py:154} INFO - [2023-11-22T07:34:50.753+0000] {dagbag.py:536} INFO - Filling up the DagBag from /opt/airflow/dags/ETL_WorldIndices.py
[2023-11-22T07:34:51.595+0000] {processor.py:839} INFO - DAG(s) dict_keys(['ETL_WorldIndices']) retrieved from /opt/airflow/dags/ETL_WorldIndices.py
[2023-11-22T07:34:51.638+0000] {logging_mixin.py:154} INFO - [2023-11-22T07:34:51.637+0000] {dag.py:2941} INFO - Sync 1 DAGs
[2023-11-22T07:34:51.692+0000] {logging_mixin.py:154} INFO - [2023-11-22T07:34:51.692+0000] {dag.py:3722} INFO - Setting next_dagrun for ETL_WorldIndices to 2023-11-22T00:00:00+00:00, run_after=2023-11-22T08:00:00+00:00
[2023-11-22T07:34:51.893+0000] {processor.py:179} INFO - Processing /opt/airflow/dags/ETL_WorldIndices.py took 1.149 seconds
[2023-11-22T07:35:22.208+0000] {processor.py:157} INFO - Started process (PID=1024) to work on /opt/airflow/dags/ETL_WorldIndices.py
[2023-11-22T07:35:22.210+0000] {processor.py:829} INFO - Processing file /opt/airflow/dags/ETL_WorldIndices.py for tasks to queue
[2023-11-22T07:35:22.212+0000] {logging_mixin.py:154} INFO - [2023-11-22T07:35:22.212+0000] {dagbag.py:536} INFO - Filling up the DagBag from /opt/airflow/dags/ETL_WorldIndices.py
[2023-11-22T07:35:23.199+0000] {processor.py:839} INFO - DAG(s) dict_keys(['ETL_WorldIndices']) retrieved from /opt/airflow/dags/ETL_WorldIndices.py
[2023-11-22T07:35:23.269+0000] {logging_mixin.py:154} INFO - [2023-11-22T07:35:23.268+0000] {dag.py:2941} INFO - Sync 1 DAGs
[2023-11-22T07:35:23.317+0000] {logging_mixin.py:154} INFO - [2023-11-22T07:35:23.317+0000] {dag.py:3722} INFO - Setting next_dagrun for ETL_WorldIndices to 2023-11-22T00:00:00+00:00, run_after=2023-11-22T08:00:00+00:00
[2023-11-22T07:35:23.520+0000] {processor.py:179} INFO - Processing /opt/airflow/dags/ETL_WorldIndices.py took 1.317 seconds
[2023-11-22T07:35:54.692+0000] {processor.py:157} INFO - Started process (PID=1035) to work on /opt/airflow/dags/ETL_WorldIndices.py
[2023-11-22T07:35:54.694+0000] {processor.py:829} INFO - Processing file /opt/airflow/dags/ETL_WorldIndices.py for tasks to queue
[2023-11-22T07:35:54.696+0000] {logging_mixin.py:154} INFO - [2023-11-22T07:35:54.696+0000] {dagbag.py:536} INFO - Filling up the DagBag from /opt/airflow/dags/ETL_WorldIndices.py
[2023-11-22T07:35:55.656+0000] {processor.py:839} INFO - DAG(s) dict_keys(['ETL_WorldIndices']) retrieved from /opt/airflow/dags/ETL_WorldIndices.py
[2023-11-22T07:35:55.713+0000] {logging_mixin.py:154} INFO - [2023-11-22T07:35:55.712+0000] {dag.py:2941} INFO - Sync 1 DAGs
[2023-11-22T07:35:55.754+0000] {logging_mixin.py:154} INFO - [2023-11-22T07:35:55.754+0000] {dag.py:3722} INFO - Setting next_dagrun for ETL_WorldIndices to 2023-11-22T00:00:00+00:00, run_after=2023-11-22T08:00:00+00:00
[2023-11-22T07:35:56.015+0000] {processor.py:179} INFO - Processing /opt/airflow/dags/ETL_WorldIndices.py took 1.327 seconds
[2023-11-22T07:36:26.502+0000] {processor.py:157} INFO - Started process (PID=1046) to work on /opt/airflow/dags/ETL_WorldIndices.py
[2023-11-22T07:36:26.504+0000] {processor.py:829} INFO - Processing file /opt/airflow/dags/ETL_WorldIndices.py for tasks to queue
[2023-11-22T07:36:26.506+0000] {logging_mixin.py:154} INFO - [2023-11-22T07:36:26.506+0000] {dagbag.py:536} INFO - Filling up the DagBag from /opt/airflow/dags/ETL_WorldIndices.py
[2023-11-22T07:36:27.368+0000] {processor.py:839} INFO - DAG(s) dict_keys(['ETL_WorldIndices']) retrieved from /opt/airflow/dags/ETL_WorldIndices.py
[2023-11-22T07:36:27.425+0000] {logging_mixin.py:154} INFO - [2023-11-22T07:36:27.424+0000] {dag.py:2941} INFO - Sync 1 DAGs
[2023-11-22T07:36:27.464+0000] {logging_mixin.py:154} INFO - [2023-11-22T07:36:27.464+0000] {dag.py:3722} INFO - Setting next_dagrun for ETL_WorldIndices to 2023-11-22T00:00:00+00:00, run_after=2023-11-22T08:00:00+00:00
[2023-11-22T07:36:27.751+0000] {processor.py:179} INFO - Processing /opt/airflow/dags/ETL_WorldIndices.py took 1.253 seconds
[2023-11-22T07:36:58.339+0000] {processor.py:157} INFO - Started process (PID=1057) to work on /opt/airflow/dags/ETL_WorldIndices.py
[2023-11-22T07:36:58.341+0000] {processor.py:829} INFO - Processing file /opt/airflow/dags/ETL_WorldIndices.py for tasks to queue
[2023-11-22T07:36:58.343+0000] {logging_mixin.py:154} INFO - [2023-11-22T07:36:58.343+0000] {dagbag.py:536} INFO - Filling up the DagBag from /opt/airflow/dags/ETL_WorldIndices.py
[2023-11-22T07:36:59.230+0000] {processor.py:839} INFO - DAG(s) dict_keys(['ETL_WorldIndices']) retrieved from /opt/airflow/dags/ETL_WorldIndices.py
[2023-11-22T07:36:59.279+0000] {logging_mixin.py:154} INFO - [2023-11-22T07:36:59.278+0000] {dag.py:2941} INFO - Sync 1 DAGs
[2023-11-22T07:36:59.318+0000] {logging_mixin.py:154} INFO - [2023-11-22T07:36:59.318+0000] {dag.py:3722} INFO - Setting next_dagrun for ETL_WorldIndices to 2023-11-22T00:00:00+00:00, run_after=2023-11-22T08:00:00+00:00
[2023-11-22T07:36:59.684+0000] {processor.py:179} INFO - Processing /opt/airflow/dags/ETL_WorldIndices.py took 1.350 seconds
[2023-11-22T07:37:30.571+0000] {processor.py:157} INFO - Started process (PID=1068) to work on /opt/airflow/dags/ETL_WorldIndices.py
[2023-11-22T07:37:30.573+0000] {processor.py:829} INFO - Processing file /opt/airflow/dags/ETL_WorldIndices.py for tasks to queue
[2023-11-22T07:37:30.575+0000] {logging_mixin.py:154} INFO - [2023-11-22T07:37:30.574+0000] {dagbag.py:536} INFO - Filling up the DagBag from /opt/airflow/dags/ETL_WorldIndices.py
[2023-11-22T07:37:31.494+0000] {processor.py:839} INFO - DAG(s) dict_keys(['ETL_WorldIndices']) retrieved from /opt/airflow/dags/ETL_WorldIndices.py
[2023-11-22T07:37:31.549+0000] {logging_mixin.py:154} INFO - [2023-11-22T07:37:31.548+0000] {dag.py:2941} INFO - Sync 1 DAGs
[2023-11-22T07:37:31.591+0000] {logging_mixin.py:154} INFO - [2023-11-22T07:37:31.591+0000] {dag.py:3722} INFO - Setting next_dagrun for ETL_WorldIndices to 2023-11-22T00:00:00+00:00, run_after=2023-11-22T08:00:00+00:00
[2023-11-22T07:37:31.940+0000] {processor.py:179} INFO - Processing /opt/airflow/dags/ETL_WorldIndices.py took 1.373 seconds
[2023-11-22T07:38:03.070+0000] {processor.py:157} INFO - Started process (PID=1079) to work on /opt/airflow/dags/ETL_WorldIndices.py
[2023-11-22T07:38:03.073+0000] {processor.py:829} INFO - Processing file /opt/airflow/dags/ETL_WorldIndices.py for tasks to queue
[2023-11-22T07:38:03.075+0000] {logging_mixin.py:154} INFO - [2023-11-22T07:38:03.074+0000] {dagbag.py:536} INFO - Filling up the DagBag from /opt/airflow/dags/ETL_WorldIndices.py
[2023-11-22T07:38:03.986+0000] {processor.py:839} INFO - DAG(s) dict_keys(['ETL_WorldIndices']) retrieved from /opt/airflow/dags/ETL_WorldIndices.py
[2023-11-22T07:38:04.036+0000] {logging_mixin.py:154} INFO - [2023-11-22T07:38:04.035+0000] {dag.py:2941} INFO - Sync 1 DAGs
[2023-11-22T07:38:04.081+0000] {logging_mixin.py:154} INFO - [2023-11-22T07:38:04.081+0000] {dag.py:3722} INFO - Setting next_dagrun for ETL_WorldIndices to 2023-11-22T00:00:00+00:00, run_after=2023-11-22T08:00:00+00:00
[2023-11-22T07:38:04.303+0000] {processor.py:179} INFO - Processing /opt/airflow/dags/ETL_WorldIndices.py took 1.240 seconds
[2023-11-22T07:38:35.606+0000] {processor.py:157} INFO - Started process (PID=1090) to work on /opt/airflow/dags/ETL_WorldIndices.py
[2023-11-22T07:38:35.608+0000] {processor.py:829} INFO - Processing file /opt/airflow/dags/ETL_WorldIndices.py for tasks to queue
[2023-11-22T07:38:35.610+0000] {logging_mixin.py:154} INFO - [2023-11-22T07:38:35.610+0000] {dagbag.py:536} INFO - Filling up the DagBag from /opt/airflow/dags/ETL_WorldIndices.py
[2023-11-22T07:38:36.520+0000] {processor.py:839} INFO - DAG(s) dict_keys(['ETL_WorldIndices']) retrieved from /opt/airflow/dags/ETL_WorldIndices.py
[2023-11-22T07:38:36.588+0000] {logging_mixin.py:154} INFO - [2023-11-22T07:38:36.588+0000] {dag.py:2941} INFO - Sync 1 DAGs
[2023-11-22T07:38:36.627+0000] {logging_mixin.py:154} INFO - [2023-11-22T07:38:36.626+0000] {dag.py:3722} INFO - Setting next_dagrun for ETL_WorldIndices to 2023-11-22T00:00:00+00:00, run_after=2023-11-22T08:00:00+00:00
[2023-11-22T07:38:36.873+0000] {processor.py:179} INFO - Processing /opt/airflow/dags/ETL_WorldIndices.py took 1.271 seconds
[2023-11-22T07:39:07.163+0000] {processor.py:157} INFO - Started process (PID=1101) to work on /opt/airflow/dags/ETL_WorldIndices.py
[2023-11-22T07:39:07.165+0000] {processor.py:829} INFO - Processing file /opt/airflow/dags/ETL_WorldIndices.py for tasks to queue
[2023-11-22T07:39:07.167+0000] {logging_mixin.py:154} INFO - [2023-11-22T07:39:07.167+0000] {dagbag.py:536} INFO - Filling up the DagBag from /opt/airflow/dags/ETL_WorldIndices.py
[2023-11-22T07:39:07.843+0000] {processor.py:839} INFO - DAG(s) dict_keys(['ETL_WorldIndices']) retrieved from /opt/airflow/dags/ETL_WorldIndices.py
[2023-11-22T07:39:07.901+0000] {logging_mixin.py:154} INFO - [2023-11-22T07:39:07.900+0000] {dag.py:2941} INFO - Sync 1 DAGs
[2023-11-22T07:39:07.944+0000] {logging_mixin.py:154} INFO - [2023-11-22T07:39:07.943+0000] {dag.py:3722} INFO - Setting next_dagrun for ETL_WorldIndices to 2023-11-22T00:00:00+00:00, run_after=2023-11-22T08:00:00+00:00
[2023-11-22T07:39:08.145+0000] {processor.py:179} INFO - Processing /opt/airflow/dags/ETL_WorldIndices.py took 0.985 seconds
[2023-11-22T07:39:39.075+0000] {processor.py:157} INFO - Started process (PID=1112) to work on /opt/airflow/dags/ETL_WorldIndices.py
[2023-11-22T07:39:39.077+0000] {processor.py:829} INFO - Processing file /opt/airflow/dags/ETL_WorldIndices.py for tasks to queue
[2023-11-22T07:39:39.080+0000] {logging_mixin.py:154} INFO - [2023-11-22T07:39:39.079+0000] {dagbag.py:536} INFO - Filling up the DagBag from /opt/airflow/dags/ETL_WorldIndices.py
[2023-11-22T07:39:39.868+0000] {processor.py:839} INFO - DAG(s) dict_keys(['ETL_WorldIndices']) retrieved from /opt/airflow/dags/ETL_WorldIndices.py
[2023-11-22T07:39:39.929+0000] {logging_mixin.py:154} INFO - [2023-11-22T07:39:39.929+0000] {dag.py:2941} INFO - Sync 1 DAGs
[2023-11-22T07:39:39.977+0000] {logging_mixin.py:154} INFO - [2023-11-22T07:39:39.977+0000] {dag.py:3722} INFO - Setting next_dagrun for ETL_WorldIndices to 2023-11-22T00:00:00+00:00, run_after=2023-11-22T08:00:00+00:00
[2023-11-22T07:39:40.156+0000] {processor.py:179} INFO - Processing /opt/airflow/dags/ETL_WorldIndices.py took 1.087 seconds
[2023-11-22T07:40:10.868+0000] {processor.py:157} INFO - Started process (PID=1123) to work on /opt/airflow/dags/ETL_WorldIndices.py
[2023-11-22T07:40:10.870+0000] {processor.py:829} INFO - Processing file /opt/airflow/dags/ETL_WorldIndices.py for tasks to queue
[2023-11-22T07:40:10.872+0000] {logging_mixin.py:154} INFO - [2023-11-22T07:40:10.871+0000] {dagbag.py:536} INFO - Filling up the DagBag from /opt/airflow/dags/ETL_WorldIndices.py
[2023-11-22T07:40:11.620+0000] {processor.py:839} INFO - DAG(s) dict_keys(['ETL_WorldIndices']) retrieved from /opt/airflow/dags/ETL_WorldIndices.py
[2023-11-22T07:40:11.678+0000] {logging_mixin.py:154} INFO - [2023-11-22T07:40:11.677+0000] {dag.py:2941} INFO - Sync 1 DAGs
[2023-11-22T07:40:11.721+0000] {logging_mixin.py:154} INFO - [2023-11-22T07:40:11.721+0000] {dag.py:3722} INFO - Setting next_dagrun for ETL_WorldIndices to 2023-11-22T00:00:00+00:00, run_after=2023-11-22T08:00:00+00:00
[2023-11-22T07:40:11.921+0000] {processor.py:179} INFO - Processing /opt/airflow/dags/ETL_WorldIndices.py took 1.058 seconds
[2023-11-22T07:40:42.505+0000] {processor.py:157} INFO - Started process (PID=1134) to work on /opt/airflow/dags/ETL_WorldIndices.py
[2023-11-22T07:40:42.507+0000] {processor.py:829} INFO - Processing file /opt/airflow/dags/ETL_WorldIndices.py for tasks to queue
[2023-11-22T07:40:42.509+0000] {logging_mixin.py:154} INFO - [2023-11-22T07:40:42.509+0000] {dagbag.py:536} INFO - Filling up the DagBag from /opt/airflow/dags/ETL_WorldIndices.py
[2023-11-22T07:40:43.322+0000] {processor.py:839} INFO - DAG(s) dict_keys(['ETL_WorldIndices']) retrieved from /opt/airflow/dags/ETL_WorldIndices.py
[2023-11-22T07:40:43.377+0000] {logging_mixin.py:154} INFO - [2023-11-22T07:40:43.377+0000] {dag.py:2941} INFO - Sync 1 DAGs
[2023-11-22T07:40:43.425+0000] {logging_mixin.py:154} INFO - [2023-11-22T07:40:43.425+0000] {dag.py:3722} INFO - Setting next_dagrun for ETL_WorldIndices to 2023-11-22T00:00:00+00:00, run_after=2023-11-22T08:00:00+00:00
[2023-11-22T07:40:43.620+0000] {processor.py:179} INFO - Processing /opt/airflow/dags/ETL_WorldIndices.py took 1.120 seconds
[2023-11-22T07:41:14.936+0000] {processor.py:157} INFO - Started process (PID=1145) to work on /opt/airflow/dags/ETL_WorldIndices.py
[2023-11-22T07:41:14.938+0000] {processor.py:829} INFO - Processing file /opt/airflow/dags/ETL_WorldIndices.py for tasks to queue
[2023-11-22T07:41:14.941+0000] {logging_mixin.py:154} INFO - [2023-11-22T07:41:14.940+0000] {dagbag.py:536} INFO - Filling up the DagBag from /opt/airflow/dags/ETL_WorldIndices.py
[2023-11-22T07:41:15.659+0000] {processor.py:839} INFO - DAG(s) dict_keys(['ETL_WorldIndices']) retrieved from /opt/airflow/dags/ETL_WorldIndices.py
[2023-11-22T07:41:15.712+0000] {logging_mixin.py:154} INFO - [2023-11-22T07:41:15.712+0000] {dag.py:2941} INFO - Sync 1 DAGs
[2023-11-22T07:41:15.756+0000] {logging_mixin.py:154} INFO - [2023-11-22T07:41:15.756+0000] {dag.py:3722} INFO - Setting next_dagrun for ETL_WorldIndices to 2023-11-22T00:00:00+00:00, run_after=2023-11-22T08:00:00+00:00
[2023-11-22T07:41:15.978+0000] {processor.py:179} INFO - Processing /opt/airflow/dags/ETL_WorldIndices.py took 1.047 seconds
[2023-11-22T07:41:46.580+0000] {processor.py:157} INFO - Started process (PID=1156) to work on /opt/airflow/dags/ETL_WorldIndices.py
[2023-11-22T07:41:46.583+0000] {processor.py:829} INFO - Processing file /opt/airflow/dags/ETL_WorldIndices.py for tasks to queue
[2023-11-22T07:41:46.585+0000] {logging_mixin.py:154} INFO - [2023-11-22T07:41:46.585+0000] {dagbag.py:536} INFO - Filling up the DagBag from /opt/airflow/dags/ETL_WorldIndices.py
[2023-11-22T07:41:47.378+0000] {processor.py:839} INFO - DAG(s) dict_keys(['ETL_WorldIndices']) retrieved from /opt/airflow/dags/ETL_WorldIndices.py
[2023-11-22T07:41:47.450+0000] {logging_mixin.py:154} INFO - [2023-11-22T07:41:47.449+0000] {dag.py:2941} INFO - Sync 1 DAGs
[2023-11-22T07:41:47.493+0000] {logging_mixin.py:154} INFO - [2023-11-22T07:41:47.493+0000] {dag.py:3722} INFO - Setting next_dagrun for ETL_WorldIndices to 2023-11-22T00:00:00+00:00, run_after=2023-11-22T08:00:00+00:00
[2023-11-22T07:41:47.687+0000] {processor.py:179} INFO - Processing /opt/airflow/dags/ETL_WorldIndices.py took 1.112 seconds
[2023-11-22T07:42:19.010+0000] {processor.py:157} INFO - Started process (PID=1167) to work on /opt/airflow/dags/ETL_WorldIndices.py
[2023-11-22T07:42:19.012+0000] {processor.py:829} INFO - Processing file /opt/airflow/dags/ETL_WorldIndices.py for tasks to queue
[2023-11-22T07:42:19.015+0000] {logging_mixin.py:154} INFO - [2023-11-22T07:42:19.014+0000] {dagbag.py:536} INFO - Filling up the DagBag from /opt/airflow/dags/ETL_WorldIndices.py
[2023-11-22T07:42:19.740+0000] {processor.py:839} INFO - DAG(s) dict_keys(['ETL_WorldIndices']) retrieved from /opt/airflow/dags/ETL_WorldIndices.py
[2023-11-22T07:42:19.799+0000] {logging_mixin.py:154} INFO - [2023-11-22T07:42:19.799+0000] {dag.py:2941} INFO - Sync 1 DAGs
[2023-11-22T07:42:19.844+0000] {logging_mixin.py:154} INFO - [2023-11-22T07:42:19.844+0000] {dag.py:3722} INFO - Setting next_dagrun for ETL_WorldIndices to 2023-11-22T00:00:00+00:00, run_after=2023-11-22T08:00:00+00:00
[2023-11-22T07:42:20.022+0000] {processor.py:179} INFO - Processing /opt/airflow/dags/ETL_WorldIndices.py took 1.018 seconds
[2023-11-22T07:42:51.548+0000] {processor.py:157} INFO - Started process (PID=1178) to work on /opt/airflow/dags/ETL_WorldIndices.py
[2023-11-22T07:42:51.551+0000] {processor.py:829} INFO - Processing file /opt/airflow/dags/ETL_WorldIndices.py for tasks to queue
[2023-11-22T07:42:51.553+0000] {logging_mixin.py:154} INFO - [2023-11-22T07:42:51.552+0000] {dagbag.py:536} INFO - Filling up the DagBag from /opt/airflow/dags/ETL_WorldIndices.py
[2023-11-22T07:42:52.257+0000] {processor.py:839} INFO - DAG(s) dict_keys(['ETL_WorldIndices']) retrieved from /opt/airflow/dags/ETL_WorldIndices.py
[2023-11-22T07:42:52.334+0000] {logging_mixin.py:154} INFO - [2023-11-22T07:42:52.333+0000] {dag.py:2941} INFO - Sync 1 DAGs
[2023-11-22T07:42:52.397+0000] {logging_mixin.py:154} INFO - [2023-11-22T07:42:52.397+0000] {dag.py:3722} INFO - Setting next_dagrun for ETL_WorldIndices to 2023-11-22T00:00:00+00:00, run_after=2023-11-22T08:00:00+00:00
[2023-11-22T07:42:52.567+0000] {processor.py:179} INFO - Processing /opt/airflow/dags/ETL_WorldIndices.py took 1.023 seconds
[2023-11-22T07:43:23.999+0000] {processor.py:157} INFO - Started process (PID=1189) to work on /opt/airflow/dags/ETL_WorldIndices.py
[2023-11-22T07:43:24.001+0000] {processor.py:829} INFO - Processing file /opt/airflow/dags/ETL_WorldIndices.py for tasks to queue
[2023-11-22T07:43:24.003+0000] {logging_mixin.py:154} INFO - [2023-11-22T07:43:24.003+0000] {dagbag.py:536} INFO - Filling up the DagBag from /opt/airflow/dags/ETL_WorldIndices.py
[2023-11-22T07:43:24.735+0000] {processor.py:839} INFO - DAG(s) dict_keys(['ETL_WorldIndices']) retrieved from /opt/airflow/dags/ETL_WorldIndices.py
[2023-11-22T07:43:24.829+0000] {logging_mixin.py:154} INFO - [2023-11-22T07:43:24.828+0000] {dag.py:2941} INFO - Sync 1 DAGs
[2023-11-22T07:43:24.876+0000] {logging_mixin.py:154} INFO - [2023-11-22T07:43:24.876+0000] {dag.py:3722} INFO - Setting next_dagrun for ETL_WorldIndices to 2023-11-22T00:00:00+00:00, run_after=2023-11-22T08:00:00+00:00
[2023-11-22T07:43:25.071+0000] {processor.py:179} INFO - Processing /opt/airflow/dags/ETL_WorldIndices.py took 1.077 seconds
[2023-11-22T07:43:55.577+0000] {processor.py:157} INFO - Started process (PID=1200) to work on /opt/airflow/dags/ETL_WorldIndices.py
[2023-11-22T07:43:55.579+0000] {processor.py:829} INFO - Processing file /opt/airflow/dags/ETL_WorldIndices.py for tasks to queue
[2023-11-22T07:43:55.581+0000] {logging_mixin.py:154} INFO - [2023-11-22T07:43:55.580+0000] {dagbag.py:536} INFO - Filling up the DagBag from /opt/airflow/dags/ETL_WorldIndices.py
[2023-11-22T07:43:56.290+0000] {processor.py:839} INFO - DAG(s) dict_keys(['ETL_WorldIndices']) retrieved from /opt/airflow/dags/ETL_WorldIndices.py
[2023-11-22T07:43:56.348+0000] {logging_mixin.py:154} INFO - [2023-11-22T07:43:56.347+0000] {dag.py:2941} INFO - Sync 1 DAGs
[2023-11-22T07:43:56.395+0000] {logging_mixin.py:154} INFO - [2023-11-22T07:43:56.395+0000] {dag.py:3722} INFO - Setting next_dagrun for ETL_WorldIndices to 2023-11-22T00:00:00+00:00, run_after=2023-11-22T08:00:00+00:00
[2023-11-22T07:43:56.592+0000] {processor.py:179} INFO - Processing /opt/airflow/dags/ETL_WorldIndices.py took 1.019 seconds
[2023-11-22T07:44:27.779+0000] {processor.py:157} INFO - Started process (PID=1211) to work on /opt/airflow/dags/ETL_WorldIndices.py
[2023-11-22T07:44:27.781+0000] {processor.py:829} INFO - Processing file /opt/airflow/dags/ETL_WorldIndices.py for tasks to queue
[2023-11-22T07:44:27.783+0000] {logging_mixin.py:154} INFO - [2023-11-22T07:44:27.783+0000] {dagbag.py:536} INFO - Filling up the DagBag from /opt/airflow/dags/ETL_WorldIndices.py
[2023-11-22T07:44:28.472+0000] {processor.py:839} INFO - DAG(s) dict_keys(['ETL_WorldIndices']) retrieved from /opt/airflow/dags/ETL_WorldIndices.py
[2023-11-22T07:44:28.575+0000] {logging_mixin.py:154} INFO - [2023-11-22T07:44:28.574+0000] {dag.py:2941} INFO - Sync 1 DAGs
[2023-11-22T07:44:28.617+0000] {logging_mixin.py:154} INFO - [2023-11-22T07:44:28.617+0000] {dag.py:3722} INFO - Setting next_dagrun for ETL_WorldIndices to 2023-11-22T00:00:00+00:00, run_after=2023-11-22T08:00:00+00:00
[2023-11-22T07:44:28.805+0000] {processor.py:179} INFO - Processing /opt/airflow/dags/ETL_WorldIndices.py took 1.031 seconds
[2023-11-22T07:44:59.130+0000] {processor.py:157} INFO - Started process (PID=1222) to work on /opt/airflow/dags/ETL_WorldIndices.py
[2023-11-22T07:44:59.132+0000] {processor.py:829} INFO - Processing file /opt/airflow/dags/ETL_WorldIndices.py for tasks to queue
[2023-11-22T07:44:59.134+0000] {logging_mixin.py:154} INFO - [2023-11-22T07:44:59.133+0000] {dagbag.py:536} INFO - Filling up the DagBag from /opt/airflow/dags/ETL_WorldIndices.py
[2023-11-22T07:44:59.892+0000] {processor.py:839} INFO - DAG(s) dict_keys(['ETL_WorldIndices']) retrieved from /opt/airflow/dags/ETL_WorldIndices.py
[2023-11-22T07:44:59.952+0000] {logging_mixin.py:154} INFO - [2023-11-22T07:44:59.951+0000] {dag.py:2941} INFO - Sync 1 DAGs
[2023-11-22T07:45:00.006+0000] {logging_mixin.py:154} INFO - [2023-11-22T07:45:00.006+0000] {dag.py:3722} INFO - Setting next_dagrun for ETL_WorldIndices to 2023-11-22T00:00:00+00:00, run_after=2023-11-22T08:00:00+00:00
[2023-11-22T07:45:00.197+0000] {processor.py:179} INFO - Processing /opt/airflow/dags/ETL_WorldIndices.py took 1.072 seconds
[2023-11-22T07:45:30.925+0000] {processor.py:157} INFO - Started process (PID=1233) to work on /opt/airflow/dags/ETL_WorldIndices.py
[2023-11-22T07:45:30.927+0000] {processor.py:829} INFO - Processing file /opt/airflow/dags/ETL_WorldIndices.py for tasks to queue
[2023-11-22T07:45:30.929+0000] {logging_mixin.py:154} INFO - [2023-11-22T07:45:30.929+0000] {dagbag.py:536} INFO - Filling up the DagBag from /opt/airflow/dags/ETL_WorldIndices.py
[2023-11-22T07:45:31.749+0000] {processor.py:839} INFO - DAG(s) dict_keys(['ETL_WorldIndices']) retrieved from /opt/airflow/dags/ETL_WorldIndices.py
[2023-11-22T07:45:31.809+0000] {logging_mixin.py:154} INFO - [2023-11-22T07:45:31.808+0000] {dag.py:2941} INFO - Sync 1 DAGs
[2023-11-22T07:45:31.855+0000] {logging_mixin.py:154} INFO - [2023-11-22T07:45:31.855+0000] {dag.py:3722} INFO - Setting next_dagrun for ETL_WorldIndices to 2023-11-22T00:00:00+00:00, run_after=2023-11-22T08:00:00+00:00
[2023-11-22T07:45:32.042+0000] {processor.py:179} INFO - Processing /opt/airflow/dags/ETL_WorldIndices.py took 1.123 seconds
[2023-11-22T07:46:03.245+0000] {processor.py:157} INFO - Started process (PID=1244) to work on /opt/airflow/dags/ETL_WorldIndices.py
[2023-11-22T07:46:03.247+0000] {processor.py:829} INFO - Processing file /opt/airflow/dags/ETL_WorldIndices.py for tasks to queue
[2023-11-22T07:46:03.249+0000] {logging_mixin.py:154} INFO - [2023-11-22T07:46:03.248+0000] {dagbag.py:536} INFO - Filling up the DagBag from /opt/airflow/dags/ETL_WorldIndices.py
[2023-11-22T07:46:04.072+0000] {processor.py:839} INFO - DAG(s) dict_keys(['ETL_WorldIndices']) retrieved from /opt/airflow/dags/ETL_WorldIndices.py
[2023-11-22T07:46:04.137+0000] {logging_mixin.py:154} INFO - [2023-11-22T07:46:04.136+0000] {dag.py:2941} INFO - Sync 1 DAGs
[2023-11-22T07:46:04.181+0000] {logging_mixin.py:154} INFO - [2023-11-22T07:46:04.181+0000] {dag.py:3722} INFO - Setting next_dagrun for ETL_WorldIndices to 2023-11-22T00:00:00+00:00, run_after=2023-11-22T08:00:00+00:00
[2023-11-22T07:46:04.443+0000] {processor.py:179} INFO - Processing /opt/airflow/dags/ETL_WorldIndices.py took 1.203 seconds
[2023-11-22T07:46:35.104+0000] {processor.py:157} INFO - Started process (PID=1255) to work on /opt/airflow/dags/ETL_WorldIndices.py
[2023-11-22T07:46:35.106+0000] {processor.py:829} INFO - Processing file /opt/airflow/dags/ETL_WorldIndices.py for tasks to queue
[2023-11-22T07:46:35.109+0000] {logging_mixin.py:154} INFO - [2023-11-22T07:46:35.108+0000] {dagbag.py:536} INFO - Filling up the DagBag from /opt/airflow/dags/ETL_WorldIndices.py
[2023-11-22T07:46:35.907+0000] {processor.py:839} INFO - DAG(s) dict_keys(['ETL_WorldIndices']) retrieved from /opt/airflow/dags/ETL_WorldIndices.py
[2023-11-22T07:46:35.964+0000] {logging_mixin.py:154} INFO - [2023-11-22T07:46:35.963+0000] {dag.py:2941} INFO - Sync 1 DAGs
[2023-11-22T07:46:36.010+0000] {logging_mixin.py:154} INFO - [2023-11-22T07:46:36.010+0000] {dag.py:3722} INFO - Setting next_dagrun for ETL_WorldIndices to 2023-11-22T00:00:00+00:00, run_after=2023-11-22T08:00:00+00:00
[2023-11-22T07:46:36.204+0000] {processor.py:179} INFO - Processing /opt/airflow/dags/ETL_WorldIndices.py took 1.104 seconds
[2023-11-22T07:47:07.208+0000] {processor.py:157} INFO - Started process (PID=1266) to work on /opt/airflow/dags/ETL_WorldIndices.py
[2023-11-22T07:47:07.210+0000] {processor.py:829} INFO - Processing file /opt/airflow/dags/ETL_WorldIndices.py for tasks to queue
[2023-11-22T07:47:07.213+0000] {logging_mixin.py:154} INFO - [2023-11-22T07:47:07.212+0000] {dagbag.py:536} INFO - Filling up the DagBag from /opt/airflow/dags/ETL_WorldIndices.py
[2023-11-22T07:47:08.080+0000] {processor.py:839} INFO - DAG(s) dict_keys(['ETL_WorldIndices']) retrieved from /opt/airflow/dags/ETL_WorldIndices.py
[2023-11-22T07:47:08.134+0000] {logging_mixin.py:154} INFO - [2023-11-22T07:47:08.133+0000] {dag.py:2941} INFO - Sync 1 DAGs
[2023-11-22T07:47:08.176+0000] {logging_mixin.py:154} INFO - [2023-11-22T07:47:08.176+0000] {dag.py:3722} INFO - Setting next_dagrun for ETL_WorldIndices to 2023-11-22T00:00:00+00:00, run_after=2023-11-22T08:00:00+00:00
[2023-11-22T07:47:08.400+0000] {processor.py:179} INFO - Processing /opt/airflow/dags/ETL_WorldIndices.py took 1.196 seconds
[2023-11-22T07:47:40.084+0000] {processor.py:157} INFO - Started process (PID=1277) to work on /opt/airflow/dags/ETL_WorldIndices.py
[2023-11-22T07:47:40.086+0000] {processor.py:829} INFO - Processing file /opt/airflow/dags/ETL_WorldIndices.py for tasks to queue
[2023-11-22T07:47:40.089+0000] {logging_mixin.py:154} INFO - [2023-11-22T07:47:40.088+0000] {dagbag.py:536} INFO - Filling up the DagBag from /opt/airflow/dags/ETL_WorldIndices.py
[2023-11-22T07:47:40.984+0000] {processor.py:839} INFO - DAG(s) dict_keys(['ETL_WorldIndices']) retrieved from /opt/airflow/dags/ETL_WorldIndices.py
[2023-11-22T07:47:41.035+0000] {logging_mixin.py:154} INFO - [2023-11-22T07:47:41.034+0000] {dag.py:2941} INFO - Sync 1 DAGs
[2023-11-22T07:47:41.076+0000] {logging_mixin.py:154} INFO - [2023-11-22T07:47:41.075+0000] {dag.py:3722} INFO - Setting next_dagrun for ETL_WorldIndices to 2023-11-22T00:00:00+00:00, run_after=2023-11-22T08:00:00+00:00
[2023-11-22T07:47:41.272+0000] {processor.py:179} INFO - Processing /opt/airflow/dags/ETL_WorldIndices.py took 1.194 seconds
[2023-11-22T07:48:12.257+0000] {processor.py:157} INFO - Started process (PID=1288) to work on /opt/airflow/dags/ETL_WorldIndices.py
[2023-11-22T07:48:12.260+0000] {processor.py:829} INFO - Processing file /opt/airflow/dags/ETL_WorldIndices.py for tasks to queue
[2023-11-22T07:48:12.262+0000] {logging_mixin.py:154} INFO - [2023-11-22T07:48:12.262+0000] {dagbag.py:536} INFO - Filling up the DagBag from /opt/airflow/dags/ETL_WorldIndices.py
[2023-11-22T07:48:13.111+0000] {processor.py:839} INFO - DAG(s) dict_keys(['ETL_WorldIndices']) retrieved from /opt/airflow/dags/ETL_WorldIndices.py
[2023-11-22T07:48:13.159+0000] {logging_mixin.py:154} INFO - [2023-11-22T07:48:13.158+0000] {dag.py:2941} INFO - Sync 1 DAGs
[2023-11-22T07:48:13.202+0000] {logging_mixin.py:154} INFO - [2023-11-22T07:48:13.202+0000] {dag.py:3722} INFO - Setting next_dagrun for ETL_WorldIndices to 2023-11-22T00:00:00+00:00, run_after=2023-11-22T08:00:00+00:00
[2023-11-22T07:48:13.385+0000] {processor.py:179} INFO - Processing /opt/airflow/dags/ETL_WorldIndices.py took 1.135 seconds
[2023-11-22T07:48:43.961+0000] {processor.py:157} INFO - Started process (PID=1299) to work on /opt/airflow/dags/ETL_WorldIndices.py
[2023-11-22T07:48:43.963+0000] {processor.py:829} INFO - Processing file /opt/airflow/dags/ETL_WorldIndices.py for tasks to queue
[2023-11-22T07:48:43.966+0000] {logging_mixin.py:154} INFO - [2023-11-22T07:48:43.965+0000] {dagbag.py:536} INFO - Filling up the DagBag from /opt/airflow/dags/ETL_WorldIndices.py
[2023-11-22T07:48:44.950+0000] {processor.py:839} INFO - DAG(s) dict_keys(['ETL_WorldIndices']) retrieved from /opt/airflow/dags/ETL_WorldIndices.py
[2023-11-22T07:48:45.003+0000] {logging_mixin.py:154} INFO - [2023-11-22T07:48:45.003+0000] {dag.py:2941} INFO - Sync 1 DAGs
[2023-11-22T07:48:45.050+0000] {logging_mixin.py:154} INFO - [2023-11-22T07:48:45.050+0000] {dag.py:3722} INFO - Setting next_dagrun for ETL_WorldIndices to 2023-11-22T00:00:00+00:00, run_after=2023-11-22T08:00:00+00:00
[2023-11-22T07:48:45.246+0000] {processor.py:179} INFO - Processing /opt/airflow/dags/ETL_WorldIndices.py took 1.290 seconds
[2023-11-22T07:49:16.656+0000] {processor.py:157} INFO - Started process (PID=1310) to work on /opt/airflow/dags/ETL_WorldIndices.py
[2023-11-22T07:49:16.659+0000] {processor.py:829} INFO - Processing file /opt/airflow/dags/ETL_WorldIndices.py for tasks to queue
[2023-11-22T07:49:16.661+0000] {logging_mixin.py:154} INFO - [2023-11-22T07:49:16.661+0000] {dagbag.py:536} INFO - Filling up the DagBag from /opt/airflow/dags/ETL_WorldIndices.py
[2023-11-22T07:49:17.753+0000] {processor.py:839} INFO - DAG(s) dict_keys(['ETL_WorldIndices']) retrieved from /opt/airflow/dags/ETL_WorldIndices.py
[2023-11-22T07:49:17.808+0000] {logging_mixin.py:154} INFO - [2023-11-22T07:49:17.807+0000] {dag.py:2941} INFO - Sync 1 DAGs
[2023-11-22T07:49:17.862+0000] {logging_mixin.py:154} INFO - [2023-11-22T07:49:17.861+0000] {dag.py:3722} INFO - Setting next_dagrun for ETL_WorldIndices to 2023-11-22T00:00:00+00:00, run_after=2023-11-22T08:00:00+00:00
[2023-11-22T07:49:18.053+0000] {processor.py:179} INFO - Processing /opt/airflow/dags/ETL_WorldIndices.py took 1.402 seconds
[2023-11-22T07:49:48.781+0000] {processor.py:157} INFO - Started process (PID=1321) to work on /opt/airflow/dags/ETL_WorldIndices.py
[2023-11-22T07:49:48.783+0000] {processor.py:829} INFO - Processing file /opt/airflow/dags/ETL_WorldIndices.py for tasks to queue
[2023-11-22T07:49:48.785+0000] {logging_mixin.py:154} INFO - [2023-11-22T07:49:48.784+0000] {dagbag.py:536} INFO - Filling up the DagBag from /opt/airflow/dags/ETL_WorldIndices.py
[2023-11-22T07:49:49.733+0000] {processor.py:839} INFO - DAG(s) dict_keys(['ETL_WorldIndices']) retrieved from /opt/airflow/dags/ETL_WorldIndices.py
[2023-11-22T07:49:49.791+0000] {logging_mixin.py:154} INFO - [2023-11-22T07:49:49.790+0000] {dag.py:2941} INFO - Sync 1 DAGs
[2023-11-22T07:49:49.836+0000] {logging_mixin.py:154} INFO - [2023-11-22T07:49:49.835+0000] {dag.py:3722} INFO - Setting next_dagrun for ETL_WorldIndices to 2023-11-22T00:00:00+00:00, run_after=2023-11-22T08:00:00+00:00
[2023-11-22T07:49:50.153+0000] {processor.py:179} INFO - Processing /opt/airflow/dags/ETL_WorldIndices.py took 1.377 seconds
[2023-11-22T07:50:21.255+0000] {processor.py:157} INFO - Started process (PID=1332) to work on /opt/airflow/dags/ETL_WorldIndices.py
[2023-11-22T07:50:21.257+0000] {processor.py:829} INFO - Processing file /opt/airflow/dags/ETL_WorldIndices.py for tasks to queue
[2023-11-22T07:50:21.260+0000] {logging_mixin.py:154} INFO - [2023-11-22T07:50:21.259+0000] {dagbag.py:536} INFO - Filling up the DagBag from /opt/airflow/dags/ETL_WorldIndices.py
[2023-11-22T07:50:22.214+0000] {processor.py:839} INFO - DAG(s) dict_keys(['ETL_WorldIndices']) retrieved from /opt/airflow/dags/ETL_WorldIndices.py
[2023-11-22T07:50:22.264+0000] {logging_mixin.py:154} INFO - [2023-11-22T07:50:22.263+0000] {dag.py:2941} INFO - Sync 1 DAGs
[2023-11-22T07:50:22.308+0000] {logging_mixin.py:154} INFO - [2023-11-22T07:50:22.308+0000] {dag.py:3722} INFO - Setting next_dagrun for ETL_WorldIndices to 2023-11-22T00:00:00+00:00, run_after=2023-11-22T08:00:00+00:00
[2023-11-22T07:50:22.486+0000] {processor.py:179} INFO - Processing /opt/airflow/dags/ETL_WorldIndices.py took 1.237 seconds
[2023-11-22T07:50:53.233+0000] {processor.py:157} INFO - Started process (PID=1343) to work on /opt/airflow/dags/ETL_WorldIndices.py
[2023-11-22T07:50:53.235+0000] {processor.py:829} INFO - Processing file /opt/airflow/dags/ETL_WorldIndices.py for tasks to queue
[2023-11-22T07:50:53.237+0000] {logging_mixin.py:154} INFO - [2023-11-22T07:50:53.236+0000] {dagbag.py:536} INFO - Filling up the DagBag from /opt/airflow/dags/ETL_WorldIndices.py
[2023-11-22T07:50:54.080+0000] {processor.py:839} INFO - DAG(s) dict_keys(['ETL_WorldIndices']) retrieved from /opt/airflow/dags/ETL_WorldIndices.py
[2023-11-22T07:50:54.129+0000] {logging_mixin.py:154} INFO - [2023-11-22T07:50:54.128+0000] {dag.py:2941} INFO - Sync 1 DAGs
[2023-11-22T07:50:54.168+0000] {logging_mixin.py:154} INFO - [2023-11-22T07:50:54.168+0000] {dag.py:3722} INFO - Setting next_dagrun for ETL_WorldIndices to 2023-11-22T00:00:00+00:00, run_after=2023-11-22T08:00:00+00:00
[2023-11-22T07:50:54.349+0000] {processor.py:179} INFO - Processing /opt/airflow/dags/ETL_WorldIndices.py took 1.121 seconds
[2023-11-22T07:51:25.039+0000] {processor.py:157} INFO - Started process (PID=1354) to work on /opt/airflow/dags/ETL_WorldIndices.py
[2023-11-22T07:51:25.042+0000] {processor.py:829} INFO - Processing file /opt/airflow/dags/ETL_WorldIndices.py for tasks to queue
[2023-11-22T07:51:25.044+0000] {logging_mixin.py:154} INFO - [2023-11-22T07:51:25.043+0000] {dagbag.py:536} INFO - Filling up the DagBag from /opt/airflow/dags/ETL_WorldIndices.py
[2023-11-22T07:51:25.892+0000] {processor.py:839} INFO - DAG(s) dict_keys(['ETL_WorldIndices']) retrieved from /opt/airflow/dags/ETL_WorldIndices.py
[2023-11-22T07:51:25.936+0000] {logging_mixin.py:154} INFO - [2023-11-22T07:51:25.935+0000] {dag.py:2941} INFO - Sync 1 DAGs
[2023-11-22T07:51:26.065+0000] {logging_mixin.py:154} INFO - [2023-11-22T07:51:26.065+0000] {dag.py:3722} INFO - Setting next_dagrun for ETL_WorldIndices to 2023-11-22T00:00:00+00:00, run_after=2023-11-22T08:00:00+00:00
[2023-11-22T07:51:26.255+0000] {processor.py:179} INFO - Processing /opt/airflow/dags/ETL_WorldIndices.py took 1.223 seconds
[2023-11-22T07:51:57.170+0000] {processor.py:157} INFO - Started process (PID=1365) to work on /opt/airflow/dags/ETL_WorldIndices.py
[2023-11-22T07:51:57.173+0000] {processor.py:829} INFO - Processing file /opt/airflow/dags/ETL_WorldIndices.py for tasks to queue
[2023-11-22T07:51:57.175+0000] {logging_mixin.py:154} INFO - [2023-11-22T07:51:57.174+0000] {dagbag.py:536} INFO - Filling up the DagBag from /opt/airflow/dags/ETL_WorldIndices.py
[2023-11-22T07:51:58.125+0000] {processor.py:839} INFO - DAG(s) dict_keys(['ETL_WorldIndices']) retrieved from /opt/airflow/dags/ETL_WorldIndices.py
[2023-11-22T07:51:58.177+0000] {logging_mixin.py:154} INFO - [2023-11-22T07:51:58.177+0000] {dag.py:2941} INFO - Sync 1 DAGs
[2023-11-22T07:51:58.216+0000] {logging_mixin.py:154} INFO - [2023-11-22T07:51:58.216+0000] {dag.py:3722} INFO - Setting next_dagrun for ETL_WorldIndices to 2023-11-22T00:00:00+00:00, run_after=2023-11-22T08:00:00+00:00
[2023-11-22T07:51:58.403+0000] {processor.py:179} INFO - Processing /opt/airflow/dags/ETL_WorldIndices.py took 1.238 seconds
[2023-11-22T07:52:29.154+0000] {processor.py:157} INFO - Started process (PID=1376) to work on /opt/airflow/dags/ETL_WorldIndices.py
[2023-11-22T07:52:29.157+0000] {processor.py:829} INFO - Processing file /opt/airflow/dags/ETL_WorldIndices.py for tasks to queue
[2023-11-22T07:52:29.159+0000] {logging_mixin.py:154} INFO - [2023-11-22T07:52:29.159+0000] {dagbag.py:536} INFO - Filling up the DagBag from /opt/airflow/dags/ETL_WorldIndices.py
[2023-11-22T07:52:30.172+0000] {processor.py:839} INFO - DAG(s) dict_keys(['ETL_WorldIndices']) retrieved from /opt/airflow/dags/ETL_WorldIndices.py
[2023-11-22T07:52:30.251+0000] {logging_mixin.py:154} INFO - [2023-11-22T07:52:30.250+0000] {dag.py:2941} INFO - Sync 1 DAGs
[2023-11-22T07:52:30.294+0000] {logging_mixin.py:154} INFO - [2023-11-22T07:52:30.294+0000] {dag.py:3722} INFO - Setting next_dagrun for ETL_WorldIndices to 2023-11-22T00:00:00+00:00, run_after=2023-11-22T08:00:00+00:00
[2023-11-22T07:52:30.486+0000] {processor.py:179} INFO - Processing /opt/airflow/dags/ETL_WorldIndices.py took 1.336 seconds
[2023-11-22T07:53:01.038+0000] {processor.py:157} INFO - Started process (PID=1387) to work on /opt/airflow/dags/ETL_WorldIndices.py
[2023-11-22T07:53:01.040+0000] {processor.py:829} INFO - Processing file /opt/airflow/dags/ETL_WorldIndices.py for tasks to queue
[2023-11-22T07:53:01.042+0000] {logging_mixin.py:154} INFO - [2023-11-22T07:53:01.041+0000] {dagbag.py:536} INFO - Filling up the DagBag from /opt/airflow/dags/ETL_WorldIndices.py
[2023-11-22T07:53:02.028+0000] {processor.py:839} INFO - DAG(s) dict_keys(['ETL_WorldIndices']) retrieved from /opt/airflow/dags/ETL_WorldIndices.py
[2023-11-22T07:53:02.073+0000] {logging_mixin.py:154} INFO - [2023-11-22T07:53:02.072+0000] {dag.py:2941} INFO - Sync 1 DAGs
[2023-11-22T07:53:02.114+0000] {logging_mixin.py:154} INFO - [2023-11-22T07:53:02.114+0000] {dag.py:3722} INFO - Setting next_dagrun for ETL_WorldIndices to 2023-11-22T00:00:00+00:00, run_after=2023-11-22T08:00:00+00:00
[2023-11-22T07:53:02.336+0000] {processor.py:179} INFO - Processing /opt/airflow/dags/ETL_WorldIndices.py took 1.302 seconds
[2023-11-22T07:53:33.045+0000] {processor.py:157} INFO - Started process (PID=1398) to work on /opt/airflow/dags/ETL_WorldIndices.py
[2023-11-22T07:53:33.047+0000] {processor.py:829} INFO - Processing file /opt/airflow/dags/ETL_WorldIndices.py for tasks to queue
[2023-11-22T07:53:33.050+0000] {logging_mixin.py:154} INFO - [2023-11-22T07:53:33.049+0000] {dagbag.py:536} INFO - Filling up the DagBag from /opt/airflow/dags/ETL_WorldIndices.py
[2023-11-22T07:53:33.891+0000] {processor.py:839} INFO - DAG(s) dict_keys(['ETL_WorldIndices']) retrieved from /opt/airflow/dags/ETL_WorldIndices.py
[2023-11-22T07:53:33.941+0000] {logging_mixin.py:154} INFO - [2023-11-22T07:53:33.940+0000] {dag.py:2941} INFO - Sync 1 DAGs
[2023-11-22T07:53:33.980+0000] {logging_mixin.py:154} INFO - [2023-11-22T07:53:33.979+0000] {dag.py:3722} INFO - Setting next_dagrun for ETL_WorldIndices to 2023-11-22T00:00:00+00:00, run_after=2023-11-22T08:00:00+00:00
[2023-11-22T07:53:34.165+0000] {processor.py:179} INFO - Processing /opt/airflow/dags/ETL_WorldIndices.py took 1.126 seconds
[2023-11-22T07:54:04.511+0000] {processor.py:157} INFO - Started process (PID=1409) to work on /opt/airflow/dags/ETL_WorldIndices.py
[2023-11-22T07:54:04.513+0000] {processor.py:829} INFO - Processing file /opt/airflow/dags/ETL_WorldIndices.py for tasks to queue
[2023-11-22T07:54:04.515+0000] {logging_mixin.py:154} INFO - [2023-11-22T07:54:04.514+0000] {dagbag.py:536} INFO - Filling up the DagBag from /opt/airflow/dags/ETL_WorldIndices.py
[2023-11-22T07:54:05.489+0000] {processor.py:839} INFO - DAG(s) dict_keys(['ETL_WorldIndices']) retrieved from /opt/airflow/dags/ETL_WorldIndices.py
[2023-11-22T07:54:05.546+0000] {logging_mixin.py:154} INFO - [2023-11-22T07:54:05.545+0000] {dag.py:2941} INFO - Sync 1 DAGs
[2023-11-22T07:54:05.594+0000] {logging_mixin.py:154} INFO - [2023-11-22T07:54:05.593+0000] {dag.py:3722} INFO - Setting next_dagrun for ETL_WorldIndices to 2023-11-22T00:00:00+00:00, run_after=2023-11-22T08:00:00+00:00
[2023-11-22T07:54:05.794+0000] {processor.py:179} INFO - Processing /opt/airflow/dags/ETL_WorldIndices.py took 1.287 seconds
[2023-11-22T07:54:36.148+0000] {processor.py:157} INFO - Started process (PID=1420) to work on /opt/airflow/dags/ETL_WorldIndices.py
[2023-11-22T07:54:36.150+0000] {processor.py:829} INFO - Processing file /opt/airflow/dags/ETL_WorldIndices.py for tasks to queue
[2023-11-22T07:54:36.152+0000] {logging_mixin.py:154} INFO - [2023-11-22T07:54:36.152+0000] {dagbag.py:536} INFO - Filling up the DagBag from /opt/airflow/dags/ETL_WorldIndices.py
[2023-11-22T07:54:37.003+0000] {processor.py:839} INFO - DAG(s) dict_keys(['ETL_WorldIndices']) retrieved from /opt/airflow/dags/ETL_WorldIndices.py
[2023-11-22T07:54:37.054+0000] {logging_mixin.py:154} INFO - [2023-11-22T07:54:37.054+0000] {dag.py:2941} INFO - Sync 1 DAGs
[2023-11-22T07:54:37.093+0000] {logging_mixin.py:154} INFO - [2023-11-22T07:54:37.093+0000] {dag.py:3722} INFO - Setting next_dagrun for ETL_WorldIndices to 2023-11-22T00:00:00+00:00, run_after=2023-11-22T08:00:00+00:00
[2023-11-22T07:54:37.330+0000] {processor.py:179} INFO - Processing /opt/airflow/dags/ETL_WorldIndices.py took 1.186 seconds
[2023-11-22T07:55:07.911+0000] {processor.py:157} INFO - Started process (PID=1431) to work on /opt/airflow/dags/ETL_WorldIndices.py
[2023-11-22T07:55:07.913+0000] {processor.py:829} INFO - Processing file /opt/airflow/dags/ETL_WorldIndices.py for tasks to queue
[2023-11-22T07:55:07.915+0000] {logging_mixin.py:154} INFO - [2023-11-22T07:55:07.914+0000] {dagbag.py:536} INFO - Filling up the DagBag from /opt/airflow/dags/ETL_WorldIndices.py
[2023-11-22T07:55:08.800+0000] {processor.py:839} INFO - DAG(s) dict_keys(['ETL_WorldIndices']) retrieved from /opt/airflow/dags/ETL_WorldIndices.py
[2023-11-22T07:55:08.854+0000] {logging_mixin.py:154} INFO - [2023-11-22T07:55:08.853+0000] {dag.py:2941} INFO - Sync 1 DAGs
[2023-11-22T07:55:08.901+0000] {logging_mixin.py:154} INFO - [2023-11-22T07:55:08.901+0000] {dag.py:3722} INFO - Setting next_dagrun for ETL_WorldIndices to 2023-11-22T00:00:00+00:00, run_after=2023-11-22T08:00:00+00:00
[2023-11-22T07:55:09.103+0000] {processor.py:179} INFO - Processing /opt/airflow/dags/ETL_WorldIndices.py took 1.196 seconds
[2023-11-22T07:55:39.998+0000] {processor.py:157} INFO - Started process (PID=1442) to work on /opt/airflow/dags/ETL_WorldIndices.py
[2023-11-22T07:55:40.000+0000] {processor.py:829} INFO - Processing file /opt/airflow/dags/ETL_WorldIndices.py for tasks to queue
[2023-11-22T07:55:40.002+0000] {logging_mixin.py:154} INFO - [2023-11-22T07:55:40.001+0000] {dagbag.py:536} INFO - Filling up the DagBag from /opt/airflow/dags/ETL_WorldIndices.py
[2023-11-22T07:55:40.829+0000] {processor.py:839} INFO - DAG(s) dict_keys(['ETL_WorldIndices']) retrieved from /opt/airflow/dags/ETL_WorldIndices.py
[2023-11-22T07:55:40.883+0000] {logging_mixin.py:154} INFO - [2023-11-22T07:55:40.882+0000] {dag.py:2941} INFO - Sync 1 DAGs
[2023-11-22T07:55:40.926+0000] {logging_mixin.py:154} INFO - [2023-11-22T07:55:40.926+0000] {dag.py:3722} INFO - Setting next_dagrun for ETL_WorldIndices to 2023-11-22T00:00:00+00:00, run_after=2023-11-22T08:00:00+00:00
[2023-11-22T07:55:41.143+0000] {processor.py:179} INFO - Processing /opt/airflow/dags/ETL_WorldIndices.py took 1.149 seconds
[2023-11-22T07:56:11.621+0000] {processor.py:157} INFO - Started process (PID=1453) to work on /opt/airflow/dags/ETL_WorldIndices.py
[2023-11-22T07:56:11.624+0000] {processor.py:829} INFO - Processing file /opt/airflow/dags/ETL_WorldIndices.py for tasks to queue
[2023-11-22T07:56:11.626+0000] {logging_mixin.py:154} INFO - [2023-11-22T07:56:11.625+0000] {dagbag.py:536} INFO - Filling up the DagBag from /opt/airflow/dags/ETL_WorldIndices.py
[2023-11-22T07:56:12.493+0000] {processor.py:839} INFO - DAG(s) dict_keys(['ETL_WorldIndices']) retrieved from /opt/airflow/dags/ETL_WorldIndices.py
[2023-11-22T07:56:12.545+0000] {logging_mixin.py:154} INFO - [2023-11-22T07:56:12.544+0000] {dag.py:2941} INFO - Sync 1 DAGs
[2023-11-22T07:56:12.584+0000] {logging_mixin.py:154} INFO - [2023-11-22T07:56:12.583+0000] {dag.py:3722} INFO - Setting next_dagrun for ETL_WorldIndices to 2023-11-22T00:00:00+00:00, run_after=2023-11-22T08:00:00+00:00
[2023-11-22T07:56:12.765+0000] {processor.py:179} INFO - Processing /opt/airflow/dags/ETL_WorldIndices.py took 1.152 seconds
[2023-11-22T07:56:43.426+0000] {processor.py:157} INFO - Started process (PID=1464) to work on /opt/airflow/dags/ETL_WorldIndices.py
[2023-11-22T07:56:43.428+0000] {processor.py:829} INFO - Processing file /opt/airflow/dags/ETL_WorldIndices.py for tasks to queue
[2023-11-22T07:56:43.431+0000] {logging_mixin.py:154} INFO - [2023-11-22T07:56:43.430+0000] {dagbag.py:536} INFO - Filling up the DagBag from /opt/airflow/dags/ETL_WorldIndices.py
[2023-11-22T07:56:44.418+0000] {processor.py:839} INFO - DAG(s) dict_keys(['ETL_WorldIndices']) retrieved from /opt/airflow/dags/ETL_WorldIndices.py
[2023-11-22T07:56:44.468+0000] {logging_mixin.py:154} INFO - [2023-11-22T07:56:44.467+0000] {dag.py:2941} INFO - Sync 1 DAGs
[2023-11-22T07:56:44.508+0000] {logging_mixin.py:154} INFO - [2023-11-22T07:56:44.507+0000] {dag.py:3722} INFO - Setting next_dagrun for ETL_WorldIndices to 2023-11-22T00:00:00+00:00, run_after=2023-11-22T08:00:00+00:00
[2023-11-22T07:56:44.696+0000] {processor.py:179} INFO - Processing /opt/airflow/dags/ETL_WorldIndices.py took 1.274 seconds
[2023-11-22T07:57:15.174+0000] {processor.py:157} INFO - Started process (PID=1475) to work on /opt/airflow/dags/ETL_WorldIndices.py
[2023-11-22T07:57:15.176+0000] {processor.py:829} INFO - Processing file /opt/airflow/dags/ETL_WorldIndices.py for tasks to queue
[2023-11-22T07:57:15.178+0000] {logging_mixin.py:154} INFO - [2023-11-22T07:57:15.178+0000] {dagbag.py:536} INFO - Filling up the DagBag from /opt/airflow/dags/ETL_WorldIndices.py
[2023-11-22T07:57:16.053+0000] {processor.py:839} INFO - DAG(s) dict_keys(['ETL_WorldIndices']) retrieved from /opt/airflow/dags/ETL_WorldIndices.py
[2023-11-22T07:57:16.102+0000] {logging_mixin.py:154} INFO - [2023-11-22T07:57:16.101+0000] {dag.py:2941} INFO - Sync 1 DAGs
[2023-11-22T07:57:16.146+0000] {logging_mixin.py:154} INFO - [2023-11-22T07:57:16.146+0000] {dag.py:3722} INFO - Setting next_dagrun for ETL_WorldIndices to 2023-11-22T00:00:00+00:00, run_after=2023-11-22T08:00:00+00:00
[2023-11-22T07:57:16.343+0000] {processor.py:179} INFO - Processing /opt/airflow/dags/ETL_WorldIndices.py took 1.173 seconds
[2023-11-22T07:57:46.799+0000] {processor.py:157} INFO - Started process (PID=1486) to work on /opt/airflow/dags/ETL_WorldIndices.py
[2023-11-22T07:57:46.801+0000] {processor.py:829} INFO - Processing file /opt/airflow/dags/ETL_WorldIndices.py for tasks to queue
[2023-11-22T07:57:46.803+0000] {logging_mixin.py:154} INFO - [2023-11-22T07:57:46.802+0000] {dagbag.py:536} INFO - Filling up the DagBag from /opt/airflow/dags/ETL_WorldIndices.py
[2023-11-22T07:57:47.661+0000] {processor.py:839} INFO - DAG(s) dict_keys(['ETL_WorldIndices']) retrieved from /opt/airflow/dags/ETL_WorldIndices.py
[2023-11-22T07:57:47.710+0000] {logging_mixin.py:154} INFO - [2023-11-22T07:57:47.709+0000] {dag.py:2941} INFO - Sync 1 DAGs
[2023-11-22T07:57:47.751+0000] {logging_mixin.py:154} INFO - [2023-11-22T07:57:47.751+0000] {dag.py:3722} INFO - Setting next_dagrun for ETL_WorldIndices to 2023-11-22T00:00:00+00:00, run_after=2023-11-22T08:00:00+00:00
[2023-11-22T07:57:47.948+0000] {processor.py:179} INFO - Processing /opt/airflow/dags/ETL_WorldIndices.py took 1.154 seconds
[2023-11-22T07:58:18.748+0000] {processor.py:157} INFO - Started process (PID=1497) to work on /opt/airflow/dags/ETL_WorldIndices.py
[2023-11-22T07:58:18.750+0000] {processor.py:829} INFO - Processing file /opt/airflow/dags/ETL_WorldIndices.py for tasks to queue
[2023-11-22T07:58:18.753+0000] {logging_mixin.py:154} INFO - [2023-11-22T07:58:18.752+0000] {dagbag.py:536} INFO - Filling up the DagBag from /opt/airflow/dags/ETL_WorldIndices.py
[2023-11-22T07:58:19.658+0000] {processor.py:839} INFO - DAG(s) dict_keys(['ETL_WorldIndices']) retrieved from /opt/airflow/dags/ETL_WorldIndices.py
[2023-11-22T07:58:19.719+0000] {logging_mixin.py:154} INFO - [2023-11-22T07:58:19.718+0000] {dag.py:2941} INFO - Sync 1 DAGs
[2023-11-22T07:58:19.768+0000] {logging_mixin.py:154} INFO - [2023-11-22T07:58:19.768+0000] {dag.py:3722} INFO - Setting next_dagrun for ETL_WorldIndices to 2023-11-22T00:00:00+00:00, run_after=2023-11-22T08:00:00+00:00
[2023-11-22T07:58:19.972+0000] {processor.py:179} INFO - Processing /opt/airflow/dags/ETL_WorldIndices.py took 1.228 seconds
[2023-11-22T07:58:50.631+0000] {processor.py:157} INFO - Started process (PID=1508) to work on /opt/airflow/dags/ETL_WorldIndices.py
[2023-11-22T07:58:50.632+0000] {processor.py:829} INFO - Processing file /opt/airflow/dags/ETL_WorldIndices.py for tasks to queue
[2023-11-22T07:58:50.635+0000] {logging_mixin.py:154} INFO - [2023-11-22T07:58:50.634+0000] {dagbag.py:536} INFO - Filling up the DagBag from /opt/airflow/dags/ETL_WorldIndices.py
[2023-11-22T07:58:51.559+0000] {processor.py:839} INFO - DAG(s) dict_keys(['ETL_WorldIndices']) retrieved from /opt/airflow/dags/ETL_WorldIndices.py
[2023-11-22T07:58:51.620+0000] {logging_mixin.py:154} INFO - [2023-11-22T07:58:51.619+0000] {dag.py:2941} INFO - Sync 1 DAGs
[2023-11-22T07:58:51.662+0000] {logging_mixin.py:154} INFO - [2023-11-22T07:58:51.662+0000] {dag.py:3722} INFO - Setting next_dagrun for ETL_WorldIndices to 2023-11-22T00:00:00+00:00, run_after=2023-11-22T08:00:00+00:00
[2023-11-22T07:58:51.854+0000] {processor.py:179} INFO - Processing /opt/airflow/dags/ETL_WorldIndices.py took 1.230 seconds
[2023-11-22T07:59:22.680+0000] {processor.py:157} INFO - Started process (PID=1519) to work on /opt/airflow/dags/ETL_WorldIndices.py
[2023-11-22T07:59:22.682+0000] {processor.py:829} INFO - Processing file /opt/airflow/dags/ETL_WorldIndices.py for tasks to queue
[2023-11-22T07:59:22.685+0000] {logging_mixin.py:154} INFO - [2023-11-22T07:59:22.684+0000] {dagbag.py:536} INFO - Filling up the DagBag from /opt/airflow/dags/ETL_WorldIndices.py
[2023-11-22T07:59:23.587+0000] {processor.py:839} INFO - DAG(s) dict_keys(['ETL_WorldIndices']) retrieved from /opt/airflow/dags/ETL_WorldIndices.py
[2023-11-22T07:59:23.646+0000] {logging_mixin.py:154} INFO - [2023-11-22T07:59:23.644+0000] {dag.py:2941} INFO - Sync 1 DAGs
[2023-11-22T07:59:23.696+0000] {logging_mixin.py:154} INFO - [2023-11-22T07:59:23.696+0000] {dag.py:3722} INFO - Setting next_dagrun for ETL_WorldIndices to 2023-11-22T00:00:00+00:00, run_after=2023-11-22T08:00:00+00:00
[2023-11-22T07:59:23.889+0000] {processor.py:179} INFO - Processing /opt/airflow/dags/ETL_WorldIndices.py took 1.213 seconds
[2023-11-22T07:59:54.587+0000] {processor.py:157} INFO - Started process (PID=1530) to work on /opt/airflow/dags/ETL_WorldIndices.py
[2023-11-22T07:59:54.588+0000] {processor.py:829} INFO - Processing file /opt/airflow/dags/ETL_WorldIndices.py for tasks to queue
[2023-11-22T07:59:54.591+0000] {logging_mixin.py:154} INFO - [2023-11-22T07:59:54.590+0000] {dagbag.py:536} INFO - Filling up the DagBag from /opt/airflow/dags/ETL_WorldIndices.py
[2023-11-22T07:59:55.391+0000] {processor.py:839} INFO - DAG(s) dict_keys(['ETL_WorldIndices']) retrieved from /opt/airflow/dags/ETL_WorldIndices.py
[2023-11-22T07:59:55.490+0000] {logging_mixin.py:154} INFO - [2023-11-22T07:59:55.488+0000] {dag.py:2941} INFO - Sync 1 DAGs
[2023-11-22T07:59:55.533+0000] {logging_mixin.py:154} INFO - [2023-11-22T07:59:55.533+0000] {dag.py:3722} INFO - Setting next_dagrun for ETL_WorldIndices to 2023-11-22T00:00:00+00:00, run_after=2023-11-22T08:00:00+00:00
[2023-11-22T07:59:55.710+0000] {processor.py:179} INFO - Processing /opt/airflow/dags/ETL_WorldIndices.py took 1.128 seconds
[2023-11-22T08:01:36.916+0000] {processor.py:157} INFO - Started process (PID=1837) to work on /opt/airflow/dags/ETL_WorldIndices.py
[2023-11-22T08:01:36.918+0000] {processor.py:829} INFO - Processing file /opt/airflow/dags/ETL_WorldIndices.py for tasks to queue
[2023-11-22T08:01:36.921+0000] {logging_mixin.py:154} INFO - [2023-11-22T08:01:36.920+0000] {dagbag.py:536} INFO - Filling up the DagBag from /opt/airflow/dags/ETL_WorldIndices.py
[2023-11-22T08:01:37.652+0000] {processor.py:839} INFO - DAG(s) dict_keys(['ETL_WorldIndices']) retrieved from /opt/airflow/dags/ETL_WorldIndices.py
[2023-11-22T08:01:37.704+0000] {logging_mixin.py:154} INFO - [2023-11-22T08:01:37.703+0000] {dag.py:2941} INFO - Sync 1 DAGs
[2023-11-22T08:01:37.747+0000] {logging_mixin.py:154} INFO - [2023-11-22T08:01:37.747+0000] {dag.py:3722} INFO - Setting next_dagrun for ETL_WorldIndices to 2023-11-22T08:00:00+00:00, run_after=2023-11-22T16:00:00+00:00
[2023-11-22T08:01:37.942+0000] {processor.py:179} INFO - Processing /opt/airflow/dags/ETL_WorldIndices.py took 1.030 seconds
[2023-11-22T08:02:38.698+0000] {processor.py:157} INFO - Started process (PID=2200) to work on /opt/airflow/dags/ETL_WorldIndices.py
[2023-11-22T08:02:38.700+0000] {processor.py:829} INFO - Processing file /opt/airflow/dags/ETL_WorldIndices.py for tasks to queue
[2023-11-22T08:02:38.702+0000] {logging_mixin.py:154} INFO - [2023-11-22T08:02:38.702+0000] {dagbag.py:536} INFO - Filling up the DagBag from /opt/airflow/dags/ETL_WorldIndices.py
[2023-11-22T08:02:39.380+0000] {processor.py:839} INFO - DAG(s) dict_keys(['ETL_WorldIndices']) retrieved from /opt/airflow/dags/ETL_WorldIndices.py
[2023-11-22T08:02:39.449+0000] {logging_mixin.py:154} INFO - [2023-11-22T08:02:39.448+0000] {dag.py:2941} INFO - Sync 1 DAGs
[2023-11-22T08:02:39.517+0000] {logging_mixin.py:154} INFO - [2023-11-22T08:02:39.517+0000] {dag.py:3722} INFO - Setting next_dagrun for ETL_WorldIndices to 2023-11-22T08:00:00+00:00, run_after=2023-11-22T16:00:00+00:00
[2023-11-22T08:02:39.748+0000] {processor.py:179} INFO - Processing /opt/airflow/dags/ETL_WorldIndices.py took 1.057 seconds
[2023-11-22T08:03:10.486+0000] {processor.py:157} INFO - Started process (PID=2211) to work on /opt/airflow/dags/ETL_WorldIndices.py
[2023-11-22T08:03:10.488+0000] {processor.py:829} INFO - Processing file /opt/airflow/dags/ETL_WorldIndices.py for tasks to queue
[2023-11-22T08:03:10.490+0000] {logging_mixin.py:154} INFO - [2023-11-22T08:03:10.490+0000] {dagbag.py:536} INFO - Filling up the DagBag from /opt/airflow/dags/ETL_WorldIndices.py
[2023-11-22T08:03:11.403+0000] {processor.py:839} INFO - DAG(s) dict_keys(['ETL_WorldIndices']) retrieved from /opt/airflow/dags/ETL_WorldIndices.py
[2023-11-22T08:03:11.463+0000] {logging_mixin.py:154} INFO - [2023-11-22T08:03:11.462+0000] {dag.py:2941} INFO - Sync 1 DAGs
[2023-11-22T08:03:11.511+0000] {logging_mixin.py:154} INFO - [2023-11-22T08:03:11.511+0000] {dag.py:3722} INFO - Setting next_dagrun for ETL_WorldIndices to 2023-11-22T08:00:00+00:00, run_after=2023-11-22T16:00:00+00:00
[2023-11-22T08:03:11.675+0000] {processor.py:179} INFO - Processing /opt/airflow/dags/ETL_WorldIndices.py took 1.195 seconds
[2023-11-22T08:03:41.997+0000] {processor.py:157} INFO - Started process (PID=2222) to work on /opt/airflow/dags/ETL_WorldIndices.py
[2023-11-22T08:03:41.999+0000] {processor.py:829} INFO - Processing file /opt/airflow/dags/ETL_WorldIndices.py for tasks to queue
[2023-11-22T08:03:42.001+0000] {logging_mixin.py:154} INFO - [2023-11-22T08:03:42.001+0000] {dagbag.py:536} INFO - Filling up the DagBag from /opt/airflow/dags/ETL_WorldIndices.py
[2023-11-22T08:03:42.773+0000] {processor.py:839} INFO - DAG(s) dict_keys(['ETL_WorldIndices']) retrieved from /opt/airflow/dags/ETL_WorldIndices.py
[2023-11-22T08:03:42.832+0000] {logging_mixin.py:154} INFO - [2023-11-22T08:03:42.831+0000] {dag.py:2941} INFO - Sync 1 DAGs
[2023-11-22T08:03:42.879+0000] {logging_mixin.py:154} INFO - [2023-11-22T08:03:42.878+0000] {dag.py:3722} INFO - Setting next_dagrun for ETL_WorldIndices to 2023-11-22T08:00:00+00:00, run_after=2023-11-22T16:00:00+00:00
[2023-11-22T08:03:43.070+0000] {processor.py:179} INFO - Processing /opt/airflow/dags/ETL_WorldIndices.py took 1.079 seconds
[2023-11-22T08:04:14.391+0000] {processor.py:157} INFO - Started process (PID=2233) to work on /opt/airflow/dags/ETL_WorldIndices.py
[2023-11-22T08:04:14.394+0000] {processor.py:829} INFO - Processing file /opt/airflow/dags/ETL_WorldIndices.py for tasks to queue
[2023-11-22T08:04:14.396+0000] {logging_mixin.py:154} INFO - [2023-11-22T08:04:14.396+0000] {dagbag.py:536} INFO - Filling up the DagBag from /opt/airflow/dags/ETL_WorldIndices.py
[2023-11-22T08:04:15.088+0000] {processor.py:839} INFO - DAG(s) dict_keys(['ETL_WorldIndices']) retrieved from /opt/airflow/dags/ETL_WorldIndices.py
[2023-11-22T08:04:15.143+0000] {logging_mixin.py:154} INFO - [2023-11-22T08:04:15.143+0000] {dag.py:2941} INFO - Sync 1 DAGs
[2023-11-22T08:04:15.185+0000] {logging_mixin.py:154} INFO - [2023-11-22T08:04:15.185+0000] {dag.py:3722} INFO - Setting next_dagrun for ETL_WorldIndices to 2023-11-22T08:00:00+00:00, run_after=2023-11-22T16:00:00+00:00
[2023-11-22T08:04:15.357+0000] {processor.py:179} INFO - Processing /opt/airflow/dags/ETL_WorldIndices.py took 0.971 seconds
[2023-11-22T08:04:46.527+0000] {processor.py:157} INFO - Started process (PID=2244) to work on /opt/airflow/dags/ETL_WorldIndices.py
[2023-11-22T08:04:46.529+0000] {processor.py:829} INFO - Processing file /opt/airflow/dags/ETL_WorldIndices.py for tasks to queue
[2023-11-22T08:04:46.531+0000] {logging_mixin.py:154} INFO - [2023-11-22T08:04:46.530+0000] {dagbag.py:536} INFO - Filling up the DagBag from /opt/airflow/dags/ETL_WorldIndices.py
[2023-11-22T08:04:47.180+0000] {processor.py:839} INFO - DAG(s) dict_keys(['ETL_WorldIndices']) retrieved from /opt/airflow/dags/ETL_WorldIndices.py
[2023-11-22T08:04:47.239+0000] {logging_mixin.py:154} INFO - [2023-11-22T08:04:47.239+0000] {dag.py:2941} INFO - Sync 1 DAGs
[2023-11-22T08:04:47.287+0000] {logging_mixin.py:154} INFO - [2023-11-22T08:04:47.287+0000] {dag.py:3722} INFO - Setting next_dagrun for ETL_WorldIndices to 2023-11-22T08:00:00+00:00, run_after=2023-11-22T16:00:00+00:00
[2023-11-22T08:04:47.491+0000] {processor.py:179} INFO - Processing /opt/airflow/dags/ETL_WorldIndices.py took 0.969 seconds
[2023-11-22T08:05:20.149+0000] {processor.py:157} INFO - Started process (PID=2255) to work on /opt/airflow/dags/ETL_WorldIndices.py
[2023-11-22T08:05:20.151+0000] {processor.py:829} INFO - Processing file /opt/airflow/dags/ETL_WorldIndices.py for tasks to queue
[2023-11-22T08:05:20.154+0000] {logging_mixin.py:154} INFO - [2023-11-22T08:05:20.154+0000] {dagbag.py:536} INFO - Filling up the DagBag from /opt/airflow/dags/ETL_WorldIndices.py
[2023-11-22T08:05:20.898+0000] {processor.py:839} INFO - DAG(s) dict_keys(['ETL_WorldIndices']) retrieved from /opt/airflow/dags/ETL_WorldIndices.py
[2023-11-22T08:05:20.950+0000] {logging_mixin.py:154} INFO - [2023-11-22T08:05:20.949+0000] {dag.py:2941} INFO - Sync 1 DAGs
[2023-11-22T08:05:20.995+0000] {logging_mixin.py:154} INFO - [2023-11-22T08:05:20.994+0000] {dag.py:3722} INFO - Setting next_dagrun for ETL_WorldIndices to 2023-11-22T08:00:00+00:00, run_after=2023-11-22T16:00:00+00:00
[2023-11-22T08:05:21.177+0000] {processor.py:179} INFO - Processing /opt/airflow/dags/ETL_WorldIndices.py took 1.034 seconds
[2023-11-22T08:05:51.642+0000] {processor.py:157} INFO - Started process (PID=2266) to work on /opt/airflow/dags/ETL_WorldIndices.py
[2023-11-22T08:05:51.644+0000] {processor.py:829} INFO - Processing file /opt/airflow/dags/ETL_WorldIndices.py for tasks to queue
[2023-11-22T08:05:51.647+0000] {logging_mixin.py:154} INFO - [2023-11-22T08:05:51.646+0000] {dagbag.py:536} INFO - Filling up the DagBag from /opt/airflow/dags/ETL_WorldIndices.py
[2023-11-22T08:05:52.360+0000] {processor.py:839} INFO - DAG(s) dict_keys(['ETL_WorldIndices']) retrieved from /opt/airflow/dags/ETL_WorldIndices.py
[2023-11-22T08:05:52.416+0000] {logging_mixin.py:154} INFO - [2023-11-22T08:05:52.415+0000] {dag.py:2941} INFO - Sync 1 DAGs
[2023-11-22T08:05:52.457+0000] {logging_mixin.py:154} INFO - [2023-11-22T08:05:52.457+0000] {dag.py:3722} INFO - Setting next_dagrun for ETL_WorldIndices to 2023-11-22T08:00:00+00:00, run_after=2023-11-22T16:00:00+00:00
[2023-11-22T08:05:52.642+0000] {processor.py:179} INFO - Processing /opt/airflow/dags/ETL_WorldIndices.py took 1.005 seconds
[2023-11-22T08:06:23.565+0000] {processor.py:157} INFO - Started process (PID=2277) to work on /opt/airflow/dags/ETL_WorldIndices.py
[2023-11-22T08:06:23.568+0000] {processor.py:829} INFO - Processing file /opt/airflow/dags/ETL_WorldIndices.py for tasks to queue
[2023-11-22T08:06:23.571+0000] {logging_mixin.py:154} INFO - [2023-11-22T08:06:23.570+0000] {dagbag.py:536} INFO - Filling up the DagBag from /opt/airflow/dags/ETL_WorldIndices.py
[2023-11-22T08:06:24.287+0000] {processor.py:839} INFO - DAG(s) dict_keys(['ETL_WorldIndices']) retrieved from /opt/airflow/dags/ETL_WorldIndices.py
[2023-11-22T08:06:24.337+0000] {logging_mixin.py:154} INFO - [2023-11-22T08:06:24.336+0000] {dag.py:2941} INFO - Sync 1 DAGs
[2023-11-22T08:06:24.375+0000] {logging_mixin.py:154} INFO - [2023-11-22T08:06:24.375+0000] {dag.py:3722} INFO - Setting next_dagrun for ETL_WorldIndices to 2023-11-22T08:00:00+00:00, run_after=2023-11-22T16:00:00+00:00
[2023-11-22T08:06:24.562+0000] {processor.py:179} INFO - Processing /opt/airflow/dags/ETL_WorldIndices.py took 1.004 seconds
[2023-11-22T08:06:55.127+0000] {processor.py:157} INFO - Started process (PID=2288) to work on /opt/airflow/dags/ETL_WorldIndices.py
[2023-11-22T08:06:55.129+0000] {processor.py:829} INFO - Processing file /opt/airflow/dags/ETL_WorldIndices.py for tasks to queue
[2023-11-22T08:06:55.131+0000] {logging_mixin.py:154} INFO - [2023-11-22T08:06:55.131+0000] {dagbag.py:536} INFO - Filling up the DagBag from /opt/airflow/dags/ETL_WorldIndices.py
[2023-11-22T08:06:55.820+0000] {processor.py:839} INFO - DAG(s) dict_keys(['ETL_WorldIndices']) retrieved from /opt/airflow/dags/ETL_WorldIndices.py
[2023-11-22T08:06:55.877+0000] {logging_mixin.py:154} INFO - [2023-11-22T08:06:55.876+0000] {dag.py:2941} INFO - Sync 1 DAGs
[2023-11-22T08:06:56.098+0000] {logging_mixin.py:154} INFO - [2023-11-22T08:06:56.098+0000] {dag.py:3722} INFO - Setting next_dagrun for ETL_WorldIndices to 2023-11-22T08:00:00+00:00, run_after=2023-11-22T16:00:00+00:00
[2023-11-22T08:06:56.299+0000] {processor.py:179} INFO - Processing /opt/airflow/dags/ETL_WorldIndices.py took 1.176 seconds
[2023-11-22T08:07:26.829+0000] {processor.py:157} INFO - Started process (PID=2299) to work on /opt/airflow/dags/ETL_WorldIndices.py
[2023-11-22T08:07:26.831+0000] {processor.py:829} INFO - Processing file /opt/airflow/dags/ETL_WorldIndices.py for tasks to queue
[2023-11-22T08:07:26.834+0000] {logging_mixin.py:154} INFO - [2023-11-22T08:07:26.833+0000] {dagbag.py:536} INFO - Filling up the DagBag from /opt/airflow/dags/ETL_WorldIndices.py
[2023-11-22T08:07:27.554+0000] {processor.py:839} INFO - DAG(s) dict_keys(['ETL_WorldIndices']) retrieved from /opt/airflow/dags/ETL_WorldIndices.py
[2023-11-22T08:07:27.757+0000] {logging_mixin.py:154} INFO - [2023-11-22T08:07:27.756+0000] {dag.py:2941} INFO - Sync 1 DAGs
[2023-11-22T08:07:27.801+0000] {logging_mixin.py:154} INFO - [2023-11-22T08:07:27.801+0000] {dag.py:3722} INFO - Setting next_dagrun for ETL_WorldIndices to 2023-11-22T08:00:00+00:00, run_after=2023-11-22T16:00:00+00:00
[2023-11-22T08:07:27.998+0000] {processor.py:179} INFO - Processing /opt/airflow/dags/ETL_WorldIndices.py took 1.174 seconds
[2023-11-22T08:07:59.713+0000] {processor.py:157} INFO - Started process (PID=2310) to work on /opt/airflow/dags/ETL_WorldIndices.py
[2023-11-22T08:07:59.715+0000] {processor.py:829} INFO - Processing file /opt/airflow/dags/ETL_WorldIndices.py for tasks to queue
[2023-11-22T08:07:59.717+0000] {logging_mixin.py:154} INFO - [2023-11-22T08:07:59.716+0000] {dagbag.py:536} INFO - Filling up the DagBag from /opt/airflow/dags/ETL_WorldIndices.py
[2023-11-22T08:08:00.392+0000] {processor.py:839} INFO - DAG(s) dict_keys(['ETL_WorldIndices']) retrieved from /opt/airflow/dags/ETL_WorldIndices.py
[2023-11-22T08:08:00.448+0000] {logging_mixin.py:154} INFO - [2023-11-22T08:08:00.447+0000] {dag.py:2941} INFO - Sync 1 DAGs
[2023-11-22T08:08:00.491+0000] {logging_mixin.py:154} INFO - [2023-11-22T08:08:00.491+0000] {dag.py:3722} INFO - Setting next_dagrun for ETL_WorldIndices to 2023-11-22T08:00:00+00:00, run_after=2023-11-22T16:00:00+00:00
[2023-11-22T08:08:00.676+0000] {processor.py:179} INFO - Processing /opt/airflow/dags/ETL_WorldIndices.py took 0.967 seconds
[2023-11-22T08:08:31.673+0000] {processor.py:157} INFO - Started process (PID=2321) to work on /opt/airflow/dags/ETL_WorldIndices.py
[2023-11-22T08:08:31.675+0000] {processor.py:829} INFO - Processing file /opt/airflow/dags/ETL_WorldIndices.py for tasks to queue
[2023-11-22T08:08:31.678+0000] {logging_mixin.py:154} INFO - [2023-11-22T08:08:31.677+0000] {dagbag.py:536} INFO - Filling up the DagBag from /opt/airflow/dags/ETL_WorldIndices.py
[2023-11-22T08:08:32.454+0000] {processor.py:839} INFO - DAG(s) dict_keys(['ETL_WorldIndices']) retrieved from /opt/airflow/dags/ETL_WorldIndices.py
[2023-11-22T08:08:32.504+0000] {logging_mixin.py:154} INFO - [2023-11-22T08:08:32.503+0000] {dag.py:2941} INFO - Sync 1 DAGs
[2023-11-22T08:08:32.543+0000] {logging_mixin.py:154} INFO - [2023-11-22T08:08:32.543+0000] {dag.py:3722} INFO - Setting next_dagrun for ETL_WorldIndices to 2023-11-22T08:00:00+00:00, run_after=2023-11-22T16:00:00+00:00
[2023-11-22T08:08:32.731+0000] {processor.py:179} INFO - Processing /opt/airflow/dags/ETL_WorldIndices.py took 1.064 seconds
[2023-11-22T08:09:03.070+0000] {processor.py:157} INFO - Started process (PID=2332) to work on /opt/airflow/dags/ETL_WorldIndices.py
[2023-11-22T08:09:03.073+0000] {processor.py:829} INFO - Processing file /opt/airflow/dags/ETL_WorldIndices.py for tasks to queue
[2023-11-22T08:09:03.075+0000] {logging_mixin.py:154} INFO - [2023-11-22T08:09:03.075+0000] {dagbag.py:536} INFO - Filling up the DagBag from /opt/airflow/dags/ETL_WorldIndices.py
[2023-11-22T08:09:03.803+0000] {processor.py:839} INFO - DAG(s) dict_keys(['ETL_WorldIndices']) retrieved from /opt/airflow/dags/ETL_WorldIndices.py
[2023-11-22T08:09:03.864+0000] {logging_mixin.py:154} INFO - [2023-11-22T08:09:03.864+0000] {dag.py:2941} INFO - Sync 1 DAGs
[2023-11-22T08:09:03.906+0000] {logging_mixin.py:154} INFO - [2023-11-22T08:09:03.906+0000] {dag.py:3722} INFO - Setting next_dagrun for ETL_WorldIndices to 2023-11-22T08:00:00+00:00, run_after=2023-11-22T16:00:00+00:00
[2023-11-22T08:09:04.122+0000] {processor.py:179} INFO - Processing /opt/airflow/dags/ETL_WorldIndices.py took 1.058 seconds
[2023-11-22T08:09:35.708+0000] {processor.py:157} INFO - Started process (PID=2343) to work on /opt/airflow/dags/ETL_WorldIndices.py
[2023-11-22T08:09:35.710+0000] {processor.py:829} INFO - Processing file /opt/airflow/dags/ETL_WorldIndices.py for tasks to queue
[2023-11-22T08:09:35.713+0000] {logging_mixin.py:154} INFO - [2023-11-22T08:09:35.712+0000] {dagbag.py:536} INFO - Filling up the DagBag from /opt/airflow/dags/ETL_WorldIndices.py
[2023-11-22T08:09:36.507+0000] {processor.py:839} INFO - DAG(s) dict_keys(['ETL_WorldIndices']) retrieved from /opt/airflow/dags/ETL_WorldIndices.py
[2023-11-22T08:09:36.563+0000] {logging_mixin.py:154} INFO - [2023-11-22T08:09:36.563+0000] {dag.py:2941} INFO - Sync 1 DAGs
[2023-11-22T08:09:36.611+0000] {logging_mixin.py:154} INFO - [2023-11-22T08:09:36.610+0000] {dag.py:3722} INFO - Setting next_dagrun for ETL_WorldIndices to 2023-11-22T08:00:00+00:00, run_after=2023-11-22T16:00:00+00:00
[2023-11-22T08:09:36.977+0000] {processor.py:179} INFO - Processing /opt/airflow/dags/ETL_WorldIndices.py took 1.274 seconds
[2023-11-22T08:10:08.395+0000] {processor.py:157} INFO - Started process (PID=2354) to work on /opt/airflow/dags/ETL_WorldIndices.py
[2023-11-22T08:10:08.397+0000] {processor.py:829} INFO - Processing file /opt/airflow/dags/ETL_WorldIndices.py for tasks to queue
[2023-11-22T08:10:08.407+0000] {logging_mixin.py:154} INFO - [2023-11-22T08:10:08.406+0000] {dagbag.py:536} INFO - Filling up the DagBag from /opt/airflow/dags/ETL_WorldIndices.py
[2023-11-22T08:10:09.766+0000] {processor.py:839} INFO - DAG(s) dict_keys(['ETL_WorldIndices']) retrieved from /opt/airflow/dags/ETL_WorldIndices.py
[2023-11-22T08:10:09.814+0000] {logging_mixin.py:154} INFO - [2023-11-22T08:10:09.813+0000] {dag.py:2941} INFO - Sync 1 DAGs
[2023-11-22T08:10:09.866+0000] {logging_mixin.py:154} INFO - [2023-11-22T08:10:09.866+0000] {dag.py:3722} INFO - Setting next_dagrun for ETL_WorldIndices to 2023-11-22T08:00:00+00:00, run_after=2023-11-22T16:00:00+00:00
[2023-11-22T08:10:10.093+0000] {processor.py:179} INFO - Processing /opt/airflow/dags/ETL_WorldIndices.py took 1.703 seconds
[2023-11-22T08:10:40.525+0000] {processor.py:157} INFO - Started process (PID=2365) to work on /opt/airflow/dags/ETL_WorldIndices.py
[2023-11-22T08:10:40.526+0000] {processor.py:829} INFO - Processing file /opt/airflow/dags/ETL_WorldIndices.py for tasks to queue
[2023-11-22T08:10:40.528+0000] {logging_mixin.py:154} INFO - [2023-11-22T08:10:40.528+0000] {dagbag.py:536} INFO - Filling up the DagBag from /opt/airflow/dags/ETL_WorldIndices.py
[2023-11-22T08:10:41.443+0000] {processor.py:839} INFO - DAG(s) dict_keys(['ETL_WorldIndices']) retrieved from /opt/airflow/dags/ETL_WorldIndices.py
[2023-11-22T08:10:41.501+0000] {logging_mixin.py:154} INFO - [2023-11-22T08:10:41.500+0000] {dag.py:2941} INFO - Sync 1 DAGs
[2023-11-22T08:10:41.559+0000] {logging_mixin.py:154} INFO - [2023-11-22T08:10:41.558+0000] {dag.py:3722} INFO - Setting next_dagrun for ETL_WorldIndices to 2023-11-22T08:00:00+00:00, run_after=2023-11-22T16:00:00+00:00
[2023-11-22T08:10:41.765+0000] {processor.py:179} INFO - Processing /opt/airflow/dags/ETL_WorldIndices.py took 1.244 seconds
[2023-11-22T08:11:12.759+0000] {processor.py:157} INFO - Started process (PID=2376) to work on /opt/airflow/dags/ETL_WorldIndices.py
[2023-11-22T08:11:12.761+0000] {processor.py:829} INFO - Processing file /opt/airflow/dags/ETL_WorldIndices.py for tasks to queue
[2023-11-22T08:11:12.763+0000] {logging_mixin.py:154} INFO - [2023-11-22T08:11:12.762+0000] {dagbag.py:536} INFO - Filling up the DagBag from /opt/airflow/dags/ETL_WorldIndices.py
[2023-11-22T08:11:13.736+0000] {processor.py:839} INFO - DAG(s) dict_keys(['ETL_WorldIndices']) retrieved from /opt/airflow/dags/ETL_WorldIndices.py
[2023-11-22T08:11:13.784+0000] {logging_mixin.py:154} INFO - [2023-11-22T08:11:13.783+0000] {dag.py:2941} INFO - Sync 1 DAGs
[2023-11-22T08:11:13.827+0000] {logging_mixin.py:154} INFO - [2023-11-22T08:11:13.826+0000] {dag.py:3722} INFO - Setting next_dagrun for ETL_WorldIndices to 2023-11-22T08:00:00+00:00, run_after=2023-11-22T16:00:00+00:00
[2023-11-22T08:11:13.996+0000] {processor.py:179} INFO - Processing /opt/airflow/dags/ETL_WorldIndices.py took 1.242 seconds
[2023-11-22T08:11:44.748+0000] {processor.py:157} INFO - Started process (PID=2387) to work on /opt/airflow/dags/ETL_WorldIndices.py
[2023-11-22T08:11:44.750+0000] {processor.py:829} INFO - Processing file /opt/airflow/dags/ETL_WorldIndices.py for tasks to queue
[2023-11-22T08:11:44.752+0000] {logging_mixin.py:154} INFO - [2023-11-22T08:11:44.752+0000] {dagbag.py:536} INFO - Filling up the DagBag from /opt/airflow/dags/ETL_WorldIndices.py
[2023-11-22T08:11:45.629+0000] {processor.py:839} INFO - DAG(s) dict_keys(['ETL_WorldIndices']) retrieved from /opt/airflow/dags/ETL_WorldIndices.py
[2023-11-22T08:11:45.682+0000] {logging_mixin.py:154} INFO - [2023-11-22T08:11:45.682+0000] {dag.py:2941} INFO - Sync 1 DAGs
[2023-11-22T08:11:45.724+0000] {logging_mixin.py:154} INFO - [2023-11-22T08:11:45.724+0000] {dag.py:3722} INFO - Setting next_dagrun for ETL_WorldIndices to 2023-11-22T08:00:00+00:00, run_after=2023-11-22T16:00:00+00:00
[2023-11-22T08:11:45.916+0000] {processor.py:179} INFO - Processing /opt/airflow/dags/ETL_WorldIndices.py took 1.173 seconds
[2023-11-22T08:12:16.407+0000] {processor.py:157} INFO - Started process (PID=2398) to work on /opt/airflow/dags/ETL_WorldIndices.py
[2023-11-22T08:12:16.409+0000] {processor.py:829} INFO - Processing file /opt/airflow/dags/ETL_WorldIndices.py for tasks to queue
[2023-11-22T08:12:16.411+0000] {logging_mixin.py:154} INFO - [2023-11-22T08:12:16.411+0000] {dagbag.py:536} INFO - Filling up the DagBag from /opt/airflow/dags/ETL_WorldIndices.py
[2023-11-22T08:12:17.235+0000] {processor.py:839} INFO - DAG(s) dict_keys(['ETL_WorldIndices']) retrieved from /opt/airflow/dags/ETL_WorldIndices.py
[2023-11-22T08:12:17.286+0000] {logging_mixin.py:154} INFO - [2023-11-22T08:12:17.286+0000] {dag.py:2941} INFO - Sync 1 DAGs
[2023-11-22T08:12:17.325+0000] {logging_mixin.py:154} INFO - [2023-11-22T08:12:17.325+0000] {dag.py:3722} INFO - Setting next_dagrun for ETL_WorldIndices to 2023-11-22T08:00:00+00:00, run_after=2023-11-22T16:00:00+00:00
[2023-11-22T08:12:17.510+0000] {processor.py:179} INFO - Processing /opt/airflow/dags/ETL_WorldIndices.py took 1.107 seconds
[2023-11-22T08:12:48.477+0000] {processor.py:157} INFO - Started process (PID=2409) to work on /opt/airflow/dags/ETL_WorldIndices.py
[2023-11-22T08:12:48.479+0000] {processor.py:829} INFO - Processing file /opt/airflow/dags/ETL_WorldIndices.py for tasks to queue
[2023-11-22T08:12:48.481+0000] {logging_mixin.py:154} INFO - [2023-11-22T08:12:48.480+0000] {dagbag.py:536} INFO - Filling up the DagBag from /opt/airflow/dags/ETL_WorldIndices.py
[2023-11-22T08:12:49.396+0000] {processor.py:839} INFO - DAG(s) dict_keys(['ETL_WorldIndices']) retrieved from /opt/airflow/dags/ETL_WorldIndices.py
[2023-11-22T08:12:49.446+0000] {logging_mixin.py:154} INFO - [2023-11-22T08:12:49.445+0000] {dag.py:2941} INFO - Sync 1 DAGs
[2023-11-22T08:12:49.489+0000] {logging_mixin.py:154} INFO - [2023-11-22T08:12:49.488+0000] {dag.py:3722} INFO - Setting next_dagrun for ETL_WorldIndices to 2023-11-22T08:00:00+00:00, run_after=2023-11-22T16:00:00+00:00
[2023-11-22T08:12:49.711+0000] {processor.py:179} INFO - Processing /opt/airflow/dags/ETL_WorldIndices.py took 1.239 seconds
[2023-11-22T08:13:20.342+0000] {processor.py:157} INFO - Started process (PID=2420) to work on /opt/airflow/dags/ETL_WorldIndices.py
[2023-11-22T08:13:20.344+0000] {processor.py:829} INFO - Processing file /opt/airflow/dags/ETL_WorldIndices.py for tasks to queue
[2023-11-22T08:13:20.346+0000] {logging_mixin.py:154} INFO - [2023-11-22T08:13:20.346+0000] {dagbag.py:536} INFO - Filling up the DagBag from /opt/airflow/dags/ETL_WorldIndices.py
[2023-11-22T08:13:21.980+0000] {processor.py:839} INFO - DAG(s) dict_keys(['ETL_WorldIndices']) retrieved from /opt/airflow/dags/ETL_WorldIndices.py
[2023-11-22T08:13:22.038+0000] {logging_mixin.py:154} INFO - [2023-11-22T08:13:22.037+0000] {dag.py:2941} INFO - Sync 1 DAGs
[2023-11-22T08:13:22.093+0000] {logging_mixin.py:154} INFO - [2023-11-22T08:13:22.093+0000] {dag.py:3722} INFO - Setting next_dagrun for ETL_WorldIndices to 2023-11-22T08:00:00+00:00, run_after=2023-11-22T16:00:00+00:00
[2023-11-22T08:13:22.281+0000] {processor.py:179} INFO - Processing /opt/airflow/dags/ETL_WorldIndices.py took 1.945 seconds
[2023-11-22T08:13:53.458+0000] {processor.py:157} INFO - Started process (PID=2431) to work on /opt/airflow/dags/ETL_WorldIndices.py
[2023-11-22T08:13:53.460+0000] {processor.py:829} INFO - Processing file /opt/airflow/dags/ETL_WorldIndices.py for tasks to queue
[2023-11-22T08:13:53.462+0000] {logging_mixin.py:154} INFO - [2023-11-22T08:13:53.462+0000] {dagbag.py:536} INFO - Filling up the DagBag from /opt/airflow/dags/ETL_WorldIndices.py
[2023-11-22T08:13:54.315+0000] {processor.py:839} INFO - DAG(s) dict_keys(['ETL_WorldIndices']) retrieved from /opt/airflow/dags/ETL_WorldIndices.py
[2023-11-22T08:13:54.358+0000] {logging_mixin.py:154} INFO - [2023-11-22T08:13:54.357+0000] {dag.py:2941} INFO - Sync 1 DAGs
[2023-11-22T08:13:54.400+0000] {logging_mixin.py:154} INFO - [2023-11-22T08:13:54.399+0000] {dag.py:3722} INFO - Setting next_dagrun for ETL_WorldIndices to 2023-11-22T08:00:00+00:00, run_after=2023-11-22T16:00:00+00:00
[2023-11-22T08:13:54.571+0000] {processor.py:179} INFO - Processing /opt/airflow/dags/ETL_WorldIndices.py took 1.118 seconds
