[2023-11-22T07:25:10.928+0000] {processor.py:157} INFO - Started process (PID=276) to work on /opt/airflow/dags/updateBCTC.py
[2023-11-22T07:25:10.931+0000] {processor.py:829} INFO - Processing file /opt/airflow/dags/updateBCTC.py for tasks to queue
[2023-11-22T07:25:10.933+0000] {logging_mixin.py:154} INFO - [2023-11-22T07:25:10.932+0000] {dagbag.py:536} INFO - Filling up the DagBag from /opt/airflow/dags/updateBCTC.py
[2023-11-22T07:25:11.392+0000] {processor.py:839} INFO - DAG(s) dict_keys(['ETL_FinancialReport']) retrieved from /opt/airflow/dags/updateBCTC.py
[2023-11-22T07:25:11.427+0000] {logging_mixin.py:154} INFO - [2023-11-22T07:25:11.426+0000] {dag.py:2941} INFO - Sync 1 DAGs
[2023-11-22T07:25:11.472+0000] {logging_mixin.py:154} INFO - [2023-11-22T07:25:11.471+0000] {dag.py:3722} INFO - Setting next_dagrun for ETL_FinancialReport to 2023-12-01T00:00:00+00:00, run_after=2024-01-01T00:00:00+00:00
[2023-11-22T07:25:11.676+0000] {processor.py:179} INFO - Processing /opt/airflow/dags/updateBCTC.py took 0.751 seconds
[2023-11-22T07:25:42.450+0000] {processor.py:157} INFO - Started process (PID=287) to work on /opt/airflow/dags/updateBCTC.py
[2023-11-22T07:25:42.452+0000] {processor.py:829} INFO - Processing file /opt/airflow/dags/updateBCTC.py for tasks to queue
[2023-11-22T07:25:42.454+0000] {logging_mixin.py:154} INFO - [2023-11-22T07:25:42.454+0000] {dagbag.py:536} INFO - Filling up the DagBag from /opt/airflow/dags/updateBCTC.py
[2023-11-22T07:25:43.129+0000] {processor.py:839} INFO - DAG(s) dict_keys(['ETL_FinancialReport']) retrieved from /opt/airflow/dags/updateBCTC.py
[2023-11-22T07:25:43.770+0000] {logging_mixin.py:154} INFO - [2023-11-22T07:25:43.767+0000] {dag.py:2941} INFO - Sync 1 DAGs
[2023-11-22T07:25:43.851+0000] {logging_mixin.py:154} INFO - [2023-11-22T07:25:43.851+0000] {dag.py:3722} INFO - Setting next_dagrun for ETL_FinancialReport to 2023-12-01T00:00:00+00:00, run_after=2024-01-01T00:00:00+00:00
[2023-11-22T07:25:44.599+0000] {processor.py:179} INFO - Processing /opt/airflow/dags/updateBCTC.py took 2.152 seconds
[2023-11-22T07:26:15.027+0000] {processor.py:157} INFO - Started process (PID=298) to work on /opt/airflow/dags/updateBCTC.py
[2023-11-22T07:26:15.030+0000] {processor.py:829} INFO - Processing file /opt/airflow/dags/updateBCTC.py for tasks to queue
[2023-11-22T07:26:15.033+0000] {logging_mixin.py:154} INFO - [2023-11-22T07:26:15.032+0000] {dagbag.py:536} INFO - Filling up the DagBag from /opt/airflow/dags/updateBCTC.py
[2023-11-22T07:26:15.690+0000] {processor.py:839} INFO - DAG(s) dict_keys(['ETL_FinancialReport']) retrieved from /opt/airflow/dags/updateBCTC.py
[2023-11-22T07:26:15.745+0000] {logging_mixin.py:154} INFO - [2023-11-22T07:26:15.744+0000] {dag.py:2941} INFO - Sync 1 DAGs
[2023-11-22T07:26:15.793+0000] {logging_mixin.py:154} INFO - [2023-11-22T07:26:15.793+0000] {dag.py:3722} INFO - Setting next_dagrun for ETL_FinancialReport to 2023-12-01T00:00:00+00:00, run_after=2024-01-01T00:00:00+00:00
[2023-11-22T07:26:15.976+0000] {processor.py:179} INFO - Processing /opt/airflow/dags/updateBCTC.py took 0.956 seconds
[2023-11-22T07:26:46.311+0000] {processor.py:157} INFO - Started process (PID=309) to work on /opt/airflow/dags/updateBCTC.py
[2023-11-22T07:26:46.313+0000] {processor.py:829} INFO - Processing file /opt/airflow/dags/updateBCTC.py for tasks to queue
[2023-11-22T07:26:46.315+0000] {logging_mixin.py:154} INFO - [2023-11-22T07:26:46.314+0000] {dagbag.py:536} INFO - Filling up the DagBag from /opt/airflow/dags/updateBCTC.py
[2023-11-22T07:26:47.010+0000] {processor.py:839} INFO - DAG(s) dict_keys(['ETL_FinancialReport']) retrieved from /opt/airflow/dags/updateBCTC.py
[2023-11-22T07:26:47.047+0000] {logging_mixin.py:154} INFO - [2023-11-22T07:26:47.047+0000] {dag.py:2941} INFO - Sync 1 DAGs
[2023-11-22T07:26:47.096+0000] {logging_mixin.py:154} INFO - [2023-11-22T07:26:47.096+0000] {dag.py:3722} INFO - Setting next_dagrun for ETL_FinancialReport to 2023-12-01T00:00:00+00:00, run_after=2024-01-01T00:00:00+00:00
[2023-11-22T07:26:47.308+0000] {processor.py:179} INFO - Processing /opt/airflow/dags/updateBCTC.py took 1.002 seconds
[2023-11-22T07:27:17.903+0000] {processor.py:157} INFO - Started process (PID=320) to work on /opt/airflow/dags/updateBCTC.py
[2023-11-22T07:27:17.905+0000] {processor.py:829} INFO - Processing file /opt/airflow/dags/updateBCTC.py for tasks to queue
[2023-11-22T07:27:17.907+0000] {logging_mixin.py:154} INFO - [2023-11-22T07:27:17.907+0000] {dagbag.py:536} INFO - Filling up the DagBag from /opt/airflow/dags/updateBCTC.py
[2023-11-22T07:27:18.584+0000] {processor.py:839} INFO - DAG(s) dict_keys(['ETL_FinancialReport']) retrieved from /opt/airflow/dags/updateBCTC.py
[2023-11-22T07:27:18.861+0000] {logging_mixin.py:154} INFO - [2023-11-22T07:27:18.859+0000] {dag.py:2941} INFO - Sync 1 DAGs
[2023-11-22T07:27:18.914+0000] {logging_mixin.py:154} INFO - [2023-11-22T07:27:18.914+0000] {dag.py:3722} INFO - Setting next_dagrun for ETL_FinancialReport to 2023-12-01T00:00:00+00:00, run_after=2024-01-01T00:00:00+00:00
[2023-11-22T07:27:19.119+0000] {processor.py:179} INFO - Processing /opt/airflow/dags/updateBCTC.py took 1.219 seconds
[2023-11-22T07:27:49.760+0000] {processor.py:157} INFO - Started process (PID=331) to work on /opt/airflow/dags/updateBCTC.py
[2023-11-22T07:27:49.762+0000] {processor.py:829} INFO - Processing file /opt/airflow/dags/updateBCTC.py for tasks to queue
[2023-11-22T07:27:49.764+0000] {logging_mixin.py:154} INFO - [2023-11-22T07:27:49.763+0000] {dagbag.py:536} INFO - Filling up the DagBag from /opt/airflow/dags/updateBCTC.py
[2023-11-22T07:27:50.466+0000] {processor.py:839} INFO - DAG(s) dict_keys(['ETL_FinancialReport']) retrieved from /opt/airflow/dags/updateBCTC.py
[2023-11-22T07:27:50.512+0000] {logging_mixin.py:154} INFO - [2023-11-22T07:27:50.511+0000] {dag.py:2941} INFO - Sync 1 DAGs
[2023-11-22T07:27:50.556+0000] {logging_mixin.py:154} INFO - [2023-11-22T07:27:50.556+0000] {dag.py:3722} INFO - Setting next_dagrun for ETL_FinancialReport to 2023-12-01T00:00:00+00:00, run_after=2024-01-01T00:00:00+00:00
[2023-11-22T07:27:50.741+0000] {processor.py:179} INFO - Processing /opt/airflow/dags/updateBCTC.py took 0.986 seconds
[2023-11-22T07:28:33.299+0000] {processor.py:157} INFO - Started process (PID=269) to work on /opt/airflow/dags/updateBCTC.py
[2023-11-22T07:28:33.301+0000] {processor.py:829} INFO - Processing file /opt/airflow/dags/updateBCTC.py for tasks to queue
[2023-11-22T07:28:33.302+0000] {logging_mixin.py:154} INFO - [2023-11-22T07:28:33.302+0000] {dagbag.py:536} INFO - Filling up the DagBag from /opt/airflow/dags/updateBCTC.py
[2023-11-22T07:28:33.889+0000] {processor.py:839} INFO - DAG(s) dict_keys(['ETL_FinancialReport']) retrieved from /opt/airflow/dags/updateBCTC.py
[2023-11-22T07:28:33.924+0000] {logging_mixin.py:154} INFO - [2023-11-22T07:28:33.923+0000] {dag.py:2941} INFO - Sync 1 DAGs
[2023-11-22T07:28:33.978+0000] {logging_mixin.py:154} INFO - [2023-11-22T07:28:33.978+0000] {dag.py:3722} INFO - Setting next_dagrun for ETL_FinancialReport to 2023-12-01T00:00:00+00:00, run_after=2024-01-01T00:00:00+00:00
[2023-11-22T07:28:34.458+0000] {processor.py:179} INFO - Processing /opt/airflow/dags/updateBCTC.py took 1.163 seconds
[2023-11-22T07:29:06.972+0000] {processor.py:157} INFO - Started process (PID=286) to work on /opt/airflow/dags/updateBCTC.py
[2023-11-22T07:29:06.973+0000] {processor.py:829} INFO - Processing file /opt/airflow/dags/updateBCTC.py for tasks to queue
[2023-11-22T07:29:06.975+0000] {logging_mixin.py:154} INFO - [2023-11-22T07:29:06.975+0000] {dagbag.py:536} INFO - Filling up the DagBag from /opt/airflow/dags/updateBCTC.py
[2023-11-22T07:29:07.470+0000] {processor.py:839} INFO - DAG(s) dict_keys(['ETL_FinancialReport']) retrieved from /opt/airflow/dags/updateBCTC.py
[2023-11-22T07:29:07.884+0000] {logging_mixin.py:154} INFO - [2023-11-22T07:29:07.883+0000] {dag.py:2941} INFO - Sync 1 DAGs
[2023-11-22T07:29:07.934+0000] {logging_mixin.py:154} INFO - [2023-11-22T07:29:07.934+0000] {dag.py:3722} INFO - Setting next_dagrun for ETL_FinancialReport to 2023-12-01T00:00:00+00:00, run_after=2024-01-01T00:00:00+00:00
[2023-11-22T07:29:08.138+0000] {processor.py:179} INFO - Processing /opt/airflow/dags/updateBCTC.py took 1.170 seconds
[2023-11-22T07:29:39.065+0000] {processor.py:157} INFO - Started process (PID=297) to work on /opt/airflow/dags/updateBCTC.py
[2023-11-22T07:29:39.068+0000] {processor.py:829} INFO - Processing file /opt/airflow/dags/updateBCTC.py for tasks to queue
[2023-11-22T07:29:39.070+0000] {logging_mixin.py:154} INFO - [2023-11-22T07:29:39.069+0000] {dagbag.py:536} INFO - Filling up the DagBag from /opt/airflow/dags/updateBCTC.py
[2023-11-22T07:29:39.601+0000] {processor.py:839} INFO - DAG(s) dict_keys(['ETL_FinancialReport']) retrieved from /opt/airflow/dags/updateBCTC.py
[2023-11-22T07:29:39.822+0000] {logging_mixin.py:154} INFO - [2023-11-22T07:29:39.822+0000] {dag.py:2941} INFO - Sync 1 DAGs
[2023-11-22T07:29:39.866+0000] {logging_mixin.py:154} INFO - [2023-11-22T07:29:39.865+0000] {dag.py:3722} INFO - Setting next_dagrun for ETL_FinancialReport to 2023-12-01T00:00:00+00:00, run_after=2024-01-01T00:00:00+00:00
[2023-11-22T07:29:40.065+0000] {processor.py:179} INFO - Processing /opt/airflow/dags/updateBCTC.py took 1.004 seconds
[2023-11-22T07:30:10.729+0000] {processor.py:157} INFO - Started process (PID=308) to work on /opt/airflow/dags/updateBCTC.py
[2023-11-22T07:30:10.731+0000] {processor.py:829} INFO - Processing file /opt/airflow/dags/updateBCTC.py for tasks to queue
[2023-11-22T07:30:10.733+0000] {logging_mixin.py:154} INFO - [2023-11-22T07:30:10.732+0000] {dagbag.py:536} INFO - Filling up the DagBag from /opt/airflow/dags/updateBCTC.py
[2023-11-22T07:30:11.383+0000] {processor.py:839} INFO - DAG(s) dict_keys(['ETL_FinancialReport']) retrieved from /opt/airflow/dags/updateBCTC.py
[2023-11-22T07:30:11.419+0000] {logging_mixin.py:154} INFO - [2023-11-22T07:30:11.418+0000] {dag.py:2941} INFO - Sync 1 DAGs
[2023-11-22T07:30:11.471+0000] {logging_mixin.py:154} INFO - [2023-11-22T07:30:11.471+0000] {dag.py:3722} INFO - Setting next_dagrun for ETL_FinancialReport to 2023-12-01T00:00:00+00:00, run_after=2024-01-01T00:00:00+00:00
[2023-11-22T07:30:11.680+0000] {processor.py:179} INFO - Processing /opt/airflow/dags/updateBCTC.py took 0.954 seconds
[2023-11-22T07:30:43.256+0000] {processor.py:157} INFO - Started process (PID=319) to work on /opt/airflow/dags/updateBCTC.py
[2023-11-22T07:30:43.258+0000] {processor.py:829} INFO - Processing file /opt/airflow/dags/updateBCTC.py for tasks to queue
[2023-11-22T07:30:43.260+0000] {logging_mixin.py:154} INFO - [2023-11-22T07:30:43.259+0000] {dagbag.py:536} INFO - Filling up the DagBag from /opt/airflow/dags/updateBCTC.py
[2023-11-22T07:30:44.029+0000] {processor.py:839} INFO - DAG(s) dict_keys(['ETL_FinancialReport']) retrieved from /opt/airflow/dags/updateBCTC.py
[2023-11-22T07:30:44.251+0000] {logging_mixin.py:154} INFO - [2023-11-22T07:30:44.250+0000] {dag.py:2941} INFO - Sync 1 DAGs
[2023-11-22T07:30:44.295+0000] {logging_mixin.py:154} INFO - [2023-11-22T07:30:44.295+0000] {dag.py:3722} INFO - Setting next_dagrun for ETL_FinancialReport to 2023-12-01T00:00:00+00:00, run_after=2024-01-01T00:00:00+00:00
[2023-11-22T07:30:44.493+0000] {processor.py:179} INFO - Processing /opt/airflow/dags/updateBCTC.py took 1.243 seconds
[2023-11-22T07:31:15.805+0000] {processor.py:157} INFO - Started process (PID=330) to work on /opt/airflow/dags/updateBCTC.py
[2023-11-22T07:31:15.807+0000] {processor.py:829} INFO - Processing file /opt/airflow/dags/updateBCTC.py for tasks to queue
[2023-11-22T07:31:15.810+0000] {logging_mixin.py:154} INFO - [2023-11-22T07:31:15.809+0000] {dagbag.py:536} INFO - Filling up the DagBag from /opt/airflow/dags/updateBCTC.py
[2023-11-22T07:31:16.461+0000] {processor.py:839} INFO - DAG(s) dict_keys(['ETL_FinancialReport']) retrieved from /opt/airflow/dags/updateBCTC.py
[2023-11-22T07:31:16.514+0000] {logging_mixin.py:154} INFO - [2023-11-22T07:31:16.513+0000] {dag.py:2941} INFO - Sync 1 DAGs
[2023-11-22T07:31:16.558+0000] {logging_mixin.py:154} INFO - [2023-11-22T07:31:16.558+0000] {dag.py:3722} INFO - Setting next_dagrun for ETL_FinancialReport to 2023-12-01T00:00:00+00:00, run_after=2024-01-01T00:00:00+00:00
[2023-11-22T07:31:16.766+0000] {processor.py:179} INFO - Processing /opt/airflow/dags/updateBCTC.py took 0.966 seconds
[2023-11-22T07:34:15.180+0000] {processor.py:157} INFO - Started process (PID=1000) to work on /opt/airflow/dags/updateBCTC.py
[2023-11-22T07:34:15.183+0000] {processor.py:829} INFO - Processing file /opt/airflow/dags/updateBCTC.py for tasks to queue
[2023-11-22T07:34:15.185+0000] {logging_mixin.py:154} INFO - [2023-11-22T07:34:15.184+0000] {dagbag.py:536} INFO - Filling up the DagBag from /opt/airflow/dags/updateBCTC.py
[2023-11-22T07:34:15.805+0000] {processor.py:839} INFO - DAG(s) dict_keys(['ETL_FinancialReport']) retrieved from /opt/airflow/dags/updateBCTC.py
[2023-11-22T07:34:16.006+0000] {logging_mixin.py:154} INFO - [2023-11-22T07:34:16.005+0000] {dag.py:2941} INFO - Sync 1 DAGs
[2023-11-22T07:34:16.044+0000] {logging_mixin.py:154} INFO - [2023-11-22T07:34:16.044+0000] {dag.py:3722} INFO - Setting next_dagrun for ETL_FinancialReport to 2023-12-01T00:00:00+00:00, run_after=2024-01-01T00:00:00+00:00
[2023-11-22T07:34:16.521+0000] {processor.py:179} INFO - Processing /opt/airflow/dags/updateBCTC.py took 1.344 seconds
[2023-11-22T07:34:47.112+0000] {processor.py:157} INFO - Started process (PID=1011) to work on /opt/airflow/dags/updateBCTC.py
[2023-11-22T07:34:47.114+0000] {processor.py:829} INFO - Processing file /opt/airflow/dags/updateBCTC.py for tasks to queue
[2023-11-22T07:34:47.116+0000] {logging_mixin.py:154} INFO - [2023-11-22T07:34:47.115+0000] {dagbag.py:536} INFO - Filling up the DagBag from /opt/airflow/dags/updateBCTC.py
[2023-11-22T07:34:47.784+0000] {processor.py:839} INFO - DAG(s) dict_keys(['ETL_FinancialReport']) retrieved from /opt/airflow/dags/updateBCTC.py
[2023-11-22T07:34:47.837+0000] {logging_mixin.py:154} INFO - [2023-11-22T07:34:47.837+0000] {dag.py:2941} INFO - Sync 1 DAGs
[2023-11-22T07:34:47.876+0000] {logging_mixin.py:154} INFO - [2023-11-22T07:34:47.876+0000] {dag.py:3722} INFO - Setting next_dagrun for ETL_FinancialReport to 2023-12-01T00:00:00+00:00, run_after=2024-01-01T00:00:00+00:00
[2023-11-22T07:34:48.092+0000] {processor.py:179} INFO - Processing /opt/airflow/dags/updateBCTC.py took 0.984 seconds
[2023-11-22T07:35:18.795+0000] {processor.py:157} INFO - Started process (PID=1022) to work on /opt/airflow/dags/updateBCTC.py
[2023-11-22T07:35:18.797+0000] {processor.py:829} INFO - Processing file /opt/airflow/dags/updateBCTC.py for tasks to queue
[2023-11-22T07:35:18.799+0000] {logging_mixin.py:154} INFO - [2023-11-22T07:35:18.799+0000] {dagbag.py:536} INFO - Filling up the DagBag from /opt/airflow/dags/updateBCTC.py
[2023-11-22T07:35:19.393+0000] {processor.py:839} INFO - DAG(s) dict_keys(['ETL_FinancialReport']) retrieved from /opt/airflow/dags/updateBCTC.py
[2023-11-22T07:35:19.424+0000] {logging_mixin.py:154} INFO - [2023-11-22T07:35:19.424+0000] {dag.py:2941} INFO - Sync 1 DAGs
[2023-11-22T07:35:19.463+0000] {logging_mixin.py:154} INFO - [2023-11-22T07:35:19.462+0000] {dag.py:3722} INFO - Setting next_dagrun for ETL_FinancialReport to 2023-12-01T00:00:00+00:00, run_after=2024-01-01T00:00:00+00:00
[2023-11-22T07:35:19.618+0000] {processor.py:179} INFO - Processing /opt/airflow/dags/updateBCTC.py took 0.828 seconds
[2023-11-22T07:35:50.203+0000] {processor.py:157} INFO - Started process (PID=1033) to work on /opt/airflow/dags/updateBCTC.py
[2023-11-22T07:35:50.205+0000] {processor.py:829} INFO - Processing file /opt/airflow/dags/updateBCTC.py for tasks to queue
[2023-11-22T07:35:50.207+0000] {logging_mixin.py:154} INFO - [2023-11-22T07:35:50.207+0000] {dagbag.py:536} INFO - Filling up the DagBag from /opt/airflow/dags/updateBCTC.py
[2023-11-22T07:35:51.000+0000] {processor.py:839} INFO - DAG(s) dict_keys(['ETL_FinancialReport']) retrieved from /opt/airflow/dags/updateBCTC.py
[2023-11-22T07:35:51.221+0000] {logging_mixin.py:154} INFO - [2023-11-22T07:35:51.219+0000] {dag.py:2941} INFO - Sync 1 DAGs
[2023-11-22T07:35:51.272+0000] {logging_mixin.py:154} INFO - [2023-11-22T07:35:51.271+0000] {dag.py:3722} INFO - Setting next_dagrun for ETL_FinancialReport to 2023-12-01T00:00:00+00:00, run_after=2024-01-01T00:00:00+00:00
[2023-11-22T07:35:51.757+0000] {processor.py:179} INFO - Processing /opt/airflow/dags/updateBCTC.py took 1.557 seconds
[2023-11-22T07:36:22.678+0000] {processor.py:157} INFO - Started process (PID=1044) to work on /opt/airflow/dags/updateBCTC.py
[2023-11-22T07:36:22.680+0000] {processor.py:829} INFO - Processing file /opt/airflow/dags/updateBCTC.py for tasks to queue
[2023-11-22T07:36:22.683+0000] {logging_mixin.py:154} INFO - [2023-11-22T07:36:22.682+0000] {dagbag.py:536} INFO - Filling up the DagBag from /opt/airflow/dags/updateBCTC.py
[2023-11-22T07:36:23.364+0000] {processor.py:839} INFO - DAG(s) dict_keys(['ETL_FinancialReport']) retrieved from /opt/airflow/dags/updateBCTC.py
[2023-11-22T07:36:23.420+0000] {logging_mixin.py:154} INFO - [2023-11-22T07:36:23.419+0000] {dag.py:2941} INFO - Sync 1 DAGs
[2023-11-22T07:36:23.460+0000] {logging_mixin.py:154} INFO - [2023-11-22T07:36:23.460+0000] {dag.py:3722} INFO - Setting next_dagrun for ETL_FinancialReport to 2023-12-01T00:00:00+00:00, run_after=2024-01-01T00:00:00+00:00
[2023-11-22T07:36:23.837+0000] {processor.py:179} INFO - Processing /opt/airflow/dags/updateBCTC.py took 1.163 seconds
[2023-11-22T07:36:54.471+0000] {processor.py:157} INFO - Started process (PID=1055) to work on /opt/airflow/dags/updateBCTC.py
[2023-11-22T07:36:54.473+0000] {processor.py:829} INFO - Processing file /opt/airflow/dags/updateBCTC.py for tasks to queue
[2023-11-22T07:36:54.476+0000] {logging_mixin.py:154} INFO - [2023-11-22T07:36:54.475+0000] {dagbag.py:536} INFO - Filling up the DagBag from /opt/airflow/dags/updateBCTC.py
[2023-11-22T07:36:55.176+0000] {processor.py:839} INFO - DAG(s) dict_keys(['ETL_FinancialReport']) retrieved from /opt/airflow/dags/updateBCTC.py
[2023-11-22T07:36:55.209+0000] {logging_mixin.py:154} INFO - [2023-11-22T07:36:55.209+0000] {dag.py:2941} INFO - Sync 1 DAGs
[2023-11-22T07:36:55.248+0000] {logging_mixin.py:154} INFO - [2023-11-22T07:36:55.248+0000] {dag.py:3722} INFO - Setting next_dagrun for ETL_FinancialReport to 2023-12-01T00:00:00+00:00, run_after=2024-01-01T00:00:00+00:00
[2023-11-22T07:36:55.464+0000] {processor.py:179} INFO - Processing /opt/airflow/dags/updateBCTC.py took 0.996 seconds
[2023-11-22T07:37:26.329+0000] {processor.py:157} INFO - Started process (PID=1066) to work on /opt/airflow/dags/updateBCTC.py
[2023-11-22T07:37:26.331+0000] {processor.py:829} INFO - Processing file /opt/airflow/dags/updateBCTC.py for tasks to queue
[2023-11-22T07:37:26.333+0000] {logging_mixin.py:154} INFO - [2023-11-22T07:37:26.333+0000] {dagbag.py:536} INFO - Filling up the DagBag from /opt/airflow/dags/updateBCTC.py
[2023-11-22T07:37:27.101+0000] {processor.py:839} INFO - DAG(s) dict_keys(['ETL_FinancialReport']) retrieved from /opt/airflow/dags/updateBCTC.py
[2023-11-22T07:37:27.556+0000] {logging_mixin.py:154} INFO - [2023-11-22T07:37:27.555+0000] {dag.py:2941} INFO - Sync 1 DAGs
[2023-11-22T07:37:27.598+0000] {logging_mixin.py:154} INFO - [2023-11-22T07:37:27.597+0000] {dag.py:3722} INFO - Setting next_dagrun for ETL_FinancialReport to 2023-12-01T00:00:00+00:00, run_after=2024-01-01T00:00:00+00:00
[2023-11-22T07:37:27.907+0000] {processor.py:179} INFO - Processing /opt/airflow/dags/updateBCTC.py took 1.582 seconds
[2023-11-22T07:37:58.198+0000] {processor.py:157} INFO - Started process (PID=1077) to work on /opt/airflow/dags/updateBCTC.py
[2023-11-22T07:37:58.200+0000] {processor.py:829} INFO - Processing file /opt/airflow/dags/updateBCTC.py for tasks to queue
[2023-11-22T07:37:58.202+0000] {logging_mixin.py:154} INFO - [2023-11-22T07:37:58.202+0000] {dagbag.py:536} INFO - Filling up the DagBag from /opt/airflow/dags/updateBCTC.py
[2023-11-22T07:37:58.817+0000] {processor.py:839} INFO - DAG(s) dict_keys(['ETL_FinancialReport']) retrieved from /opt/airflow/dags/updateBCTC.py
[2023-11-22T07:37:58.868+0000] {logging_mixin.py:154} INFO - [2023-11-22T07:37:58.867+0000] {dag.py:2941} INFO - Sync 1 DAGs
[2023-11-22T07:37:58.904+0000] {logging_mixin.py:154} INFO - [2023-11-22T07:37:58.904+0000] {dag.py:3722} INFO - Setting next_dagrun for ETL_FinancialReport to 2023-12-01T00:00:00+00:00, run_after=2024-01-01T00:00:00+00:00
[2023-11-22T07:37:59.077+0000] {processor.py:179} INFO - Processing /opt/airflow/dags/updateBCTC.py took 0.883 seconds
[2023-11-22T07:38:29.794+0000] {processor.py:157} INFO - Started process (PID=1088) to work on /opt/airflow/dags/updateBCTC.py
[2023-11-22T07:38:29.797+0000] {processor.py:829} INFO - Processing file /opt/airflow/dags/updateBCTC.py for tasks to queue
[2023-11-22T07:38:29.799+0000] {logging_mixin.py:154} INFO - [2023-11-22T07:38:29.798+0000] {dagbag.py:536} INFO - Filling up the DagBag from /opt/airflow/dags/updateBCTC.py
[2023-11-22T07:38:30.420+0000] {processor.py:839} INFO - DAG(s) dict_keys(['ETL_FinancialReport']) retrieved from /opt/airflow/dags/updateBCTC.py
[2023-11-22T07:38:30.456+0000] {logging_mixin.py:154} INFO - [2023-11-22T07:38:30.455+0000] {dag.py:2941} INFO - Sync 1 DAGs
[2023-11-22T07:38:30.493+0000] {logging_mixin.py:154} INFO - [2023-11-22T07:38:30.493+0000] {dag.py:3722} INFO - Setting next_dagrun for ETL_FinancialReport to 2023-12-01T00:00:00+00:00, run_after=2024-01-01T00:00:00+00:00
[2023-11-22T07:38:30.694+0000] {processor.py:179} INFO - Processing /opt/airflow/dags/updateBCTC.py took 0.904 seconds
[2023-11-22T07:39:01.320+0000] {processor.py:157} INFO - Started process (PID=1099) to work on /opt/airflow/dags/updateBCTC.py
[2023-11-22T07:39:01.322+0000] {processor.py:829} INFO - Processing file /opt/airflow/dags/updateBCTC.py for tasks to queue
[2023-11-22T07:39:01.324+0000] {logging_mixin.py:154} INFO - [2023-11-22T07:39:01.324+0000] {dagbag.py:536} INFO - Filling up the DagBag from /opt/airflow/dags/updateBCTC.py
[2023-11-22T07:39:01.871+0000] {processor.py:839} INFO - DAG(s) dict_keys(['ETL_FinancialReport']) retrieved from /opt/airflow/dags/updateBCTC.py
[2023-11-22T07:39:02.087+0000] {logging_mixin.py:154} INFO - [2023-11-22T07:39:02.086+0000] {dag.py:2941} INFO - Sync 1 DAGs
[2023-11-22T07:39:02.127+0000] {logging_mixin.py:154} INFO - [2023-11-22T07:39:02.127+0000] {dag.py:3722} INFO - Setting next_dagrun for ETL_FinancialReport to 2023-12-01T00:00:00+00:00, run_after=2024-01-01T00:00:00+00:00
[2023-11-22T07:39:02.346+0000] {processor.py:179} INFO - Processing /opt/airflow/dags/updateBCTC.py took 1.030 seconds
[2023-11-22T07:39:33.016+0000] {processor.py:157} INFO - Started process (PID=1110) to work on /opt/airflow/dags/updateBCTC.py
[2023-11-22T07:39:33.018+0000] {processor.py:829} INFO - Processing file /opt/airflow/dags/updateBCTC.py for tasks to queue
[2023-11-22T07:39:33.021+0000] {logging_mixin.py:154} INFO - [2023-11-22T07:39:33.020+0000] {dagbag.py:536} INFO - Filling up the DagBag from /opt/airflow/dags/updateBCTC.py
[2023-11-22T07:39:33.545+0000] {processor.py:839} INFO - DAG(s) dict_keys(['ETL_FinancialReport']) retrieved from /opt/airflow/dags/updateBCTC.py
[2023-11-22T07:39:33.599+0000] {logging_mixin.py:154} INFO - [2023-11-22T07:39:33.599+0000] {dag.py:2941} INFO - Sync 1 DAGs
[2023-11-22T07:39:33.643+0000] {logging_mixin.py:154} INFO - [2023-11-22T07:39:33.643+0000] {dag.py:3722} INFO - Setting next_dagrun for ETL_FinancialReport to 2023-12-01T00:00:00+00:00, run_after=2024-01-01T00:00:00+00:00
[2023-11-22T07:39:33.849+0000] {processor.py:179} INFO - Processing /opt/airflow/dags/updateBCTC.py took 0.837 seconds
[2023-11-22T07:40:04.575+0000] {processor.py:157} INFO - Started process (PID=1121) to work on /opt/airflow/dags/updateBCTC.py
[2023-11-22T07:40:04.577+0000] {processor.py:829} INFO - Processing file /opt/airflow/dags/updateBCTC.py for tasks to queue
[2023-11-22T07:40:04.579+0000] {logging_mixin.py:154} INFO - [2023-11-22T07:40:04.579+0000] {dagbag.py:536} INFO - Filling up the DagBag from /opt/airflow/dags/updateBCTC.py
[2023-11-22T07:40:05.103+0000] {processor.py:839} INFO - DAG(s) dict_keys(['ETL_FinancialReport']) retrieved from /opt/airflow/dags/updateBCTC.py
[2023-11-22T07:40:05.136+0000] {logging_mixin.py:154} INFO - [2023-11-22T07:40:05.135+0000] {dag.py:2941} INFO - Sync 1 DAGs
[2023-11-22T07:40:05.191+0000] {logging_mixin.py:154} INFO - [2023-11-22T07:40:05.190+0000] {dag.py:3722} INFO - Setting next_dagrun for ETL_FinancialReport to 2023-12-01T00:00:00+00:00, run_after=2024-01-01T00:00:00+00:00
[2023-11-22T07:40:05.394+0000] {processor.py:179} INFO - Processing /opt/airflow/dags/updateBCTC.py took 0.824 seconds
[2023-11-22T07:40:37.351+0000] {processor.py:157} INFO - Started process (PID=1132) to work on /opt/airflow/dags/updateBCTC.py
[2023-11-22T07:40:37.354+0000] {processor.py:829} INFO - Processing file /opt/airflow/dags/updateBCTC.py for tasks to queue
[2023-11-22T07:40:37.356+0000] {logging_mixin.py:154} INFO - [2023-11-22T07:40:37.356+0000] {dagbag.py:536} INFO - Filling up the DagBag from /opt/airflow/dags/updateBCTC.py
[2023-11-22T07:40:37.848+0000] {processor.py:839} INFO - DAG(s) dict_keys(['ETL_FinancialReport']) retrieved from /opt/airflow/dags/updateBCTC.py
[2023-11-22T07:40:38.099+0000] {logging_mixin.py:154} INFO - [2023-11-22T07:40:38.098+0000] {dag.py:2941} INFO - Sync 1 DAGs
[2023-11-22T07:40:38.145+0000] {logging_mixin.py:154} INFO - [2023-11-22T07:40:38.145+0000] {dag.py:3722} INFO - Setting next_dagrun for ETL_FinancialReport to 2023-12-01T00:00:00+00:00, run_after=2024-01-01T00:00:00+00:00
[2023-11-22T07:40:38.360+0000] {processor.py:179} INFO - Processing /opt/airflow/dags/updateBCTC.py took 1.014 seconds
[2023-11-22T07:41:08.608+0000] {processor.py:157} INFO - Started process (PID=1143) to work on /opt/airflow/dags/updateBCTC.py
[2023-11-22T07:41:08.609+0000] {processor.py:829} INFO - Processing file /opt/airflow/dags/updateBCTC.py for tasks to queue
[2023-11-22T07:41:08.612+0000] {logging_mixin.py:154} INFO - [2023-11-22T07:41:08.611+0000] {dagbag.py:536} INFO - Filling up the DagBag from /opt/airflow/dags/updateBCTC.py
[2023-11-22T07:41:09.126+0000] {processor.py:839} INFO - DAG(s) dict_keys(['ETL_FinancialReport']) retrieved from /opt/airflow/dags/updateBCTC.py
[2023-11-22T07:41:09.182+0000] {logging_mixin.py:154} INFO - [2023-11-22T07:41:09.181+0000] {dag.py:2941} INFO - Sync 1 DAGs
[2023-11-22T07:41:09.223+0000] {logging_mixin.py:154} INFO - [2023-11-22T07:41:09.222+0000] {dag.py:3722} INFO - Setting next_dagrun for ETL_FinancialReport to 2023-12-01T00:00:00+00:00, run_after=2024-01-01T00:00:00+00:00
[2023-11-22T07:41:09.450+0000] {processor.py:179} INFO - Processing /opt/airflow/dags/updateBCTC.py took 0.847 seconds
[2023-11-22T07:41:40.429+0000] {processor.py:157} INFO - Started process (PID=1154) to work on /opt/airflow/dags/updateBCTC.py
[2023-11-22T07:41:40.432+0000] {processor.py:829} INFO - Processing file /opt/airflow/dags/updateBCTC.py for tasks to queue
[2023-11-22T07:41:40.434+0000] {logging_mixin.py:154} INFO - [2023-11-22T07:41:40.434+0000] {dagbag.py:536} INFO - Filling up the DagBag from /opt/airflow/dags/updateBCTC.py
[2023-11-22T07:41:40.949+0000] {processor.py:839} INFO - DAG(s) dict_keys(['ETL_FinancialReport']) retrieved from /opt/airflow/dags/updateBCTC.py
[2023-11-22T07:41:40.985+0000] {logging_mixin.py:154} INFO - [2023-11-22T07:41:40.985+0000] {dag.py:2941} INFO - Sync 1 DAGs
[2023-11-22T07:41:41.031+0000] {logging_mixin.py:154} INFO - [2023-11-22T07:41:41.031+0000] {dag.py:3722} INFO - Setting next_dagrun for ETL_FinancialReport to 2023-12-01T00:00:00+00:00, run_after=2024-01-01T00:00:00+00:00
[2023-11-22T07:41:41.218+0000] {processor.py:179} INFO - Processing /opt/airflow/dags/updateBCTC.py took 0.797 seconds
[2023-11-22T07:42:12.148+0000] {processor.py:157} INFO - Started process (PID=1165) to work on /opt/airflow/dags/updateBCTC.py
[2023-11-22T07:42:12.151+0000] {processor.py:829} INFO - Processing file /opt/airflow/dags/updateBCTC.py for tasks to queue
[2023-11-22T07:42:12.153+0000] {logging_mixin.py:154} INFO - [2023-11-22T07:42:12.153+0000] {dagbag.py:536} INFO - Filling up the DagBag from /opt/airflow/dags/updateBCTC.py
[2023-11-22T07:42:12.741+0000] {processor.py:839} INFO - DAG(s) dict_keys(['ETL_FinancialReport']) retrieved from /opt/airflow/dags/updateBCTC.py
[2023-11-22T07:42:13.025+0000] {logging_mixin.py:154} INFO - [2023-11-22T07:42:13.024+0000] {dag.py:2941} INFO - Sync 1 DAGs
[2023-11-22T07:42:13.084+0000] {logging_mixin.py:154} INFO - [2023-11-22T07:42:13.084+0000] {dag.py:3722} INFO - Setting next_dagrun for ETL_FinancialReport to 2023-12-01T00:00:00+00:00, run_after=2024-01-01T00:00:00+00:00
[2023-11-22T07:42:13.316+0000] {processor.py:179} INFO - Processing /opt/airflow/dags/updateBCTC.py took 1.176 seconds
[2023-11-22T07:42:43.795+0000] {processor.py:157} INFO - Started process (PID=1176) to work on /opt/airflow/dags/updateBCTC.py
[2023-11-22T07:42:43.797+0000] {processor.py:829} INFO - Processing file /opt/airflow/dags/updateBCTC.py for tasks to queue
[2023-11-22T07:42:43.799+0000] {logging_mixin.py:154} INFO - [2023-11-22T07:42:43.799+0000] {dagbag.py:536} INFO - Filling up the DagBag from /opt/airflow/dags/updateBCTC.py
[2023-11-22T07:42:44.273+0000] {processor.py:839} INFO - DAG(s) dict_keys(['ETL_FinancialReport']) retrieved from /opt/airflow/dags/updateBCTC.py
[2023-11-22T07:42:44.333+0000] {logging_mixin.py:154} INFO - [2023-11-22T07:42:44.332+0000] {dag.py:2941} INFO - Sync 1 DAGs
[2023-11-22T07:42:44.376+0000] {logging_mixin.py:154} INFO - [2023-11-22T07:42:44.376+0000] {dag.py:3722} INFO - Setting next_dagrun for ETL_FinancialReport to 2023-12-01T00:00:00+00:00, run_after=2024-01-01T00:00:00+00:00
[2023-11-22T07:42:44.592+0000] {processor.py:179} INFO - Processing /opt/airflow/dags/updateBCTC.py took 0.803 seconds
[2023-11-22T07:43:15.014+0000] {processor.py:157} INFO - Started process (PID=1187) to work on /opt/airflow/dags/updateBCTC.py
[2023-11-22T07:43:15.016+0000] {processor.py:829} INFO - Processing file /opt/airflow/dags/updateBCTC.py for tasks to queue
[2023-11-22T07:43:15.019+0000] {logging_mixin.py:154} INFO - [2023-11-22T07:43:15.018+0000] {dagbag.py:536} INFO - Filling up the DagBag from /opt/airflow/dags/updateBCTC.py
[2023-11-22T07:43:15.529+0000] {processor.py:839} INFO - DAG(s) dict_keys(['ETL_FinancialReport']) retrieved from /opt/airflow/dags/updateBCTC.py
[2023-11-22T07:43:15.567+0000] {logging_mixin.py:154} INFO - [2023-11-22T07:43:15.566+0000] {dag.py:2941} INFO - Sync 1 DAGs
[2023-11-22T07:43:15.611+0000] {logging_mixin.py:154} INFO - [2023-11-22T07:43:15.611+0000] {dag.py:3722} INFO - Setting next_dagrun for ETL_FinancialReport to 2023-12-01T00:00:00+00:00, run_after=2024-01-01T00:00:00+00:00
[2023-11-22T07:43:15.864+0000] {processor.py:179} INFO - Processing /opt/airflow/dags/updateBCTC.py took 0.854 seconds
[2023-11-22T07:43:46.265+0000] {processor.py:157} INFO - Started process (PID=1198) to work on /opt/airflow/dags/updateBCTC.py
[2023-11-22T07:43:46.267+0000] {processor.py:829} INFO - Processing file /opt/airflow/dags/updateBCTC.py for tasks to queue
[2023-11-22T07:43:46.269+0000] {logging_mixin.py:154} INFO - [2023-11-22T07:43:46.268+0000] {dagbag.py:536} INFO - Filling up the DagBag from /opt/airflow/dags/updateBCTC.py
[2023-11-22T07:43:46.787+0000] {processor.py:839} INFO - DAG(s) dict_keys(['ETL_FinancialReport']) retrieved from /opt/airflow/dags/updateBCTC.py
[2023-11-22T07:43:47.012+0000] {logging_mixin.py:154} INFO - [2023-11-22T07:43:47.011+0000] {dag.py:2941} INFO - Sync 1 DAGs
[2023-11-22T07:43:47.062+0000] {logging_mixin.py:154} INFO - [2023-11-22T07:43:47.062+0000] {dag.py:3722} INFO - Setting next_dagrun for ETL_FinancialReport to 2023-12-01T00:00:00+00:00, run_after=2024-01-01T00:00:00+00:00
[2023-11-22T07:43:47.274+0000] {processor.py:179} INFO - Processing /opt/airflow/dags/updateBCTC.py took 1.013 seconds
[2023-11-22T07:44:18.710+0000] {processor.py:157} INFO - Started process (PID=1209) to work on /opt/airflow/dags/updateBCTC.py
[2023-11-22T07:44:18.713+0000] {processor.py:829} INFO - Processing file /opt/airflow/dags/updateBCTC.py for tasks to queue
[2023-11-22T07:44:18.715+0000] {logging_mixin.py:154} INFO - [2023-11-22T07:44:18.714+0000] {dagbag.py:536} INFO - Filling up the DagBag from /opt/airflow/dags/updateBCTC.py
[2023-11-22T07:44:19.212+0000] {processor.py:839} INFO - DAG(s) dict_keys(['ETL_FinancialReport']) retrieved from /opt/airflow/dags/updateBCTC.py
[2023-11-22T07:44:19.269+0000] {logging_mixin.py:154} INFO - [2023-11-22T07:44:19.268+0000] {dag.py:2941} INFO - Sync 1 DAGs
[2023-11-22T07:44:19.312+0000] {logging_mixin.py:154} INFO - [2023-11-22T07:44:19.312+0000] {dag.py:3722} INFO - Setting next_dagrun for ETL_FinancialReport to 2023-12-01T00:00:00+00:00, run_after=2024-01-01T00:00:00+00:00
[2023-11-22T07:44:19.506+0000] {processor.py:179} INFO - Processing /opt/airflow/dags/updateBCTC.py took 0.804 seconds
[2023-11-22T07:44:49.755+0000] {processor.py:157} INFO - Started process (PID=1220) to work on /opt/airflow/dags/updateBCTC.py
[2023-11-22T07:44:49.757+0000] {processor.py:829} INFO - Processing file /opt/airflow/dags/updateBCTC.py for tasks to queue
[2023-11-22T07:44:49.760+0000] {logging_mixin.py:154} INFO - [2023-11-22T07:44:49.759+0000] {dagbag.py:536} INFO - Filling up the DagBag from /opt/airflow/dags/updateBCTC.py
[2023-11-22T07:44:50.268+0000] {processor.py:839} INFO - DAG(s) dict_keys(['ETL_FinancialReport']) retrieved from /opt/airflow/dags/updateBCTC.py
[2023-11-22T07:44:50.301+0000] {logging_mixin.py:154} INFO - [2023-11-22T07:44:50.300+0000] {dag.py:2941} INFO - Sync 1 DAGs
[2023-11-22T07:44:50.346+0000] {logging_mixin.py:154} INFO - [2023-11-22T07:44:50.346+0000] {dag.py:3722} INFO - Setting next_dagrun for ETL_FinancialReport to 2023-12-01T00:00:00+00:00, run_after=2024-01-01T00:00:00+00:00
[2023-11-22T07:44:50.557+0000] {processor.py:179} INFO - Processing /opt/airflow/dags/updateBCTC.py took 0.807 seconds
