[2023-11-22T07:25:08.572+0000] {processor.py:157} INFO - Started process (PID=275) to work on /opt/airflow/dags/welcome_dag.py
[2023-11-22T07:25:08.574+0000] {processor.py:829} INFO - Processing file /opt/airflow/dags/welcome_dag.py for tasks to queue
[2023-11-22T07:25:08.576+0000] {logging_mixin.py:154} INFO - [2023-11-22T07:25:08.575+0000] {dagbag.py:536} INFO - Filling up the DagBag from /opt/airflow/dags/welcome_dag.py
[2023-11-22T07:25:08.682+0000] {processor.py:839} INFO - DAG(s) dict_keys(['welcome_dag']) retrieved from /opt/airflow/dags/welcome_dag.py
[2023-11-22T07:25:09.023+0000] {logging_mixin.py:154} INFO - [2023-11-22T07:25:09.023+0000] {manager.py:499} INFO - Created Permission View: %s
[2023-11-22T07:25:09.146+0000] {logging_mixin.py:154} INFO - [2023-11-22T07:25:09.146+0000] {manager.py:499} INFO - Created Permission View: %s
[2023-11-22T07:25:09.267+0000] {logging_mixin.py:154} INFO - [2023-11-22T07:25:09.266+0000] {manager.py:499} INFO - Created Permission View: %s
[2023-11-22T07:25:09.268+0000] {logging_mixin.py:154} INFO - [2023-11-22T07:25:09.268+0000] {dag.py:2941} INFO - Sync 1 DAGs
[2023-11-22T07:25:09.304+0000] {logging_mixin.py:154} INFO - [2023-11-22T07:25:09.304+0000] {dag.py:2963} INFO - Creating ORM DAG for welcome_dag
[2023-11-22T07:25:09.330+0000] {logging_mixin.py:154} INFO - [2023-11-22T07:25:09.330+0000] {dag.py:3722} INFO - Setting next_dagrun for welcome_dag to 2023-11-21T23:00:00+00:00, run_after=2023-11-22T23:00:00+00:00
[2023-11-22T07:25:09.585+0000] {processor.py:179} INFO - Processing /opt/airflow/dags/welcome_dag.py took 1.017 seconds
[2023-11-22T07:25:40.580+0000] {processor.py:157} INFO - Started process (PID=286) to work on /opt/airflow/dags/welcome_dag.py
[2023-11-22T07:25:40.581+0000] {processor.py:829} INFO - Processing file /opt/airflow/dags/welcome_dag.py for tasks to queue
[2023-11-22T07:25:40.583+0000] {logging_mixin.py:154} INFO - [2023-11-22T07:25:40.582+0000] {dagbag.py:536} INFO - Filling up the DagBag from /opt/airflow/dags/welcome_dag.py
[2023-11-22T07:25:40.654+0000] {processor.py:839} INFO - DAG(s) dict_keys(['welcome_dag']) retrieved from /opt/airflow/dags/welcome_dag.py
[2023-11-22T07:25:40.713+0000] {logging_mixin.py:154} INFO - [2023-11-22T07:25:40.713+0000] {dag.py:2941} INFO - Sync 1 DAGs
[2023-11-22T07:25:40.757+0000] {logging_mixin.py:154} INFO - [2023-11-22T07:25:40.757+0000] {dag.py:3722} INFO - Setting next_dagrun for welcome_dag to 2023-11-21T23:00:00+00:00, run_after=2023-11-22T23:00:00+00:00
[2023-11-22T07:25:40.962+0000] {processor.py:179} INFO - Processing /opt/airflow/dags/welcome_dag.py took 0.386 seconds
[2023-11-22T07:26:11.701+0000] {processor.py:157} INFO - Started process (PID=297) to work on /opt/airflow/dags/welcome_dag.py
[2023-11-22T07:26:11.703+0000] {processor.py:829} INFO - Processing file /opt/airflow/dags/welcome_dag.py for tasks to queue
[2023-11-22T07:26:11.705+0000] {logging_mixin.py:154} INFO - [2023-11-22T07:26:11.705+0000] {dagbag.py:536} INFO - Filling up the DagBag from /opt/airflow/dags/welcome_dag.py
[2023-11-22T07:26:11.772+0000] {processor.py:839} INFO - DAG(s) dict_keys(['welcome_dag']) retrieved from /opt/airflow/dags/welcome_dag.py
[2023-11-22T07:26:11.822+0000] {logging_mixin.py:154} INFO - [2023-11-22T07:26:11.822+0000] {dag.py:2941} INFO - Sync 1 DAGs
[2023-11-22T07:26:11.864+0000] {logging_mixin.py:154} INFO - [2023-11-22T07:26:11.864+0000] {dag.py:3722} INFO - Setting next_dagrun for welcome_dag to 2023-11-21T23:00:00+00:00, run_after=2023-11-22T23:00:00+00:00
[2023-11-22T07:26:12.082+0000] {processor.py:179} INFO - Processing /opt/airflow/dags/welcome_dag.py took 0.385 seconds
[2023-11-22T07:26:43.310+0000] {processor.py:157} INFO - Started process (PID=308) to work on /opt/airflow/dags/welcome_dag.py
[2023-11-22T07:26:43.312+0000] {processor.py:829} INFO - Processing file /opt/airflow/dags/welcome_dag.py for tasks to queue
[2023-11-22T07:26:43.314+0000] {logging_mixin.py:154} INFO - [2023-11-22T07:26:43.313+0000] {dagbag.py:536} INFO - Filling up the DagBag from /opt/airflow/dags/welcome_dag.py
[2023-11-22T07:26:43.374+0000] {processor.py:839} INFO - DAG(s) dict_keys(['welcome_dag']) retrieved from /opt/airflow/dags/welcome_dag.py
[2023-11-22T07:26:43.431+0000] {logging_mixin.py:154} INFO - [2023-11-22T07:26:43.430+0000] {dag.py:2941} INFO - Sync 1 DAGs
[2023-11-22T07:26:43.480+0000] {logging_mixin.py:154} INFO - [2023-11-22T07:26:43.479+0000] {dag.py:3722} INFO - Setting next_dagrun for welcome_dag to 2023-11-21T23:00:00+00:00, run_after=2023-11-22T23:00:00+00:00
[2023-11-22T07:26:43.657+0000] {processor.py:179} INFO - Processing /opt/airflow/dags/welcome_dag.py took 0.350 seconds
[2023-11-22T07:27:15.048+0000] {processor.py:157} INFO - Started process (PID=319) to work on /opt/airflow/dags/welcome_dag.py
[2023-11-22T07:27:15.050+0000] {processor.py:829} INFO - Processing file /opt/airflow/dags/welcome_dag.py for tasks to queue
[2023-11-22T07:27:15.052+0000] {logging_mixin.py:154} INFO - [2023-11-22T07:27:15.051+0000] {dagbag.py:536} INFO - Filling up the DagBag from /opt/airflow/dags/welcome_dag.py
[2023-11-22T07:27:15.138+0000] {processor.py:839} INFO - DAG(s) dict_keys(['welcome_dag']) retrieved from /opt/airflow/dags/welcome_dag.py
[2023-11-22T07:27:15.201+0000] {logging_mixin.py:154} INFO - [2023-11-22T07:27:15.200+0000] {dag.py:2941} INFO - Sync 1 DAGs
[2023-11-22T07:27:15.252+0000] {logging_mixin.py:154} INFO - [2023-11-22T07:27:15.251+0000] {dag.py:3722} INFO - Setting next_dagrun for welcome_dag to 2023-11-21T23:00:00+00:00, run_after=2023-11-22T23:00:00+00:00
[2023-11-22T07:27:15.470+0000] {processor.py:179} INFO - Processing /opt/airflow/dags/welcome_dag.py took 0.427 seconds
[2023-11-22T07:27:46.826+0000] {processor.py:157} INFO - Started process (PID=330) to work on /opt/airflow/dags/welcome_dag.py
[2023-11-22T07:27:46.828+0000] {processor.py:829} INFO - Processing file /opt/airflow/dags/welcome_dag.py for tasks to queue
[2023-11-22T07:27:46.830+0000] {logging_mixin.py:154} INFO - [2023-11-22T07:27:46.829+0000] {dagbag.py:536} INFO - Filling up the DagBag from /opt/airflow/dags/welcome_dag.py
[2023-11-22T07:27:46.917+0000] {processor.py:839} INFO - DAG(s) dict_keys(['welcome_dag']) retrieved from /opt/airflow/dags/welcome_dag.py
[2023-11-22T07:27:46.980+0000] {logging_mixin.py:154} INFO - [2023-11-22T07:27:46.980+0000] {dag.py:2941} INFO - Sync 1 DAGs
[2023-11-22T07:27:47.032+0000] {logging_mixin.py:154} INFO - [2023-11-22T07:27:47.032+0000] {dag.py:3722} INFO - Setting next_dagrun for welcome_dag to 2023-11-21T23:00:00+00:00, run_after=2023-11-22T23:00:00+00:00
[2023-11-22T07:27:47.221+0000] {processor.py:179} INFO - Processing /opt/airflow/dags/welcome_dag.py took 0.399 seconds
[2023-11-22T07:28:31.570+0000] {processor.py:157} INFO - Started process (PID=268) to work on /opt/airflow/dags/welcome_dag.py
[2023-11-22T07:28:31.572+0000] {processor.py:829} INFO - Processing file /opt/airflow/dags/welcome_dag.py for tasks to queue
[2023-11-22T07:28:31.575+0000] {logging_mixin.py:154} INFO - [2023-11-22T07:28:31.574+0000] {dagbag.py:536} INFO - Filling up the DagBag from /opt/airflow/dags/welcome_dag.py
[2023-11-22T07:28:31.639+0000] {processor.py:839} INFO - DAG(s) dict_keys(['welcome_dag']) retrieved from /opt/airflow/dags/welcome_dag.py
[2023-11-22T07:28:31.669+0000] {logging_mixin.py:154} INFO - [2023-11-22T07:28:31.669+0000] {dag.py:2941} INFO - Sync 1 DAGs
[2023-11-22T07:28:31.724+0000] {logging_mixin.py:154} INFO - [2023-11-22T07:28:31.724+0000] {dag.py:3722} INFO - Setting next_dagrun for welcome_dag to 2023-11-21T23:00:00+00:00, run_after=2023-11-22T23:00:00+00:00
[2023-11-22T07:28:31.919+0000] {processor.py:179} INFO - Processing /opt/airflow/dags/welcome_dag.py took 0.352 seconds
[2023-11-22T07:29:05.158+0000] {processor.py:157} INFO - Started process (PID=285) to work on /opt/airflow/dags/welcome_dag.py
[2023-11-22T07:29:05.160+0000] {processor.py:829} INFO - Processing file /opt/airflow/dags/welcome_dag.py for tasks to queue
[2023-11-22T07:29:05.162+0000] {logging_mixin.py:154} INFO - [2023-11-22T07:29:05.161+0000] {dagbag.py:536} INFO - Filling up the DagBag from /opt/airflow/dags/welcome_dag.py
[2023-11-22T07:29:05.238+0000] {processor.py:839} INFO - DAG(s) dict_keys(['welcome_dag']) retrieved from /opt/airflow/dags/welcome_dag.py
[2023-11-22T07:29:05.299+0000] {logging_mixin.py:154} INFO - [2023-11-22T07:29:05.298+0000] {dag.py:2941} INFO - Sync 1 DAGs
[2023-11-22T07:29:05.354+0000] {logging_mixin.py:154} INFO - [2023-11-22T07:29:05.354+0000] {dag.py:3722} INFO - Setting next_dagrun for welcome_dag to 2023-11-21T23:00:00+00:00, run_after=2023-11-22T23:00:00+00:00
[2023-11-22T07:29:05.554+0000] {processor.py:179} INFO - Processing /opt/airflow/dags/welcome_dag.py took 0.401 seconds
[2023-11-22T07:29:37.253+0000] {processor.py:157} INFO - Started process (PID=296) to work on /opt/airflow/dags/welcome_dag.py
[2023-11-22T07:29:37.255+0000] {processor.py:829} INFO - Processing file /opt/airflow/dags/welcome_dag.py for tasks to queue
[2023-11-22T07:29:37.258+0000] {logging_mixin.py:154} INFO - [2023-11-22T07:29:37.257+0000] {dagbag.py:536} INFO - Filling up the DagBag from /opt/airflow/dags/welcome_dag.py
[2023-11-22T07:29:37.336+0000] {processor.py:839} INFO - DAG(s) dict_keys(['welcome_dag']) retrieved from /opt/airflow/dags/welcome_dag.py
[2023-11-22T07:29:37.397+0000] {logging_mixin.py:154} INFO - [2023-11-22T07:29:37.397+0000] {dag.py:2941} INFO - Sync 1 DAGs
[2023-11-22T07:29:37.448+0000] {logging_mixin.py:154} INFO - [2023-11-22T07:29:37.447+0000] {dag.py:3722} INFO - Setting next_dagrun for welcome_dag to 2023-11-21T23:00:00+00:00, run_after=2023-11-22T23:00:00+00:00
[2023-11-22T07:29:37.636+0000] {processor.py:179} INFO - Processing /opt/airflow/dags/welcome_dag.py took 0.387 seconds
[2023-11-22T07:30:09.571+0000] {processor.py:157} INFO - Started process (PID=307) to work on /opt/airflow/dags/welcome_dag.py
[2023-11-22T07:30:09.573+0000] {processor.py:829} INFO - Processing file /opt/airflow/dags/welcome_dag.py for tasks to queue
[2023-11-22T07:30:09.574+0000] {logging_mixin.py:154} INFO - [2023-11-22T07:30:09.574+0000] {dagbag.py:536} INFO - Filling up the DagBag from /opt/airflow/dags/welcome_dag.py
[2023-11-22T07:30:09.642+0000] {processor.py:839} INFO - DAG(s) dict_keys(['welcome_dag']) retrieved from /opt/airflow/dags/welcome_dag.py
[2023-11-22T07:30:09.702+0000] {logging_mixin.py:154} INFO - [2023-11-22T07:30:09.702+0000] {dag.py:2941} INFO - Sync 1 DAGs
[2023-11-22T07:30:09.752+0000] {logging_mixin.py:154} INFO - [2023-11-22T07:30:09.752+0000] {dag.py:3722} INFO - Setting next_dagrun for welcome_dag to 2023-11-21T23:00:00+00:00, run_after=2023-11-22T23:00:00+00:00
[2023-11-22T07:30:09.942+0000] {processor.py:179} INFO - Processing /opt/airflow/dags/welcome_dag.py took 0.375 seconds
[2023-11-22T07:30:41.436+0000] {processor.py:157} INFO - Started process (PID=318) to work on /opt/airflow/dags/welcome_dag.py
[2023-11-22T07:30:41.438+0000] {processor.py:829} INFO - Processing file /opt/airflow/dags/welcome_dag.py for tasks to queue
[2023-11-22T07:30:41.440+0000] {logging_mixin.py:154} INFO - [2023-11-22T07:30:41.440+0000] {dagbag.py:536} INFO - Filling up the DagBag from /opt/airflow/dags/welcome_dag.py
[2023-11-22T07:30:41.521+0000] {processor.py:839} INFO - DAG(s) dict_keys(['welcome_dag']) retrieved from /opt/airflow/dags/welcome_dag.py
[2023-11-22T07:30:41.585+0000] {logging_mixin.py:154} INFO - [2023-11-22T07:30:41.584+0000] {dag.py:2941} INFO - Sync 1 DAGs
[2023-11-22T07:30:41.636+0000] {logging_mixin.py:154} INFO - [2023-11-22T07:30:41.636+0000] {dag.py:3722} INFO - Setting next_dagrun for welcome_dag to 2023-11-21T23:00:00+00:00, run_after=2023-11-22T23:00:00+00:00
[2023-11-22T07:30:41.845+0000] {processor.py:179} INFO - Processing /opt/airflow/dags/welcome_dag.py took 0.412 seconds
[2023-11-22T07:31:12.622+0000] {processor.py:157} INFO - Started process (PID=329) to work on /opt/airflow/dags/welcome_dag.py
[2023-11-22T07:31:12.624+0000] {processor.py:829} INFO - Processing file /opt/airflow/dags/welcome_dag.py for tasks to queue
[2023-11-22T07:31:12.626+0000] {logging_mixin.py:154} INFO - [2023-11-22T07:31:12.626+0000] {dagbag.py:536} INFO - Filling up the DagBag from /opt/airflow/dags/welcome_dag.py
[2023-11-22T07:31:12.710+0000] {processor.py:839} INFO - DAG(s) dict_keys(['welcome_dag']) retrieved from /opt/airflow/dags/welcome_dag.py
[2023-11-22T07:31:12.783+0000] {logging_mixin.py:154} INFO - [2023-11-22T07:31:12.783+0000] {dag.py:2941} INFO - Sync 1 DAGs
[2023-11-22T07:31:12.843+0000] {logging_mixin.py:154} INFO - [2023-11-22T07:31:12.843+0000] {dag.py:3722} INFO - Setting next_dagrun for welcome_dag to 2023-11-21T23:00:00+00:00, run_after=2023-11-22T23:00:00+00:00
[2023-11-22T07:31:13.043+0000] {processor.py:179} INFO - Processing /opt/airflow/dags/welcome_dag.py took 0.425 seconds
[2023-11-22T07:34:13.387+0000] {processor.py:157} INFO - Started process (PID=999) to work on /opt/airflow/dags/welcome_dag.py
[2023-11-22T07:34:13.389+0000] {processor.py:829} INFO - Processing file /opt/airflow/dags/welcome_dag.py for tasks to queue
[2023-11-22T07:34:13.391+0000] {logging_mixin.py:154} INFO - [2023-11-22T07:34:13.390+0000] {dagbag.py:536} INFO - Filling up the DagBag from /opt/airflow/dags/welcome_dag.py
[2023-11-22T07:34:13.453+0000] {processor.py:839} INFO - DAG(s) dict_keys(['welcome_dag']) retrieved from /opt/airflow/dags/welcome_dag.py
[2023-11-22T07:34:13.520+0000] {logging_mixin.py:154} INFO - [2023-11-22T07:34:13.520+0000] {dag.py:2941} INFO - Sync 1 DAGs
[2023-11-22T07:34:13.569+0000] {logging_mixin.py:154} INFO - [2023-11-22T07:34:13.569+0000] {dag.py:3722} INFO - Setting next_dagrun for welcome_dag to 2023-11-21T23:00:00+00:00, run_after=2023-11-22T23:00:00+00:00
[2023-11-22T07:34:13.758+0000] {processor.py:179} INFO - Processing /opt/airflow/dags/welcome_dag.py took 0.375 seconds
[2023-11-22T07:34:45.325+0000] {processor.py:157} INFO - Started process (PID=1010) to work on /opt/airflow/dags/welcome_dag.py
[2023-11-22T07:34:45.328+0000] {processor.py:829} INFO - Processing file /opt/airflow/dags/welcome_dag.py for tasks to queue
[2023-11-22T07:34:45.330+0000] {logging_mixin.py:154} INFO - [2023-11-22T07:34:45.329+0000] {dagbag.py:536} INFO - Filling up the DagBag from /opt/airflow/dags/welcome_dag.py
[2023-11-22T07:34:45.419+0000] {processor.py:839} INFO - DAG(s) dict_keys(['welcome_dag']) retrieved from /opt/airflow/dags/welcome_dag.py
[2023-11-22T07:34:45.490+0000] {logging_mixin.py:154} INFO - [2023-11-22T07:34:45.490+0000] {dag.py:2941} INFO - Sync 1 DAGs
[2023-11-22T07:34:45.536+0000] {logging_mixin.py:154} INFO - [2023-11-22T07:34:45.535+0000] {dag.py:3722} INFO - Setting next_dagrun for welcome_dag to 2023-11-21T23:00:00+00:00, run_after=2023-11-22T23:00:00+00:00
[2023-11-22T07:34:45.734+0000] {processor.py:179} INFO - Processing /opt/airflow/dags/welcome_dag.py took 0.414 seconds
[2023-11-22T07:35:16.608+0000] {processor.py:157} INFO - Started process (PID=1021) to work on /opt/airflow/dags/welcome_dag.py
[2023-11-22T07:35:16.610+0000] {processor.py:829} INFO - Processing file /opt/airflow/dags/welcome_dag.py for tasks to queue
[2023-11-22T07:35:16.613+0000] {logging_mixin.py:154} INFO - [2023-11-22T07:35:16.612+0000] {dagbag.py:536} INFO - Filling up the DagBag from /opt/airflow/dags/welcome_dag.py
[2023-11-22T07:35:16.699+0000] {processor.py:839} INFO - DAG(s) dict_keys(['welcome_dag']) retrieved from /opt/airflow/dags/welcome_dag.py
[2023-11-22T07:35:16.770+0000] {logging_mixin.py:154} INFO - [2023-11-22T07:35:16.769+0000] {dag.py:2941} INFO - Sync 1 DAGs
[2023-11-22T07:35:16.821+0000] {logging_mixin.py:154} INFO - [2023-11-22T07:35:16.820+0000] {dag.py:3722} INFO - Setting next_dagrun for welcome_dag to 2023-11-21T23:00:00+00:00, run_after=2023-11-22T23:00:00+00:00
[2023-11-22T07:35:17.070+0000] {processor.py:179} INFO - Processing /opt/airflow/dags/welcome_dag.py took 0.468 seconds
[2023-11-22T07:35:47.889+0000] {processor.py:157} INFO - Started process (PID=1032) to work on /opt/airflow/dags/welcome_dag.py
[2023-11-22T07:35:47.892+0000] {processor.py:829} INFO - Processing file /opt/airflow/dags/welcome_dag.py for tasks to queue
[2023-11-22T07:35:47.894+0000] {logging_mixin.py:154} INFO - [2023-11-22T07:35:47.893+0000] {dagbag.py:536} INFO - Filling up the DagBag from /opt/airflow/dags/welcome_dag.py
[2023-11-22T07:35:47.953+0000] {processor.py:839} INFO - DAG(s) dict_keys(['welcome_dag']) retrieved from /opt/airflow/dags/welcome_dag.py
[2023-11-22T07:35:48.012+0000] {logging_mixin.py:154} INFO - [2023-11-22T07:35:48.012+0000] {dag.py:2941} INFO - Sync 1 DAGs
[2023-11-22T07:35:48.062+0000] {logging_mixin.py:154} INFO - [2023-11-22T07:35:48.061+0000] {dag.py:3722} INFO - Setting next_dagrun for welcome_dag to 2023-11-21T23:00:00+00:00, run_after=2023-11-22T23:00:00+00:00
[2023-11-22T07:35:48.257+0000] {processor.py:179} INFO - Processing /opt/airflow/dags/welcome_dag.py took 0.374 seconds
[2023-11-22T07:36:20.506+0000] {processor.py:157} INFO - Started process (PID=1043) to work on /opt/airflow/dags/welcome_dag.py
[2023-11-22T07:36:20.509+0000] {processor.py:829} INFO - Processing file /opt/airflow/dags/welcome_dag.py for tasks to queue
[2023-11-22T07:36:20.511+0000] {logging_mixin.py:154} INFO - [2023-11-22T07:36:20.510+0000] {dagbag.py:536} INFO - Filling up the DagBag from /opt/airflow/dags/welcome_dag.py
[2023-11-22T07:36:20.585+0000] {processor.py:839} INFO - DAG(s) dict_keys(['welcome_dag']) retrieved from /opt/airflow/dags/welcome_dag.py
[2023-11-22T07:36:20.647+0000] {logging_mixin.py:154} INFO - [2023-11-22T07:36:20.647+0000] {dag.py:2941} INFO - Sync 1 DAGs
[2023-11-22T07:36:20.696+0000] {logging_mixin.py:154} INFO - [2023-11-22T07:36:20.695+0000] {dag.py:3722} INFO - Setting next_dagrun for welcome_dag to 2023-11-21T23:00:00+00:00, run_after=2023-11-22T23:00:00+00:00
[2023-11-22T07:36:21.001+0000] {processor.py:179} INFO - Processing /opt/airflow/dags/welcome_dag.py took 0.499 seconds
[2023-11-22T07:36:52.627+0000] {processor.py:157} INFO - Started process (PID=1054) to work on /opt/airflow/dags/welcome_dag.py
[2023-11-22T07:36:52.629+0000] {processor.py:829} INFO - Processing file /opt/airflow/dags/welcome_dag.py for tasks to queue
[2023-11-22T07:36:52.631+0000] {logging_mixin.py:154} INFO - [2023-11-22T07:36:52.630+0000] {dagbag.py:536} INFO - Filling up the DagBag from /opt/airflow/dags/welcome_dag.py
[2023-11-22T07:36:52.705+0000] {processor.py:839} INFO - DAG(s) dict_keys(['welcome_dag']) retrieved from /opt/airflow/dags/welcome_dag.py
[2023-11-22T07:36:52.773+0000] {logging_mixin.py:154} INFO - [2023-11-22T07:36:52.773+0000] {dag.py:2941} INFO - Sync 1 DAGs
[2023-11-22T07:36:52.822+0000] {logging_mixin.py:154} INFO - [2023-11-22T07:36:52.821+0000] {dag.py:3722} INFO - Setting next_dagrun for welcome_dag to 2023-11-21T23:00:00+00:00, run_after=2023-11-22T23:00:00+00:00
[2023-11-22T07:36:53.099+0000] {processor.py:179} INFO - Processing /opt/airflow/dags/welcome_dag.py took 0.477 seconds
[2023-11-22T07:37:25.038+0000] {processor.py:157} INFO - Started process (PID=1065) to work on /opt/airflow/dags/welcome_dag.py
[2023-11-22T07:37:25.040+0000] {processor.py:829} INFO - Processing file /opt/airflow/dags/welcome_dag.py for tasks to queue
[2023-11-22T07:37:25.043+0000] {logging_mixin.py:154} INFO - [2023-11-22T07:37:25.042+0000] {dagbag.py:536} INFO - Filling up the DagBag from /opt/airflow/dags/welcome_dag.py
[2023-11-22T07:37:25.111+0000] {processor.py:839} INFO - DAG(s) dict_keys(['welcome_dag']) retrieved from /opt/airflow/dags/welcome_dag.py
[2023-11-22T07:37:25.175+0000] {logging_mixin.py:154} INFO - [2023-11-22T07:37:25.175+0000] {dag.py:2941} INFO - Sync 1 DAGs
[2023-11-22T07:37:25.221+0000] {logging_mixin.py:154} INFO - [2023-11-22T07:37:25.221+0000] {dag.py:3722} INFO - Setting next_dagrun for welcome_dag to 2023-11-21T23:00:00+00:00, run_after=2023-11-22T23:00:00+00:00
[2023-11-22T07:37:25.477+0000] {processor.py:179} INFO - Processing /opt/airflow/dags/welcome_dag.py took 0.443 seconds
[2023-11-22T07:37:56.402+0000] {processor.py:157} INFO - Started process (PID=1076) to work on /opt/airflow/dags/welcome_dag.py
[2023-11-22T07:37:56.404+0000] {processor.py:829} INFO - Processing file /opt/airflow/dags/welcome_dag.py for tasks to queue
[2023-11-22T07:37:56.406+0000] {logging_mixin.py:154} INFO - [2023-11-22T07:37:56.406+0000] {dagbag.py:536} INFO - Filling up the DagBag from /opt/airflow/dags/welcome_dag.py
[2023-11-22T07:37:56.478+0000] {processor.py:839} INFO - DAG(s) dict_keys(['welcome_dag']) retrieved from /opt/airflow/dags/welcome_dag.py
[2023-11-22T07:37:56.539+0000] {logging_mixin.py:154} INFO - [2023-11-22T07:37:56.539+0000] {dag.py:2941} INFO - Sync 1 DAGs
[2023-11-22T07:37:56.586+0000] {logging_mixin.py:154} INFO - [2023-11-22T07:37:56.586+0000] {dag.py:3722} INFO - Setting next_dagrun for welcome_dag to 2023-11-21T23:00:00+00:00, run_after=2023-11-22T23:00:00+00:00
[2023-11-22T07:37:56.780+0000] {processor.py:179} INFO - Processing /opt/airflow/dags/welcome_dag.py took 0.382 seconds
[2023-11-22T07:38:28.351+0000] {processor.py:157} INFO - Started process (PID=1087) to work on /opt/airflow/dags/welcome_dag.py
[2023-11-22T07:38:28.353+0000] {processor.py:829} INFO - Processing file /opt/airflow/dags/welcome_dag.py for tasks to queue
[2023-11-22T07:38:28.355+0000] {logging_mixin.py:154} INFO - [2023-11-22T07:38:28.355+0000] {dagbag.py:536} INFO - Filling up the DagBag from /opt/airflow/dags/welcome_dag.py
[2023-11-22T07:38:28.414+0000] {processor.py:839} INFO - DAG(s) dict_keys(['welcome_dag']) retrieved from /opt/airflow/dags/welcome_dag.py
[2023-11-22T07:38:28.474+0000] {logging_mixin.py:154} INFO - [2023-11-22T07:38:28.474+0000] {dag.py:2941} INFO - Sync 1 DAGs
[2023-11-22T07:38:28.519+0000] {logging_mixin.py:154} INFO - [2023-11-22T07:38:28.519+0000] {dag.py:3722} INFO - Setting next_dagrun for welcome_dag to 2023-11-21T23:00:00+00:00, run_after=2023-11-22T23:00:00+00:00
[2023-11-22T07:38:28.726+0000] {processor.py:179} INFO - Processing /opt/airflow/dags/welcome_dag.py took 0.379 seconds
[2023-11-22T07:38:59.810+0000] {processor.py:157} INFO - Started process (PID=1098) to work on /opt/airflow/dags/welcome_dag.py
[2023-11-22T07:38:59.813+0000] {processor.py:829} INFO - Processing file /opt/airflow/dags/welcome_dag.py for tasks to queue
[2023-11-22T07:38:59.816+0000] {logging_mixin.py:154} INFO - [2023-11-22T07:38:59.815+0000] {dagbag.py:536} INFO - Filling up the DagBag from /opt/airflow/dags/welcome_dag.py
[2023-11-22T07:38:59.889+0000] {processor.py:839} INFO - DAG(s) dict_keys(['welcome_dag']) retrieved from /opt/airflow/dags/welcome_dag.py
[2023-11-22T07:38:59.952+0000] {logging_mixin.py:154} INFO - [2023-11-22T07:38:59.951+0000] {dag.py:2941} INFO - Sync 1 DAGs
[2023-11-22T07:38:59.996+0000] {logging_mixin.py:154} INFO - [2023-11-22T07:38:59.995+0000] {dag.py:3722} INFO - Setting next_dagrun for welcome_dag to 2023-11-21T23:00:00+00:00, run_after=2023-11-22T23:00:00+00:00
[2023-11-22T07:39:00.183+0000] {processor.py:179} INFO - Processing /opt/airflow/dags/welcome_dag.py took 0.381 seconds
[2023-11-22T07:39:31.570+0000] {processor.py:157} INFO - Started process (PID=1109) to work on /opt/airflow/dags/welcome_dag.py
[2023-11-22T07:39:31.571+0000] {processor.py:829} INFO - Processing file /opt/airflow/dags/welcome_dag.py for tasks to queue
[2023-11-22T07:39:31.573+0000] {logging_mixin.py:154} INFO - [2023-11-22T07:39:31.573+0000] {dagbag.py:536} INFO - Filling up the DagBag from /opt/airflow/dags/welcome_dag.py
[2023-11-22T07:39:31.624+0000] {processor.py:839} INFO - DAG(s) dict_keys(['welcome_dag']) retrieved from /opt/airflow/dags/welcome_dag.py
[2023-11-22T07:39:31.684+0000] {logging_mixin.py:154} INFO - [2023-11-22T07:39:31.684+0000] {dag.py:2941} INFO - Sync 1 DAGs
[2023-11-22T07:39:31.734+0000] {logging_mixin.py:154} INFO - [2023-11-22T07:39:31.733+0000] {dag.py:3722} INFO - Setting next_dagrun for welcome_dag to 2023-11-21T23:00:00+00:00, run_after=2023-11-22T23:00:00+00:00
[2023-11-22T07:39:31.936+0000] {processor.py:179} INFO - Processing /opt/airflow/dags/welcome_dag.py took 0.370 seconds
[2023-11-22T07:40:03.313+0000] {processor.py:157} INFO - Started process (PID=1120) to work on /opt/airflow/dags/welcome_dag.py
[2023-11-22T07:40:03.315+0000] {processor.py:829} INFO - Processing file /opt/airflow/dags/welcome_dag.py for tasks to queue
[2023-11-22T07:40:03.317+0000] {logging_mixin.py:154} INFO - [2023-11-22T07:40:03.317+0000] {dagbag.py:536} INFO - Filling up the DagBag from /opt/airflow/dags/welcome_dag.py
[2023-11-22T07:40:03.393+0000] {processor.py:839} INFO - DAG(s) dict_keys(['welcome_dag']) retrieved from /opt/airflow/dags/welcome_dag.py
[2023-11-22T07:40:03.463+0000] {logging_mixin.py:154} INFO - [2023-11-22T07:40:03.462+0000] {dag.py:2941} INFO - Sync 1 DAGs
[2023-11-22T07:40:03.510+0000] {logging_mixin.py:154} INFO - [2023-11-22T07:40:03.510+0000] {dag.py:3722} INFO - Setting next_dagrun for welcome_dag to 2023-11-21T23:00:00+00:00, run_after=2023-11-22T23:00:00+00:00
[2023-11-22T07:40:03.695+0000] {processor.py:179} INFO - Processing /opt/airflow/dags/welcome_dag.py took 0.389 seconds
[2023-11-22T07:40:35.207+0000] {processor.py:157} INFO - Started process (PID=1131) to work on /opt/airflow/dags/welcome_dag.py
[2023-11-22T07:40:35.210+0000] {processor.py:829} INFO - Processing file /opt/airflow/dags/welcome_dag.py for tasks to queue
[2023-11-22T07:40:35.212+0000] {logging_mixin.py:154} INFO - [2023-11-22T07:40:35.212+0000] {dagbag.py:536} INFO - Filling up the DagBag from /opt/airflow/dags/welcome_dag.py
[2023-11-22T07:40:35.298+0000] {processor.py:839} INFO - DAG(s) dict_keys(['welcome_dag']) retrieved from /opt/airflow/dags/welcome_dag.py
[2023-11-22T07:40:35.373+0000] {logging_mixin.py:154} INFO - [2023-11-22T07:40:35.372+0000] {dag.py:2941} INFO - Sync 1 DAGs
[2023-11-22T07:40:35.427+0000] {logging_mixin.py:154} INFO - [2023-11-22T07:40:35.426+0000] {dag.py:3722} INFO - Setting next_dagrun for welcome_dag to 2023-11-21T23:00:00+00:00, run_after=2023-11-22T23:00:00+00:00
[2023-11-22T07:40:35.645+0000] {processor.py:179} INFO - Processing /opt/airflow/dags/welcome_dag.py took 0.442 seconds
[2023-11-22T07:41:06.680+0000] {processor.py:157} INFO - Started process (PID=1142) to work on /opt/airflow/dags/welcome_dag.py
[2023-11-22T07:41:06.682+0000] {processor.py:829} INFO - Processing file /opt/airflow/dags/welcome_dag.py for tasks to queue
[2023-11-22T07:41:06.684+0000] {logging_mixin.py:154} INFO - [2023-11-22T07:41:06.684+0000] {dagbag.py:536} INFO - Filling up the DagBag from /opt/airflow/dags/welcome_dag.py
[2023-11-22T07:41:06.764+0000] {processor.py:839} INFO - DAG(s) dict_keys(['welcome_dag']) retrieved from /opt/airflow/dags/welcome_dag.py
[2023-11-22T07:41:06.832+0000] {logging_mixin.py:154} INFO - [2023-11-22T07:41:06.832+0000] {dag.py:2941} INFO - Sync 1 DAGs
[2023-11-22T07:41:06.894+0000] {logging_mixin.py:154} INFO - [2023-11-22T07:41:06.894+0000] {dag.py:3722} INFO - Setting next_dagrun for welcome_dag to 2023-11-21T23:00:00+00:00, run_after=2023-11-22T23:00:00+00:00
[2023-11-22T07:41:07.102+0000] {processor.py:179} INFO - Processing /opt/airflow/dags/welcome_dag.py took 0.427 seconds
[2023-11-22T07:41:38.633+0000] {processor.py:157} INFO - Started process (PID=1153) to work on /opt/airflow/dags/welcome_dag.py
[2023-11-22T07:41:38.636+0000] {processor.py:829} INFO - Processing file /opt/airflow/dags/welcome_dag.py for tasks to queue
[2023-11-22T07:41:38.640+0000] {logging_mixin.py:154} INFO - [2023-11-22T07:41:38.639+0000] {dagbag.py:536} INFO - Filling up the DagBag from /opt/airflow/dags/welcome_dag.py
[2023-11-22T07:41:38.714+0000] {processor.py:839} INFO - DAG(s) dict_keys(['welcome_dag']) retrieved from /opt/airflow/dags/welcome_dag.py
[2023-11-22T07:41:38.782+0000] {logging_mixin.py:154} INFO - [2023-11-22T07:41:38.782+0000] {dag.py:2941} INFO - Sync 1 DAGs
[2023-11-22T07:41:38.825+0000] {logging_mixin.py:154} INFO - [2023-11-22T07:41:38.825+0000] {dag.py:3722} INFO - Setting next_dagrun for welcome_dag to 2023-11-21T23:00:00+00:00, run_after=2023-11-22T23:00:00+00:00
[2023-11-22T07:41:39.079+0000] {processor.py:179} INFO - Processing /opt/airflow/dags/welcome_dag.py took 0.452 seconds
[2023-11-22T07:42:10.195+0000] {processor.py:157} INFO - Started process (PID=1164) to work on /opt/airflow/dags/welcome_dag.py
[2023-11-22T07:42:10.197+0000] {processor.py:829} INFO - Processing file /opt/airflow/dags/welcome_dag.py for tasks to queue
[2023-11-22T07:42:10.201+0000] {logging_mixin.py:154} INFO - [2023-11-22T07:42:10.200+0000] {dagbag.py:536} INFO - Filling up the DagBag from /opt/airflow/dags/welcome_dag.py
[2023-11-22T07:42:10.277+0000] {processor.py:839} INFO - DAG(s) dict_keys(['welcome_dag']) retrieved from /opt/airflow/dags/welcome_dag.py
[2023-11-22T07:42:10.347+0000] {logging_mixin.py:154} INFO - [2023-11-22T07:42:10.347+0000] {dag.py:2941} INFO - Sync 1 DAGs
[2023-11-22T07:42:10.403+0000] {logging_mixin.py:154} INFO - [2023-11-22T07:42:10.402+0000] {dag.py:3722} INFO - Setting next_dagrun for welcome_dag to 2023-11-21T23:00:00+00:00, run_after=2023-11-22T23:00:00+00:00
[2023-11-22T07:42:10.634+0000] {processor.py:179} INFO - Processing /opt/airflow/dags/welcome_dag.py took 0.443 seconds
[2023-11-22T07:42:41.702+0000] {processor.py:157} INFO - Started process (PID=1175) to work on /opt/airflow/dags/welcome_dag.py
[2023-11-22T07:42:41.703+0000] {processor.py:829} INFO - Processing file /opt/airflow/dags/welcome_dag.py for tasks to queue
[2023-11-22T07:42:41.705+0000] {logging_mixin.py:154} INFO - [2023-11-22T07:42:41.705+0000] {dagbag.py:536} INFO - Filling up the DagBag from /opt/airflow/dags/welcome_dag.py
[2023-11-22T07:42:41.777+0000] {processor.py:839} INFO - DAG(s) dict_keys(['welcome_dag']) retrieved from /opt/airflow/dags/welcome_dag.py
[2023-11-22T07:42:41.841+0000] {logging_mixin.py:154} INFO - [2023-11-22T07:42:41.841+0000] {dag.py:2941} INFO - Sync 1 DAGs
[2023-11-22T07:42:41.889+0000] {logging_mixin.py:154} INFO - [2023-11-22T07:42:41.889+0000] {dag.py:3722} INFO - Setting next_dagrun for welcome_dag to 2023-11-21T23:00:00+00:00, run_after=2023-11-22T23:00:00+00:00
[2023-11-22T07:42:42.080+0000] {processor.py:179} INFO - Processing /opt/airflow/dags/welcome_dag.py took 0.383 seconds
[2023-11-22T07:43:13.430+0000] {processor.py:157} INFO - Started process (PID=1186) to work on /opt/airflow/dags/welcome_dag.py
[2023-11-22T07:43:13.432+0000] {processor.py:829} INFO - Processing file /opt/airflow/dags/welcome_dag.py for tasks to queue
[2023-11-22T07:43:13.435+0000] {logging_mixin.py:154} INFO - [2023-11-22T07:43:13.434+0000] {dagbag.py:536} INFO - Filling up the DagBag from /opt/airflow/dags/welcome_dag.py
[2023-11-22T07:43:13.514+0000] {processor.py:839} INFO - DAG(s) dict_keys(['welcome_dag']) retrieved from /opt/airflow/dags/welcome_dag.py
[2023-11-22T07:43:13.581+0000] {logging_mixin.py:154} INFO - [2023-11-22T07:43:13.581+0000] {dag.py:2941} INFO - Sync 1 DAGs
[2023-11-22T07:43:13.630+0000] {logging_mixin.py:154} INFO - [2023-11-22T07:43:13.630+0000] {dag.py:3722} INFO - Setting next_dagrun for welcome_dag to 2023-11-21T23:00:00+00:00, run_after=2023-11-22T23:00:00+00:00
[2023-11-22T07:43:13.847+0000] {processor.py:179} INFO - Processing /opt/airflow/dags/welcome_dag.py took 0.421 seconds
[2023-11-22T07:43:45.233+0000] {processor.py:157} INFO - Started process (PID=1197) to work on /opt/airflow/dags/welcome_dag.py
[2023-11-22T07:43:45.235+0000] {processor.py:829} INFO - Processing file /opt/airflow/dags/welcome_dag.py for tasks to queue
[2023-11-22T07:43:45.237+0000] {logging_mixin.py:154} INFO - [2023-11-22T07:43:45.237+0000] {dagbag.py:536} INFO - Filling up the DagBag from /opt/airflow/dags/welcome_dag.py
[2023-11-22T07:43:45.307+0000] {processor.py:839} INFO - DAG(s) dict_keys(['welcome_dag']) retrieved from /opt/airflow/dags/welcome_dag.py
[2023-11-22T07:43:45.362+0000] {logging_mixin.py:154} INFO - [2023-11-22T07:43:45.362+0000] {dag.py:2941} INFO - Sync 1 DAGs
[2023-11-22T07:43:45.413+0000] {logging_mixin.py:154} INFO - [2023-11-22T07:43:45.413+0000] {dag.py:3722} INFO - Setting next_dagrun for welcome_dag to 2023-11-21T23:00:00+00:00, run_after=2023-11-22T23:00:00+00:00
[2023-11-22T07:43:45.601+0000] {processor.py:179} INFO - Processing /opt/airflow/dags/welcome_dag.py took 0.372 seconds
[2023-11-22T07:44:16.882+0000] {processor.py:157} INFO - Started process (PID=1208) to work on /opt/airflow/dags/welcome_dag.py
[2023-11-22T07:44:16.884+0000] {processor.py:829} INFO - Processing file /opt/airflow/dags/welcome_dag.py for tasks to queue
[2023-11-22T07:44:16.886+0000] {logging_mixin.py:154} INFO - [2023-11-22T07:44:16.885+0000] {dagbag.py:536} INFO - Filling up the DagBag from /opt/airflow/dags/welcome_dag.py
[2023-11-22T07:44:16.935+0000] {processor.py:839} INFO - DAG(s) dict_keys(['welcome_dag']) retrieved from /opt/airflow/dags/welcome_dag.py
[2023-11-22T07:44:16.989+0000] {logging_mixin.py:154} INFO - [2023-11-22T07:44:16.989+0000] {dag.py:2941} INFO - Sync 1 DAGs
[2023-11-22T07:44:17.030+0000] {logging_mixin.py:154} INFO - [2023-11-22T07:44:17.029+0000] {dag.py:3722} INFO - Setting next_dagrun for welcome_dag to 2023-11-21T23:00:00+00:00, run_after=2023-11-22T23:00:00+00:00
[2023-11-22T07:44:17.269+0000] {processor.py:179} INFO - Processing /opt/airflow/dags/welcome_dag.py took 0.392 seconds
[2023-11-22T07:44:47.805+0000] {processor.py:157} INFO - Started process (PID=1219) to work on /opt/airflow/dags/welcome_dag.py
[2023-11-22T07:44:47.808+0000] {processor.py:829} INFO - Processing file /opt/airflow/dags/welcome_dag.py for tasks to queue
[2023-11-22T07:44:47.811+0000] {logging_mixin.py:154} INFO - [2023-11-22T07:44:47.810+0000] {dagbag.py:536} INFO - Filling up the DagBag from /opt/airflow/dags/welcome_dag.py
[2023-11-22T07:44:47.889+0000] {processor.py:839} INFO - DAG(s) dict_keys(['welcome_dag']) retrieved from /opt/airflow/dags/welcome_dag.py
[2023-11-22T07:44:47.944+0000] {logging_mixin.py:154} INFO - [2023-11-22T07:44:47.944+0000] {dag.py:2941} INFO - Sync 1 DAGs
[2023-11-22T07:44:47.988+0000] {logging_mixin.py:154} INFO - [2023-11-22T07:44:47.988+0000] {dag.py:3722} INFO - Setting next_dagrun for welcome_dag to 2023-11-21T23:00:00+00:00, run_after=2023-11-22T23:00:00+00:00
[2023-11-22T07:44:48.210+0000] {processor.py:179} INFO - Processing /opt/airflow/dags/welcome_dag.py took 0.412 seconds
[2023-11-22T07:45:20.185+0000] {processor.py:157} INFO - Started process (PID=1230) to work on /opt/airflow/dags/welcome_dag.py
[2023-11-22T07:45:20.188+0000] {processor.py:829} INFO - Processing file /opt/airflow/dags/welcome_dag.py for tasks to queue
[2023-11-22T07:45:20.190+0000] {logging_mixin.py:154} INFO - [2023-11-22T07:45:20.189+0000] {dagbag.py:536} INFO - Filling up the DagBag from /opt/airflow/dags/welcome_dag.py
[2023-11-22T07:45:20.250+0000] {processor.py:839} INFO - DAG(s) dict_keys(['welcome_dag']) retrieved from /opt/airflow/dags/welcome_dag.py
[2023-11-22T07:45:20.305+0000] {logging_mixin.py:154} INFO - [2023-11-22T07:45:20.304+0000] {dag.py:2941} INFO - Sync 1 DAGs
[2023-11-22T07:45:20.348+0000] {logging_mixin.py:154} INFO - [2023-11-22T07:45:20.348+0000] {dag.py:3722} INFO - Setting next_dagrun for welcome_dag to 2023-11-21T23:00:00+00:00, run_after=2023-11-22T23:00:00+00:00
[2023-11-22T07:45:20.524+0000] {processor.py:179} INFO - Processing /opt/airflow/dags/welcome_dag.py took 0.343 seconds
[2023-11-22T07:45:52.468+0000] {processor.py:157} INFO - Started process (PID=1241) to work on /opt/airflow/dags/welcome_dag.py
[2023-11-22T07:45:52.471+0000] {processor.py:829} INFO - Processing file /opt/airflow/dags/welcome_dag.py for tasks to queue
[2023-11-22T07:45:52.473+0000] {logging_mixin.py:154} INFO - [2023-11-22T07:45:52.473+0000] {dagbag.py:536} INFO - Filling up the DagBag from /opt/airflow/dags/welcome_dag.py
[2023-11-22T07:45:52.563+0000] {processor.py:839} INFO - DAG(s) dict_keys(['welcome_dag']) retrieved from /opt/airflow/dags/welcome_dag.py
[2023-11-22T07:45:52.636+0000] {logging_mixin.py:154} INFO - [2023-11-22T07:45:52.636+0000] {dag.py:2941} INFO - Sync 1 DAGs
[2023-11-22T07:45:52.682+0000] {logging_mixin.py:154} INFO - [2023-11-22T07:45:52.682+0000] {dag.py:3722} INFO - Setting next_dagrun for welcome_dag to 2023-11-21T23:00:00+00:00, run_after=2023-11-22T23:00:00+00:00
[2023-11-22T07:45:52.885+0000] {processor.py:179} INFO - Processing /opt/airflow/dags/welcome_dag.py took 0.425 seconds
[2023-11-22T07:46:23.893+0000] {processor.py:157} INFO - Started process (PID=1252) to work on /opt/airflow/dags/welcome_dag.py
[2023-11-22T07:46:23.895+0000] {processor.py:829} INFO - Processing file /opt/airflow/dags/welcome_dag.py for tasks to queue
[2023-11-22T07:46:23.897+0000] {logging_mixin.py:154} INFO - [2023-11-22T07:46:23.896+0000] {dagbag.py:536} INFO - Filling up the DagBag from /opt/airflow/dags/welcome_dag.py
[2023-11-22T07:46:23.964+0000] {processor.py:839} INFO - DAG(s) dict_keys(['welcome_dag']) retrieved from /opt/airflow/dags/welcome_dag.py
[2023-11-22T07:46:24.030+0000] {logging_mixin.py:154} INFO - [2023-11-22T07:46:24.029+0000] {dag.py:2941} INFO - Sync 1 DAGs
[2023-11-22T07:46:24.076+0000] {logging_mixin.py:154} INFO - [2023-11-22T07:46:24.075+0000] {dag.py:3722} INFO - Setting next_dagrun for welcome_dag to 2023-11-21T23:00:00+00:00, run_after=2023-11-22T23:00:00+00:00
[2023-11-22T07:46:24.284+0000] {processor.py:179} INFO - Processing /opt/airflow/dags/welcome_dag.py took 0.396 seconds
[2023-11-22T07:46:56.187+0000] {processor.py:157} INFO - Started process (PID=1263) to work on /opt/airflow/dags/welcome_dag.py
[2023-11-22T07:46:56.189+0000] {processor.py:829} INFO - Processing file /opt/airflow/dags/welcome_dag.py for tasks to queue
[2023-11-22T07:46:56.191+0000] {logging_mixin.py:154} INFO - [2023-11-22T07:46:56.191+0000] {dagbag.py:536} INFO - Filling up the DagBag from /opt/airflow/dags/welcome_dag.py
[2023-11-22T07:46:56.262+0000] {processor.py:839} INFO - DAG(s) dict_keys(['welcome_dag']) retrieved from /opt/airflow/dags/welcome_dag.py
[2023-11-22T07:46:56.325+0000] {logging_mixin.py:154} INFO - [2023-11-22T07:46:56.324+0000] {dag.py:2941} INFO - Sync 1 DAGs
[2023-11-22T07:46:56.376+0000] {logging_mixin.py:154} INFO - [2023-11-22T07:46:56.376+0000] {dag.py:3722} INFO - Setting next_dagrun for welcome_dag to 2023-11-21T23:00:00+00:00, run_after=2023-11-22T23:00:00+00:00
[2023-11-22T07:46:56.572+0000] {processor.py:179} INFO - Processing /opt/airflow/dags/welcome_dag.py took 0.389 seconds
[2023-11-22T07:47:27.216+0000] {processor.py:157} INFO - Started process (PID=1274) to work on /opt/airflow/dags/welcome_dag.py
[2023-11-22T07:47:27.219+0000] {processor.py:829} INFO - Processing file /opt/airflow/dags/welcome_dag.py for tasks to queue
[2023-11-22T07:47:27.221+0000] {logging_mixin.py:154} INFO - [2023-11-22T07:47:27.221+0000] {dagbag.py:536} INFO - Filling up the DagBag from /opt/airflow/dags/welcome_dag.py
[2023-11-22T07:47:27.309+0000] {processor.py:839} INFO - DAG(s) dict_keys(['welcome_dag']) retrieved from /opt/airflow/dags/welcome_dag.py
[2023-11-22T07:47:27.383+0000] {logging_mixin.py:154} INFO - [2023-11-22T07:47:27.383+0000] {dag.py:2941} INFO - Sync 1 DAGs
[2023-11-22T07:47:27.432+0000] {logging_mixin.py:154} INFO - [2023-11-22T07:47:27.432+0000] {dag.py:3722} INFO - Setting next_dagrun for welcome_dag to 2023-11-21T23:00:00+00:00, run_after=2023-11-22T23:00:00+00:00
[2023-11-22T07:47:27.617+0000] {processor.py:179} INFO - Processing /opt/airflow/dags/welcome_dag.py took 0.406 seconds
[2023-11-22T07:47:58.326+0000] {processor.py:157} INFO - Started process (PID=1285) to work on /opt/airflow/dags/welcome_dag.py
[2023-11-22T07:47:58.328+0000] {processor.py:829} INFO - Processing file /opt/airflow/dags/welcome_dag.py for tasks to queue
[2023-11-22T07:47:58.331+0000] {logging_mixin.py:154} INFO - [2023-11-22T07:47:58.330+0000] {dagbag.py:536} INFO - Filling up the DagBag from /opt/airflow/dags/welcome_dag.py
[2023-11-22T07:47:58.412+0000] {processor.py:839} INFO - DAG(s) dict_keys(['welcome_dag']) retrieved from /opt/airflow/dags/welcome_dag.py
[2023-11-22T07:47:58.482+0000] {logging_mixin.py:154} INFO - [2023-11-22T07:47:58.482+0000] {dag.py:2941} INFO - Sync 1 DAGs
[2023-11-22T07:47:58.528+0000] {logging_mixin.py:154} INFO - [2023-11-22T07:47:58.528+0000] {dag.py:3722} INFO - Setting next_dagrun for welcome_dag to 2023-11-21T23:00:00+00:00, run_after=2023-11-22T23:00:00+00:00
[2023-11-22T07:47:58.699+0000] {processor.py:179} INFO - Processing /opt/airflow/dags/welcome_dag.py took 0.379 seconds
[2023-11-22T07:48:30.284+0000] {processor.py:157} INFO - Started process (PID=1296) to work on /opt/airflow/dags/welcome_dag.py
[2023-11-22T07:48:30.287+0000] {processor.py:829} INFO - Processing file /opt/airflow/dags/welcome_dag.py for tasks to queue
[2023-11-22T07:48:30.290+0000] {logging_mixin.py:154} INFO - [2023-11-22T07:48:30.289+0000] {dagbag.py:536} INFO - Filling up the DagBag from /opt/airflow/dags/welcome_dag.py
[2023-11-22T07:48:30.380+0000] {processor.py:839} INFO - DAG(s) dict_keys(['welcome_dag']) retrieved from /opt/airflow/dags/welcome_dag.py
[2023-11-22T07:48:30.456+0000] {logging_mixin.py:154} INFO - [2023-11-22T07:48:30.455+0000] {dag.py:2941} INFO - Sync 1 DAGs
[2023-11-22T07:48:30.513+0000] {logging_mixin.py:154} INFO - [2023-11-22T07:48:30.513+0000] {dag.py:3722} INFO - Setting next_dagrun for welcome_dag to 2023-11-21T23:00:00+00:00, run_after=2023-11-22T23:00:00+00:00
[2023-11-22T07:48:30.715+0000] {processor.py:179} INFO - Processing /opt/airflow/dags/welcome_dag.py took 0.436 seconds
[2023-11-22T07:49:02.626+0000] {processor.py:157} INFO - Started process (PID=1307) to work on /opt/airflow/dags/welcome_dag.py
[2023-11-22T07:49:02.627+0000] {processor.py:829} INFO - Processing file /opt/airflow/dags/welcome_dag.py for tasks to queue
[2023-11-22T07:49:02.630+0000] {logging_mixin.py:154} INFO - [2023-11-22T07:49:02.629+0000] {dagbag.py:536} INFO - Filling up the DagBag from /opt/airflow/dags/welcome_dag.py
[2023-11-22T07:49:02.694+0000] {processor.py:839} INFO - DAG(s) dict_keys(['welcome_dag']) retrieved from /opt/airflow/dags/welcome_dag.py
[2023-11-22T07:49:02.760+0000] {logging_mixin.py:154} INFO - [2023-11-22T07:49:02.759+0000] {dag.py:2941} INFO - Sync 1 DAGs
[2023-11-22T07:49:02.808+0000] {logging_mixin.py:154} INFO - [2023-11-22T07:49:02.808+0000] {dag.py:3722} INFO - Setting next_dagrun for welcome_dag to 2023-11-21T23:00:00+00:00, run_after=2023-11-22T23:00:00+00:00
[2023-11-22T07:49:03.021+0000] {processor.py:179} INFO - Processing /opt/airflow/dags/welcome_dag.py took 0.400 seconds
[2023-11-22T07:49:34.839+0000] {processor.py:157} INFO - Started process (PID=1318) to work on /opt/airflow/dags/welcome_dag.py
[2023-11-22T07:49:34.841+0000] {processor.py:829} INFO - Processing file /opt/airflow/dags/welcome_dag.py for tasks to queue
[2023-11-22T07:49:34.843+0000] {logging_mixin.py:154} INFO - [2023-11-22T07:49:34.843+0000] {dagbag.py:536} INFO - Filling up the DagBag from /opt/airflow/dags/welcome_dag.py
[2023-11-22T07:49:34.932+0000] {processor.py:839} INFO - DAG(s) dict_keys(['welcome_dag']) retrieved from /opt/airflow/dags/welcome_dag.py
[2023-11-22T07:49:35.025+0000] {logging_mixin.py:154} INFO - [2023-11-22T07:49:35.025+0000] {dag.py:2941} INFO - Sync 1 DAGs
[2023-11-22T07:49:35.096+0000] {logging_mixin.py:154} INFO - [2023-11-22T07:49:35.095+0000] {dag.py:3722} INFO - Setting next_dagrun for welcome_dag to 2023-11-21T23:00:00+00:00, run_after=2023-11-22T23:00:00+00:00
[2023-11-22T07:49:35.330+0000] {processor.py:179} INFO - Processing /opt/airflow/dags/welcome_dag.py took 0.496 seconds
[2023-11-22T07:50:05.819+0000] {processor.py:157} INFO - Started process (PID=1329) to work on /opt/airflow/dags/welcome_dag.py
[2023-11-22T07:50:05.821+0000] {processor.py:829} INFO - Processing file /opt/airflow/dags/welcome_dag.py for tasks to queue
[2023-11-22T07:50:05.823+0000] {logging_mixin.py:154} INFO - [2023-11-22T07:50:05.822+0000] {dagbag.py:536} INFO - Filling up the DagBag from /opt/airflow/dags/welcome_dag.py
[2023-11-22T07:50:05.894+0000] {processor.py:839} INFO - DAG(s) dict_keys(['welcome_dag']) retrieved from /opt/airflow/dags/welcome_dag.py
[2023-11-22T07:50:05.959+0000] {logging_mixin.py:154} INFO - [2023-11-22T07:50:05.959+0000] {dag.py:2941} INFO - Sync 1 DAGs
[2023-11-22T07:50:06.010+0000] {logging_mixin.py:154} INFO - [2023-11-22T07:50:06.010+0000] {dag.py:3722} INFO - Setting next_dagrun for welcome_dag to 2023-11-21T23:00:00+00:00, run_after=2023-11-22T23:00:00+00:00
[2023-11-22T07:50:06.204+0000] {processor.py:179} INFO - Processing /opt/airflow/dags/welcome_dag.py took 0.389 seconds
[2023-11-22T07:50:37.719+0000] {processor.py:157} INFO - Started process (PID=1340) to work on /opt/airflow/dags/welcome_dag.py
[2023-11-22T07:50:37.721+0000] {processor.py:829} INFO - Processing file /opt/airflow/dags/welcome_dag.py for tasks to queue
[2023-11-22T07:50:37.723+0000] {logging_mixin.py:154} INFO - [2023-11-22T07:50:37.722+0000] {dagbag.py:536} INFO - Filling up the DagBag from /opt/airflow/dags/welcome_dag.py
[2023-11-22T07:50:37.791+0000] {processor.py:839} INFO - DAG(s) dict_keys(['welcome_dag']) retrieved from /opt/airflow/dags/welcome_dag.py
[2023-11-22T07:50:37.854+0000] {logging_mixin.py:154} INFO - [2023-11-22T07:50:37.854+0000] {dag.py:2941} INFO - Sync 1 DAGs
[2023-11-22T07:50:37.905+0000] {logging_mixin.py:154} INFO - [2023-11-22T07:50:37.905+0000] {dag.py:3722} INFO - Setting next_dagrun for welcome_dag to 2023-11-21T23:00:00+00:00, run_after=2023-11-22T23:00:00+00:00
[2023-11-22T07:50:38.117+0000] {processor.py:179} INFO - Processing /opt/airflow/dags/welcome_dag.py took 0.402 seconds
[2023-11-22T07:51:09.213+0000] {processor.py:157} INFO - Started process (PID=1351) to work on /opt/airflow/dags/welcome_dag.py
[2023-11-22T07:51:09.214+0000] {processor.py:829} INFO - Processing file /opt/airflow/dags/welcome_dag.py for tasks to queue
[2023-11-22T07:51:09.217+0000] {logging_mixin.py:154} INFO - [2023-11-22T07:51:09.216+0000] {dagbag.py:536} INFO - Filling up the DagBag from /opt/airflow/dags/welcome_dag.py
[2023-11-22T07:51:09.295+0000] {processor.py:839} INFO - DAG(s) dict_keys(['welcome_dag']) retrieved from /opt/airflow/dags/welcome_dag.py
[2023-11-22T07:51:09.361+0000] {logging_mixin.py:154} INFO - [2023-11-22T07:51:09.360+0000] {dag.py:2941} INFO - Sync 1 DAGs
[2023-11-22T07:51:09.409+0000] {logging_mixin.py:154} INFO - [2023-11-22T07:51:09.408+0000] {dag.py:3722} INFO - Setting next_dagrun for welcome_dag to 2023-11-21T23:00:00+00:00, run_after=2023-11-22T23:00:00+00:00
[2023-11-22T07:51:09.620+0000] {processor.py:179} INFO - Processing /opt/airflow/dags/welcome_dag.py took 0.412 seconds
[2023-11-22T07:51:40.957+0000] {processor.py:157} INFO - Started process (PID=1362) to work on /opt/airflow/dags/welcome_dag.py
[2023-11-22T07:51:40.959+0000] {processor.py:829} INFO - Processing file /opt/airflow/dags/welcome_dag.py for tasks to queue
[2023-11-22T07:51:40.961+0000] {logging_mixin.py:154} INFO - [2023-11-22T07:51:40.961+0000] {dagbag.py:536} INFO - Filling up the DagBag from /opt/airflow/dags/welcome_dag.py
[2023-11-22T07:51:41.029+0000] {processor.py:839} INFO - DAG(s) dict_keys(['welcome_dag']) retrieved from /opt/airflow/dags/welcome_dag.py
[2023-11-22T07:51:41.091+0000] {logging_mixin.py:154} INFO - [2023-11-22T07:51:41.091+0000] {dag.py:2941} INFO - Sync 1 DAGs
[2023-11-22T07:51:41.144+0000] {logging_mixin.py:154} INFO - [2023-11-22T07:51:41.144+0000] {dag.py:3722} INFO - Setting next_dagrun for welcome_dag to 2023-11-21T23:00:00+00:00, run_after=2023-11-22T23:00:00+00:00
[2023-11-22T07:51:41.376+0000] {processor.py:179} INFO - Processing /opt/airflow/dags/welcome_dag.py took 0.424 seconds
[2023-11-22T07:52:12.343+0000] {processor.py:157} INFO - Started process (PID=1373) to work on /opt/airflow/dags/welcome_dag.py
[2023-11-22T07:52:12.346+0000] {processor.py:829} INFO - Processing file /opt/airflow/dags/welcome_dag.py for tasks to queue
[2023-11-22T07:52:12.348+0000] {logging_mixin.py:154} INFO - [2023-11-22T07:52:12.348+0000] {dagbag.py:536} INFO - Filling up the DagBag from /opt/airflow/dags/welcome_dag.py
[2023-11-22T07:52:12.434+0000] {processor.py:839} INFO - DAG(s) dict_keys(['welcome_dag']) retrieved from /opt/airflow/dags/welcome_dag.py
[2023-11-22T07:52:12.500+0000] {logging_mixin.py:154} INFO - [2023-11-22T07:52:12.499+0000] {dag.py:2941} INFO - Sync 1 DAGs
[2023-11-22T07:52:12.545+0000] {logging_mixin.py:154} INFO - [2023-11-22T07:52:12.544+0000] {dag.py:3722} INFO - Setting next_dagrun for welcome_dag to 2023-11-21T23:00:00+00:00, run_after=2023-11-22T23:00:00+00:00
[2023-11-22T07:52:12.810+0000] {processor.py:179} INFO - Processing /opt/airflow/dags/welcome_dag.py took 0.472 seconds
[2023-11-22T07:52:44.799+0000] {processor.py:157} INFO - Started process (PID=1384) to work on /opt/airflow/dags/welcome_dag.py
[2023-11-22T07:52:44.802+0000] {processor.py:829} INFO - Processing file /opt/airflow/dags/welcome_dag.py for tasks to queue
[2023-11-22T07:52:44.804+0000] {logging_mixin.py:154} INFO - [2023-11-22T07:52:44.803+0000] {dagbag.py:536} INFO - Filling up the DagBag from /opt/airflow/dags/welcome_dag.py
[2023-11-22T07:52:44.879+0000] {processor.py:839} INFO - DAG(s) dict_keys(['welcome_dag']) retrieved from /opt/airflow/dags/welcome_dag.py
[2023-11-22T07:52:44.944+0000] {logging_mixin.py:154} INFO - [2023-11-22T07:52:44.944+0000] {dag.py:2941} INFO - Sync 1 DAGs
[2023-11-22T07:52:44.992+0000] {logging_mixin.py:154} INFO - [2023-11-22T07:52:44.991+0000] {dag.py:3722} INFO - Setting next_dagrun for welcome_dag to 2023-11-21T23:00:00+00:00, run_after=2023-11-22T23:00:00+00:00
[2023-11-22T07:52:45.179+0000] {processor.py:179} INFO - Processing /opt/airflow/dags/welcome_dag.py took 0.384 seconds
[2023-11-22T07:53:16.764+0000] {processor.py:157} INFO - Started process (PID=1395) to work on /opt/airflow/dags/welcome_dag.py
[2023-11-22T07:53:16.767+0000] {processor.py:829} INFO - Processing file /opt/airflow/dags/welcome_dag.py for tasks to queue
[2023-11-22T07:53:16.770+0000] {logging_mixin.py:154} INFO - [2023-11-22T07:53:16.769+0000] {dagbag.py:536} INFO - Filling up the DagBag from /opt/airflow/dags/welcome_dag.py
[2023-11-22T07:53:16.860+0000] {processor.py:839} INFO - DAG(s) dict_keys(['welcome_dag']) retrieved from /opt/airflow/dags/welcome_dag.py
[2023-11-22T07:53:16.926+0000] {logging_mixin.py:154} INFO - [2023-11-22T07:53:16.926+0000] {dag.py:2941} INFO - Sync 1 DAGs
[2023-11-22T07:53:16.970+0000] {logging_mixin.py:154} INFO - [2023-11-22T07:53:16.970+0000] {dag.py:3722} INFO - Setting next_dagrun for welcome_dag to 2023-11-21T23:00:00+00:00, run_after=2023-11-22T23:00:00+00:00
[2023-11-22T07:53:17.178+0000] {processor.py:179} INFO - Processing /opt/airflow/dags/welcome_dag.py took 0.419 seconds
[2023-11-22T07:53:47.857+0000] {processor.py:157} INFO - Started process (PID=1406) to work on /opt/airflow/dags/welcome_dag.py
[2023-11-22T07:53:47.859+0000] {processor.py:829} INFO - Processing file /opt/airflow/dags/welcome_dag.py for tasks to queue
[2023-11-22T07:53:47.862+0000] {logging_mixin.py:154} INFO - [2023-11-22T07:53:47.862+0000] {dagbag.py:536} INFO - Filling up the DagBag from /opt/airflow/dags/welcome_dag.py
[2023-11-22T07:53:47.936+0000] {processor.py:839} INFO - DAG(s) dict_keys(['welcome_dag']) retrieved from /opt/airflow/dags/welcome_dag.py
[2023-11-22T07:53:48.005+0000] {logging_mixin.py:154} INFO - [2023-11-22T07:53:48.005+0000] {dag.py:2941} INFO - Sync 1 DAGs
[2023-11-22T07:53:48.051+0000] {logging_mixin.py:154} INFO - [2023-11-22T07:53:48.051+0000] {dag.py:3722} INFO - Setting next_dagrun for welcome_dag to 2023-11-21T23:00:00+00:00, run_after=2023-11-22T23:00:00+00:00
[2023-11-22T07:53:48.228+0000] {processor.py:179} INFO - Processing /opt/airflow/dags/welcome_dag.py took 0.378 seconds
[2023-11-22T07:54:20.127+0000] {processor.py:157} INFO - Started process (PID=1417) to work on /opt/airflow/dags/welcome_dag.py
[2023-11-22T07:54:20.128+0000] {processor.py:829} INFO - Processing file /opt/airflow/dags/welcome_dag.py for tasks to queue
[2023-11-22T07:54:20.130+0000] {logging_mixin.py:154} INFO - [2023-11-22T07:54:20.130+0000] {dagbag.py:536} INFO - Filling up the DagBag from /opt/airflow/dags/welcome_dag.py
[2023-11-22T07:54:20.189+0000] {processor.py:839} INFO - DAG(s) dict_keys(['welcome_dag']) retrieved from /opt/airflow/dags/welcome_dag.py
[2023-11-22T07:54:20.247+0000] {logging_mixin.py:154} INFO - [2023-11-22T07:54:20.247+0000] {dag.py:2941} INFO - Sync 1 DAGs
[2023-11-22T07:54:20.291+0000] {logging_mixin.py:154} INFO - [2023-11-22T07:54:20.291+0000] {dag.py:3722} INFO - Setting next_dagrun for welcome_dag to 2023-11-21T23:00:00+00:00, run_after=2023-11-22T23:00:00+00:00
[2023-11-22T07:54:20.487+0000] {processor.py:179} INFO - Processing /opt/airflow/dags/welcome_dag.py took 0.365 seconds
[2023-11-22T07:54:51.665+0000] {processor.py:157} INFO - Started process (PID=1428) to work on /opt/airflow/dags/welcome_dag.py
[2023-11-22T07:54:51.667+0000] {processor.py:829} INFO - Processing file /opt/airflow/dags/welcome_dag.py for tasks to queue
[2023-11-22T07:54:51.669+0000] {logging_mixin.py:154} INFO - [2023-11-22T07:54:51.669+0000] {dagbag.py:536} INFO - Filling up the DagBag from /opt/airflow/dags/welcome_dag.py
[2023-11-22T07:54:51.743+0000] {processor.py:839} INFO - DAG(s) dict_keys(['welcome_dag']) retrieved from /opt/airflow/dags/welcome_dag.py
[2023-11-22T07:54:51.813+0000] {logging_mixin.py:154} INFO - [2023-11-22T07:54:51.813+0000] {dag.py:2941} INFO - Sync 1 DAGs
[2023-11-22T07:54:51.866+0000] {logging_mixin.py:154} INFO - [2023-11-22T07:54:51.866+0000] {dag.py:3722} INFO - Setting next_dagrun for welcome_dag to 2023-11-21T23:00:00+00:00, run_after=2023-11-22T23:00:00+00:00
[2023-11-22T07:54:52.059+0000] {processor.py:179} INFO - Processing /opt/airflow/dags/welcome_dag.py took 0.398 seconds
[2023-11-22T07:55:23.027+0000] {processor.py:157} INFO - Started process (PID=1439) to work on /opt/airflow/dags/welcome_dag.py
[2023-11-22T07:55:23.029+0000] {processor.py:829} INFO - Processing file /opt/airflow/dags/welcome_dag.py for tasks to queue
[2023-11-22T07:55:23.031+0000] {logging_mixin.py:154} INFO - [2023-11-22T07:55:23.031+0000] {dagbag.py:536} INFO - Filling up the DagBag from /opt/airflow/dags/welcome_dag.py
[2023-11-22T07:55:23.098+0000] {processor.py:839} INFO - DAG(s) dict_keys(['welcome_dag']) retrieved from /opt/airflow/dags/welcome_dag.py
[2023-11-22T07:55:23.162+0000] {logging_mixin.py:154} INFO - [2023-11-22T07:55:23.161+0000] {dag.py:2941} INFO - Sync 1 DAGs
[2023-11-22T07:55:23.210+0000] {logging_mixin.py:154} INFO - [2023-11-22T07:55:23.210+0000] {dag.py:3722} INFO - Setting next_dagrun for welcome_dag to 2023-11-21T23:00:00+00:00, run_after=2023-11-22T23:00:00+00:00
[2023-11-22T07:55:23.437+0000] {processor.py:179} INFO - Processing /opt/airflow/dags/welcome_dag.py took 0.414 seconds
[2023-11-22T07:55:54.456+0000] {processor.py:157} INFO - Started process (PID=1450) to work on /opt/airflow/dags/welcome_dag.py
[2023-11-22T07:55:54.458+0000] {processor.py:829} INFO - Processing file /opt/airflow/dags/welcome_dag.py for tasks to queue
[2023-11-22T07:55:54.460+0000] {logging_mixin.py:154} INFO - [2023-11-22T07:55:54.460+0000] {dagbag.py:536} INFO - Filling up the DagBag from /opt/airflow/dags/welcome_dag.py
[2023-11-22T07:55:54.534+0000] {processor.py:839} INFO - DAG(s) dict_keys(['welcome_dag']) retrieved from /opt/airflow/dags/welcome_dag.py
[2023-11-22T07:55:54.597+0000] {logging_mixin.py:154} INFO - [2023-11-22T07:55:54.596+0000] {dag.py:2941} INFO - Sync 1 DAGs
[2023-11-22T07:55:54.642+0000] {logging_mixin.py:154} INFO - [2023-11-22T07:55:54.642+0000] {dag.py:3722} INFO - Setting next_dagrun for welcome_dag to 2023-11-21T23:00:00+00:00, run_after=2023-11-22T23:00:00+00:00
[2023-11-22T07:55:54.876+0000] {processor.py:179} INFO - Processing /opt/airflow/dags/welcome_dag.py took 0.424 seconds
[2023-11-22T07:56:26.456+0000] {processor.py:157} INFO - Started process (PID=1461) to work on /opt/airflow/dags/welcome_dag.py
[2023-11-22T07:56:26.457+0000] {processor.py:829} INFO - Processing file /opt/airflow/dags/welcome_dag.py for tasks to queue
[2023-11-22T07:56:26.460+0000] {logging_mixin.py:154} INFO - [2023-11-22T07:56:26.459+0000] {dagbag.py:536} INFO - Filling up the DagBag from /opt/airflow/dags/welcome_dag.py
[2023-11-22T07:56:26.531+0000] {processor.py:839} INFO - DAG(s) dict_keys(['welcome_dag']) retrieved from /opt/airflow/dags/welcome_dag.py
[2023-11-22T07:56:26.595+0000] {logging_mixin.py:154} INFO - [2023-11-22T07:56:26.594+0000] {dag.py:2941} INFO - Sync 1 DAGs
[2023-11-22T07:56:26.647+0000] {logging_mixin.py:154} INFO - [2023-11-22T07:56:26.646+0000] {dag.py:3722} INFO - Setting next_dagrun for welcome_dag to 2023-11-21T23:00:00+00:00, run_after=2023-11-22T23:00:00+00:00
[2023-11-22T07:56:26.856+0000] {processor.py:179} INFO - Processing /opt/airflow/dags/welcome_dag.py took 0.405 seconds
[2023-11-22T07:56:58.556+0000] {processor.py:157} INFO - Started process (PID=1472) to work on /opt/airflow/dags/welcome_dag.py
[2023-11-22T07:56:58.558+0000] {processor.py:829} INFO - Processing file /opt/airflow/dags/welcome_dag.py for tasks to queue
[2023-11-22T07:56:58.560+0000] {logging_mixin.py:154} INFO - [2023-11-22T07:56:58.559+0000] {dagbag.py:536} INFO - Filling up the DagBag from /opt/airflow/dags/welcome_dag.py
[2023-11-22T07:56:58.624+0000] {processor.py:839} INFO - DAG(s) dict_keys(['welcome_dag']) retrieved from /opt/airflow/dags/welcome_dag.py
[2023-11-22T07:56:58.686+0000] {logging_mixin.py:154} INFO - [2023-11-22T07:56:58.686+0000] {dag.py:2941} INFO - Sync 1 DAGs
[2023-11-22T07:56:58.730+0000] {logging_mixin.py:154} INFO - [2023-11-22T07:56:58.730+0000] {dag.py:3722} INFO - Setting next_dagrun for welcome_dag to 2023-11-21T23:00:00+00:00, run_after=2023-11-22T23:00:00+00:00
[2023-11-22T07:56:58.945+0000] {processor.py:179} INFO - Processing /opt/airflow/dags/welcome_dag.py took 0.393 seconds
[2023-11-22T07:57:30.626+0000] {processor.py:157} INFO - Started process (PID=1483) to work on /opt/airflow/dags/welcome_dag.py
[2023-11-22T07:57:30.628+0000] {processor.py:829} INFO - Processing file /opt/airflow/dags/welcome_dag.py for tasks to queue
[2023-11-22T07:57:30.629+0000] {logging_mixin.py:154} INFO - [2023-11-22T07:57:30.629+0000] {dagbag.py:536} INFO - Filling up the DagBag from /opt/airflow/dags/welcome_dag.py
[2023-11-22T07:57:30.682+0000] {processor.py:839} INFO - DAG(s) dict_keys(['welcome_dag']) retrieved from /opt/airflow/dags/welcome_dag.py
[2023-11-22T07:57:30.735+0000] {logging_mixin.py:154} INFO - [2023-11-22T07:57:30.735+0000] {dag.py:2941} INFO - Sync 1 DAGs
[2023-11-22T07:57:30.776+0000] {logging_mixin.py:154} INFO - [2023-11-22T07:57:30.776+0000] {dag.py:3722} INFO - Setting next_dagrun for welcome_dag to 2023-11-21T23:00:00+00:00, run_after=2023-11-22T23:00:00+00:00
[2023-11-22T07:57:30.972+0000] {processor.py:179} INFO - Processing /opt/airflow/dags/welcome_dag.py took 0.348 seconds
[2023-11-22T07:58:02.207+0000] {processor.py:157} INFO - Started process (PID=1494) to work on /opt/airflow/dags/welcome_dag.py
[2023-11-22T07:58:02.210+0000] {processor.py:829} INFO - Processing file /opt/airflow/dags/welcome_dag.py for tasks to queue
[2023-11-22T07:58:02.213+0000] {logging_mixin.py:154} INFO - [2023-11-22T07:58:02.212+0000] {dagbag.py:536} INFO - Filling up the DagBag from /opt/airflow/dags/welcome_dag.py
[2023-11-22T07:58:02.275+0000] {processor.py:839} INFO - DAG(s) dict_keys(['welcome_dag']) retrieved from /opt/airflow/dags/welcome_dag.py
[2023-11-22T07:58:02.337+0000] {logging_mixin.py:154} INFO - [2023-11-22T07:58:02.336+0000] {dag.py:2941} INFO - Sync 1 DAGs
[2023-11-22T07:58:02.382+0000] {logging_mixin.py:154} INFO - [2023-11-22T07:58:02.381+0000] {dag.py:3722} INFO - Setting next_dagrun for welcome_dag to 2023-11-21T23:00:00+00:00, run_after=2023-11-22T23:00:00+00:00
[2023-11-22T07:58:02.601+0000] {processor.py:179} INFO - Processing /opt/airflow/dags/welcome_dag.py took 0.402 seconds
[2023-11-22T07:58:34.105+0000] {processor.py:157} INFO - Started process (PID=1505) to work on /opt/airflow/dags/welcome_dag.py
[2023-11-22T07:58:34.107+0000] {processor.py:829} INFO - Processing file /opt/airflow/dags/welcome_dag.py for tasks to queue
[2023-11-22T07:58:34.109+0000] {logging_mixin.py:154} INFO - [2023-11-22T07:58:34.108+0000] {dagbag.py:536} INFO - Filling up the DagBag from /opt/airflow/dags/welcome_dag.py
[2023-11-22T07:58:34.184+0000] {processor.py:839} INFO - DAG(s) dict_keys(['welcome_dag']) retrieved from /opt/airflow/dags/welcome_dag.py
[2023-11-22T07:58:34.252+0000] {logging_mixin.py:154} INFO - [2023-11-22T07:58:34.251+0000] {dag.py:2941} INFO - Sync 1 DAGs
[2023-11-22T07:58:34.293+0000] {logging_mixin.py:154} INFO - [2023-11-22T07:58:34.293+0000] {dag.py:3722} INFO - Setting next_dagrun for welcome_dag to 2023-11-21T23:00:00+00:00, run_after=2023-11-22T23:00:00+00:00
[2023-11-22T07:58:34.489+0000] {processor.py:179} INFO - Processing /opt/airflow/dags/welcome_dag.py took 0.389 seconds
[2023-11-22T07:59:06.018+0000] {processor.py:157} INFO - Started process (PID=1516) to work on /opt/airflow/dags/welcome_dag.py
[2023-11-22T07:59:06.021+0000] {processor.py:829} INFO - Processing file /opt/airflow/dags/welcome_dag.py for tasks to queue
[2023-11-22T07:59:06.023+0000] {logging_mixin.py:154} INFO - [2023-11-22T07:59:06.023+0000] {dagbag.py:536} INFO - Filling up the DagBag from /opt/airflow/dags/welcome_dag.py
[2023-11-22T07:59:06.097+0000] {processor.py:839} INFO - DAG(s) dict_keys(['welcome_dag']) retrieved from /opt/airflow/dags/welcome_dag.py
[2023-11-22T07:59:06.164+0000] {logging_mixin.py:154} INFO - [2023-11-22T07:59:06.164+0000] {dag.py:2941} INFO - Sync 1 DAGs
[2023-11-22T07:59:06.214+0000] {logging_mixin.py:154} INFO - [2023-11-22T07:59:06.214+0000] {dag.py:3722} INFO - Setting next_dagrun for welcome_dag to 2023-11-21T23:00:00+00:00, run_after=2023-11-22T23:00:00+00:00
[2023-11-22T07:59:06.433+0000] {processor.py:179} INFO - Processing /opt/airflow/dags/welcome_dag.py took 0.419 seconds
[2023-11-22T07:59:37.588+0000] {processor.py:157} INFO - Started process (PID=1527) to work on /opt/airflow/dags/welcome_dag.py
[2023-11-22T07:59:37.590+0000] {processor.py:829} INFO - Processing file /opt/airflow/dags/welcome_dag.py for tasks to queue
[2023-11-22T07:59:37.592+0000] {logging_mixin.py:154} INFO - [2023-11-22T07:59:37.591+0000] {dagbag.py:536} INFO - Filling up the DagBag from /opt/airflow/dags/welcome_dag.py
[2023-11-22T07:59:37.652+0000] {processor.py:839} INFO - DAG(s) dict_keys(['welcome_dag']) retrieved from /opt/airflow/dags/welcome_dag.py
[2023-11-22T07:59:37.706+0000] {logging_mixin.py:154} INFO - [2023-11-22T07:59:37.706+0000] {dag.py:2941} INFO - Sync 1 DAGs
[2023-11-22T07:59:37.747+0000] {logging_mixin.py:154} INFO - [2023-11-22T07:59:37.747+0000] {dag.py:3722} INFO - Setting next_dagrun for welcome_dag to 2023-11-21T23:00:00+00:00, run_after=2023-11-22T23:00:00+00:00
[2023-11-22T07:59:37.929+0000] {processor.py:179} INFO - Processing /opt/airflow/dags/welcome_dag.py took 0.345 seconds
[2023-11-22T08:02:34.554+0000] {processor.py:157} INFO - Started process (PID=2197) to work on /opt/airflow/dags/welcome_dag.py
[2023-11-22T08:02:34.556+0000] {processor.py:829} INFO - Processing file /opt/airflow/dags/welcome_dag.py for tasks to queue
[2023-11-22T08:02:34.558+0000] {logging_mixin.py:154} INFO - [2023-11-22T08:02:34.557+0000] {dagbag.py:536} INFO - Filling up the DagBag from /opt/airflow/dags/welcome_dag.py
[2023-11-22T08:02:34.618+0000] {processor.py:839} INFO - DAG(s) dict_keys(['welcome_dag']) retrieved from /opt/airflow/dags/welcome_dag.py
[2023-11-22T08:02:34.684+0000] {logging_mixin.py:154} INFO - [2023-11-22T08:02:34.683+0000] {dag.py:2941} INFO - Sync 1 DAGs
[2023-11-22T08:02:34.742+0000] {logging_mixin.py:154} INFO - [2023-11-22T08:02:34.742+0000] {dag.py:3722} INFO - Setting next_dagrun for welcome_dag to 2023-11-21T23:00:00+00:00, run_after=2023-11-22T23:00:00+00:00
[2023-11-22T08:02:34.941+0000] {processor.py:179} INFO - Processing /opt/airflow/dags/welcome_dag.py took 0.392 seconds
[2023-11-22T08:03:06.299+0000] {processor.py:157} INFO - Started process (PID=2208) to work on /opt/airflow/dags/welcome_dag.py
[2023-11-22T08:03:06.301+0000] {processor.py:829} INFO - Processing file /opt/airflow/dags/welcome_dag.py for tasks to queue
[2023-11-22T08:03:06.304+0000] {logging_mixin.py:154} INFO - [2023-11-22T08:03:06.303+0000] {dagbag.py:536} INFO - Filling up the DagBag from /opt/airflow/dags/welcome_dag.py
[2023-11-22T08:03:06.370+0000] {processor.py:839} INFO - DAG(s) dict_keys(['welcome_dag']) retrieved from /opt/airflow/dags/welcome_dag.py
[2023-11-22T08:03:06.446+0000] {logging_mixin.py:154} INFO - [2023-11-22T08:03:06.445+0000] {dag.py:2941} INFO - Sync 1 DAGs
[2023-11-22T08:03:06.506+0000] {logging_mixin.py:154} INFO - [2023-11-22T08:03:06.506+0000] {dag.py:3722} INFO - Setting next_dagrun for welcome_dag to 2023-11-21T23:00:00+00:00, run_after=2023-11-22T23:00:00+00:00
[2023-11-22T08:03:06.730+0000] {processor.py:179} INFO - Processing /opt/airflow/dags/welcome_dag.py took 0.437 seconds
[2023-11-22T08:03:37.696+0000] {processor.py:157} INFO - Started process (PID=2219) to work on /opt/airflow/dags/welcome_dag.py
[2023-11-22T08:03:37.699+0000] {processor.py:829} INFO - Processing file /opt/airflow/dags/welcome_dag.py for tasks to queue
[2023-11-22T08:03:37.702+0000] {logging_mixin.py:154} INFO - [2023-11-22T08:03:37.701+0000] {dagbag.py:536} INFO - Filling up the DagBag from /opt/airflow/dags/welcome_dag.py
[2023-11-22T08:03:37.767+0000] {processor.py:839} INFO - DAG(s) dict_keys(['welcome_dag']) retrieved from /opt/airflow/dags/welcome_dag.py
[2023-11-22T08:03:37.822+0000] {logging_mixin.py:154} INFO - [2023-11-22T08:03:37.822+0000] {dag.py:2941} INFO - Sync 1 DAGs
[2023-11-22T08:03:37.871+0000] {logging_mixin.py:154} INFO - [2023-11-22T08:03:37.871+0000] {dag.py:3722} INFO - Setting next_dagrun for welcome_dag to 2023-11-21T23:00:00+00:00, run_after=2023-11-22T23:00:00+00:00
[2023-11-22T08:03:38.057+0000] {processor.py:179} INFO - Processing /opt/airflow/dags/welcome_dag.py took 0.369 seconds
[2023-11-22T08:04:10.207+0000] {processor.py:157} INFO - Started process (PID=2230) to work on /opt/airflow/dags/welcome_dag.py
[2023-11-22T08:04:10.209+0000] {processor.py:829} INFO - Processing file /opt/airflow/dags/welcome_dag.py for tasks to queue
[2023-11-22T08:04:10.212+0000] {logging_mixin.py:154} INFO - [2023-11-22T08:04:10.211+0000] {dagbag.py:536} INFO - Filling up the DagBag from /opt/airflow/dags/welcome_dag.py
[2023-11-22T08:04:10.293+0000] {processor.py:839} INFO - DAG(s) dict_keys(['welcome_dag']) retrieved from /opt/airflow/dags/welcome_dag.py
[2023-11-22T08:04:10.361+0000] {logging_mixin.py:154} INFO - [2023-11-22T08:04:10.360+0000] {dag.py:2941} INFO - Sync 1 DAGs
[2023-11-22T08:04:10.405+0000] {logging_mixin.py:154} INFO - [2023-11-22T08:04:10.405+0000] {dag.py:3722} INFO - Setting next_dagrun for welcome_dag to 2023-11-21T23:00:00+00:00, run_after=2023-11-22T23:00:00+00:00
[2023-11-22T08:04:10.581+0000] {processor.py:179} INFO - Processing /opt/airflow/dags/welcome_dag.py took 0.379 seconds
[2023-11-22T08:04:42.937+0000] {processor.py:157} INFO - Started process (PID=2241) to work on /opt/airflow/dags/welcome_dag.py
[2023-11-22T08:04:42.939+0000] {processor.py:829} INFO - Processing file /opt/airflow/dags/welcome_dag.py for tasks to queue
[2023-11-22T08:04:42.942+0000] {logging_mixin.py:154} INFO - [2023-11-22T08:04:42.941+0000] {dagbag.py:536} INFO - Filling up the DagBag from /opt/airflow/dags/welcome_dag.py
[2023-11-22T08:04:43.018+0000] {processor.py:839} INFO - DAG(s) dict_keys(['welcome_dag']) retrieved from /opt/airflow/dags/welcome_dag.py
[2023-11-22T08:04:43.084+0000] {logging_mixin.py:154} INFO - [2023-11-22T08:04:43.084+0000] {dag.py:2941} INFO - Sync 1 DAGs
[2023-11-22T08:04:43.132+0000] {logging_mixin.py:154} INFO - [2023-11-22T08:04:43.132+0000] {dag.py:3722} INFO - Setting next_dagrun for welcome_dag to 2023-11-21T23:00:00+00:00, run_after=2023-11-22T23:00:00+00:00
[2023-11-22T08:04:43.377+0000] {processor.py:179} INFO - Processing /opt/airflow/dags/welcome_dag.py took 0.445 seconds
[2023-11-22T08:05:15.727+0000] {processor.py:157} INFO - Started process (PID=2252) to work on /opt/airflow/dags/welcome_dag.py
[2023-11-22T08:05:15.730+0000] {processor.py:829} INFO - Processing file /opt/airflow/dags/welcome_dag.py for tasks to queue
[2023-11-22T08:05:15.733+0000] {logging_mixin.py:154} INFO - [2023-11-22T08:05:15.732+0000] {dagbag.py:536} INFO - Filling up the DagBag from /opt/airflow/dags/welcome_dag.py
[2023-11-22T08:05:15.824+0000] {processor.py:839} INFO - DAG(s) dict_keys(['welcome_dag']) retrieved from /opt/airflow/dags/welcome_dag.py
[2023-11-22T08:05:15.900+0000] {logging_mixin.py:154} INFO - [2023-11-22T08:05:15.899+0000] {dag.py:2941} INFO - Sync 1 DAGs
[2023-11-22T08:05:15.952+0000] {logging_mixin.py:154} INFO - [2023-11-22T08:05:15.952+0000] {dag.py:3722} INFO - Setting next_dagrun for welcome_dag to 2023-11-21T23:00:00+00:00, run_after=2023-11-22T23:00:00+00:00
[2023-11-22T08:05:16.162+0000] {processor.py:179} INFO - Processing /opt/airflow/dags/welcome_dag.py took 0.441 seconds
[2023-11-22T08:05:47.664+0000] {processor.py:157} INFO - Started process (PID=2263) to work on /opt/airflow/dags/welcome_dag.py
[2023-11-22T08:05:47.667+0000] {processor.py:829} INFO - Processing file /opt/airflow/dags/welcome_dag.py for tasks to queue
[2023-11-22T08:05:47.669+0000] {logging_mixin.py:154} INFO - [2023-11-22T08:05:47.669+0000] {dagbag.py:536} INFO - Filling up the DagBag from /opt/airflow/dags/welcome_dag.py
[2023-11-22T08:05:47.763+0000] {processor.py:839} INFO - DAG(s) dict_keys(['welcome_dag']) retrieved from /opt/airflow/dags/welcome_dag.py
[2023-11-22T08:05:47.842+0000] {logging_mixin.py:154} INFO - [2023-11-22T08:05:47.842+0000] {dag.py:2941} INFO - Sync 1 DAGs
[2023-11-22T08:05:47.893+0000] {logging_mixin.py:154} INFO - [2023-11-22T08:05:47.893+0000] {dag.py:3722} INFO - Setting next_dagrun for welcome_dag to 2023-11-21T23:00:00+00:00, run_after=2023-11-22T23:00:00+00:00
[2023-11-22T08:05:48.113+0000] {processor.py:179} INFO - Processing /opt/airflow/dags/welcome_dag.py took 0.454 seconds
[2023-11-22T08:06:19.681+0000] {processor.py:157} INFO - Started process (PID=2274) to work on /opt/airflow/dags/welcome_dag.py
[2023-11-22T08:06:19.684+0000] {processor.py:829} INFO - Processing file /opt/airflow/dags/welcome_dag.py for tasks to queue
[2023-11-22T08:06:19.686+0000] {logging_mixin.py:154} INFO - [2023-11-22T08:06:19.686+0000] {dagbag.py:536} INFO - Filling up the DagBag from /opt/airflow/dags/welcome_dag.py
[2023-11-22T08:06:19.771+0000] {processor.py:839} INFO - DAG(s) dict_keys(['welcome_dag']) retrieved from /opt/airflow/dags/welcome_dag.py
[2023-11-22T08:06:19.848+0000] {logging_mixin.py:154} INFO - [2023-11-22T08:06:19.847+0000] {dag.py:2941} INFO - Sync 1 DAGs
[2023-11-22T08:06:19.898+0000] {logging_mixin.py:154} INFO - [2023-11-22T08:06:19.898+0000] {dag.py:3722} INFO - Setting next_dagrun for welcome_dag to 2023-11-21T23:00:00+00:00, run_after=2023-11-22T23:00:00+00:00
[2023-11-22T08:06:20.102+0000] {processor.py:179} INFO - Processing /opt/airflow/dags/welcome_dag.py took 0.426 seconds
[2023-11-22T08:06:51.244+0000] {processor.py:157} INFO - Started process (PID=2285) to work on /opt/airflow/dags/welcome_dag.py
[2023-11-22T08:06:51.246+0000] {processor.py:829} INFO - Processing file /opt/airflow/dags/welcome_dag.py for tasks to queue
[2023-11-22T08:06:51.248+0000] {logging_mixin.py:154} INFO - [2023-11-22T08:06:51.248+0000] {dagbag.py:536} INFO - Filling up the DagBag from /opt/airflow/dags/welcome_dag.py
[2023-11-22T08:06:51.305+0000] {processor.py:839} INFO - DAG(s) dict_keys(['welcome_dag']) retrieved from /opt/airflow/dags/welcome_dag.py
[2023-11-22T08:06:51.366+0000] {logging_mixin.py:154} INFO - [2023-11-22T08:06:51.366+0000] {dag.py:2941} INFO - Sync 1 DAGs
[2023-11-22T08:06:51.415+0000] {logging_mixin.py:154} INFO - [2023-11-22T08:06:51.415+0000] {dag.py:3722} INFO - Setting next_dagrun for welcome_dag to 2023-11-21T23:00:00+00:00, run_after=2023-11-22T23:00:00+00:00
[2023-11-22T08:06:51.626+0000] {processor.py:179} INFO - Processing /opt/airflow/dags/welcome_dag.py took 0.387 seconds
[2023-11-22T08:07:23.106+0000] {processor.py:157} INFO - Started process (PID=2296) to work on /opt/airflow/dags/welcome_dag.py
[2023-11-22T08:07:23.108+0000] {processor.py:829} INFO - Processing file /opt/airflow/dags/welcome_dag.py for tasks to queue
[2023-11-22T08:07:23.109+0000] {logging_mixin.py:154} INFO - [2023-11-22T08:07:23.109+0000] {dagbag.py:536} INFO - Filling up the DagBag from /opt/airflow/dags/welcome_dag.py
[2023-11-22T08:07:23.174+0000] {processor.py:839} INFO - DAG(s) dict_keys(['welcome_dag']) retrieved from /opt/airflow/dags/welcome_dag.py
[2023-11-22T08:07:23.235+0000] {logging_mixin.py:154} INFO - [2023-11-22T08:07:23.235+0000] {dag.py:2941} INFO - Sync 1 DAGs
[2023-11-22T08:07:23.282+0000] {logging_mixin.py:154} INFO - [2023-11-22T08:07:23.281+0000] {dag.py:3722} INFO - Setting next_dagrun for welcome_dag to 2023-11-21T23:00:00+00:00, run_after=2023-11-22T23:00:00+00:00
[2023-11-22T08:07:23.489+0000] {processor.py:179} INFO - Processing /opt/airflow/dags/welcome_dag.py took 0.387 seconds
[2023-11-22T08:07:55.524+0000] {processor.py:157} INFO - Started process (PID=2307) to work on /opt/airflow/dags/welcome_dag.py
[2023-11-22T08:07:55.526+0000] {processor.py:829} INFO - Processing file /opt/airflow/dags/welcome_dag.py for tasks to queue
[2023-11-22T08:07:55.529+0000] {logging_mixin.py:154} INFO - [2023-11-22T08:07:55.528+0000] {dagbag.py:536} INFO - Filling up the DagBag from /opt/airflow/dags/welcome_dag.py
[2023-11-22T08:07:55.605+0000] {processor.py:839} INFO - DAG(s) dict_keys(['welcome_dag']) retrieved from /opt/airflow/dags/welcome_dag.py
[2023-11-22T08:07:55.668+0000] {logging_mixin.py:154} INFO - [2023-11-22T08:07:55.668+0000] {dag.py:2941} INFO - Sync 1 DAGs
[2023-11-22T08:07:55.713+0000] {logging_mixin.py:154} INFO - [2023-11-22T08:07:55.713+0000] {dag.py:3722} INFO - Setting next_dagrun for welcome_dag to 2023-11-21T23:00:00+00:00, run_after=2023-11-22T23:00:00+00:00
[2023-11-22T08:07:55.911+0000] {processor.py:179} INFO - Processing /opt/airflow/dags/welcome_dag.py took 0.391 seconds
[2023-11-22T08:08:26.691+0000] {processor.py:157} INFO - Started process (PID=2318) to work on /opt/airflow/dags/welcome_dag.py
[2023-11-22T08:08:26.693+0000] {processor.py:829} INFO - Processing file /opt/airflow/dags/welcome_dag.py for tasks to queue
[2023-11-22T08:08:26.696+0000] {logging_mixin.py:154} INFO - [2023-11-22T08:08:26.695+0000] {dagbag.py:536} INFO - Filling up the DagBag from /opt/airflow/dags/welcome_dag.py
[2023-11-22T08:08:26.764+0000] {processor.py:839} INFO - DAG(s) dict_keys(['welcome_dag']) retrieved from /opt/airflow/dags/welcome_dag.py
[2023-11-22T08:08:26.838+0000] {logging_mixin.py:154} INFO - [2023-11-22T08:08:26.837+0000] {dag.py:2941} INFO - Sync 1 DAGs
[2023-11-22T08:08:26.888+0000] {logging_mixin.py:154} INFO - [2023-11-22T08:08:26.888+0000] {dag.py:3722} INFO - Setting next_dagrun for welcome_dag to 2023-11-21T23:00:00+00:00, run_after=2023-11-22T23:00:00+00:00
[2023-11-22T08:08:27.095+0000] {processor.py:179} INFO - Processing /opt/airflow/dags/welcome_dag.py took 0.410 seconds
[2023-11-22T08:08:58.903+0000] {processor.py:157} INFO - Started process (PID=2329) to work on /opt/airflow/dags/welcome_dag.py
[2023-11-22T08:08:58.905+0000] {processor.py:829} INFO - Processing file /opt/airflow/dags/welcome_dag.py for tasks to queue
[2023-11-22T08:08:58.907+0000] {logging_mixin.py:154} INFO - [2023-11-22T08:08:58.906+0000] {dagbag.py:536} INFO - Filling up the DagBag from /opt/airflow/dags/welcome_dag.py
[2023-11-22T08:08:58.961+0000] {processor.py:839} INFO - DAG(s) dict_keys(['welcome_dag']) retrieved from /opt/airflow/dags/welcome_dag.py
[2023-11-22T08:08:59.013+0000] {logging_mixin.py:154} INFO - [2023-11-22T08:08:59.012+0000] {dag.py:2941} INFO - Sync 1 DAGs
[2023-11-22T08:08:59.054+0000] {logging_mixin.py:154} INFO - [2023-11-22T08:08:59.054+0000] {dag.py:3722} INFO - Setting next_dagrun for welcome_dag to 2023-11-21T23:00:00+00:00, run_after=2023-11-22T23:00:00+00:00
[2023-11-22T08:08:59.229+0000] {processor.py:179} INFO - Processing /opt/airflow/dags/welcome_dag.py took 0.331 seconds
[2023-11-22T08:09:31.767+0000] {processor.py:157} INFO - Started process (PID=2340) to work on /opt/airflow/dags/welcome_dag.py
[2023-11-22T08:09:31.769+0000] {processor.py:829} INFO - Processing file /opt/airflow/dags/welcome_dag.py for tasks to queue
[2023-11-22T08:09:31.771+0000] {logging_mixin.py:154} INFO - [2023-11-22T08:09:31.771+0000] {dagbag.py:536} INFO - Filling up the DagBag from /opt/airflow/dags/welcome_dag.py
[2023-11-22T08:09:31.836+0000] {processor.py:839} INFO - DAG(s) dict_keys(['welcome_dag']) retrieved from /opt/airflow/dags/welcome_dag.py
[2023-11-22T08:09:31.899+0000] {logging_mixin.py:154} INFO - [2023-11-22T08:09:31.898+0000] {dag.py:2941} INFO - Sync 1 DAGs
[2023-11-22T08:09:31.946+0000] {logging_mixin.py:154} INFO - [2023-11-22T08:09:31.946+0000] {dag.py:3722} INFO - Setting next_dagrun for welcome_dag to 2023-11-21T23:00:00+00:00, run_after=2023-11-22T23:00:00+00:00
[2023-11-22T08:09:32.130+0000] {processor.py:179} INFO - Processing /opt/airflow/dags/welcome_dag.py took 0.368 seconds
[2023-11-22T08:10:03.389+0000] {processor.py:157} INFO - Started process (PID=2351) to work on /opt/airflow/dags/welcome_dag.py
[2023-11-22T08:10:03.392+0000] {processor.py:829} INFO - Processing file /opt/airflow/dags/welcome_dag.py for tasks to queue
[2023-11-22T08:10:03.394+0000] {logging_mixin.py:154} INFO - [2023-11-22T08:10:03.393+0000] {dagbag.py:536} INFO - Filling up the DagBag from /opt/airflow/dags/welcome_dag.py
[2023-11-22T08:10:03.467+0000] {processor.py:839} INFO - DAG(s) dict_keys(['welcome_dag']) retrieved from /opt/airflow/dags/welcome_dag.py
[2023-11-22T08:10:03.522+0000] {logging_mixin.py:154} INFO - [2023-11-22T08:10:03.521+0000] {dag.py:2941} INFO - Sync 1 DAGs
[2023-11-22T08:10:03.564+0000] {logging_mixin.py:154} INFO - [2023-11-22T08:10:03.564+0000] {dag.py:3722} INFO - Setting next_dagrun for welcome_dag to 2023-11-21T23:00:00+00:00, run_after=2023-11-22T23:00:00+00:00
[2023-11-22T08:10:03.730+0000] {processor.py:179} INFO - Processing /opt/airflow/dags/welcome_dag.py took 0.349 seconds
[2023-11-22T08:10:35.199+0000] {processor.py:157} INFO - Started process (PID=2362) to work on /opt/airflow/dags/welcome_dag.py
[2023-11-22T08:10:35.201+0000] {processor.py:829} INFO - Processing file /opt/airflow/dags/welcome_dag.py for tasks to queue
[2023-11-22T08:10:35.203+0000] {logging_mixin.py:154} INFO - [2023-11-22T08:10:35.202+0000] {dagbag.py:536} INFO - Filling up the DagBag from /opt/airflow/dags/welcome_dag.py
[2023-11-22T08:10:35.256+0000] {processor.py:839} INFO - DAG(s) dict_keys(['welcome_dag']) retrieved from /opt/airflow/dags/welcome_dag.py
[2023-11-22T08:10:35.313+0000] {logging_mixin.py:154} INFO - [2023-11-22T08:10:35.312+0000] {dag.py:2941} INFO - Sync 1 DAGs
[2023-11-22T08:10:35.356+0000] {logging_mixin.py:154} INFO - [2023-11-22T08:10:35.355+0000] {dag.py:3722} INFO - Setting next_dagrun for welcome_dag to 2023-11-21T23:00:00+00:00, run_after=2023-11-22T23:00:00+00:00
[2023-11-22T08:10:35.546+0000] {processor.py:179} INFO - Processing /opt/airflow/dags/welcome_dag.py took 0.353 seconds
[2023-11-22T08:11:05.779+0000] {processor.py:157} INFO - Started process (PID=2373) to work on /opt/airflow/dags/welcome_dag.py
[2023-11-22T08:11:05.781+0000] {processor.py:829} INFO - Processing file /opt/airflow/dags/welcome_dag.py for tasks to queue
[2023-11-22T08:11:05.783+0000] {logging_mixin.py:154} INFO - [2023-11-22T08:11:05.783+0000] {dagbag.py:536} INFO - Filling up the DagBag from /opt/airflow/dags/welcome_dag.py
[2023-11-22T08:11:05.840+0000] {processor.py:839} INFO - DAG(s) dict_keys(['welcome_dag']) retrieved from /opt/airflow/dags/welcome_dag.py
[2023-11-22T08:11:05.898+0000] {logging_mixin.py:154} INFO - [2023-11-22T08:11:05.897+0000] {dag.py:2941} INFO - Sync 1 DAGs
[2023-11-22T08:11:05.944+0000] {logging_mixin.py:154} INFO - [2023-11-22T08:11:05.943+0000] {dag.py:3722} INFO - Setting next_dagrun for welcome_dag to 2023-11-21T23:00:00+00:00, run_after=2023-11-22T23:00:00+00:00
[2023-11-22T08:11:06.091+0000] {processor.py:179} INFO - Processing /opt/airflow/dags/welcome_dag.py took 0.316 seconds
[2023-11-22T08:11:37.795+0000] {processor.py:157} INFO - Started process (PID=2384) to work on /opt/airflow/dags/welcome_dag.py
[2023-11-22T08:11:37.797+0000] {processor.py:829} INFO - Processing file /opt/airflow/dags/welcome_dag.py for tasks to queue
[2023-11-22T08:11:37.799+0000] {logging_mixin.py:154} INFO - [2023-11-22T08:11:37.798+0000] {dagbag.py:536} INFO - Filling up the DagBag from /opt/airflow/dags/welcome_dag.py
[2023-11-22T08:11:37.855+0000] {processor.py:839} INFO - DAG(s) dict_keys(['welcome_dag']) retrieved from /opt/airflow/dags/welcome_dag.py
[2023-11-22T08:11:37.916+0000] {logging_mixin.py:154} INFO - [2023-11-22T08:11:37.916+0000] {dag.py:2941} INFO - Sync 1 DAGs
[2023-11-22T08:11:37.962+0000] {logging_mixin.py:154} INFO - [2023-11-22T08:11:37.961+0000] {dag.py:3722} INFO - Setting next_dagrun for welcome_dag to 2023-11-21T23:00:00+00:00, run_after=2023-11-22T23:00:00+00:00
[2023-11-22T08:11:38.157+0000] {processor.py:179} INFO - Processing /opt/airflow/dags/welcome_dag.py took 0.366 seconds
[2023-11-22T08:12:11.004+0000] {processor.py:157} INFO - Started process (PID=2395) to work on /opt/airflow/dags/welcome_dag.py
[2023-11-22T08:12:11.006+0000] {processor.py:829} INFO - Processing file /opt/airflow/dags/welcome_dag.py for tasks to queue
[2023-11-22T08:12:11.009+0000] {logging_mixin.py:154} INFO - [2023-11-22T08:12:11.008+0000] {dagbag.py:536} INFO - Filling up the DagBag from /opt/airflow/dags/welcome_dag.py
[2023-11-22T08:12:11.096+0000] {processor.py:839} INFO - DAG(s) dict_keys(['welcome_dag']) retrieved from /opt/airflow/dags/welcome_dag.py
[2023-11-22T08:12:11.174+0000] {logging_mixin.py:154} INFO - [2023-11-22T08:12:11.174+0000] {dag.py:2941} INFO - Sync 1 DAGs
[2023-11-22T08:12:11.226+0000] {logging_mixin.py:154} INFO - [2023-11-22T08:12:11.226+0000] {dag.py:3722} INFO - Setting next_dagrun for welcome_dag to 2023-11-21T23:00:00+00:00, run_after=2023-11-22T23:00:00+00:00
[2023-11-22T08:12:11.441+0000] {processor.py:179} INFO - Processing /opt/airflow/dags/welcome_dag.py took 0.441 seconds
[2023-11-22T08:12:42.347+0000] {processor.py:157} INFO - Started process (PID=2406) to work on /opt/airflow/dags/welcome_dag.py
[2023-11-22T08:12:42.350+0000] {processor.py:829} INFO - Processing file /opt/airflow/dags/welcome_dag.py for tasks to queue
[2023-11-22T08:12:42.352+0000] {logging_mixin.py:154} INFO - [2023-11-22T08:12:42.352+0000] {dagbag.py:536} INFO - Filling up the DagBag from /opt/airflow/dags/welcome_dag.py
[2023-11-22T08:12:42.415+0000] {processor.py:839} INFO - DAG(s) dict_keys(['welcome_dag']) retrieved from /opt/airflow/dags/welcome_dag.py
[2023-11-22T08:12:42.511+0000] {logging_mixin.py:154} INFO - [2023-11-22T08:12:42.510+0000] {dag.py:2941} INFO - Sync 1 DAGs
[2023-11-22T08:12:42.597+0000] {logging_mixin.py:154} INFO - [2023-11-22T08:12:42.596+0000] {dag.py:3722} INFO - Setting next_dagrun for welcome_dag to 2023-11-21T23:00:00+00:00, run_after=2023-11-22T23:00:00+00:00
[2023-11-22T08:12:42.834+0000] {processor.py:179} INFO - Processing /opt/airflow/dags/welcome_dag.py took 0.492 seconds
[2023-11-22T08:13:15.004+0000] {processor.py:157} INFO - Started process (PID=2417) to work on /opt/airflow/dags/welcome_dag.py
[2023-11-22T08:13:15.006+0000] {processor.py:829} INFO - Processing file /opt/airflow/dags/welcome_dag.py for tasks to queue
[2023-11-22T08:13:15.009+0000] {logging_mixin.py:154} INFO - [2023-11-22T08:13:15.008+0000] {dagbag.py:536} INFO - Filling up the DagBag from /opt/airflow/dags/welcome_dag.py
[2023-11-22T08:13:15.071+0000] {processor.py:839} INFO - DAG(s) dict_keys(['welcome_dag']) retrieved from /opt/airflow/dags/welcome_dag.py
[2023-11-22T08:13:15.138+0000] {logging_mixin.py:154} INFO - [2023-11-22T08:13:15.138+0000] {dag.py:2941} INFO - Sync 1 DAGs
[2023-11-22T08:13:15.196+0000] {logging_mixin.py:154} INFO - [2023-11-22T08:13:15.195+0000] {dag.py:3722} INFO - Setting next_dagrun for welcome_dag to 2023-11-21T23:00:00+00:00, run_after=2023-11-22T23:00:00+00:00
[2023-11-22T08:13:15.382+0000] {processor.py:179} INFO - Processing /opt/airflow/dags/welcome_dag.py took 0.383 seconds
[2023-11-22T08:13:46.237+0000] {processor.py:157} INFO - Started process (PID=2428) to work on /opt/airflow/dags/welcome_dag.py
[2023-11-22T08:13:46.239+0000] {processor.py:829} INFO - Processing file /opt/airflow/dags/welcome_dag.py for tasks to queue
[2023-11-22T08:13:46.241+0000] {logging_mixin.py:154} INFO - [2023-11-22T08:13:46.241+0000] {dagbag.py:536} INFO - Filling up the DagBag from /opt/airflow/dags/welcome_dag.py
[2023-11-22T08:13:46.304+0000] {processor.py:839} INFO - DAG(s) dict_keys(['welcome_dag']) retrieved from /opt/airflow/dags/welcome_dag.py
[2023-11-22T08:13:46.364+0000] {logging_mixin.py:154} INFO - [2023-11-22T08:13:46.364+0000] {dag.py:2941} INFO - Sync 1 DAGs
[2023-11-22T08:13:46.410+0000] {logging_mixin.py:154} INFO - [2023-11-22T08:13:46.409+0000] {dag.py:3722} INFO - Setting next_dagrun for welcome_dag to 2023-11-21T23:00:00+00:00, run_after=2023-11-22T23:00:00+00:00
[2023-11-22T08:13:46.602+0000] {processor.py:179} INFO - Processing /opt/airflow/dags/welcome_dag.py took 0.369 seconds
